d:\demo\my_win\c++\zlgcan_c++_250210\c++_canfdnet_250523\canfdnet\canfdnet\debug\canfdnet.pch
d:\demo\my_win\c++\zlgcan_c++_250210\c++_canfdnet_250523\canfdnet\canfdnet\debug\vc120.pdb
d:\demo\my_win\c++\zlgcan_c++_250210\c++_canfdnet_250523\canfdnet\canfdnet\debug\vc120.idb
d:\demo\my_win\c++\zlgcan_c++_250210\c++_canfdnet_250523\canfdnet\canfdnet\debug\stdafx.obj
d:\demo\my_win\c++\zlgcan_c++_250210\c++_canfdnet_250523\canfdnet\canfdnet\debug\canfdnet.obj
d:\demo\my_win\c++\zlgcan_c++_250210\c++_canfdnet_250523\canfdnet\debug\canfdnet.ilk
d:\demo\my_win\c++\zlgcan_c++_250210\c++_canfdnet_250523\canfdnet\debug\canfdnet.exe
d:\demo\my_win\c++\zlgcan_c++_250210\c++_canfdnet_250523\canfdnet\debug\canfdnet.pdb
d:\demo\my_win\c++\zlgcan_c++_250528\c++_canfdnet_250526\canfdnet\canfdnet\debug\canfdnet.obj
d:\demo\my_win\c++\zlgcan_c++_250528\c++_canfdnet_250526\canfdnet\canfdnet\debug\stdafx.obj
d:\demo\my_win\c++\zlgcan_c++_250528\c++_canfdnet_250526\canfdnet\canfdnet\debug\canfdnet.pch
d:\demo\my_win\c++\zlgcan_c++_250528\c++_canfdnet_250526\canfdnet\canfdnet\debug\vc120.idb
d:\demo\my_win\c++\zlgcan_c++_250528\c++_canfdnet_250526\canfdnet\canfdnet\debug\vc120.pdb
d:\demo\my_win\c++\zlgcan_c++_250528\c++_canfdnet_250526\canfdnet\debug\canfdnet.pdb
d:\demo\my_win\c++\zlgcan_c++_250528\c++_canfdnet_250526\canfdnet\debug\canfdnet.exe
d:\demo\my_win\c++\zlgcan_c++_250528\c++_canfdnet_250526\canfdnet\debug\canfdnet.ilk
d:\demo\my_win\c++\zlgcan_c++_250528\c++_canfdnet_250526\canfdnet\canfdnet\debug\canfdnet.tlog\cl.command.1.tlog
d:\demo\my_win\c++\zlgcan_c++_250528\c++_canfdnet_250526\canfdnet\canfdnet\debug\canfdnet.tlog\cl.read.1.tlog
d:\demo\my_win\c++\zlgcan_c++_250528\c++_canfdnet_250526\canfdnet\canfdnet\debug\canfdnet.tlog\cl.write.1.tlog
d:\demo\my_win\c++\zlgcan_c++_250528\c++_canfdnet_250526\canfdnet\canfdnet\debug\canfdnet.tlog\link.command.1.tlog
d:\demo\my_win\c++\zlgcan_c++_250528\c++_canfdnet_250526\canfdnet\canfdnet\debug\canfdnet.tlog\link.read.1.tlog
d:\demo\my_win\c++\zlgcan_c++_250528\c++_canfdnet_250526\canfdnet\canfdnet\debug\canfdnet.tlog\link.write.1.tlog
