[0.129s] DEBUG:colcon:Command line arguments: ['/usr/bin/colcon', 'build', '--packages-select', 'motor_controller_with_enable']
[0.129s] DEBUG:colcon:Parsed command line arguments: Namespace(log_base=None, log_level=None, verb_name='build', build_base='build', install_base='install', merge_install=False, symlink_install=False, test_result_base=None, continue_on_error=False, executor='parallel', parallel_workers=8, event_handlers=None, ignore_user_meta=False, metas=['./colcon.meta'], base_paths=['.'], packages_ignore=None, packages_ignore_regex=None, paths=None, packages_up_to=None, packages_up_to_regex=None, packages_above=None, packages_above_and_dependencies=None, packages_above_depth=None, packages_select_by_dep=None, packages_skip_by_dep=None, packages_skip_up_to=None, packages_select_build_failed=False, packages_skip_build_finished=False, packages_select_test_failures=False, packages_skip_test_passed=False, packages_select=['motor_controller_with_enable'], packages_skip=None, packages_select_regex=None, packages_skip_regex=None, packages_start=None, packages_end=None, allow_overriding=[], cmake_args=None, cmake_target=None, cmake_target_skip_unavailable=False, cmake_clean_cache=False, cmake_clean_first=False, cmake_force_configure=False, ament_cmake_args=None, catkin_cmake_args=None, catkin_skip_building_tests=False, verb_parser=<colcon_defaults.argument_parser.defaults.DefaultArgumentsDecorator object at 0x7fbd0ebe50>, verb_extension=<colcon_core.verb.build.BuildVerb object at 0x7fbd2cd1e0>, main=<bound method BuildVerb.main of <colcon_core.verb.build.BuildVerb object at 0x7fbd2cd1e0>>)
[0.332s] Level 1:colcon.colcon_core.package_discovery:discover_packages(colcon_meta) check parameters
[0.332s] Level 1:colcon.colcon_core.package_discovery:discover_packages(recursive) check parameters
[0.332s] Level 1:colcon.colcon_core.package_discovery:discover_packages(ignore) check parameters
[0.332s] Level 1:colcon.colcon_core.package_discovery:discover_packages(path) check parameters
[0.332s] Level 1:colcon.colcon_core.package_discovery:discover_packages(colcon_meta) discover
[0.332s] Level 1:colcon.colcon_core.package_discovery:discover_packages(recursive) discover
[0.332s] INFO:colcon.colcon_core.package_discovery:Crawling recursively for packages in '/home/linaro/ludan_sdk/example/g1/low_level'
[0.332s] Level 1:colcon.colcon_core.package_identification:_identify(.) by extensions ['ignore', 'ignore_ament_install']
[0.333s] Level 1:colcon.colcon_core.package_identification:_identify(.) by extension 'ignore'
[0.333s] Level 1:colcon.colcon_core.package_identification:_identify(.) by extension 'ignore_ament_install'
[0.333s] Level 1:colcon.colcon_core.package_identification:_identify(.) by extensions ['colcon_pkg']
[0.333s] Level 1:colcon.colcon_core.package_identification:_identify(.) by extension 'colcon_pkg'
[0.333s] Level 1:colcon.colcon_core.package_identification:_identify(.) by extensions ['colcon_meta']
[0.333s] Level 1:colcon.colcon_core.package_identification:_identify(.) by extension 'colcon_meta'
[0.333s] Level 1:colcon.colcon_core.package_identification:_identify(.) by extensions ['ros']
[0.333s] Level 1:colcon.colcon_core.package_identification:_identify(.) by extension 'ros'
[0.355s] DEBUG:colcon.colcon_core.package_identification:Package '.' with type 'ros.ament_cmake' and name 'motor_controller_with_enable'
[0.355s] Level 1:colcon.colcon_core.package_discovery:discover_packages(recursive) using defaults
[0.355s] Level 1:colcon.colcon_core.package_discovery:discover_packages(ignore) discover
[0.355s] Level 1:colcon.colcon_core.package_discovery:discover_packages(ignore) using defaults
[0.355s] Level 1:colcon.colcon_core.package_discovery:discover_packages(path) discover
[0.356s] Level 1:colcon.colcon_core.package_discovery:discover_packages(path) using defaults
[0.384s] Level 1:colcon.colcon_core.package_discovery:discover_packages(prefix_path) check parameters
[0.384s] Level 1:colcon.colcon_core.package_discovery:discover_packages(prefix_path) discover
[0.389s] DEBUG:colcon.colcon_installed_package_information.package_discovery:Found 4 installed packages in /home/linaro/controller_ws/install
[0.391s] DEBUG:colcon.colcon_installed_package_information.package_discovery:Found 273 installed packages in /opt/ros/humble
[0.415s] Level 1:colcon.colcon_core.package_discovery:discover_packages(prefix_path) using defaults
[0.464s] Level 5:colcon.colcon_core.verb:set package 'motor_controller_with_enable' build argument 'cmake_args' from command line to 'None'
[0.465s] Level 5:colcon.colcon_core.verb:set package 'motor_controller_with_enable' build argument 'cmake_target' from command line to 'None'
[0.465s] Level 5:colcon.colcon_core.verb:set package 'motor_controller_with_enable' build argument 'cmake_target_skip_unavailable' from command line to 'False'
[0.465s] Level 5:colcon.colcon_core.verb:set package 'motor_controller_with_enable' build argument 'cmake_clean_cache' from command line to 'False'
[0.465s] Level 5:colcon.colcon_core.verb:set package 'motor_controller_with_enable' build argument 'cmake_clean_first' from command line to 'False'
[0.465s] Level 5:colcon.colcon_core.verb:set package 'motor_controller_with_enable' build argument 'cmake_force_configure' from command line to 'False'
[0.465s] Level 5:colcon.colcon_core.verb:set package 'motor_controller_with_enable' build argument 'ament_cmake_args' from command line to 'None'
[0.465s] Level 5:colcon.colcon_core.verb:set package 'motor_controller_with_enable' build argument 'catkin_cmake_args' from command line to 'None'
[0.465s] Level 5:colcon.colcon_core.verb:set package 'motor_controller_with_enable' build argument 'catkin_skip_building_tests' from command line to 'False'
[0.465s] DEBUG:colcon.colcon_core.verb:Building package 'motor_controller_with_enable' with the following arguments: {'ament_cmake_args': None, 'build_base': '/home/linaro/ludan_sdk/example/g1/low_level/build/motor_controller_with_enable', 'catkin_cmake_args': None, 'catkin_skip_building_tests': False, 'cmake_args': None, 'cmake_clean_cache': False, 'cmake_clean_first': False, 'cmake_force_configure': False, 'cmake_target': None, 'cmake_target_skip_unavailable': False, 'install_base': '/home/linaro/ludan_sdk/example/g1/low_level/install/motor_controller_with_enable', 'merge_install': False, 'path': '/home/linaro/ludan_sdk/example/g1/low_level', 'symlink_install': False, 'test_result_base': None}
[0.465s] INFO:colcon.colcon_core.executor:Executing jobs using 'parallel' executor
[0.467s] DEBUG:colcon.colcon_parallel_executor.executor.parallel:run_until_complete
[0.467s] INFO:colcon.colcon_ros.task.ament_cmake.build:Building ROS package in '/home/linaro/ludan_sdk/example/g1/low_level' with build type 'ament_cmake'
[0.467s] INFO:colcon.colcon_cmake.task.cmake.build:Building CMake package in '/home/linaro/ludan_sdk/example/g1/low_level'
[0.470s] INFO:colcon.colcon_core.plugin_system:Skipping extension 'colcon_core.shell.bat': Not used on non-Windows systems
[0.470s] INFO:colcon.colcon_core.shell:Skip shell extension 'powershell' for command environment: Not usable outside of PowerShell
[0.470s] DEBUG:colcon.colcon_core.shell:Skip shell extension 'dsv' for command environment
[0.484s] DEBUG:colcon.colcon_core.event_handler.log_command:Invoking command in '/home/linaro/ludan_sdk/example/g1/low_level/build/motor_controller_with_enable': CMAKE_PREFIX_PATH=${CMAKE_PREFIX_PATH}:/opt/ros/humble /usr/bin/cmake --build /home/linaro/ludan_sdk/example/g1/low_level/build/motor_controller_with_enable -- -j8 -l8
[25.355s] DEBUG:colcon.colcon_core.event_handler.log_command:Invoked command in '/home/linaro/ludan_sdk/example/g1/low_level/build/motor_controller_with_enable' returned '0': CMAKE_PREFIX_PATH=${CMAKE_PREFIX_PATH}:/opt/ros/humble /usr/bin/cmake --build /home/linaro/ludan_sdk/example/g1/low_level/build/motor_controller_with_enable -- -j8 -l8
[25.369s] DEBUG:colcon.colcon_core.event_handler.log_command:Invoking command in '/home/linaro/ludan_sdk/example/g1/low_level/build/motor_controller_with_enable': CMAKE_PREFIX_PATH=${CMAKE_PREFIX_PATH}:/opt/ros/humble /usr/bin/cmake --install /home/linaro/ludan_sdk/example/g1/low_level/build/motor_controller_with_enable
[25.387s] Level 1:colcon.colcon_core.environment:create_environment_scripts_only(motor_controller_with_enable)
[25.388s] DEBUG:colcon.colcon_core.event_handler.log_command:Invoked command in '/home/linaro/ludan_sdk/example/g1/low_level/build/motor_controller_with_enable' returned '0': CMAKE_PREFIX_PATH=${CMAKE_PREFIX_PATH}:/opt/ros/humble /usr/bin/cmake --install /home/linaro/ludan_sdk/example/g1/low_level/build/motor_controller_with_enable
[25.401s] Level 1:colcon.colcon_core.environment:checking '/home/linaro/ludan_sdk/example/g1/low_level/install/motor_controller_with_enable' for CMake module files
[25.403s] Level 1:colcon.colcon_core.environment:checking '/home/linaro/ludan_sdk/example/g1/low_level/install/motor_controller_with_enable' for CMake config files
[25.404s] Level 1:colcon.colcon_core.shell:create_environment_hook('motor_controller_with_enable', 'cmake_prefix_path')
[25.406s] INFO:colcon.colcon_core.shell:Creating environment hook '/home/linaro/ludan_sdk/example/g1/low_level/install/motor_controller_with_enable/share/motor_controller_with_enable/hook/cmake_prefix_path.ps1'
[25.409s] INFO:colcon.colcon_core.shell:Creating environment descriptor '/home/linaro/ludan_sdk/example/g1/low_level/install/motor_controller_with_enable/share/motor_controller_with_enable/hook/cmake_prefix_path.dsv'
[25.412s] INFO:colcon.colcon_core.shell:Creating environment hook '/home/linaro/ludan_sdk/example/g1/low_level/install/motor_controller_with_enable/share/motor_controller_with_enable/hook/cmake_prefix_path.sh'
[25.416s] Level 1:colcon.colcon_core.environment:checking '/home/linaro/ludan_sdk/example/g1/low_level/install/motor_controller_with_enable/lib'
[25.417s] Level 1:colcon.colcon_core.environment:checking '/home/linaro/ludan_sdk/example/g1/low_level/install/motor_controller_with_enable/bin'
[25.418s] Level 1:colcon.colcon_core.environment:checking '/home/linaro/ludan_sdk/example/g1/low_level/install/motor_controller_with_enable/lib/pkgconfig/motor_controller_with_enable.pc'
[25.419s] Level 1:colcon.colcon_core.environment:checking '/home/linaro/ludan_sdk/example/g1/low_level/install/motor_controller_with_enable/lib/python3.10/site-packages'
[25.421s] Level 1:colcon.colcon_core.environment:checking '/home/linaro/ludan_sdk/example/g1/low_level/install/motor_controller_with_enable/bin'
[25.423s] INFO:colcon.colcon_core.shell:Creating package script '/home/linaro/ludan_sdk/example/g1/low_level/install/motor_controller_with_enable/share/motor_controller_with_enable/package.ps1'
[25.427s] INFO:colcon.colcon_core.shell:Creating package descriptor '/home/linaro/ludan_sdk/example/g1/low_level/install/motor_controller_with_enable/share/motor_controller_with_enable/package.dsv'
[25.430s] INFO:colcon.colcon_core.shell:Creating package script '/home/linaro/ludan_sdk/example/g1/low_level/install/motor_controller_with_enable/share/motor_controller_with_enable/package.sh'
[25.435s] INFO:colcon.colcon_core.shell:Creating package script '/home/linaro/ludan_sdk/example/g1/low_level/install/motor_controller_with_enable/share/motor_controller_with_enable/package.bash'
[25.439s] INFO:colcon.colcon_core.shell:Creating package script '/home/linaro/ludan_sdk/example/g1/low_level/install/motor_controller_with_enable/share/motor_controller_with_enable/package.zsh'
[25.440s] Level 1:colcon.colcon_core.environment:create_file_with_runtime_dependencies(/home/linaro/ludan_sdk/example/g1/low_level/install/motor_controller_with_enable/share/colcon-core/packages/motor_controller_with_enable)
[25.441s] Level 1:colcon.colcon_core.environment:create_environment_scripts_only(motor_controller_with_enable)
[25.442s] Level 1:colcon.colcon_core.environment:checking '/home/linaro/ludan_sdk/example/g1/low_level/install/motor_controller_with_enable' for CMake module files
[25.442s] Level 1:colcon.colcon_core.environment:checking '/home/linaro/ludan_sdk/example/g1/low_level/install/motor_controller_with_enable' for CMake config files
[25.442s] Level 1:colcon.colcon_core.shell:create_environment_hook('motor_controller_with_enable', 'cmake_prefix_path')
[25.443s] INFO:colcon.colcon_core.shell:Creating environment hook '/home/linaro/ludan_sdk/example/g1/low_level/install/motor_controller_with_enable/share/motor_controller_with_enable/hook/cmake_prefix_path.ps1'
[25.443s] INFO:colcon.colcon_core.shell:Creating environment descriptor '/home/linaro/ludan_sdk/example/g1/low_level/install/motor_controller_with_enable/share/motor_controller_with_enable/hook/cmake_prefix_path.dsv'
[25.444s] INFO:colcon.colcon_core.shell:Creating environment hook '/home/linaro/ludan_sdk/example/g1/low_level/install/motor_controller_with_enable/share/motor_controller_with_enable/hook/cmake_prefix_path.sh'
[25.445s] Level 1:colcon.colcon_core.environment:checking '/home/linaro/ludan_sdk/example/g1/low_level/install/motor_controller_with_enable/lib'
[25.445s] Level 1:colcon.colcon_core.environment:checking '/home/linaro/ludan_sdk/example/g1/low_level/install/motor_controller_with_enable/bin'
[25.445s] Level 1:colcon.colcon_core.environment:checking '/home/linaro/ludan_sdk/example/g1/low_level/install/motor_controller_with_enable/lib/pkgconfig/motor_controller_with_enable.pc'
[25.445s] Level 1:colcon.colcon_core.environment:checking '/home/linaro/ludan_sdk/example/g1/low_level/install/motor_controller_with_enable/lib/python3.10/site-packages'
[25.446s] Level 1:colcon.colcon_core.environment:checking '/home/linaro/ludan_sdk/example/g1/low_level/install/motor_controller_with_enable/bin'
[25.446s] INFO:colcon.colcon_core.shell:Creating package script '/home/linaro/ludan_sdk/example/g1/low_level/install/motor_controller_with_enable/share/motor_controller_with_enable/package.ps1'
[25.447s] INFO:colcon.colcon_core.shell:Creating package descriptor '/home/linaro/ludan_sdk/example/g1/low_level/install/motor_controller_with_enable/share/motor_controller_with_enable/package.dsv'
[25.448s] INFO:colcon.colcon_core.shell:Creating package script '/home/linaro/ludan_sdk/example/g1/low_level/install/motor_controller_with_enable/share/motor_controller_with_enable/package.sh'
[25.449s] INFO:colcon.colcon_core.shell:Creating package script '/home/linaro/ludan_sdk/example/g1/low_level/install/motor_controller_with_enable/share/motor_controller_with_enable/package.bash'
[25.449s] INFO:colcon.colcon_core.shell:Creating package script '/home/linaro/ludan_sdk/example/g1/low_level/install/motor_controller_with_enable/share/motor_controller_with_enable/package.zsh'
[25.450s] Level 1:colcon.colcon_core.environment:create_file_with_runtime_dependencies(/home/linaro/ludan_sdk/example/g1/low_level/install/motor_controller_with_enable/share/colcon-core/packages/motor_controller_with_enable)
[25.451s] DEBUG:colcon.colcon_parallel_executor.executor.parallel:closing loop
[25.451s] DEBUG:colcon.colcon_parallel_executor.executor.parallel:loop closed
[25.451s] DEBUG:colcon.colcon_parallel_executor.executor.parallel:run_until_complete finished with '0'
[25.451s] DEBUG:colcon.colcon_core.event_reactor:joining thread
[25.471s] INFO:colcon.colcon_core.plugin_system:Skipping extension 'colcon_notification.desktop_notification.terminal_notifier': Not used on non-Darwin systems
[25.471s] INFO:colcon.colcon_core.plugin_system:Skipping extension 'colcon_notification.desktop_notification.win32': Not used on non-Windows systems
[25.472s] INFO:colcon.colcon_notification.desktop_notification:Sending desktop notification using 'notify2'
[25.479s] DEBUG:colcon.colcon_core.event_reactor:joined thread
[25.480s] INFO:colcon.colcon_core.shell:Creating prefix script '/home/linaro/ludan_sdk/example/g1/low_level/install/local_setup.ps1'
[25.481s] INFO:colcon.colcon_core.shell:Creating prefix util module '/home/linaro/ludan_sdk/example/g1/low_level/install/_local_setup_util_ps1.py'
[25.483s] INFO:colcon.colcon_core.shell:Creating prefix chain script '/home/linaro/ludan_sdk/example/g1/low_level/install/setup.ps1'
[25.485s] INFO:colcon.colcon_core.shell:Creating prefix script '/home/linaro/ludan_sdk/example/g1/low_level/install/local_setup.sh'
[25.486s] INFO:colcon.colcon_core.shell:Creating prefix util module '/home/linaro/ludan_sdk/example/g1/low_level/install/_local_setup_util_sh.py'
[25.487s] INFO:colcon.colcon_core.shell:Creating prefix chain script '/home/linaro/ludan_sdk/example/g1/low_level/install/setup.sh'
[25.489s] INFO:colcon.colcon_core.shell:Creating prefix script '/home/linaro/ludan_sdk/example/g1/low_level/install/local_setup.bash'
[25.490s] INFO:colcon.colcon_core.shell:Creating prefix chain script '/home/linaro/ludan_sdk/example/g1/low_level/install/setup.bash'
[25.492s] INFO:colcon.colcon_core.shell:Creating prefix script '/home/linaro/ludan_sdk/example/g1/low_level/install/local_setup.zsh'
[25.493s] INFO:colcon.colcon_core.shell:Creating prefix chain script '/home/linaro/ludan_sdk/example/g1/low_level/install/setup.zsh'
