[0.150s] DEBUG:colcon:Command line arguments: ['/usr/bin/colcon', 'build', '--packages-select', 'motor_controller_with_enable']
[0.150s] DEBUG:colcon:Parsed command line arguments: Namespace(log_base=None, log_level=None, verb_name='build', build_base='build', install_base='install', merge_install=False, symlink_install=False, test_result_base=None, continue_on_error=False, executor='parallel', parallel_workers=8, event_handlers=None, ignore_user_meta=False, metas=['./colcon.meta'], base_paths=['.'], packages_ignore=None, packages_ignore_regex=None, paths=None, packages_up_to=None, packages_up_to_regex=None, packages_above=None, packages_above_and_dependencies=None, packages_above_depth=None, packages_select_by_dep=None, packages_skip_by_dep=None, packages_skip_up_to=None, packages_select_build_failed=False, packages_skip_build_finished=False, packages_select_test_failures=False, packages_skip_test_passed=False, packages_select=['motor_controller_with_enable'], packages_skip=None, packages_select_regex=None, packages_skip_regex=None, packages_start=None, packages_end=None, allow_overriding=[], cmake_args=None, cmake_target=None, cmake_target_skip_unavailable=False, cmake_clean_cache=False, cmake_clean_first=False, cmake_force_configure=False, ament_cmake_args=None, catkin_cmake_args=None, catkin_skip_building_tests=False, verb_parser=<colcon_defaults.argument_parser.defaults.DefaultArgumentsDecorator object at 0x7f8b3abe80>, verb_extension=<colcon_core.verb.build.BuildVerb object at 0x7f8b58d210>, main=<bound method BuildVerb.main of <colcon_core.verb.build.BuildVerb object at 0x7f8b58d210>>)
[0.354s] Level 1:colcon.colcon_core.package_discovery:discover_packages(colcon_meta) check parameters
[0.354s] Level 1:colcon.colcon_core.package_discovery:discover_packages(recursive) check parameters
[0.355s] Level 1:colcon.colcon_core.package_discovery:discover_packages(ignore) check parameters
[0.355s] Level 1:colcon.colcon_core.package_discovery:discover_packages(path) check parameters
[0.355s] Level 1:colcon.colcon_core.package_discovery:discover_packages(colcon_meta) discover
[0.355s] Level 1:colcon.colcon_core.package_discovery:discover_packages(recursive) discover
[0.355s] INFO:colcon.colcon_core.package_discovery:Crawling recursively for packages in '/home/linaro/ludan_sdk/example/g1/low_level'
[0.355s] Level 1:colcon.colcon_core.package_identification:_identify(.) by extensions ['ignore', 'ignore_ament_install']
[0.355s] Level 1:colcon.colcon_core.package_identification:_identify(.) by extension 'ignore'
[0.355s] Level 1:colcon.colcon_core.package_identification:_identify(.) by extension 'ignore_ament_install'
[0.355s] Level 1:colcon.colcon_core.package_identification:_identify(.) by extensions ['colcon_pkg']
[0.355s] Level 1:colcon.colcon_core.package_identification:_identify(.) by extension 'colcon_pkg'
[0.355s] Level 1:colcon.colcon_core.package_identification:_identify(.) by extensions ['colcon_meta']
[0.355s] Level 1:colcon.colcon_core.package_identification:_identify(.) by extension 'colcon_meta'
[0.355s] Level 1:colcon.colcon_core.package_identification:_identify(.) by extensions ['ros']
[0.355s] Level 1:colcon.colcon_core.package_identification:_identify(.) by extension 'ros'
[0.375s] DEBUG:colcon.colcon_core.package_identification:Package '.' with type 'ros.ament_cmake' and name 'motor_controller_with_enable'
[0.375s] Level 1:colcon.colcon_core.package_discovery:discover_packages(recursive) using defaults
[0.375s] Level 1:colcon.colcon_core.package_discovery:discover_packages(ignore) discover
[0.375s] Level 1:colcon.colcon_core.package_discovery:discover_packages(ignore) using defaults
[0.375s] Level 1:colcon.colcon_core.package_discovery:discover_packages(path) discover
[0.375s] Level 1:colcon.colcon_core.package_discovery:discover_packages(path) using defaults
[0.405s] Level 1:colcon.colcon_core.package_discovery:discover_packages(prefix_path) check parameters
[0.405s] Level 1:colcon.colcon_core.package_discovery:discover_packages(prefix_path) discover
[0.410s] DEBUG:colcon.colcon_installed_package_information.package_discovery:Found 3 installed packages in /home/linaro/controller_ws/install
[0.412s] DEBUG:colcon.colcon_installed_package_information.package_discovery:Found 273 installed packages in /opt/ros/humble
[0.434s] Level 1:colcon.colcon_core.package_discovery:discover_packages(prefix_path) using defaults
[0.484s] Level 5:colcon.colcon_core.verb:set package 'motor_controller_with_enable' build argument 'cmake_args' from command line to 'None'
[0.484s] Level 5:colcon.colcon_core.verb:set package 'motor_controller_with_enable' build argument 'cmake_target' from command line to 'None'
[0.484s] Level 5:colcon.colcon_core.verb:set package 'motor_controller_with_enable' build argument 'cmake_target_skip_unavailable' from command line to 'False'
[0.484s] Level 5:colcon.colcon_core.verb:set package 'motor_controller_with_enable' build argument 'cmake_clean_cache' from command line to 'False'
[0.484s] Level 5:colcon.colcon_core.verb:set package 'motor_controller_with_enable' build argument 'cmake_clean_first' from command line to 'False'
[0.484s] Level 5:colcon.colcon_core.verb:set package 'motor_controller_with_enable' build argument 'cmake_force_configure' from command line to 'False'
[0.484s] Level 5:colcon.colcon_core.verb:set package 'motor_controller_with_enable' build argument 'ament_cmake_args' from command line to 'None'
[0.484s] Level 5:colcon.colcon_core.verb:set package 'motor_controller_with_enable' build argument 'catkin_cmake_args' from command line to 'None'
[0.484s] Level 5:colcon.colcon_core.verb:set package 'motor_controller_with_enable' build argument 'catkin_skip_building_tests' from command line to 'False'
[0.484s] DEBUG:colcon.colcon_core.verb:Building package 'motor_controller_with_enable' with the following arguments: {'ament_cmake_args': None, 'build_base': '/home/linaro/ludan_sdk/example/g1/low_level/build/motor_controller_with_enable', 'catkin_cmake_args': None, 'catkin_skip_building_tests': False, 'cmake_args': None, 'cmake_clean_cache': False, 'cmake_clean_first': False, 'cmake_force_configure': False, 'cmake_target': None, 'cmake_target_skip_unavailable': False, 'install_base': '/home/linaro/ludan_sdk/example/g1/low_level/install/motor_controller_with_enable', 'merge_install': False, 'path': '/home/linaro/ludan_sdk/example/g1/low_level', 'symlink_install': False, 'test_result_base': None}
[0.485s] INFO:colcon.colcon_core.executor:Executing jobs using 'parallel' executor
[0.486s] DEBUG:colcon.colcon_parallel_executor.executor.parallel:run_until_complete
[0.487s] INFO:colcon.colcon_ros.task.ament_cmake.build:Building ROS package in '/home/linaro/ludan_sdk/example/g1/low_level' with build type 'ament_cmake'
[0.487s] INFO:colcon.colcon_cmake.task.cmake.build:Building CMake package in '/home/linaro/ludan_sdk/example/g1/low_level'
[0.489s] INFO:colcon.colcon_core.plugin_system:Skipping extension 'colcon_core.shell.bat': Not used on non-Windows systems
[0.490s] INFO:colcon.colcon_core.shell:Skip shell extension 'powershell' for command environment: Not usable outside of PowerShell
[0.490s] DEBUG:colcon.colcon_core.shell:Skip shell extension 'dsv' for command environment
[0.502s] DEBUG:colcon.colcon_core.event_handler.log_command:Invoking command in '/home/linaro/ludan_sdk/example/g1/low_level/build/motor_controller_with_enable': CMAKE_PREFIX_PATH=${CMAKE_PREFIX_PATH}:/opt/ros/humble /usr/bin/cmake --build /home/linaro/ludan_sdk/example/g1/low_level/build/motor_controller_with_enable -- -j8 -l8
[27.173s] DEBUG:colcon.colcon_core.event_handler.log_command:Invoked command in '/home/linaro/ludan_sdk/example/g1/low_level/build/motor_controller_with_enable' returned '0': CMAKE_PREFIX_PATH=${CMAKE_PREFIX_PATH}:/opt/ros/humble /usr/bin/cmake --build /home/linaro/ludan_sdk/example/g1/low_level/build/motor_controller_with_enable -- -j8 -l8
[27.190s] DEBUG:colcon.colcon_core.event_handler.log_command:Invoking command in '/home/linaro/ludan_sdk/example/g1/low_level/build/motor_controller_with_enable': CMAKE_PREFIX_PATH=${CMAKE_PREFIX_PATH}:/opt/ros/humble /usr/bin/cmake --install /home/linaro/ludan_sdk/example/g1/low_level/build/motor_controller_with_enable
[27.221s] Level 1:colcon.colcon_core.environment:create_environment_scripts_only(motor_controller_with_enable)
[27.231s] DEBUG:colcon.colcon_core.event_handler.log_command:Invoked command in '/home/linaro/ludan_sdk/example/g1/low_level/build/motor_controller_with_enable' returned '0': CMAKE_PREFIX_PATH=${CMAKE_PREFIX_PATH}:/opt/ros/humble /usr/bin/cmake --install /home/linaro/ludan_sdk/example/g1/low_level/build/motor_controller_with_enable
[27.236s] Level 1:colcon.colcon_core.environment:checking '/home/linaro/ludan_sdk/example/g1/low_level/install/motor_controller_with_enable' for CMake module files
[27.238s] Level 1:colcon.colcon_core.environment:checking '/home/linaro/ludan_sdk/example/g1/low_level/install/motor_controller_with_enable' for CMake config files
[27.239s] Level 1:colcon.colcon_core.shell:create_environment_hook('motor_controller_with_enable', 'cmake_prefix_path')
[27.240s] INFO:colcon.colcon_core.shell:Creating environment hook '/home/linaro/ludan_sdk/example/g1/low_level/install/motor_controller_with_enable/share/motor_controller_with_enable/hook/cmake_prefix_path.ps1'
[27.243s] INFO:colcon.colcon_core.shell:Creating environment descriptor '/home/linaro/ludan_sdk/example/g1/low_level/install/motor_controller_with_enable/share/motor_controller_with_enable/hook/cmake_prefix_path.dsv'
[27.245s] INFO:colcon.colcon_core.shell:Creating environment hook '/home/linaro/ludan_sdk/example/g1/low_level/install/motor_controller_with_enable/share/motor_controller_with_enable/hook/cmake_prefix_path.sh'
[27.248s] Level 1:colcon.colcon_core.environment:checking '/home/linaro/ludan_sdk/example/g1/low_level/install/motor_controller_with_enable/lib'
[27.249s] Level 1:colcon.colcon_core.environment:checking '/home/linaro/ludan_sdk/example/g1/low_level/install/motor_controller_with_enable/bin'
[27.249s] Level 1:colcon.colcon_core.environment:checking '/home/linaro/ludan_sdk/example/g1/low_level/install/motor_controller_with_enable/lib/pkgconfig/motor_controller_with_enable.pc'
[27.250s] Level 1:colcon.colcon_core.environment:checking '/home/linaro/ludan_sdk/example/g1/low_level/install/motor_controller_with_enable/lib/python3.10/site-packages'
[27.252s] Level 1:colcon.colcon_core.environment:checking '/home/linaro/ludan_sdk/example/g1/low_level/install/motor_controller_with_enable/bin'
[27.254s] INFO:colcon.colcon_core.shell:Creating package script '/home/linaro/ludan_sdk/example/g1/low_level/install/motor_controller_with_enable/share/motor_controller_with_enable/package.ps1'
[27.258s] INFO:colcon.colcon_core.shell:Creating package descriptor '/home/linaro/ludan_sdk/example/g1/low_level/install/motor_controller_with_enable/share/motor_controller_with_enable/package.dsv'
[27.261s] INFO:colcon.colcon_core.shell:Creating package script '/home/linaro/ludan_sdk/example/g1/low_level/install/motor_controller_with_enable/share/motor_controller_with_enable/package.sh'
[27.264s] INFO:colcon.colcon_core.shell:Creating package script '/home/linaro/ludan_sdk/example/g1/low_level/install/motor_controller_with_enable/share/motor_controller_with_enable/package.bash'
[27.268s] INFO:colcon.colcon_core.shell:Creating package script '/home/linaro/ludan_sdk/example/g1/low_level/install/motor_controller_with_enable/share/motor_controller_with_enable/package.zsh'
[27.272s] Level 1:colcon.colcon_core.environment:create_file_with_runtime_dependencies(/home/linaro/ludan_sdk/example/g1/low_level/install/motor_controller_with_enable/share/colcon-core/packages/motor_controller_with_enable)
[27.274s] Level 1:colcon.colcon_core.environment:create_environment_scripts_only(motor_controller_with_enable)
[27.274s] Level 1:colcon.colcon_core.environment:checking '/home/linaro/ludan_sdk/example/g1/low_level/install/motor_controller_with_enable' for CMake module files
[27.275s] Level 1:colcon.colcon_core.environment:checking '/home/linaro/ludan_sdk/example/g1/low_level/install/motor_controller_with_enable' for CMake config files
[27.275s] Level 1:colcon.colcon_core.shell:create_environment_hook('motor_controller_with_enable', 'cmake_prefix_path')
[27.275s] INFO:colcon.colcon_core.shell:Creating environment hook '/home/linaro/ludan_sdk/example/g1/low_level/install/motor_controller_with_enable/share/motor_controller_with_enable/hook/cmake_prefix_path.ps1'
[27.276s] INFO:colcon.colcon_core.shell:Creating environment descriptor '/home/linaro/ludan_sdk/example/g1/low_level/install/motor_controller_with_enable/share/motor_controller_with_enable/hook/cmake_prefix_path.dsv'
[27.276s] INFO:colcon.colcon_core.shell:Creating environment hook '/home/linaro/ludan_sdk/example/g1/low_level/install/motor_controller_with_enable/share/motor_controller_with_enable/hook/cmake_prefix_path.sh'
[27.277s] Level 1:colcon.colcon_core.environment:checking '/home/linaro/ludan_sdk/example/g1/low_level/install/motor_controller_with_enable/lib'
[27.277s] Level 1:colcon.colcon_core.environment:checking '/home/linaro/ludan_sdk/example/g1/low_level/install/motor_controller_with_enable/bin'
[27.277s] Level 1:colcon.colcon_core.environment:checking '/home/linaro/ludan_sdk/example/g1/low_level/install/motor_controller_with_enable/lib/pkgconfig/motor_controller_with_enable.pc'
[27.277s] Level 1:colcon.colcon_core.environment:checking '/home/linaro/ludan_sdk/example/g1/low_level/install/motor_controller_with_enable/lib/python3.10/site-packages'
[27.278s] Level 1:colcon.colcon_core.environment:checking '/home/linaro/ludan_sdk/example/g1/low_level/install/motor_controller_with_enable/bin'
[27.278s] INFO:colcon.colcon_core.shell:Creating package script '/home/linaro/ludan_sdk/example/g1/low_level/install/motor_controller_with_enable/share/motor_controller_with_enable/package.ps1'
[27.279s] INFO:colcon.colcon_core.shell:Creating package descriptor '/home/linaro/ludan_sdk/example/g1/low_level/install/motor_controller_with_enable/share/motor_controller_with_enable/package.dsv'
[27.280s] INFO:colcon.colcon_core.shell:Creating package script '/home/linaro/ludan_sdk/example/g1/low_level/install/motor_controller_with_enable/share/motor_controller_with_enable/package.sh'
[27.280s] INFO:colcon.colcon_core.shell:Creating package script '/home/linaro/ludan_sdk/example/g1/low_level/install/motor_controller_with_enable/share/motor_controller_with_enable/package.bash'
[27.281s] INFO:colcon.colcon_core.shell:Creating package script '/home/linaro/ludan_sdk/example/g1/low_level/install/motor_controller_with_enable/share/motor_controller_with_enable/package.zsh'
[27.281s] Level 1:colcon.colcon_core.environment:create_file_with_runtime_dependencies(/home/linaro/ludan_sdk/example/g1/low_level/install/motor_controller_with_enable/share/colcon-core/packages/motor_controller_with_enable)
[27.281s] DEBUG:colcon.colcon_parallel_executor.executor.parallel:closing loop
[27.282s] DEBUG:colcon.colcon_parallel_executor.executor.parallel:loop closed
[27.282s] DEBUG:colcon.colcon_parallel_executor.executor.parallel:run_until_complete finished with '0'
[27.282s] DEBUG:colcon.colcon_core.event_reactor:joining thread
[27.288s] INFO:colcon.colcon_core.plugin_system:Skipping extension 'colcon_notification.desktop_notification.terminal_notifier': Not used on non-Darwin systems
[27.288s] INFO:colcon.colcon_core.plugin_system:Skipping extension 'colcon_notification.desktop_notification.win32': Not used on non-Windows systems
[27.288s] INFO:colcon.colcon_notification.desktop_notification:Sending desktop notification using 'notify2'
[27.297s] DEBUG:colcon.colcon_core.event_reactor:joined thread
[27.298s] INFO:colcon.colcon_core.shell:Creating prefix script '/home/linaro/ludan_sdk/example/g1/low_level/install/local_setup.ps1'
[27.299s] INFO:colcon.colcon_core.shell:Creating prefix util module '/home/linaro/ludan_sdk/example/g1/low_level/install/_local_setup_util_ps1.py'
[27.301s] INFO:colcon.colcon_core.shell:Creating prefix chain script '/home/linaro/ludan_sdk/example/g1/low_level/install/setup.ps1'
[27.303s] INFO:colcon.colcon_core.shell:Creating prefix script '/home/linaro/ludan_sdk/example/g1/low_level/install/local_setup.sh'
[27.304s] INFO:colcon.colcon_core.shell:Creating prefix util module '/home/linaro/ludan_sdk/example/g1/low_level/install/_local_setup_util_sh.py'
[27.305s] INFO:colcon.colcon_core.shell:Creating prefix chain script '/home/linaro/ludan_sdk/example/g1/low_level/install/setup.sh'
[27.307s] INFO:colcon.colcon_core.shell:Creating prefix script '/home/linaro/ludan_sdk/example/g1/low_level/install/local_setup.bash'
[27.308s] INFO:colcon.colcon_core.shell:Creating prefix chain script '/home/linaro/ludan_sdk/example/g1/low_level/install/setup.bash'
[27.310s] INFO:colcon.colcon_core.shell:Creating prefix script '/home/linaro/ludan_sdk/example/g1/low_level/install/local_setup.zsh'
[27.311s] INFO:colcon.colcon_core.shell:Creating prefix chain script '/home/linaro/ludan_sdk/example/g1/low_level/install/setup.zsh'
