[0.128s] DEBUG:colcon:Command line arguments: ['/usr/bin/colcon', 'build']
[0.129s] DEBUG:colcon:Parsed command line arguments: Namespace(log_base=None, log_level=None, verb_name='build', build_base='build', install_base='install', merge_install=False, symlink_install=False, test_result_base=None, continue_on_error=False, executor='parallel', parallel_workers=8, event_handlers=None, ignore_user_meta=False, metas=['./colcon.meta'], base_paths=['.'], packages_ignore=None, packages_ignore_regex=None, paths=None, packages_up_to=None, packages_up_to_regex=None, packages_above=None, packages_above_and_dependencies=None, packages_above_depth=None, packages_select_by_dep=None, packages_skip_by_dep=None, packages_skip_up_to=None, packages_select_build_failed=False, packages_skip_build_finished=False, packages_select_test_failures=False, packages_skip_test_passed=False, packages_select=None, packages_skip=None, packages_select_regex=None, packages_skip_regex=None, packages_start=None, packages_end=None, allow_overriding=[], cmake_args=None, cmake_target=None, cmake_target_skip_unavailable=False, cmake_clean_cache=False, cmake_clean_first=False, cmake_force_configure=False, ament_cmake_args=None, catkin_cmake_args=None, catkin_skip_building_tests=False, verb_parser=<colcon_defaults.argument_parser.defaults.DefaultArgumentsDecorator object at 0x7f8b110f40>, verb_extension=<colcon_core.verb.build.BuildVerb object at 0x7f8b2b63b0>, main=<bound method BuildVerb.main of <colcon_core.verb.build.BuildVerb object at 0x7f8b2b63b0>>)
[0.327s] Level 1:colcon.colcon_core.package_discovery:discover_packages(colcon_meta) check parameters
[0.327s] Level 1:colcon.colcon_core.package_discovery:discover_packages(recursive) check parameters
[0.327s] Level 1:colcon.colcon_core.package_discovery:discover_packages(ignore) check parameters
[0.327s] Level 1:colcon.colcon_core.package_discovery:discover_packages(path) check parameters
[0.328s] Level 1:colcon.colcon_core.package_discovery:discover_packages(colcon_meta) discover
[0.328s] Level 1:colcon.colcon_core.package_discovery:discover_packages(recursive) discover
[0.328s] INFO:colcon.colcon_core.package_discovery:Crawling recursively for packages in '/home/linaro/ludan_sdk/multi_port_motor_feedback'
[0.328s] Level 1:colcon.colcon_core.package_identification:_identify(.) by extensions ['ignore', 'ignore_ament_install']
[0.328s] Level 1:colcon.colcon_core.package_identification:_identify(.) by extension 'ignore'
[0.328s] Level 1:colcon.colcon_core.package_identification:_identify(.) by extension 'ignore_ament_install'
[0.328s] Level 1:colcon.colcon_core.package_identification:_identify(.) by extensions ['colcon_pkg']
[0.328s] Level 1:colcon.colcon_core.package_identification:_identify(.) by extension 'colcon_pkg'
[0.328s] Level 1:colcon.colcon_core.package_identification:_identify(.) by extensions ['colcon_meta']
[0.328s] Level 1:colcon.colcon_core.package_identification:_identify(.) by extension 'colcon_meta'
[0.328s] Level 1:colcon.colcon_core.package_identification:_identify(.) by extensions ['ros']
[0.328s] Level 1:colcon.colcon_core.package_identification:_identify(.) by extension 'ros'
[0.343s] Level 1:colcon.colcon_core.package_identification:_identify(.) by extensions ['cmake', 'python']
[0.343s] Level 1:colcon.colcon_core.package_identification:_identify(.) by extension 'cmake'
[0.439s] Level 1:colcon.colcon_core.package_identification:_identify(.) by extension 'python'
[0.439s] DEBUG:colcon.colcon_core.package_identification:Package '.' with type 'cmake' and name 'multi_port_motor_feedback'
[0.440s] Level 1:colcon.colcon_core.package_discovery:discover_packages(recursive) using defaults
[0.440s] Level 1:colcon.colcon_core.package_discovery:discover_packages(ignore) discover
[0.440s] Level 1:colcon.colcon_core.package_discovery:discover_packages(ignore) using defaults
[0.440s] Level 1:colcon.colcon_core.package_discovery:discover_packages(path) discover
[0.440s] Level 1:colcon.colcon_core.package_discovery:discover_packages(path) using defaults
[0.464s] Level 1:colcon.colcon_core.package_discovery:discover_packages(prefix_path) check parameters
[0.464s] Level 1:colcon.colcon_core.package_discovery:discover_packages(prefix_path) discover
[0.469s] DEBUG:colcon.colcon_installed_package_information.package_discovery:Found 1 installed packages in /home/linaro/ludan_sdk/multi_port_motor_feedback/install
[0.470s] DEBUG:colcon.colcon_installed_package_information.package_discovery:Found 9 installed packages in /home/linaro/controller_ws/install
[0.471s] DEBUG:colcon.colcon_installed_package_information.package_discovery:Found 278 installed packages in /opt/ros/humble
[0.493s] Level 1:colcon.colcon_core.package_discovery:discover_packages(prefix_path) using defaults
[0.542s] Level 5:colcon.colcon_core.verb:set package 'multi_port_motor_feedback' build argument 'cmake_args' from command line to 'None'
[0.542s] Level 5:colcon.colcon_core.verb:set package 'multi_port_motor_feedback' build argument 'cmake_target' from command line to 'None'
[0.542s] Level 5:colcon.colcon_core.verb:set package 'multi_port_motor_feedback' build argument 'cmake_target_skip_unavailable' from command line to 'False'
[0.542s] Level 5:colcon.colcon_core.verb:set package 'multi_port_motor_feedback' build argument 'cmake_clean_cache' from command line to 'False'
[0.542s] Level 5:colcon.colcon_core.verb:set package 'multi_port_motor_feedback' build argument 'cmake_clean_first' from command line to 'False'
[0.542s] Level 5:colcon.colcon_core.verb:set package 'multi_port_motor_feedback' build argument 'cmake_force_configure' from command line to 'False'
[0.542s] Level 5:colcon.colcon_core.verb:set package 'multi_port_motor_feedback' build argument 'ament_cmake_args' from command line to 'None'
[0.542s] Level 5:colcon.colcon_core.verb:set package 'multi_port_motor_feedback' build argument 'catkin_cmake_args' from command line to 'None'
[0.542s] Level 5:colcon.colcon_core.verb:set package 'multi_port_motor_feedback' build argument 'catkin_skip_building_tests' from command line to 'False'
[0.542s] DEBUG:colcon.colcon_core.verb:Building package 'multi_port_motor_feedback' with the following arguments: {'ament_cmake_args': None, 'build_base': '/home/linaro/ludan_sdk/multi_port_motor_feedback/build/multi_port_motor_feedback', 'catkin_cmake_args': None, 'catkin_skip_building_tests': False, 'cmake_args': None, 'cmake_clean_cache': False, 'cmake_clean_first': False, 'cmake_force_configure': False, 'cmake_target': None, 'cmake_target_skip_unavailable': False, 'install_base': '/home/linaro/ludan_sdk/multi_port_motor_feedback/install/multi_port_motor_feedback', 'merge_install': False, 'path': '/home/linaro/ludan_sdk/multi_port_motor_feedback', 'symlink_install': False, 'test_result_base': None}
[0.542s] INFO:colcon.colcon_core.executor:Executing jobs using 'parallel' executor
[0.543s] DEBUG:colcon.colcon_parallel_executor.executor.parallel:run_until_complete
[0.544s] INFO:colcon.colcon_cmake.task.cmake.build:Building CMake package in '/home/linaro/ludan_sdk/multi_port_motor_feedback'
[0.546s] INFO:colcon.colcon_core.plugin_system:Skipping extension 'colcon_core.shell.bat': Not used on non-Windows systems
[0.547s] INFO:colcon.colcon_core.shell:Skip shell extension 'powershell' for command environment: Not usable outside of PowerShell
[0.547s] DEBUG:colcon.colcon_core.shell:Skip shell extension 'dsv' for command environment
[0.559s] DEBUG:colcon.colcon_core.event_handler.log_command:Invoking command in '/home/linaro/ludan_sdk/multi_port_motor_feedback/build/multi_port_motor_feedback': /usr/bin/cmake --build /home/linaro/ludan_sdk/multi_port_motor_feedback/build/multi_port_motor_feedback -- -j8 -l8
[0.731s] DEBUG:colcon.colcon_core.event_handler.log_command:Invoked command in '/home/linaro/ludan_sdk/multi_port_motor_feedback/build/multi_port_motor_feedback' returned '0': /usr/bin/cmake --build /home/linaro/ludan_sdk/multi_port_motor_feedback/build/multi_port_motor_feedback -- -j8 -l8
[0.745s] DEBUG:colcon.colcon_core.event_handler.log_command:Invoking command in '/home/linaro/ludan_sdk/multi_port_motor_feedback/build/multi_port_motor_feedback': /usr/bin/cmake --install /home/linaro/ludan_sdk/multi_port_motor_feedback/build/multi_port_motor_feedback
[0.771s] Level 1:colcon.colcon_core.environment:create_environment_scripts_only(multi_port_motor_feedback)
[0.773s] DEBUG:colcon.colcon_core.event_handler.log_command:Invoked command in '/home/linaro/ludan_sdk/multi_port_motor_feedback/build/multi_port_motor_feedback' returned '0': /usr/bin/cmake --install /home/linaro/ludan_sdk/multi_port_motor_feedback/build/multi_port_motor_feedback
[0.781s] Level 1:colcon.colcon_core.environment:checking '/home/linaro/ludan_sdk/multi_port_motor_feedback/install/multi_port_motor_feedback' for CMake module files
[0.783s] Level 1:colcon.colcon_core.environment:checking '/home/linaro/ludan_sdk/multi_port_motor_feedback/install/multi_port_motor_feedback' for CMake config files
[0.785s] Level 1:colcon.colcon_core.environment:checking '/home/linaro/ludan_sdk/multi_port_motor_feedback/install/multi_port_motor_feedback/bin'
[0.785s] Level 1:colcon.colcon_core.shell:create_environment_hook('multi_port_motor_feedback', 'path')
[0.786s] INFO:colcon.colcon_core.shell:Creating environment hook '/home/linaro/ludan_sdk/multi_port_motor_feedback/install/multi_port_motor_feedback/share/multi_port_motor_feedback/hook/path.ps1'
[0.789s] INFO:colcon.colcon_core.shell:Creating environment descriptor '/home/linaro/ludan_sdk/multi_port_motor_feedback/install/multi_port_motor_feedback/share/multi_port_motor_feedback/hook/path.dsv'
[0.790s] INFO:colcon.colcon_core.shell:Creating environment hook '/home/linaro/ludan_sdk/multi_port_motor_feedback/install/multi_port_motor_feedback/share/multi_port_motor_feedback/hook/path.sh'
[0.793s] Level 1:colcon.colcon_core.environment:checking '/home/linaro/ludan_sdk/multi_port_motor_feedback/install/multi_port_motor_feedback/lib/pkgconfig/multi_port_motor_feedback.pc'
[0.794s] Level 1:colcon.colcon_core.environment:checking '/home/linaro/ludan_sdk/multi_port_motor_feedback/install/multi_port_motor_feedback/lib/python3.10/site-packages'
[0.795s] Level 1:colcon.colcon_core.environment:checking '/home/linaro/ludan_sdk/multi_port_motor_feedback/install/multi_port_motor_feedback/bin'
[0.796s] Level 1:colcon.colcon_core.shell:create_environment_hook('multi_port_motor_feedback', 'pythonscriptspath')
[0.797s] INFO:colcon.colcon_core.shell:Creating environment hook '/home/linaro/ludan_sdk/multi_port_motor_feedback/install/multi_port_motor_feedback/share/multi_port_motor_feedback/hook/pythonscriptspath.ps1'
[0.798s] INFO:colcon.colcon_core.shell:Creating environment descriptor '/home/linaro/ludan_sdk/multi_port_motor_feedback/install/multi_port_motor_feedback/share/multi_port_motor_feedback/hook/pythonscriptspath.dsv'
[0.799s] INFO:colcon.colcon_core.shell:Creating environment hook '/home/linaro/ludan_sdk/multi_port_motor_feedback/install/multi_port_motor_feedback/share/multi_port_motor_feedback/hook/pythonscriptspath.sh'
[0.802s] INFO:colcon.colcon_core.shell:Creating package script '/home/linaro/ludan_sdk/multi_port_motor_feedback/install/multi_port_motor_feedback/share/multi_port_motor_feedback/package.ps1'
[0.805s] INFO:colcon.colcon_core.shell:Creating package descriptor '/home/linaro/ludan_sdk/multi_port_motor_feedback/install/multi_port_motor_feedback/share/multi_port_motor_feedback/package.dsv'
[0.807s] INFO:colcon.colcon_core.shell:Creating package script '/home/linaro/ludan_sdk/multi_port_motor_feedback/install/multi_port_motor_feedback/share/multi_port_motor_feedback/package.sh'
[0.811s] INFO:colcon.colcon_core.shell:Creating package script '/home/linaro/ludan_sdk/multi_port_motor_feedback/install/multi_port_motor_feedback/share/multi_port_motor_feedback/package.bash'
[0.813s] INFO:colcon.colcon_core.shell:Creating package script '/home/linaro/ludan_sdk/multi_port_motor_feedback/install/multi_port_motor_feedback/share/multi_port_motor_feedback/package.zsh'
[0.814s] Level 1:colcon.colcon_core.environment:create_file_with_runtime_dependencies(/home/linaro/ludan_sdk/multi_port_motor_feedback/install/multi_port_motor_feedback/share/colcon-core/packages/multi_port_motor_feedback)
[0.814s] DEBUG:colcon.colcon_parallel_executor.executor.parallel:closing loop
[0.815s] DEBUG:colcon.colcon_parallel_executor.executor.parallel:loop closed
[0.815s] DEBUG:colcon.colcon_parallel_executor.executor.parallel:run_until_complete finished with '0'
[0.815s] DEBUG:colcon.colcon_core.event_reactor:joining thread
[0.832s] INFO:colcon.colcon_core.plugin_system:Skipping extension 'colcon_notification.desktop_notification.terminal_notifier': Not used on non-Darwin systems
[0.833s] INFO:colcon.colcon_core.plugin_system:Skipping extension 'colcon_notification.desktop_notification.win32': Not used on non-Windows systems
[0.833s] INFO:colcon.colcon_notification.desktop_notification:Sending desktop notification using 'notify2'
[25.836s] DEBUG:colcon.colcon_notification.desktop_notification.notify2:Failed to initialize notify2: org.freedesktop.DBus.Error.NoReply: Did not receive a reply. Possible causes include: the remote application did not send a reply, the message bus security policy blocked the reply, the reply timeout expired, or the network connection was broken.
[25.836s] DEBUG:colcon.colcon_core.event_reactor:joined thread
[25.837s] INFO:colcon.colcon_core.shell:Creating prefix script '/home/linaro/ludan_sdk/multi_port_motor_feedback/install/local_setup.ps1'
[25.838s] INFO:colcon.colcon_core.shell:Creating prefix util module '/home/linaro/ludan_sdk/multi_port_motor_feedback/install/_local_setup_util_ps1.py'
[25.840s] INFO:colcon.colcon_core.shell:Creating prefix chain script '/home/linaro/ludan_sdk/multi_port_motor_feedback/install/setup.ps1'
[25.842s] INFO:colcon.colcon_core.shell:Creating prefix script '/home/linaro/ludan_sdk/multi_port_motor_feedback/install/local_setup.sh'
[25.842s] INFO:colcon.colcon_core.shell:Creating prefix util module '/home/linaro/ludan_sdk/multi_port_motor_feedback/install/_local_setup_util_sh.py'
[25.843s] INFO:colcon.colcon_core.shell:Creating prefix chain script '/home/linaro/ludan_sdk/multi_port_motor_feedback/install/setup.sh'
[25.844s] INFO:colcon.colcon_core.shell:Creating prefix script '/home/linaro/ludan_sdk/multi_port_motor_feedback/install/local_setup.bash'
[25.845s] INFO:colcon.colcon_core.shell:Creating prefix chain script '/home/linaro/ludan_sdk/multi_port_motor_feedback/install/setup.bash'
[25.846s] INFO:colcon.colcon_core.shell:Creating prefix script '/home/linaro/ludan_sdk/multi_port_motor_feedback/install/local_setup.zsh'
[25.847s] INFO:colcon.colcon_core.shell:Creating prefix chain script '/home/linaro/ludan_sdk/multi_port_motor_feedback/install/setup.zsh'
