[0.012s] Invoking command in '/home/linaro/ludan_sdk/build/motor_feedback': CMAKE_PREFIX_PATH=${CMAKE_PREFIX_PATH}:/opt/ros/humble /usr/bin/cmake --build /home/linaro/ludan_sdk/build/motor_feedback -- -j8 -l8
[0.108s] [  2%] Built target motor_feedback__cpp
[0.119s] [  2%] Built target ament_cmake_python_copy_motor_feedback
[0.129s] [  8%] Building CXX object CMakeFiles/motor_feedback__rosidl_typesupport_introspection_cpp.dir/rosidl_typesupport_introspection_cpp/motor_feedback/msg/detail/motor_feedback__type_support.cpp.o
[0.130s] [  8%] Building C object CMakeFiles/motor_feedback__rosidl_generator_c.dir/rosidl_generator_c/motor_feedback/msg/detail/motor_feedback__functions.c.o
[0.130s] [ 11%] Building CXX object CMakeFiles/motor_feedback__rosidl_typesupport_cpp.dir/rosidl_typesupport_cpp/motor_feedback/msg/motor_feedback__type_support.cpp.o
[0.148s] In file included from /home/linaro/ludan_sdk/build/motor_feedback/rosidl_generator_c/motor_feedback/msg/detail/motor_feedback__functions.h:19,
[0.148s]                  from /home/linaro/ludan_sdk/build/motor_feedback/rosidl_generator_c/motor_feedback/msg/detail/motor_feedback__functions.c:4:
[0.148s] /home/linaro/ludan_sdk/build/motor_feedback/rosidl_generator_c/motor_feedback/msg/detail/motor_feedback__struct.h:22:10: fatal error: builtin_interfaces/msg/detail/time__struct.h: No such file or directory
[0.148s]    22 | #include "builtin_interfaces/msg/detail/time__struct.h"
[0.148s]       |          ^~~~~~~~~~~~~~~~~~~~~~~~~~~~~~~~~~~~~~~~~~~~~~
[0.148s] compilation terminated.
[0.150s] gmake[2]: *** [CMakeFiles/motor_feedback__rosidl_generator_c.dir/build.make:105: CMakeFiles/motor_feedback__rosidl_generator_c.dir/rosidl_generator_c/motor_feedback/msg/detail/motor_feedback__functions.c.o] Error 1
[0.150s] gmake[1]: *** [CMakeFiles/Makefile2:217: CMakeFiles/motor_feedback__rosidl_generator_c.dir/all] Error 2
[0.150s] gmake[1]: *** Waiting for unfinished jobs....
[0.162s] [ 14%] Building CXX object CMakeFiles/motor_feedback__rosidl_typesupport_fastrtps_cpp.dir/rosidl_typesupport_fastrtps_cpp/motor_feedback/msg/detail/dds_fastrtps/motor_feedback__type_support.cpp.o
[0.195s] In file included from /home/linaro/ludan_sdk/build/motor_feedback/rosidl_typesupport_cpp/motor_feedback/msg/motor_feedback__type_support.cpp:7:
[0.196s] /home/linaro/ludan_sdk/build/motor_feedback/rosidl_generator_cpp/motor_feedback/msg/detail/motor_feedback__struct.hpp:20:10: fatal error: builtin_interfaces/msg/detail/time__struct.hpp: No such file or directory
[0.196s]    20 | #include "builtin_interfaces/msg/detail/time__struct.hpp"
[0.197s]       |          ^~~~~~~~~~~~~~~~~~~~~~~~~~~~~~~~~~~~~~~~~~~~~~~~
[0.197s] compilation terminated.
[0.198s] gmake[2]: *** [CMakeFiles/motor_feedback__rosidl_typesupport_cpp.dir/build.make:86: CMakeFiles/motor_feedback__rosidl_typesupport_cpp.dir/rosidl_typesupport_cpp/motor_feedback/msg/motor_feedback__type_support.cpp.o] Error 1
[0.198s] gmake[1]: *** [CMakeFiles/Makefile2:399: CMakeFiles/motor_feedback__rosidl_typesupport_cpp.dir/all] Error 2
[0.204s] In file included from /home/linaro/ludan_sdk/build/motor_feedback/rosidl_typesupport_introspection_cpp/motor_feedback/msg/detail/motor_feedback__type_support.cpp:12:
[0.204s] /home/linaro/ludan_sdk/build/motor_feedback/rosidl_generator_cpp/motor_feedback/msg/detail/motor_feedback__struct.hpp:20:10: fatal error: builtin_interfaces/msg/detail/time__struct.hpp: No such file or directory
[0.204s]    20 | #include "builtin_interfaces/msg/detail/time__struct.hpp"
[0.205s]       |          ^~~~~~~~~~~~~~~~~~~~~~~~~~~~~~~~~~~~~~~~~~~~~~~~
[0.205s] compilation terminated.
[0.206s] gmake[2]: *** [CMakeFiles/motor_feedback__rosidl_typesupport_introspection_cpp.dir/build.make:91: CMakeFiles/motor_feedback__rosidl_typesupport_introspection_cpp.dir/rosidl_typesupport_introspection_cpp/motor_feedback/msg/detail/motor_feedback__type_support.cpp.o] Error 1
[0.206s] gmake[1]: *** [CMakeFiles/Makefile2:373: CMakeFiles/motor_feedback__rosidl_typesupport_introspection_cpp.dir/all] Error 2
[0.255s] In file included from /home/linaro/ludan_sdk/build/motor_feedback/rosidl_typesupport_fastrtps_cpp/motor_feedback/msg/detail/motor_feedback__rosidl_typesupport_fastrtps_cpp.hpp:11,
[0.255s]                  from /home/linaro/ludan_sdk/build/motor_feedback/rosidl_typesupport_fastrtps_cpp/motor_feedback/msg/detail/dds_fastrtps/motor_feedback__type_support.cpp:4:
[0.256s] /home/linaro/ludan_sdk/build/motor_feedback/rosidl_generator_cpp/motor_feedback/msg/detail/motor_feedback__struct.hpp:20:10: fatal error: builtin_interfaces/msg/detail/time__struct.hpp: No such file or directory
[0.257s]    20 | #include "builtin_interfaces/msg/detail/time__struct.hpp"
[0.257s]       |          ^~~~~~~~~~~~~~~~~~~~~~~~~~~~~~~~~~~~~~~~~~~~~~~~
[0.257s] compilation terminated.
[0.258s] gmake[2]: *** [CMakeFiles/motor_feedback__rosidl_typesupport_fastrtps_cpp.dir/build.make:91: CMakeFiles/motor_feedback__rosidl_typesupport_fastrtps_cpp.dir/rosidl_typesupport_fastrtps_cpp/motor_feedback/msg/detail/dds_fastrtps/motor_feedback__type_support.cpp.o] Error 1
[0.258s] gmake[1]: *** [CMakeFiles/Makefile2:295: CMakeFiles/motor_feedback__rosidl_typesupport_fastrtps_cpp.dir/all] Error 2
[0.443s] running egg_info
[0.444s] writing motor_feedback.egg-info/PKG-INFO
[0.444s] writing dependency_links to motor_feedback.egg-info/dependency_links.txt
[0.444s] writing top-level names to motor_feedback.egg-info/top_level.txt
[0.447s] reading manifest file 'motor_feedback.egg-info/SOURCES.txt'
[0.448s] writing manifest file 'motor_feedback.egg-info/SOURCES.txt'
[0.509s] [ 14%] Built target ament_cmake_python_build_motor_feedback_egg
[0.512s] gmake: *** [Makefile:146: all] Error 2
[0.515s] Invoked command in '/home/linaro/ludan_sdk/build/motor_feedback' returned '2': CMAKE_PREFIX_PATH=${CMAKE_PREFIX_PATH}:/opt/ros/humble /usr/bin/cmake --build /home/linaro/ludan_sdk/build/motor_feedback -- -j8 -l8
