[0.151s] DEBUG:colcon:Command line arguments: ['/usr/bin/colcon', 'build', '--packages-select', 'motor_controller_with_enable']
[0.151s] DEBUG:colcon:Parsed command line arguments: Namespace(log_base=None, log_level=None, verb_name='build', build_base='build', install_base='install', merge_install=False, symlink_install=False, test_result_base=None, continue_on_error=False, executor='parallel', parallel_workers=8, event_handlers=None, ignore_user_meta=False, metas=['./colcon.meta'], base_paths=['.'], packages_ignore=None, packages_ignore_regex=None, paths=None, packages_up_to=None, packages_up_to_regex=None, packages_above=None, packages_above_and_dependencies=None, packages_above_depth=None, packages_select_by_dep=None, packages_skip_by_dep=None, packages_skip_up_to=None, packages_select_build_failed=False, packages_skip_build_finished=False, packages_select_test_failures=False, packages_skip_test_passed=False, packages_select=['motor_controller_with_enable'], packages_skip=None, packages_select_regex=None, packages_skip_regex=None, packages_start=None, packages_end=None, allow_overriding=[], cmake_args=None, cmake_target=None, cmake_target_skip_unavailable=False, cmake_clean_cache=False, cmake_clean_first=False, cmake_force_configure=False, ament_cmake_args=None, catkin_cmake_args=None, catkin_skip_building_tests=False, verb_parser=<colcon_defaults.argument_parser.defaults.DefaultArgumentsDecorator object at 0x7f96bdbe80>, verb_extension=<colcon_core.verb.build.BuildVerb object at 0x7f96dbd210>, main=<bound method BuildVerb.main of <colcon_core.verb.build.BuildVerb object at 0x7f96dbd210>>)
[0.360s] Level 1:colcon.colcon_core.package_discovery:discover_packages(colcon_meta) check parameters
[0.361s] Level 1:colcon.colcon_core.package_discovery:discover_packages(recursive) check parameters
[0.361s] Level 1:colcon.colcon_core.package_discovery:discover_packages(ignore) check parameters
[0.361s] Level 1:colcon.colcon_core.package_discovery:discover_packages(path) check parameters
[0.361s] Level 1:colcon.colcon_core.package_discovery:discover_packages(colcon_meta) discover
[0.361s] Level 1:colcon.colcon_core.package_discovery:discover_packages(recursive) discover
[0.361s] INFO:colcon.colcon_core.package_discovery:Crawling recursively for packages in '/home/linaro/ludan_sdk/example/g1/low_level'
[0.361s] Level 1:colcon.colcon_core.package_identification:_identify(.) by extensions ['ignore', 'ignore_ament_install']
[0.361s] Level 1:colcon.colcon_core.package_identification:_identify(.) by extension 'ignore'
[0.361s] Level 1:colcon.colcon_core.package_identification:_identify(.) by extension 'ignore_ament_install'
[0.361s] Level 1:colcon.colcon_core.package_identification:_identify(.) by extensions ['colcon_pkg']
[0.362s] Level 1:colcon.colcon_core.package_identification:_identify(.) by extension 'colcon_pkg'
[0.362s] Level 1:colcon.colcon_core.package_identification:_identify(.) by extensions ['colcon_meta']
[0.362s] Level 1:colcon.colcon_core.package_identification:_identify(.) by extension 'colcon_meta'
[0.362s] Level 1:colcon.colcon_core.package_identification:_identify(.) by extensions ['ros']
[0.362s] Level 1:colcon.colcon_core.package_identification:_identify(.) by extension 'ros'
[0.386s] DEBUG:colcon.colcon_core.package_identification:Package '.' with type 'ros.ament_cmake' and name 'motor_controller_with_enable'
[0.386s] Level 1:colcon.colcon_core.package_discovery:discover_packages(recursive) using defaults
[0.386s] Level 1:colcon.colcon_core.package_discovery:discover_packages(ignore) discover
[0.386s] Level 1:colcon.colcon_core.package_discovery:discover_packages(ignore) using defaults
[0.386s] Level 1:colcon.colcon_core.package_discovery:discover_packages(path) discover
[0.386s] Level 1:colcon.colcon_core.package_discovery:discover_packages(path) using defaults
[0.418s] Level 1:colcon.colcon_core.package_discovery:discover_packages(prefix_path) check parameters
[0.418s] Level 1:colcon.colcon_core.package_discovery:discover_packages(prefix_path) discover
[0.423s] DEBUG:colcon.colcon_installed_package_information.package_discovery:Found 3 installed packages in /home/linaro/controller_ws/install
[0.425s] DEBUG:colcon.colcon_installed_package_information.package_discovery:Found 273 installed packages in /opt/ros/humble
[0.449s] Level 1:colcon.colcon_core.package_discovery:discover_packages(prefix_path) using defaults
[0.498s] Level 5:colcon.colcon_core.verb:set package 'motor_controller_with_enable' build argument 'cmake_args' from command line to 'None'
[0.498s] Level 5:colcon.colcon_core.verb:set package 'motor_controller_with_enable' build argument 'cmake_target' from command line to 'None'
[0.498s] Level 5:colcon.colcon_core.verb:set package 'motor_controller_with_enable' build argument 'cmake_target_skip_unavailable' from command line to 'False'
[0.498s] Level 5:colcon.colcon_core.verb:set package 'motor_controller_with_enable' build argument 'cmake_clean_cache' from command line to 'False'
[0.498s] Level 5:colcon.colcon_core.verb:set package 'motor_controller_with_enable' build argument 'cmake_clean_first' from command line to 'False'
[0.498s] Level 5:colcon.colcon_core.verb:set package 'motor_controller_with_enable' build argument 'cmake_force_configure' from command line to 'False'
[0.498s] Level 5:colcon.colcon_core.verb:set package 'motor_controller_with_enable' build argument 'ament_cmake_args' from command line to 'None'
[0.498s] Level 5:colcon.colcon_core.verb:set package 'motor_controller_with_enable' build argument 'catkin_cmake_args' from command line to 'None'
[0.498s] Level 5:colcon.colcon_core.verb:set package 'motor_controller_with_enable' build argument 'catkin_skip_building_tests' from command line to 'False'
[0.498s] DEBUG:colcon.colcon_core.verb:Building package 'motor_controller_with_enable' with the following arguments: {'ament_cmake_args': None, 'build_base': '/home/linaro/ludan_sdk/example/g1/low_level/build/motor_controller_with_enable', 'catkin_cmake_args': None, 'catkin_skip_building_tests': False, 'cmake_args': None, 'cmake_clean_cache': False, 'cmake_clean_first': False, 'cmake_force_configure': False, 'cmake_target': None, 'cmake_target_skip_unavailable': False, 'install_base': '/home/linaro/ludan_sdk/example/g1/low_level/install/motor_controller_with_enable', 'merge_install': False, 'path': '/home/linaro/ludan_sdk/example/g1/low_level', 'symlink_install': False, 'test_result_base': None}
[0.499s] INFO:colcon.colcon_core.executor:Executing jobs using 'parallel' executor
[0.500s] DEBUG:colcon.colcon_parallel_executor.executor.parallel:run_until_complete
[0.500s] INFO:colcon.colcon_ros.task.ament_cmake.build:Building ROS package in '/home/linaro/ludan_sdk/example/g1/low_level' with build type 'ament_cmake'
[0.501s] INFO:colcon.colcon_cmake.task.cmake.build:Building CMake package in '/home/linaro/ludan_sdk/example/g1/low_level'
[0.503s] INFO:colcon.colcon_core.plugin_system:Skipping extension 'colcon_core.shell.bat': Not used on non-Windows systems
[0.503s] INFO:colcon.colcon_core.shell:Skip shell extension 'powershell' for command environment: Not usable outside of PowerShell
[0.504s] DEBUG:colcon.colcon_core.shell:Skip shell extension 'dsv' for command environment
[0.515s] DEBUG:colcon.colcon_core.event_handler.log_command:Invoking command in '/home/linaro/ludan_sdk/example/g1/low_level/build/motor_controller_with_enable': CMAKE_PREFIX_PATH=${CMAKE_PREFIX_PATH}:/opt/ros/humble /usr/bin/cmake /home/linaro/ludan_sdk/example/g1/low_level -DCMAKE_INSTALL_PREFIX=/home/linaro/ludan_sdk/example/g1/low_level/install/motor_controller_with_enable
[1.442s] DEBUG:colcon.colcon_core.event_handler.log_command:Invoked command in '/home/linaro/ludan_sdk/example/g1/low_level/build/motor_controller_with_enable' returned '0': CMAKE_PREFIX_PATH=${CMAKE_PREFIX_PATH}:/opt/ros/humble /usr/bin/cmake /home/linaro/ludan_sdk/example/g1/low_level -DCMAKE_INSTALL_PREFIX=/home/linaro/ludan_sdk/example/g1/low_level/install/motor_controller_with_enable
[1.445s] DEBUG:colcon.colcon_core.event_handler.log_command:Invoking command in '/home/linaro/ludan_sdk/example/g1/low_level/build/motor_controller_with_enable': CMAKE_PREFIX_PATH=${CMAKE_PREFIX_PATH}:/opt/ros/humble /usr/bin/cmake --build /home/linaro/ludan_sdk/example/g1/low_level/build/motor_controller_with_enable -- -j8 -l8
[6.517s] DEBUG:colcon.colcon_core.event_handler.log_command:Invoked command in '/home/linaro/ludan_sdk/example/g1/low_level/build/motor_controller_with_enable' returned '2': CMAKE_PREFIX_PATH=${CMAKE_PREFIX_PATH}:/opt/ros/humble /usr/bin/cmake --build /home/linaro/ludan_sdk/example/g1/low_level/build/motor_controller_with_enable -- -j8 -l8
[6.519s] Level 1:colcon.colcon_core.environment:create_environment_scripts_only(motor_controller_with_enable)
[6.529s] Level 1:colcon.colcon_core.environment:checking '/home/linaro/ludan_sdk/example/g1/low_level/install/motor_controller_with_enable' for CMake module files
[6.530s] Level 1:colcon.colcon_core.environment:checking '/home/linaro/ludan_sdk/example/g1/low_level/install/motor_controller_with_enable' for CMake config files
[6.532s] Level 1:colcon.colcon_core.environment:checking '/home/linaro/ludan_sdk/example/g1/low_level/install/motor_controller_with_enable/bin'
[6.532s] Level 1:colcon.colcon_core.environment:checking '/home/linaro/ludan_sdk/example/g1/low_level/install/motor_controller_with_enable/lib/pkgconfig/motor_controller_with_enable.pc'
[6.533s] Level 1:colcon.colcon_core.environment:checking '/home/linaro/ludan_sdk/example/g1/low_level/install/motor_controller_with_enable/lib/python3.10/site-packages'
[6.536s] Level 1:colcon.colcon_core.environment:checking '/home/linaro/ludan_sdk/example/g1/low_level/install/motor_controller_with_enable/bin'
[6.537s] INFO:colcon.colcon_core.shell:Creating package script '/home/linaro/ludan_sdk/example/g1/low_level/install/motor_controller_with_enable/share/motor_controller_with_enable/package.ps1'
[6.541s] INFO:colcon.colcon_core.shell:Creating package descriptor '/home/linaro/ludan_sdk/example/g1/low_level/install/motor_controller_with_enable/share/motor_controller_with_enable/package.dsv'
[6.545s] INFO:colcon.colcon_core.shell:Creating package script '/home/linaro/ludan_sdk/example/g1/low_level/install/motor_controller_with_enable/share/motor_controller_with_enable/package.sh'
[6.549s] INFO:colcon.colcon_core.shell:Creating package script '/home/linaro/ludan_sdk/example/g1/low_level/install/motor_controller_with_enable/share/motor_controller_with_enable/package.bash'
[6.553s] INFO:colcon.colcon_core.shell:Creating package script '/home/linaro/ludan_sdk/example/g1/low_level/install/motor_controller_with_enable/share/motor_controller_with_enable/package.zsh'
[6.556s] Level 1:colcon.colcon_core.environment:create_file_with_runtime_dependencies(/home/linaro/ludan_sdk/example/g1/low_level/install/motor_controller_with_enable/share/colcon-core/packages/motor_controller_with_enable)
[6.558s] DEBUG:colcon.colcon_parallel_executor.executor.parallel:closing loop
[6.558s] DEBUG:colcon.colcon_parallel_executor.executor.parallel:loop closed
[6.558s] DEBUG:colcon.colcon_parallel_executor.executor.parallel:run_until_complete finished with '2'
[6.558s] DEBUG:colcon.colcon_core.event_reactor:joining thread
[6.565s] INFO:colcon.colcon_core.plugin_system:Skipping extension 'colcon_notification.desktop_notification.terminal_notifier': Not used on non-Darwin systems
[6.565s] INFO:colcon.colcon_core.plugin_system:Skipping extension 'colcon_notification.desktop_notification.win32': Not used on non-Windows systems
[6.565s] INFO:colcon.colcon_notification.desktop_notification:Sending desktop notification using 'notify2'
[6.582s] DEBUG:colcon.colcon_core.event_reactor:joined thread
[6.582s] INFO:colcon.colcon_core.shell:Creating prefix script '/home/linaro/ludan_sdk/example/g1/low_level/install/local_setup.ps1'
[6.584s] INFO:colcon.colcon_core.shell:Creating prefix util module '/home/linaro/ludan_sdk/example/g1/low_level/install/_local_setup_util_ps1.py'
[6.586s] INFO:colcon.colcon_core.shell:Creating prefix chain script '/home/linaro/ludan_sdk/example/g1/low_level/install/setup.ps1'
[6.588s] INFO:colcon.colcon_core.shell:Creating prefix script '/home/linaro/ludan_sdk/example/g1/low_level/install/local_setup.sh'
[6.590s] INFO:colcon.colcon_core.shell:Creating prefix util module '/home/linaro/ludan_sdk/example/g1/low_level/install/_local_setup_util_sh.py'
[6.591s] INFO:colcon.colcon_core.shell:Creating prefix chain script '/home/linaro/ludan_sdk/example/g1/low_level/install/setup.sh'
[6.592s] INFO:colcon.colcon_core.shell:Creating prefix script '/home/linaro/ludan_sdk/example/g1/low_level/install/local_setup.bash'
[6.593s] INFO:colcon.colcon_core.shell:Creating prefix chain script '/home/linaro/ludan_sdk/example/g1/low_level/install/setup.bash'
[6.595s] INFO:colcon.colcon_core.shell:Creating prefix script '/home/linaro/ludan_sdk/example/g1/low_level/install/local_setup.zsh'
[6.596s] INFO:colcon.colcon_core.shell:Creating prefix chain script '/home/linaro/ludan_sdk/example/g1/low_level/install/setup.zsh'
