-- Found ament_cmake: 1.3.12 (/opt/ros/humble/share/ament_cmake/cmake)
-- Found rclcpp: 16.0.16 (/opt/ros/humble/share/rclcpp/cmake)
-- Found rosidl_generator_c: 3.1.7 (/opt/ros/humble/share/rosidl_generator_c/cmake)
-- Found rosidl_adapter: 3.1.7 (/opt/ros/humble/share/rosidl_adapter/cmake)
-- Found rosidl_generator_cpp: 3.1.7 (/opt/ros/humble/share/rosidl_generator_cpp/cmake)
-- Using all available rosidl_typesupport_c: rosidl_typesupport_fastrtps_c;rosidl_typesupport_introspection_c
-- Using all available rosidl_typesupport_cpp: rosidl_typesupport_fastrtps_cpp;rosidl_typesupport_introspection_cpp
-- Found rmw_implementation_cmake: 6.1.2 (/opt/ros/humble/share/rmw_implementation_cmake/cmake)
-- Found rmw_fastrtps_cpp: 6.2.9 (/opt/ros/humble/share/rmw_fastrtps_cpp/cmake)
-- Using RMW implementation 'rmw_fastrtps_cpp' as default
-- Found sensor_msgs: 4.9.0 (/opt/ros/humble/share/sensor_msgs/cmake)
-- Found xixilowcmd: 0.0.0 (/home/linaro/controller_ws/install/xixilowcmd/share/xixilowcmd/cmake)
-- Found ament_lint_auto: 0.12.14 (/opt/ros/humble/share/ament_lint_auto/cmake)
-- Added test 'copyright' to check source files copyright and LICENSE
-- Added test 'cppcheck' to perform static code analysis on C / C++ code
-- Configured cppcheck include dirs: /home/linaro/ludan_sdk/example/g1/low_level/../../../../../include
-- Configured cppcheck exclude dirs and/or files: 
-- Added test 'cpplint' to check C / C++ code against the Google style
-- Configured cpplint exclude dirs and/or files: 
-- Added test 'flake8' to check Python code syntax and style conventions
-- Added test 'lint_cmake' to check CMake code style
-- Added test 'pep257' to check Python code against some of the docstring style conventions in PEP 257
-- Added test 'uncrustify' to check C / C++ code style
-- Configured uncrustify additional arguments: 
-- Added test 'xmllint' to check XML markup files
-- Configuring done
-- Generating done
-- Build files have been written to: /home/linaro/ludan_sdk/example/g1/low_level/build/motor_controller_with_enable
Consolidate compiler generated dependencies of target motor_controller_with_enable
Consolidate compiler generated dependencies of target motor_control_example
[ 33%] Built target motor_control_example
Consolidate compiler generated dependencies of target enable_motor_publisher
[ 66%] Built target motor_controller_with_enable
[ 83%] Building CXX object CMakeFiles/enable_motor_publisher.dir/enable_motor_publisher.cpp.o
[100%] Linking CXX executable enable_motor_publisher
[100%] Built target enable_motor_publisher
-- Install configuration: "Release"
-- Up-to-date: /home/linaro/ludan_sdk/example/g1/low_level/install/motor_controller_with_enable/lib/motor_controller_with_enable/motor_controller_with_enable
-- Up-to-date: /home/linaro/ludan_sdk/example/g1/low_level/install/motor_controller_with_enable/lib/motor_controller_with_enable/motor_control_example
-- Installing: /home/linaro/ludan_sdk/example/g1/low_level/install/motor_controller_with_enable/lib/motor_controller_with_enable/enable_motor_publisher
-- Set runtime path of "/home/linaro/ludan_sdk/example/g1/low_level/install/motor_controller_with_enable/lib/motor_controller_with_enable/enable_motor_publisher" to ""
-- Up-to-date: /home/linaro/ludan_sdk/example/g1/low_level/install/motor_controller_with_enable/share/ament_index/resource_index/package_run_dependencies/motor_controller_with_enable
-- Up-to-date: /home/linaro/ludan_sdk/example/g1/low_level/install/motor_controller_with_enable/share/ament_index/resource_index/parent_prefix_path/motor_controller_with_enable
-- Up-to-date: /home/linaro/ludan_sdk/example/g1/low_level/install/motor_controller_with_enable/share/motor_controller_with_enable/environment/ament_prefix_path.sh
-- Installing: /home/linaro/ludan_sdk/example/g1/low_level/install/motor_controller_with_enable/share/motor_controller_with_enable/environment/ament_prefix_path.dsv
-- Up-to-date: /home/linaro/ludan_sdk/example/g1/low_level/install/motor_controller_with_enable/share/motor_controller_with_enable/environment/path.sh
-- Installing: /home/linaro/ludan_sdk/example/g1/low_level/install/motor_controller_with_enable/share/motor_controller_with_enable/environment/path.dsv
-- Up-to-date: /home/linaro/ludan_sdk/example/g1/low_level/install/motor_controller_with_enable/share/motor_controller_with_enable/local_setup.bash
-- Up-to-date: /home/linaro/ludan_sdk/example/g1/low_level/install/motor_controller_with_enable/share/motor_controller_with_enable/local_setup.sh
-- Up-to-date: /home/linaro/ludan_sdk/example/g1/low_level/install/motor_controller_with_enable/share/motor_controller_with_enable/local_setup.zsh
-- Installing: /home/linaro/ludan_sdk/example/g1/low_level/install/motor_controller_with_enable/share/motor_controller_with_enable/local_setup.dsv
-- Installing: /home/linaro/ludan_sdk/example/g1/low_level/install/motor_controller_with_enable/share/motor_controller_with_enable/package.dsv
-- Up-to-date: /home/linaro/ludan_sdk/example/g1/low_level/install/motor_controller_with_enable/share/ament_index/resource_index/packages/motor_controller_with_enable
-- Up-to-date: /home/linaro/ludan_sdk/example/g1/low_level/install/motor_controller_with_enable/share/motor_controller_with_enable/cmake/motor_controller_with_enableConfig.cmake
-- Up-to-date: /home/linaro/ludan_sdk/example/g1/low_level/install/motor_controller_with_enable/share/motor_controller_with_enable/cmake/motor_controller_with_enableConfig-version.cmake
-- Up-to-date: /home/linaro/ludan_sdk/example/g1/low_level/install/motor_controller_with_enable/share/motor_controller_with_enable/package.xml
