[0.020s] Invoking command in '/home/linaro/ludan_sdk/example/g1/low_level/build/motor_controller_with_enable': CMAKE_PREFIX_PATH=${CMAKE_PREFIX_PATH}:/opt/ros/humble /usr/bin/cmake --build /home/linaro/ludan_sdk/example/g1/low_level/build/motor_controller_with_enable -- -j8 -l8
[0.076s] -- Found ament_cmake: 1.3.12 (/opt/ros/humble/share/ament_cmake/cmake)
[0.340s] -- Found rclcpp: 16.0.16 (/opt/ros/humble/share/rclcpp/cmake)
[0.374s] -- Found rosidl_generator_c: 3.1.7 (/opt/ros/humble/share/rosidl_generator_c/cmake)
[0.377s] -- Found rosidl_adapter: 3.1.7 (/opt/ros/humble/share/rosidl_adapter/cmake)
[0.385s] -- Found rosidl_generator_cpp: 3.1.7 (/opt/ros/humble/share/rosidl_generator_cpp/cmake)
[0.398s] -- Using all available rosidl_typesupport_c: rosidl_typesupport_fastrtps_c;rosidl_typesupport_introspection_c
[0.413s] -- Using all available rosidl_typesupport_cpp: rosidl_typesupport_fastrtps_cpp;rosidl_typesupport_introspection_cpp
[0.458s] -- Found rmw_implementation_cmake: 6.1.2 (/opt/ros/humble/share/rmw_implementation_cmake/cmake)
[0.460s] -- Found rmw_fastrtps_cpp: 6.2.9 (/opt/ros/humble/share/rmw_fastrtps_cpp/cmake)
[0.576s] -- Using RMW implementation 'rmw_fastrtps_cpp' as default
[0.649s] -- Found sensor_msgs: 4.9.0 (/opt/ros/humble/share/sensor_msgs/cmake)
[0.691s] -- Found xixilowcmd: 0.0.0 (/home/linaro/controller_ws/install/xixilowcmd/share/xixilowcmd/cmake)
[0.708s] -- Found ament_lint_auto: 0.12.14 (/opt/ros/humble/share/ament_lint_auto/cmake)
[0.849s] -- Added test 'copyright' to check source files copyright and LICENSE
[0.862s] -- Added test 'cppcheck' to perform static code analysis on C / C++ code
[0.862s] -- Configured cppcheck include dirs: /home/linaro/ludan_sdk/example/g1/low_level/../../../../../include
[0.862s] -- Configured cppcheck exclude dirs and/or files: 
[0.875s] -- Added test 'cpplint' to check C / C++ code against the Google style
[0.875s] -- Configured cpplint exclude dirs and/or files: 
[0.876s] -- Added test 'flake8' to check Python code syntax and style conventions
[0.880s] -- Added test 'lint_cmake' to check CMake code style
[0.882s] -- Added test 'pep257' to check Python code against some of the docstring style conventions in PEP 257
[0.895s] -- Added test 'uncrustify' to check C / C++ code style
[0.896s] -- Configured uncrustify additional arguments: 
[0.897s] -- Added test 'xmllint' to check XML markup files
[0.899s] -- Configuring done
[0.923s] -- Generating done
[0.933s] -- Build files have been written to: /home/linaro/ludan_sdk/example/g1/low_level/build/motor_controller_with_enable
[0.978s] Consolidate compiler generated dependencies of target motor_controller_with_enable
[0.983s] Consolidate compiler generated dependencies of target motor_control_example
[1.002s] [ 33%] Built target motor_control_example
[1.008s] Consolidate compiler generated dependencies of target enable_motor_publisher
[1.011s] [ 66%] Built target motor_controller_with_enable
[1.039s] [ 83%] Building CXX object CMakeFiles/enable_motor_publisher.dir/enable_motor_publisher.cpp.o
[8.625s] [100%] Linking CXX executable enable_motor_publisher
[8.812s] [100%] Built target enable_motor_publisher
[8.839s] Invoked command in '/home/linaro/ludan_sdk/example/g1/low_level/build/motor_controller_with_enable' returned '0': CMAKE_PREFIX_PATH=${CMAKE_PREFIX_PATH}:/opt/ros/humble /usr/bin/cmake --build /home/linaro/ludan_sdk/example/g1/low_level/build/motor_controller_with_enable -- -j8 -l8
[8.857s] Invoking command in '/home/linaro/ludan_sdk/example/g1/low_level/build/motor_controller_with_enable': CMAKE_PREFIX_PATH=${CMAKE_PREFIX_PATH}:/opt/ros/humble /usr/bin/cmake --install /home/linaro/ludan_sdk/example/g1/low_level/build/motor_controller_with_enable
[8.866s] -- Install configuration: "Release"
[8.867s] -- Up-to-date: /home/linaro/ludan_sdk/example/g1/low_level/install/motor_controller_with_enable/lib/motor_controller_with_enable/motor_controller_with_enable
[8.867s] -- Up-to-date: /home/linaro/ludan_sdk/example/g1/low_level/install/motor_controller_with_enable/lib/motor_controller_with_enable/motor_control_example
[8.867s] -- Installing: /home/linaro/ludan_sdk/example/g1/low_level/install/motor_controller_with_enable/lib/motor_controller_with_enable/enable_motor_publisher
[8.868s] -- Set runtime path of "/home/linaro/ludan_sdk/example/g1/low_level/install/motor_controller_with_enable/lib/motor_controller_with_enable/enable_motor_publisher" to ""
[8.868s] -- Up-to-date: /home/linaro/ludan_sdk/example/g1/low_level/install/motor_controller_with_enable/share/ament_index/resource_index/package_run_dependencies/motor_controller_with_enable
[8.868s] -- Up-to-date: /home/linaro/ludan_sdk/example/g1/low_level/install/motor_controller_with_enable/share/ament_index/resource_index/parent_prefix_path/motor_controller_with_enable
[8.868s] -- Up-to-date: /home/linaro/ludan_sdk/example/g1/low_level/install/motor_controller_with_enable/share/motor_controller_with_enable/environment/ament_prefix_path.sh
[8.868s] -- Installing: /home/linaro/ludan_sdk/example/g1/low_level/install/motor_controller_with_enable/share/motor_controller_with_enable/environment/ament_prefix_path.dsv
[8.869s] -- Up-to-date: /home/linaro/ludan_sdk/example/g1/low_level/install/motor_controller_with_enable/share/motor_controller_with_enable/environment/path.sh
[8.869s] -- Installing: /home/linaro/ludan_sdk/example/g1/low_level/install/motor_controller_with_enable/share/motor_controller_with_enable/environment/path.dsv
[8.869s] -- Up-to-date: /home/linaro/ludan_sdk/example/g1/low_level/install/motor_controller_with_enable/share/motor_controller_with_enable/local_setup.bash
[8.869s] -- Up-to-date: /home/linaro/ludan_sdk/example/g1/low_level/install/motor_controller_with_enable/share/motor_controller_with_enable/local_setup.sh
[8.869s] -- Up-to-date: /home/linaro/ludan_sdk/example/g1/low_level/install/motor_controller_with_enable/share/motor_controller_with_enable/local_setup.zsh
[8.869s] -- Installing: /home/linaro/ludan_sdk/example/g1/low_level/install/motor_controller_with_enable/share/motor_controller_with_enable/local_setup.dsv
[8.869s] -- Installing: /home/linaro/ludan_sdk/example/g1/low_level/install/motor_controller_with_enable/share/motor_controller_with_enable/package.dsv
[8.869s] -- Up-to-date: /home/linaro/ludan_sdk/example/g1/low_level/install/motor_controller_with_enable/share/ament_index/resource_index/packages/motor_controller_with_enable
[8.870s] -- Up-to-date: /home/linaro/ludan_sdk/example/g1/low_level/install/motor_controller_with_enable/share/motor_controller_with_enable/cmake/motor_controller_with_enableConfig.cmake
[8.870s] -- Up-to-date: /home/linaro/ludan_sdk/example/g1/low_level/install/motor_controller_with_enable/share/motor_controller_with_enable/cmake/motor_controller_with_enableConfig-version.cmake
[8.870s] -- Up-to-date: /home/linaro/ludan_sdk/example/g1/low_level/install/motor_controller_with_enable/share/motor_controller_with_enable/package.xml
[8.872s] Invoked command in '/home/linaro/ludan_sdk/example/g1/low_level/build/motor_controller_with_enable' returned '0': CMAKE_PREFIX_PATH=${CMAKE_PREFIX_PATH}:/opt/ros/humble /usr/bin/cmake --install /home/linaro/ludan_sdk/example/g1/low_level/build/motor_controller_with_enable
