[0.129s] DEBUG:colcon:Command line arguments: ['/usr/bin/colcon', 'build', '--cmake-force-configure']
[0.129s] DEBUG:colcon:Parsed command line arguments: Namespace(log_base=None, log_level=None, verb_name='build', build_base='build', install_base='install', merge_install=False, symlink_install=False, test_result_base=None, continue_on_error=False, executor='parallel', parallel_workers=8, event_handlers=None, ignore_user_meta=False, metas=['./colcon.meta'], base_paths=['.'], packages_ignore=None, packages_ignore_regex=None, paths=None, packages_up_to=None, packages_up_to_regex=None, packages_above=None, packages_above_and_dependencies=None, packages_above_depth=None, packages_select_by_dep=None, packages_skip_by_dep=None, packages_skip_up_to=None, packages_select_build_failed=False, packages_skip_build_finished=False, packages_select_test_failures=False, packages_skip_test_passed=False, packages_select=None, packages_skip=None, packages_select_regex=None, packages_skip_regex=None, packages_start=None, packages_end=None, allow_overriding=[], cmake_args=None, cmake_target=None, cmake_target_skip_unavailable=False, cmake_clean_cache=False, cmake_clean_first=False, cmake_force_configure=True, ament_cmake_args=None, catkin_cmake_args=None, catkin_skip_building_tests=False, verb_parser=<colcon_defaults.argument_parser.defaults.DefaultArgumentsDecorator object at 0x7fa5f60f70>, verb_extension=<colcon_core.verb.build.BuildVerb object at 0x7fa61063e0>, main=<bound method BuildVerb.main of <colcon_core.verb.build.BuildVerb object at 0x7fa61063e0>>)
[0.328s] Level 1:colcon.colcon_core.package_discovery:discover_packages(colcon_meta) check parameters
[0.328s] Level 1:colcon.colcon_core.package_discovery:discover_packages(recursive) check parameters
[0.328s] Level 1:colcon.colcon_core.package_discovery:discover_packages(ignore) check parameters
[0.328s] Level 1:colcon.colcon_core.package_discovery:discover_packages(path) check parameters
[0.328s] Level 1:colcon.colcon_core.package_discovery:discover_packages(colcon_meta) discover
[0.328s] Level 1:colcon.colcon_core.package_discovery:discover_packages(recursive) discover
[0.328s] INFO:colcon.colcon_core.package_discovery:Crawling recursively for packages in '/home/linaro/ludan_sdk/multi_port_motor_feedback/multi_port_motor_feedback_ros2'
[0.328s] Level 1:colcon.colcon_core.package_identification:_identify(.) by extensions ['ignore', 'ignore_ament_install']
[0.328s] Level 1:colcon.colcon_core.package_identification:_identify(.) by extension 'ignore'
[0.328s] Level 1:colcon.colcon_core.package_identification:_identify(.) by extension 'ignore_ament_install'
[0.328s] Level 1:colcon.colcon_core.package_identification:_identify(.) by extensions ['colcon_pkg']
[0.329s] Level 1:colcon.colcon_core.package_identification:_identify(.) by extension 'colcon_pkg'
[0.329s] Level 1:colcon.colcon_core.package_identification:_identify(.) by extensions ['colcon_meta']
[0.329s] Level 1:colcon.colcon_core.package_identification:_identify(.) by extension 'colcon_meta'
[0.329s] Level 1:colcon.colcon_core.package_identification:_identify(.) by extensions ['ros']
[0.329s] Level 1:colcon.colcon_core.package_identification:_identify(.) by extension 'ros'
[0.346s] DEBUG:colcon.colcon_core.package_identification:Package '.' with type 'ros.ament_cmake' and name 'multi_port_motor_feedback'
[0.347s] Level 1:colcon.colcon_core.package_discovery:discover_packages(recursive) using defaults
[0.347s] Level 1:colcon.colcon_core.package_discovery:discover_packages(ignore) discover
[0.347s] Level 1:colcon.colcon_core.package_discovery:discover_packages(ignore) using defaults
[0.347s] Level 1:colcon.colcon_core.package_discovery:discover_packages(path) discover
[0.347s] Level 1:colcon.colcon_core.package_discovery:discover_packages(path) using defaults
[0.373s] Level 1:colcon.colcon_core.package_discovery:discover_packages(prefix_path) check parameters
[0.373s] Level 1:colcon.colcon_core.package_discovery:discover_packages(prefix_path) discover
[0.376s] DEBUG:colcon.colcon_installed_package_information.package_discovery:Found 9 installed packages in /home/linaro/controller_ws/install
[0.377s] DEBUG:colcon.colcon_installed_package_information.package_discovery:Found 278 installed packages in /opt/ros/humble
[0.399s] Level 1:colcon.colcon_core.package_discovery:discover_packages(prefix_path) using defaults
[0.455s] Level 5:colcon.colcon_core.verb:set package 'multi_port_motor_feedback' build argument 'cmake_args' from command line to 'None'
[0.455s] Level 5:colcon.colcon_core.verb:set package 'multi_port_motor_feedback' build argument 'cmake_target' from command line to 'None'
[0.455s] Level 5:colcon.colcon_core.verb:set package 'multi_port_motor_feedback' build argument 'cmake_target_skip_unavailable' from command line to 'False'
[0.455s] Level 5:colcon.colcon_core.verb:set package 'multi_port_motor_feedback' build argument 'cmake_clean_cache' from command line to 'False'
[0.455s] Level 5:colcon.colcon_core.verb:set package 'multi_port_motor_feedback' build argument 'cmake_clean_first' from command line to 'False'
[0.455s] Level 5:colcon.colcon_core.verb:set package 'multi_port_motor_feedback' build argument 'cmake_force_configure' from command line to 'True'
[0.455s] Level 5:colcon.colcon_core.verb:set package 'multi_port_motor_feedback' build argument 'ament_cmake_args' from command line to 'None'
[0.455s] Level 5:colcon.colcon_core.verb:set package 'multi_port_motor_feedback' build argument 'catkin_cmake_args' from command line to 'None'
[0.455s] Level 5:colcon.colcon_core.verb:set package 'multi_port_motor_feedback' build argument 'catkin_skip_building_tests' from command line to 'False'
[0.455s] DEBUG:colcon.colcon_core.verb:Building package 'multi_port_motor_feedback' with the following arguments: {'ament_cmake_args': None, 'build_base': '/home/linaro/ludan_sdk/multi_port_motor_feedback/multi_port_motor_feedback_ros2/build/multi_port_motor_feedback', 'catkin_cmake_args': None, 'catkin_skip_building_tests': False, 'cmake_args': None, 'cmake_clean_cache': False, 'cmake_clean_first': False, 'cmake_force_configure': True, 'cmake_target': None, 'cmake_target_skip_unavailable': False, 'install_base': '/home/linaro/ludan_sdk/multi_port_motor_feedback/multi_port_motor_feedback_ros2/install/multi_port_motor_feedback', 'merge_install': False, 'path': '/home/linaro/ludan_sdk/multi_port_motor_feedback/multi_port_motor_feedback_ros2', 'symlink_install': False, 'test_result_base': None}
[0.455s] INFO:colcon.colcon_core.executor:Executing jobs using 'parallel' executor
[0.457s] DEBUG:colcon.colcon_parallel_executor.executor.parallel:run_until_complete
[0.457s] INFO:colcon.colcon_ros.task.ament_cmake.build:Building ROS package in '/home/linaro/ludan_sdk/multi_port_motor_feedback/multi_port_motor_feedback_ros2' with build type 'ament_cmake'
[0.457s] INFO:colcon.colcon_cmake.task.cmake.build:Building CMake package in '/home/linaro/ludan_sdk/multi_port_motor_feedback/multi_port_motor_feedback_ros2'
[0.459s] INFO:colcon.colcon_core.plugin_system:Skipping extension 'colcon_core.shell.bat': Not used on non-Windows systems
[0.460s] INFO:colcon.colcon_core.shell:Skip shell extension 'powershell' for command environment: Not usable outside of PowerShell
[0.460s] DEBUG:colcon.colcon_core.shell:Skip shell extension 'dsv' for command environment
[0.471s] DEBUG:colcon.colcon_core.event_handler.log_command:Invoking command in '/home/linaro/ludan_sdk/multi_port_motor_feedback/multi_port_motor_feedback_ros2/build/multi_port_motor_feedback': CMAKE_PREFIX_PATH=${CMAKE_PREFIX_PATH}:/opt/ros/humble /usr/bin/cmake /home/linaro/ludan_sdk/multi_port_motor_feedback/multi_port_motor_feedback_ros2 -DCMAKE_INSTALL_PREFIX=/home/linaro/ludan_sdk/multi_port_motor_feedback/multi_port_motor_feedback_ros2/install/multi_port_motor_feedback
[2.705s] DEBUG:colcon.colcon_core.event_handler.log_command:Invoked command in '/home/linaro/ludan_sdk/multi_port_motor_feedback/multi_port_motor_feedback_ros2/build/multi_port_motor_feedback' returned '0': CMAKE_PREFIX_PATH=${CMAKE_PREFIX_PATH}:/opt/ros/humble /usr/bin/cmake /home/linaro/ludan_sdk/multi_port_motor_feedback/multi_port_motor_feedback_ros2 -DCMAKE_INSTALL_PREFIX=/home/linaro/ludan_sdk/multi_port_motor_feedback/multi_port_motor_feedback_ros2/install/multi_port_motor_feedback
[2.708s] DEBUG:colcon.colcon_core.event_handler.log_command:Invoking command in '/home/linaro/ludan_sdk/multi_port_motor_feedback/multi_port_motor_feedback_ros2/build/multi_port_motor_feedback': CMAKE_PREFIX_PATH=${CMAKE_PREFIX_PATH}:/opt/ros/humble /usr/bin/cmake --build /home/linaro/ludan_sdk/multi_port_motor_feedback/multi_port_motor_feedback_ros2/build/multi_port_motor_feedback -- -j8 -l8
[10.046s] DEBUG:colcon.colcon_core.event_handler.log_command:Invoked command in '/home/linaro/ludan_sdk/multi_port_motor_feedback/multi_port_motor_feedback_ros2/build/multi_port_motor_feedback' returned '0': CMAKE_PREFIX_PATH=${CMAKE_PREFIX_PATH}:/opt/ros/humble /usr/bin/cmake --build /home/linaro/ludan_sdk/multi_port_motor_feedback/multi_port_motor_feedback_ros2/build/multi_port_motor_feedback -- -j8 -l8
[10.075s] DEBUG:colcon.colcon_core.event_handler.log_command:Invoking command in '/home/linaro/ludan_sdk/multi_port_motor_feedback/multi_port_motor_feedback_ros2/build/multi_port_motor_feedback': CMAKE_PREFIX_PATH=${CMAKE_PREFIX_PATH}:/opt/ros/humble /usr/bin/cmake --install /home/linaro/ludan_sdk/multi_port_motor_feedback/multi_port_motor_feedback_ros2/build/multi_port_motor_feedback
[10.101s] Level 1:colcon.colcon_core.environment:create_environment_scripts_only(multi_port_motor_feedback)
[10.124s] Level 1:colcon.colcon_core.environment:checking '/home/linaro/ludan_sdk/multi_port_motor_feedback/multi_port_motor_feedback_ros2/install/multi_port_motor_feedback' for CMake module files
[10.128s] Level 1:colcon.colcon_core.environment:checking '/home/linaro/ludan_sdk/multi_port_motor_feedback/multi_port_motor_feedback_ros2/install/multi_port_motor_feedback' for CMake config files
[10.130s] Level 1:colcon.colcon_core.shell:create_environment_hook('multi_port_motor_feedback', 'cmake_prefix_path')
[10.130s] INFO:colcon.colcon_core.shell:Creating environment hook '/home/linaro/ludan_sdk/multi_port_motor_feedback/multi_port_motor_feedback_ros2/install/multi_port_motor_feedback/share/multi_port_motor_feedback/hook/cmake_prefix_path.ps1'
[10.132s] INFO:colcon.colcon_core.shell:Creating environment descriptor '/home/linaro/ludan_sdk/multi_port_motor_feedback/multi_port_motor_feedback_ros2/install/multi_port_motor_feedback/share/multi_port_motor_feedback/hook/cmake_prefix_path.dsv'
[10.133s] INFO:colcon.colcon_core.shell:Creating environment hook '/home/linaro/ludan_sdk/multi_port_motor_feedback/multi_port_motor_feedback_ros2/install/multi_port_motor_feedback/share/multi_port_motor_feedback/hook/cmake_prefix_path.sh'
[10.135s] Level 1:colcon.colcon_core.environment:checking '/home/linaro/ludan_sdk/multi_port_motor_feedback/multi_port_motor_feedback_ros2/install/multi_port_motor_feedback/lib'
[10.136s] Level 1:colcon.colcon_core.shell:create_environment_hook('multi_port_motor_feedback', 'ld_library_path_lib')
[10.136s] INFO:colcon.colcon_core.shell:Creating environment hook '/home/linaro/ludan_sdk/multi_port_motor_feedback/multi_port_motor_feedback_ros2/install/multi_port_motor_feedback/share/multi_port_motor_feedback/hook/ld_library_path_lib.ps1'
[10.137s] INFO:colcon.colcon_core.shell:Creating environment descriptor '/home/linaro/ludan_sdk/multi_port_motor_feedback/multi_port_motor_feedback_ros2/install/multi_port_motor_feedback/share/multi_port_motor_feedback/hook/ld_library_path_lib.dsv'
[10.139s] INFO:colcon.colcon_core.shell:Creating environment hook '/home/linaro/ludan_sdk/multi_port_motor_feedback/multi_port_motor_feedback_ros2/install/multi_port_motor_feedback/share/multi_port_motor_feedback/hook/ld_library_path_lib.sh'
[10.141s] Level 1:colcon.colcon_core.environment:checking '/home/linaro/ludan_sdk/multi_port_motor_feedback/multi_port_motor_feedback_ros2/install/multi_port_motor_feedback/bin'
[10.142s] Level 1:colcon.colcon_core.environment:checking '/home/linaro/ludan_sdk/multi_port_motor_feedback/multi_port_motor_feedback_ros2/install/multi_port_motor_feedback/lib/pkgconfig/multi_port_motor_feedback.pc'
[10.143s] Level 1:colcon.colcon_core.environment:checking '/home/linaro/ludan_sdk/multi_port_motor_feedback/multi_port_motor_feedback_ros2/install/multi_port_motor_feedback/lib/python3.10/site-packages'
[10.145s] Level 1:colcon.colcon_core.environment:checking '/home/linaro/ludan_sdk/multi_port_motor_feedback/multi_port_motor_feedback_ros2/install/multi_port_motor_feedback/bin'
[10.147s] INFO:colcon.colcon_core.shell:Creating package script '/home/linaro/ludan_sdk/multi_port_motor_feedback/multi_port_motor_feedback_ros2/install/multi_port_motor_feedback/share/multi_port_motor_feedback/package.ps1'
[10.151s] INFO:colcon.colcon_core.shell:Creating package descriptor '/home/linaro/ludan_sdk/multi_port_motor_feedback/multi_port_motor_feedback_ros2/install/multi_port_motor_feedback/share/multi_port_motor_feedback/package.dsv'
[10.155s] INFO:colcon.colcon_core.shell:Creating package script '/home/linaro/ludan_sdk/multi_port_motor_feedback/multi_port_motor_feedback_ros2/install/multi_port_motor_feedback/share/multi_port_motor_feedback/package.sh'
[10.157s] INFO:colcon.colcon_core.shell:Creating package script '/home/linaro/ludan_sdk/multi_port_motor_feedback/multi_port_motor_feedback_ros2/install/multi_port_motor_feedback/share/multi_port_motor_feedback/package.bash'
[10.158s] INFO:colcon.colcon_core.shell:Creating package script '/home/linaro/ludan_sdk/multi_port_motor_feedback/multi_port_motor_feedback_ros2/install/multi_port_motor_feedback/share/multi_port_motor_feedback/package.zsh'
[10.160s] Level 1:colcon.colcon_core.environment:create_file_with_runtime_dependencies(/home/linaro/ludan_sdk/multi_port_motor_feedback/multi_port_motor_feedback_ros2/install/multi_port_motor_feedback/share/colcon-core/packages/multi_port_motor_feedback)
[10.162s] Level 1:colcon.colcon_core.environment:create_environment_scripts_only(multi_port_motor_feedback)
[10.164s] Level 1:colcon.colcon_core.environment:checking '/home/linaro/ludan_sdk/multi_port_motor_feedback/multi_port_motor_feedback_ros2/install/multi_port_motor_feedback' for CMake module files
[10.169s] Level 1:colcon.colcon_core.environment:checking '/home/linaro/ludan_sdk/multi_port_motor_feedback/multi_port_motor_feedback_ros2/install/multi_port_motor_feedback' for CMake config files
[10.171s] Level 1:colcon.colcon_core.shell:create_environment_hook('multi_port_motor_feedback', 'cmake_prefix_path')
[10.172s] INFO:colcon.colcon_core.shell:Creating environment hook '/home/linaro/ludan_sdk/multi_port_motor_feedback/multi_port_motor_feedback_ros2/install/multi_port_motor_feedback/share/multi_port_motor_feedback/hook/cmake_prefix_path.ps1'
[10.174s] INFO:colcon.colcon_core.shell:Creating environment descriptor '/home/linaro/ludan_sdk/multi_port_motor_feedback/multi_port_motor_feedback_ros2/install/multi_port_motor_feedback/share/multi_port_motor_feedback/hook/cmake_prefix_path.dsv'
[10.176s] INFO:colcon.colcon_core.shell:Creating environment hook '/home/linaro/ludan_sdk/multi_port_motor_feedback/multi_port_motor_feedback_ros2/install/multi_port_motor_feedback/share/multi_port_motor_feedback/hook/cmake_prefix_path.sh'
[10.178s] Level 1:colcon.colcon_core.environment:checking '/home/linaro/ludan_sdk/multi_port_motor_feedback/multi_port_motor_feedback_ros2/install/multi_port_motor_feedback/lib'
[10.179s] Level 1:colcon.colcon_core.shell:create_environment_hook('multi_port_motor_feedback', 'ld_library_path_lib')
[10.179s] INFO:colcon.colcon_core.shell:Creating environment hook '/home/linaro/ludan_sdk/multi_port_motor_feedback/multi_port_motor_feedback_ros2/install/multi_port_motor_feedback/share/multi_port_motor_feedback/hook/ld_library_path_lib.ps1'
[10.180s] INFO:colcon.colcon_core.shell:Creating environment descriptor '/home/linaro/ludan_sdk/multi_port_motor_feedback/multi_port_motor_feedback_ros2/install/multi_port_motor_feedback/share/multi_port_motor_feedback/hook/ld_library_path_lib.dsv'
[10.181s] INFO:colcon.colcon_core.shell:Creating environment hook '/home/linaro/ludan_sdk/multi_port_motor_feedback/multi_port_motor_feedback_ros2/install/multi_port_motor_feedback/share/multi_port_motor_feedback/hook/ld_library_path_lib.sh'
[10.183s] Level 1:colcon.colcon_core.environment:checking '/home/linaro/ludan_sdk/multi_port_motor_feedback/multi_port_motor_feedback_ros2/install/multi_port_motor_feedback/bin'
[10.184s] Level 1:colcon.colcon_core.environment:checking '/home/linaro/ludan_sdk/multi_port_motor_feedback/multi_port_motor_feedback_ros2/install/multi_port_motor_feedback/lib/pkgconfig/multi_port_motor_feedback.pc'
[10.185s] Level 1:colcon.colcon_core.environment:checking '/home/linaro/ludan_sdk/multi_port_motor_feedback/multi_port_motor_feedback_ros2/install/multi_port_motor_feedback/lib/python3.10/site-packages'
[10.185s] DEBUG:colcon.colcon_core.event_handler.log_command:Invoked command in '/home/linaro/ludan_sdk/multi_port_motor_feedback/multi_port_motor_feedback_ros2/build/multi_port_motor_feedback' returned '0': CMAKE_PREFIX_PATH=${CMAKE_PREFIX_PATH}:/opt/ros/humble /usr/bin/cmake --install /home/linaro/ludan_sdk/multi_port_motor_feedback/multi_port_motor_feedback_ros2/build/multi_port_motor_feedback
[10.187s] Level 1:colcon.colcon_core.environment:checking '/home/linaro/ludan_sdk/multi_port_motor_feedback/multi_port_motor_feedback_ros2/install/multi_port_motor_feedback/bin'
[10.189s] INFO:colcon.colcon_core.shell:Creating package script '/home/linaro/ludan_sdk/multi_port_motor_feedback/multi_port_motor_feedback_ros2/install/multi_port_motor_feedback/share/multi_port_motor_feedback/package.ps1'
[10.192s] INFO:colcon.colcon_core.shell:Creating package descriptor '/home/linaro/ludan_sdk/multi_port_motor_feedback/multi_port_motor_feedback_ros2/install/multi_port_motor_feedback/share/multi_port_motor_feedback/package.dsv'
[10.194s] INFO:colcon.colcon_core.shell:Creating package script '/home/linaro/ludan_sdk/multi_port_motor_feedback/multi_port_motor_feedback_ros2/install/multi_port_motor_feedback/share/multi_port_motor_feedback/package.sh'
[10.196s] INFO:colcon.colcon_core.shell:Creating package script '/home/linaro/ludan_sdk/multi_port_motor_feedback/multi_port_motor_feedback_ros2/install/multi_port_motor_feedback/share/multi_port_motor_feedback/package.bash'
[10.198s] INFO:colcon.colcon_core.shell:Creating package script '/home/linaro/ludan_sdk/multi_port_motor_feedback/multi_port_motor_feedback_ros2/install/multi_port_motor_feedback/share/multi_port_motor_feedback/package.zsh'
[10.199s] Level 1:colcon.colcon_core.environment:create_file_with_runtime_dependencies(/home/linaro/ludan_sdk/multi_port_motor_feedback/multi_port_motor_feedback_ros2/install/multi_port_motor_feedback/share/colcon-core/packages/multi_port_motor_feedback)
[10.200s] DEBUG:colcon.colcon_parallel_executor.executor.parallel:closing loop
[10.200s] DEBUG:colcon.colcon_parallel_executor.executor.parallel:loop closed
[10.201s] DEBUG:colcon.colcon_parallel_executor.executor.parallel:run_until_complete finished with '0'
[10.201s] DEBUG:colcon.colcon_core.event_reactor:joining thread
[10.219s] INFO:colcon.colcon_core.plugin_system:Skipping extension 'colcon_notification.desktop_notification.terminal_notifier': Not used on non-Darwin systems
[10.219s] INFO:colcon.colcon_core.plugin_system:Skipping extension 'colcon_notification.desktop_notification.win32': Not used on non-Windows systems
[10.219s] INFO:colcon.colcon_notification.desktop_notification:Sending desktop notification using 'notify2'
[31.158s] DEBUG:colcon.colcon_notification.desktop_notification.notify2:Failed to initialize notify2: org.freedesktop.DBus.Error.TimedOut: Failed to activate service 'org.freedesktop.Notifications': timed out (service_start_timeout=120000ms)
[31.159s] DEBUG:colcon.colcon_core.event_reactor:joined thread
[31.159s] INFO:colcon.colcon_core.shell:Creating prefix script '/home/linaro/ludan_sdk/multi_port_motor_feedback/multi_port_motor_feedback_ros2/install/local_setup.ps1'
[31.161s] INFO:colcon.colcon_core.shell:Creating prefix util module '/home/linaro/ludan_sdk/multi_port_motor_feedback/multi_port_motor_feedback_ros2/install/_local_setup_util_ps1.py'
[31.163s] INFO:colcon.colcon_core.shell:Creating prefix chain script '/home/linaro/ludan_sdk/multi_port_motor_feedback/multi_port_motor_feedback_ros2/install/setup.ps1'
[31.166s] INFO:colcon.colcon_core.shell:Creating prefix script '/home/linaro/ludan_sdk/multi_port_motor_feedback/multi_port_motor_feedback_ros2/install/local_setup.sh'
[31.168s] INFO:colcon.colcon_core.shell:Creating prefix util module '/home/linaro/ludan_sdk/multi_port_motor_feedback/multi_port_motor_feedback_ros2/install/_local_setup_util_sh.py'
[31.170s] INFO:colcon.colcon_core.shell:Creating prefix chain script '/home/linaro/ludan_sdk/multi_port_motor_feedback/multi_port_motor_feedback_ros2/install/setup.sh'
[31.176s] INFO:colcon.colcon_core.shell:Creating prefix script '/home/linaro/ludan_sdk/multi_port_motor_feedback/multi_port_motor_feedback_ros2/install/local_setup.bash'
[31.178s] INFO:colcon.colcon_core.shell:Creating prefix chain script '/home/linaro/ludan_sdk/multi_port_motor_feedback/multi_port_motor_feedback_ros2/install/setup.bash'
[31.183s] INFO:colcon.colcon_core.shell:Creating prefix script '/home/linaro/ludan_sdk/multi_port_motor_feedback/multi_port_motor_feedback_ros2/install/local_setup.zsh'
[31.185s] INFO:colcon.colcon_core.shell:Creating prefix chain script '/home/linaro/ludan_sdk/multi_port_motor_feedback/multi_port_motor_feedback_ros2/install/setup.zsh'
