[0.147s] DEBUG:colcon:Command line arguments: ['/usr/bin/colcon', 'build', '--cmake-clean-cache']
[0.147s] DEBUG:colcon:Parsed command line arguments: Namespace(log_base=None, log_level=None, verb_name='build', build_base='build', install_base='install', merge_install=False, symlink_install=False, test_result_base=None, continue_on_error=False, executor='parallel', parallel_workers=8, event_handlers=None, ignore_user_meta=False, metas=['./colcon.meta'], base_paths=['.'], packages_ignore=None, packages_ignore_regex=None, paths=None, packages_up_to=None, packages_up_to_regex=None, packages_above=None, packages_above_and_dependencies=None, packages_above_depth=None, packages_select_by_dep=None, packages_skip_by_dep=None, packages_skip_up_to=None, packages_select_build_failed=False, packages_skip_build_finished=False, packages_select_test_failures=False, packages_skip_test_passed=False, packages_select=None, packages_skip=None, packages_select_regex=None, packages_skip_regex=None, packages_start=None, packages_end=None, allow_overriding=[], cmake_args=None, cmake_target=None, cmake_target_skip_unavailable=False, cmake_clean_cache=True, cmake_clean_first=False, cmake_force_configure=False, ament_cmake_args=None, catkin_cmake_args=None, catkin_skip_building_tests=False, verb_parser=<colcon_defaults.argument_parser.defaults.DefaultArgumentsDecorator object at 0x7fbc8bbe80>, verb_extension=<colcon_core.verb.build.BuildVerb object at 0x7fbca9d210>, main=<bound method BuildVerb.main of <colcon_core.verb.build.BuildVerb object at 0x7fbca9d210>>)
[0.358s] Level 1:colcon.colcon_core.package_discovery:discover_packages(colcon_meta) check parameters
[0.359s] Level 1:colcon.colcon_core.package_discovery:discover_packages(recursive) check parameters
[0.359s] Level 1:colcon.colcon_core.package_discovery:discover_packages(ignore) check parameters
[0.359s] Level 1:colcon.colcon_core.package_discovery:discover_packages(path) check parameters
[0.359s] Level 1:colcon.colcon_core.package_discovery:discover_packages(colcon_meta) discover
[0.359s] Level 1:colcon.colcon_core.package_discovery:discover_packages(recursive) discover
[0.359s] INFO:colcon.colcon_core.package_discovery:Crawling recursively for packages in '/home/linaro/ludan_sdk/example/g1/motor_feedback'
[0.359s] Level 1:colcon.colcon_core.package_identification:_identify(.) by extensions ['ignore', 'ignore_ament_install']
[0.359s] Level 1:colcon.colcon_core.package_identification:_identify(.) by extension 'ignore'
[0.359s] Level 1:colcon.colcon_core.package_identification:_identify(.) by extension 'ignore_ament_install'
[0.359s] Level 1:colcon.colcon_core.package_identification:_identify(.) by extensions ['colcon_pkg']
[0.359s] Level 1:colcon.colcon_core.package_identification:_identify(.) by extension 'colcon_pkg'
[0.359s] Level 1:colcon.colcon_core.package_identification:_identify(.) by extensions ['colcon_meta']
[0.359s] Level 1:colcon.colcon_core.package_identification:_identify(.) by extension 'colcon_meta'
[0.360s] Level 1:colcon.colcon_core.package_identification:_identify(.) by extensions ['ros']
[0.360s] Level 1:colcon.colcon_core.package_identification:_identify(.) by extension 'ros'
[0.380s] DEBUG:colcon.colcon_core.package_identification:Package '.' with type 'ros.ament_cmake' and name 'motor_feedback'
[0.380s] Level 1:colcon.colcon_core.package_discovery:discover_packages(recursive) using defaults
[0.380s] Level 1:colcon.colcon_core.package_discovery:discover_packages(ignore) discover
[0.380s] Level 1:colcon.colcon_core.package_discovery:discover_packages(ignore) using defaults
[0.380s] Level 1:colcon.colcon_core.package_discovery:discover_packages(path) discover
[0.381s] Level 1:colcon.colcon_core.package_discovery:discover_packages(path) using defaults
[0.408s] Level 1:colcon.colcon_core.package_discovery:discover_packages(prefix_path) check parameters
[0.408s] Level 1:colcon.colcon_core.package_discovery:discover_packages(prefix_path) discover
[0.412s] DEBUG:colcon.colcon_installed_package_information.package_discovery:Found 3 installed packages in /home/linaro/controller_ws/install
[0.414s] DEBUG:colcon.colcon_installed_package_information.package_discovery:Found 273 installed packages in /opt/ros/humble
[0.435s] Level 1:colcon.colcon_core.package_discovery:discover_packages(prefix_path) using defaults
[0.484s] Level 5:colcon.colcon_core.verb:set package 'motor_feedback' build argument 'cmake_args' from command line to 'None'
[0.484s] Level 5:colcon.colcon_core.verb:set package 'motor_feedback' build argument 'cmake_target' from command line to 'None'
[0.484s] Level 5:colcon.colcon_core.verb:set package 'motor_feedback' build argument 'cmake_target_skip_unavailable' from command line to 'False'
[0.484s] Level 5:colcon.colcon_core.verb:set package 'motor_feedback' build argument 'cmake_clean_cache' from command line to 'True'
[0.484s] Level 5:colcon.colcon_core.verb:set package 'motor_feedback' build argument 'cmake_clean_first' from command line to 'False'
[0.484s] Level 5:colcon.colcon_core.verb:set package 'motor_feedback' build argument 'cmake_force_configure' from command line to 'False'
[0.484s] Level 5:colcon.colcon_core.verb:set package 'motor_feedback' build argument 'ament_cmake_args' from command line to 'None'
[0.485s] Level 5:colcon.colcon_core.verb:set package 'motor_feedback' build argument 'catkin_cmake_args' from command line to 'None'
[0.485s] Level 5:colcon.colcon_core.verb:set package 'motor_feedback' build argument 'catkin_skip_building_tests' from command line to 'False'
[0.485s] DEBUG:colcon.colcon_core.verb:Building package 'motor_feedback' with the following arguments: {'ament_cmake_args': None, 'build_base': '/home/linaro/ludan_sdk/example/g1/motor_feedback/build/motor_feedback', 'catkin_cmake_args': None, 'catkin_skip_building_tests': False, 'cmake_args': None, 'cmake_clean_cache': True, 'cmake_clean_first': False, 'cmake_force_configure': False, 'cmake_target': None, 'cmake_target_skip_unavailable': False, 'install_base': '/home/linaro/ludan_sdk/example/g1/motor_feedback/install/motor_feedback', 'merge_install': False, 'path': '/home/linaro/ludan_sdk/example/g1/motor_feedback', 'symlink_install': False, 'test_result_base': None}
[0.485s] INFO:colcon.colcon_core.executor:Executing jobs using 'parallel' executor
[0.486s] DEBUG:colcon.colcon_parallel_executor.executor.parallel:run_until_complete
[0.487s] INFO:colcon.colcon_ros.task.ament_cmake.build:Building ROS package in '/home/linaro/ludan_sdk/example/g1/motor_feedback' with build type 'ament_cmake'
[0.487s] INFO:colcon.colcon_cmake.task.cmake.build:Building CMake package in '/home/linaro/ludan_sdk/example/g1/motor_feedback'
[0.490s] INFO:colcon.colcon_core.plugin_system:Skipping extension 'colcon_core.shell.bat': Not used on non-Windows systems
[0.490s] INFO:colcon.colcon_core.shell:Skip shell extension 'powershell' for command environment: Not usable outside of PowerShell
[0.490s] DEBUG:colcon.colcon_core.shell:Skip shell extension 'dsv' for command environment
[0.503s] DEBUG:colcon.colcon_core.event_handler.log_command:Invoking command in '/home/linaro/ludan_sdk/example/g1/motor_feedback/build/motor_feedback': CMAKE_PREFIX_PATH=${CMAKE_PREFIX_PATH}:/opt/ros/humble /usr/bin/cmake /home/linaro/ludan_sdk/example/g1/motor_feedback -DCMAKE_INSTALL_PREFIX=/home/linaro/ludan_sdk/example/g1/motor_feedback/install/motor_feedback
[3.789s] DEBUG:colcon.colcon_core.event_handler.log_command:Invoked command in '/home/linaro/ludan_sdk/example/g1/motor_feedback/build/motor_feedback' returned '0': CMAKE_PREFIX_PATH=${CMAKE_PREFIX_PATH}:/opt/ros/humble /usr/bin/cmake /home/linaro/ludan_sdk/example/g1/motor_feedback -DCMAKE_INSTALL_PREFIX=/home/linaro/ludan_sdk/example/g1/motor_feedback/install/motor_feedback
[3.797s] DEBUG:colcon.colcon_core.event_handler.log_command:Invoking command in '/home/linaro/ludan_sdk/example/g1/motor_feedback/build/motor_feedback': CMAKE_PREFIX_PATH=${CMAKE_PREFIX_PATH}:/opt/ros/humble /usr/bin/cmake --build /home/linaro/ludan_sdk/example/g1/motor_feedback/build/motor_feedback -- -j8 -l8
[4.017s] DEBUG:colcon.colcon_core.event_handler.log_command:Invoked command in '/home/linaro/ludan_sdk/example/g1/motor_feedback/build/motor_feedback' returned '2': CMAKE_PREFIX_PATH=${CMAKE_PREFIX_PATH}:/opt/ros/humble /usr/bin/cmake --build /home/linaro/ludan_sdk/example/g1/motor_feedback/build/motor_feedback -- -j8 -l8
[4.019s] Level 1:colcon.colcon_core.environment:create_environment_scripts_only(motor_feedback)
[4.028s] Level 1:colcon.colcon_core.environment:checking '/home/linaro/ludan_sdk/example/g1/motor_feedback/install/motor_feedback' for CMake module files
[4.030s] Level 1:colcon.colcon_core.environment:checking '/home/linaro/ludan_sdk/example/g1/motor_feedback/install/motor_feedback' for CMake config files
[4.031s] Level 1:colcon.colcon_core.environment:checking '/home/linaro/ludan_sdk/example/g1/motor_feedback/install/motor_feedback/bin'
[4.032s] Level 1:colcon.colcon_core.environment:checking '/home/linaro/ludan_sdk/example/g1/motor_feedback/install/motor_feedback/lib/pkgconfig/motor_feedback.pc'
[4.033s] Level 1:colcon.colcon_core.environment:checking '/home/linaro/ludan_sdk/example/g1/motor_feedback/install/motor_feedback/lib/python3.10/site-packages'
[4.034s] Level 1:colcon.colcon_core.environment:checking '/home/linaro/ludan_sdk/example/g1/motor_feedback/install/motor_feedback/bin'
[4.036s] INFO:colcon.colcon_core.shell:Creating package script '/home/linaro/ludan_sdk/example/g1/motor_feedback/install/motor_feedback/share/motor_feedback/package.ps1'
[4.040s] INFO:colcon.colcon_core.shell:Creating package descriptor '/home/linaro/ludan_sdk/example/g1/motor_feedback/install/motor_feedback/share/motor_feedback/package.dsv'
[4.043s] INFO:colcon.colcon_core.shell:Creating package script '/home/linaro/ludan_sdk/example/g1/motor_feedback/install/motor_feedback/share/motor_feedback/package.sh'
[4.046s] INFO:colcon.colcon_core.shell:Creating package script '/home/linaro/ludan_sdk/example/g1/motor_feedback/install/motor_feedback/share/motor_feedback/package.bash'
[4.050s] INFO:colcon.colcon_core.shell:Creating package script '/home/linaro/ludan_sdk/example/g1/motor_feedback/install/motor_feedback/share/motor_feedback/package.zsh'
[4.054s] Level 1:colcon.colcon_core.environment:create_file_with_runtime_dependencies(/home/linaro/ludan_sdk/example/g1/motor_feedback/install/motor_feedback/share/colcon-core/packages/motor_feedback)
[4.065s] DEBUG:colcon.colcon_parallel_executor.executor.parallel:closing loop
[4.065s] DEBUG:colcon.colcon_parallel_executor.executor.parallel:loop closed
[4.065s] DEBUG:colcon.colcon_parallel_executor.executor.parallel:run_until_complete finished with '2'
[4.065s] DEBUG:colcon.colcon_core.event_reactor:joining thread
[4.084s] INFO:colcon.colcon_core.plugin_system:Skipping extension 'colcon_notification.desktop_notification.terminal_notifier': Not used on non-Darwin systems
[4.084s] INFO:colcon.colcon_core.plugin_system:Skipping extension 'colcon_notification.desktop_notification.win32': Not used on non-Windows systems
[4.084s] INFO:colcon.colcon_notification.desktop_notification:Sending desktop notification using 'notify2'
[4.101s] DEBUG:colcon.colcon_core.event_reactor:joined thread
[4.102s] INFO:colcon.colcon_core.shell:Creating prefix script '/home/linaro/ludan_sdk/example/g1/motor_feedback/install/local_setup.ps1'
[4.103s] INFO:colcon.colcon_core.shell:Creating prefix util module '/home/linaro/ludan_sdk/example/g1/motor_feedback/install/_local_setup_util_ps1.py'
[4.105s] INFO:colcon.colcon_core.shell:Creating prefix chain script '/home/linaro/ludan_sdk/example/g1/motor_feedback/install/setup.ps1'
[4.107s] INFO:colcon.colcon_core.shell:Creating prefix script '/home/linaro/ludan_sdk/example/g1/motor_feedback/install/local_setup.sh'
[4.108s] INFO:colcon.colcon_core.shell:Creating prefix util module '/home/linaro/ludan_sdk/example/g1/motor_feedback/install/_local_setup_util_sh.py'
[4.109s] INFO:colcon.colcon_core.shell:Creating prefix chain script '/home/linaro/ludan_sdk/example/g1/motor_feedback/install/setup.sh'
[4.111s] INFO:colcon.colcon_core.shell:Creating prefix script '/home/linaro/ludan_sdk/example/g1/motor_feedback/install/local_setup.bash'
[4.112s] INFO:colcon.colcon_core.shell:Creating prefix chain script '/home/linaro/ludan_sdk/example/g1/motor_feedback/install/setup.bash'
[4.113s] INFO:colcon.colcon_core.shell:Creating prefix script '/home/linaro/ludan_sdk/example/g1/motor_feedback/install/local_setup.zsh'
[4.114s] INFO:colcon.colcon_core.shell:Creating prefix chain script '/home/linaro/ludan_sdk/example/g1/motor_feedback/install/setup.zsh'
