[0.135s] DEBUG:colcon:Command line arguments: ['/usr/bin/colcon', 'build', '--paths', '.']
[0.136s] DEBUG:colcon:Parsed command line arguments: Namespace(log_base=None, log_level=None, verb_name='build', build_base='build', install_base='install', merge_install=False, symlink_install=False, test_result_base=None, continue_on_error=False, executor='parallel', parallel_workers=8, event_handlers=None, ignore_user_meta=False, metas=['./colcon.meta'], base_paths=['.'], packages_ignore=None, packages_ignore_regex=None, paths=['/home/linaro/ludan_sdk/example/g1/motor_feedback'], packages_up_to=None, packages_up_to_regex=None, packages_above=None, packages_above_and_dependencies=None, packages_above_depth=None, packages_select_by_dep=None, packages_skip_by_dep=None, packages_skip_up_to=None, packages_select_build_failed=False, packages_skip_build_finished=False, packages_select_test_failures=False, packages_skip_test_passed=False, packages_select=None, packages_skip=None, packages_select_regex=None, packages_skip_regex=None, packages_start=None, packages_end=None, allow_overriding=[], cmake_args=None, cmake_target=None, cmake_target_skip_unavailable=False, cmake_clean_cache=False, cmake_clean_first=False, cmake_force_configure=False, ament_cmake_args=None, catkin_cmake_args=None, catkin_skip_building_tests=False, verb_parser=<colcon_defaults.argument_parser.defaults.DefaultArgumentsDecorator object at 0x7f9b31be80>, verb_extension=<colcon_core.verb.build.BuildVerb object at 0x7f9b4fd210>, main=<bound method BuildVerb.main of <colcon_core.verb.build.BuildVerb object at 0x7f9b4fd210>>)
[0.338s] Level 1:colcon.colcon_core.package_discovery:discover_packages(colcon_meta) check parameters
[0.339s] Level 1:colcon.colcon_core.package_discovery:discover_packages(recursive) check parameters
[0.339s] Level 1:colcon.colcon_core.package_discovery:discover_packages(ignore) check parameters
[0.339s] Level 1:colcon.colcon_core.package_discovery:discover_packages(path) check parameters
[0.339s] Level 1:colcon.colcon_core.package_discovery:discover_packages(path) discover
[0.339s] Level 1:colcon.colcon_core.package_discovery:PathPackageDiscovery.discover(['/home/linaro/ludan_sdk/example/g1/motor_feedback'])
[0.339s] Level 1:colcon.colcon_core.package_identification:_identify(/home/linaro/ludan_sdk/example/g1/motor_feedback) by extensions ['ignore', 'ignore_ament_install']
[0.339s] Level 1:colcon.colcon_core.package_identification:_identify(/home/linaro/ludan_sdk/example/g1/motor_feedback) by extension 'ignore'
[0.339s] Level 1:colcon.colcon_core.package_identification:_identify(/home/linaro/ludan_sdk/example/g1/motor_feedback) by extension 'ignore_ament_install'
[0.340s] Level 1:colcon.colcon_core.package_identification:_identify(/home/linaro/ludan_sdk/example/g1/motor_feedback) by extensions ['colcon_pkg']
[0.340s] Level 1:colcon.colcon_core.package_identification:_identify(/home/linaro/ludan_sdk/example/g1/motor_feedback) by extension 'colcon_pkg'
[0.340s] Level 1:colcon.colcon_core.package_identification:_identify(/home/linaro/ludan_sdk/example/g1/motor_feedback) by extensions ['colcon_meta']
[0.340s] Level 1:colcon.colcon_core.package_identification:_identify(/home/linaro/ludan_sdk/example/g1/motor_feedback) by extension 'colcon_meta'
[0.340s] Level 1:colcon.colcon_core.package_identification:_identify(/home/linaro/ludan_sdk/example/g1/motor_feedback) by extensions ['ros']
[0.340s] Level 1:colcon.colcon_core.package_identification:_identify(/home/linaro/ludan_sdk/example/g1/motor_feedback) by extension 'ros'
[0.359s] DEBUG:colcon.colcon_core.package_identification:Package '/home/linaro/ludan_sdk/example/g1/motor_feedback' with type 'ros.ament_cmake' and name 'motor_feedback'
[0.359s] Level 1:colcon.colcon_core.package_discovery:discover_packages(path) using defaults
[0.387s] Level 1:colcon.colcon_core.package_discovery:discover_packages(prefix_path) check parameters
[0.387s] Level 1:colcon.colcon_core.package_discovery:discover_packages(prefix_path) discover
[0.389s] DEBUG:colcon.colcon_installed_package_information.package_discovery:Found 3 installed packages in /home/linaro/controller_ws/install
[0.391s] DEBUG:colcon.colcon_installed_package_information.package_discovery:Found 273 installed packages in /opt/ros/humble
[0.413s] Level 1:colcon.colcon_core.package_discovery:discover_packages(prefix_path) using defaults
[0.462s] Level 5:colcon.colcon_core.verb:set package 'motor_feedback' build argument 'cmake_args' from command line to 'None'
[0.462s] Level 5:colcon.colcon_core.verb:set package 'motor_feedback' build argument 'cmake_target' from command line to 'None'
[0.462s] Level 5:colcon.colcon_core.verb:set package 'motor_feedback' build argument 'cmake_target_skip_unavailable' from command line to 'False'
[0.462s] Level 5:colcon.colcon_core.verb:set package 'motor_feedback' build argument 'cmake_clean_cache' from command line to 'False'
[0.462s] Level 5:colcon.colcon_core.verb:set package 'motor_feedback' build argument 'cmake_clean_first' from command line to 'False'
[0.462s] Level 5:colcon.colcon_core.verb:set package 'motor_feedback' build argument 'cmake_force_configure' from command line to 'False'
[0.462s] Level 5:colcon.colcon_core.verb:set package 'motor_feedback' build argument 'ament_cmake_args' from command line to 'None'
[0.462s] Level 5:colcon.colcon_core.verb:set package 'motor_feedback' build argument 'catkin_cmake_args' from command line to 'None'
[0.462s] Level 5:colcon.colcon_core.verb:set package 'motor_feedback' build argument 'catkin_skip_building_tests' from command line to 'False'
[0.462s] DEBUG:colcon.colcon_core.verb:Building package 'motor_feedback' with the following arguments: {'ament_cmake_args': None, 'build_base': '/home/linaro/ludan_sdk/example/g1/motor_feedback/build/motor_feedback', 'catkin_cmake_args': None, 'catkin_skip_building_tests': False, 'cmake_args': None, 'cmake_clean_cache': False, 'cmake_clean_first': False, 'cmake_force_configure': False, 'cmake_target': None, 'cmake_target_skip_unavailable': False, 'install_base': '/home/linaro/ludan_sdk/example/g1/motor_feedback/install/motor_feedback', 'merge_install': False, 'path': '/home/linaro/ludan_sdk/example/g1/motor_feedback', 'symlink_install': False, 'test_result_base': None}
[0.463s] INFO:colcon.colcon_core.executor:Executing jobs using 'parallel' executor
[0.464s] DEBUG:colcon.colcon_parallel_executor.executor.parallel:run_until_complete
[0.465s] INFO:colcon.colcon_ros.task.ament_cmake.build:Building ROS package in '/home/linaro/ludan_sdk/example/g1/motor_feedback' with build type 'ament_cmake'
[0.465s] INFO:colcon.colcon_cmake.task.cmake.build:Building CMake package in '/home/linaro/ludan_sdk/example/g1/motor_feedback'
[0.467s] INFO:colcon.colcon_core.plugin_system:Skipping extension 'colcon_core.shell.bat': Not used on non-Windows systems
[0.468s] INFO:colcon.colcon_core.shell:Skip shell extension 'powershell' for command environment: Not usable outside of PowerShell
[0.468s] DEBUG:colcon.colcon_core.shell:Skip shell extension 'dsv' for command environment
[0.479s] DEBUG:colcon.colcon_core.event_handler.log_command:Invoking command in '/home/linaro/ludan_sdk/example/g1/motor_feedback/build/motor_feedback': CMAKE_PREFIX_PATH=${CMAKE_PREFIX_PATH}:/opt/ros/humble /usr/bin/cmake /home/linaro/ludan_sdk/example/g1/motor_feedback -DCMAKE_INSTALL_PREFIX=/home/linaro/ludan_sdk/example/g1/motor_feedback/install/motor_feedback
[3.827s] DEBUG:colcon.colcon_core.event_handler.log_command:Invoked command in '/home/linaro/ludan_sdk/example/g1/motor_feedback/build/motor_feedback' returned '0': CMAKE_PREFIX_PATH=${CMAKE_PREFIX_PATH}:/opt/ros/humble /usr/bin/cmake /home/linaro/ludan_sdk/example/g1/motor_feedback -DCMAKE_INSTALL_PREFIX=/home/linaro/ludan_sdk/example/g1/motor_feedback/install/motor_feedback
[3.833s] DEBUG:colcon.colcon_core.event_handler.log_command:Invoking command in '/home/linaro/ludan_sdk/example/g1/motor_feedback/build/motor_feedback': CMAKE_PREFIX_PATH=${CMAKE_PREFIX_PATH}:/opt/ros/humble /usr/bin/cmake --build /home/linaro/ludan_sdk/example/g1/motor_feedback/build/motor_feedback -- -j8 -l8
[5.431s] DEBUG:colcon.colcon_core.event_handler.log_command:Invoked command in '/home/linaro/ludan_sdk/example/g1/motor_feedback/build/motor_feedback' returned '2': CMAKE_PREFIX_PATH=${CMAKE_PREFIX_PATH}:/opt/ros/humble /usr/bin/cmake --build /home/linaro/ludan_sdk/example/g1/motor_feedback/build/motor_feedback -- -j8 -l8
[5.432s] Level 1:colcon.colcon_core.environment:create_environment_scripts_only(motor_feedback)
[5.435s] Level 1:colcon.colcon_core.environment:checking '/home/linaro/ludan_sdk/example/g1/motor_feedback/install/motor_feedback' for CMake module files
[5.435s] Level 1:colcon.colcon_core.environment:checking '/home/linaro/ludan_sdk/example/g1/motor_feedback/install/motor_feedback' for CMake config files
[5.436s] Level 1:colcon.colcon_core.environment:checking '/home/linaro/ludan_sdk/example/g1/motor_feedback/install/motor_feedback/bin'
[5.436s] Level 1:colcon.colcon_core.environment:checking '/home/linaro/ludan_sdk/example/g1/motor_feedback/install/motor_feedback/lib/pkgconfig/motor_feedback.pc'
[5.436s] Level 1:colcon.colcon_core.environment:checking '/home/linaro/ludan_sdk/example/g1/motor_feedback/install/motor_feedback/lib/python3.10/site-packages'
[5.437s] Level 1:colcon.colcon_core.environment:checking '/home/linaro/ludan_sdk/example/g1/motor_feedback/install/motor_feedback/bin'
[5.437s] INFO:colcon.colcon_core.shell:Creating package script '/home/linaro/ludan_sdk/example/g1/motor_feedback/install/motor_feedback/share/motor_feedback/package.ps1'
[5.438s] INFO:colcon.colcon_core.shell:Creating package descriptor '/home/linaro/ludan_sdk/example/g1/motor_feedback/install/motor_feedback/share/motor_feedback/package.dsv'
[5.439s] INFO:colcon.colcon_core.shell:Creating package script '/home/linaro/ludan_sdk/example/g1/motor_feedback/install/motor_feedback/share/motor_feedback/package.sh'
[5.440s] INFO:colcon.colcon_core.shell:Creating package script '/home/linaro/ludan_sdk/example/g1/motor_feedback/install/motor_feedback/share/motor_feedback/package.bash'
[5.441s] INFO:colcon.colcon_core.shell:Creating package script '/home/linaro/ludan_sdk/example/g1/motor_feedback/install/motor_feedback/share/motor_feedback/package.zsh'
[5.442s] Level 1:colcon.colcon_core.environment:create_file_with_runtime_dependencies(/home/linaro/ludan_sdk/example/g1/motor_feedback/install/motor_feedback/share/colcon-core/packages/motor_feedback)
[5.453s] DEBUG:colcon.colcon_parallel_executor.executor.parallel:closing loop
[5.453s] DEBUG:colcon.colcon_parallel_executor.executor.parallel:loop closed
[5.453s] DEBUG:colcon.colcon_parallel_executor.executor.parallel:run_until_complete finished with '2'
[5.453s] DEBUG:colcon.colcon_core.event_reactor:joining thread
[5.471s] INFO:colcon.colcon_core.plugin_system:Skipping extension 'colcon_notification.desktop_notification.terminal_notifier': Not used on non-Darwin systems
[5.471s] INFO:colcon.colcon_core.plugin_system:Skipping extension 'colcon_notification.desktop_notification.win32': Not used on non-Windows systems
[5.472s] INFO:colcon.colcon_notification.desktop_notification:Sending desktop notification using 'notify2'
[5.489s] DEBUG:colcon.colcon_core.event_reactor:joined thread
[5.490s] INFO:colcon.colcon_core.shell:Creating prefix script '/home/linaro/ludan_sdk/example/g1/motor_feedback/install/local_setup.ps1'
[5.495s] INFO:colcon.colcon_core.shell:Creating prefix util module '/home/linaro/ludan_sdk/example/g1/motor_feedback/install/_local_setup_util_ps1.py'
[5.502s] INFO:colcon.colcon_core.shell:Creating prefix chain script '/home/linaro/ludan_sdk/example/g1/motor_feedback/install/setup.ps1'
[5.508s] INFO:colcon.colcon_core.shell:Creating prefix script '/home/linaro/ludan_sdk/example/g1/motor_feedback/install/local_setup.sh'
[5.510s] INFO:colcon.colcon_core.shell:Creating prefix util module '/home/linaro/ludan_sdk/example/g1/motor_feedback/install/_local_setup_util_sh.py'
[5.512s] INFO:colcon.colcon_core.shell:Creating prefix chain script '/home/linaro/ludan_sdk/example/g1/motor_feedback/install/setup.sh'
[5.517s] INFO:colcon.colcon_core.shell:Creating prefix script '/home/linaro/ludan_sdk/example/g1/motor_feedback/install/local_setup.bash'
[5.519s] INFO:colcon.colcon_core.shell:Creating prefix chain script '/home/linaro/ludan_sdk/example/g1/motor_feedback/install/setup.bash'
[5.524s] INFO:colcon.colcon_core.shell:Creating prefix script '/home/linaro/ludan_sdk/example/g1/motor_feedback/install/local_setup.zsh'
[5.526s] INFO:colcon.colcon_core.shell:Creating prefix chain script '/home/linaro/ludan_sdk/example/g1/motor_feedback/install/setup.zsh'
