-- Found ament_cmake: 1.3.12 (/opt/ros/humble/share/ament_cmake/cmake)
-- Found rclcpp: 16.0.16 (/opt/ros/humble/share/rclcpp/cmake)
-- Found rosidl_generator_c: 3.1.7 (/opt/ros/humble/share/rosidl_generator_c/cmake)
-- Found rosidl_adapter: 3.1.7 (/opt/ros/humble/share/rosidl_adapter/cmake)
-- Found rosidl_generator_cpp: 3.1.7 (/opt/ros/humble/share/rosidl_generator_cpp/cmake)
-- Using all available rosidl_typesupport_c: rosidl_typesupport_fastrtps_c;rosidl_typesupport_introspection_c
-- Using all available rosidl_typesupport_cpp: rosidl_typesupport_fastrtps_cpp;rosidl_typesupport_introspection_cpp
-- Found rmw_implementation_cmake: 6.1.2 (/opt/ros/humble/share/rmw_implementation_cmake/cmake)
-- Found rmw_fastrtps_cpp: 6.2.9 (/opt/ros/humble/share/rmw_fastrtps_cpp/cmake)
-- Using RMW implementation 'rmw_fastrtps_cpp' as default
-- Found sensor_msgs: 4.9.0 (/opt/ros/humble/share/sensor_msgs/cmake)
-- Found xixilowcmd: 0.0.0 (/home/linaro/controller_ws/install/xixilowcmd/share/xixilowcmd/cmake)
-- Found ament_lint_auto: 0.12.14 (/opt/ros/humble/share/ament_lint_auto/cmake)
-- Added test 'copyright' to check source files copyright and LICENSE
-- Added test 'cppcheck' to perform static code analysis on C / C++ code
-- Configured cppcheck include dirs: /home/linaro/ludan_sdk/example/g1/low_level/../../../../../include
-- Configured cppcheck exclude dirs and/or files: 
-- Added test 'cpplint' to check C / C++ code against the Google style
-- Configured cpplint exclude dirs and/or files: 
-- Added test 'flake8' to check Python code syntax and style conventions
-- Added test 'lint_cmake' to check CMake code style
-- Added test 'pep257' to check Python code against some of the docstring style conventions in PEP 257
-- Added test 'uncrustify' to check C / C++ code style
-- Configured uncrustify additional arguments: 
-- Added test 'xmllint' to check XML markup files
-- Configuring done
-- Generating done
-- Build files have been written to: /home/linaro/ludan_sdk/example/g1/low_level/build/motor_controller_with_enable
Consolidate compiler generated dependencies of target motor_controller_with_enable
[ 16%] Building CXX object CMakeFiles/motor_controller_with_enable.dir/motor_controller_with_enable.cpp.o
Consolidate compiler generated dependencies of target motor_control_example
[ 33%] Building CXX object CMakeFiles/enable_motor_publisher.dir/enable_motor_publisher.cpp.o
[ 66%] Built target motor_control_example
In file included from /home/linaro/ludan_sdk/LINUX_CANFDNET_V1.3.0.5_example/src/CANFDNET.h:4,
                 from /home/linaro/ludan_sdk/example/g1/low_level/motor_controller_with_enable.cpp:30:
/home/linaro/ludan_sdk/LINUX_CANFDNET_V1.3.0.5_example/src/zlgcan/zlgcan.h:584:16: warning: ISO C++ prohibits anonymous structs [-Wpedantic]
  584 |         struct {
      |                ^
/home/linaro/ludan_sdk/example/g1/low_level/motor_controller_with_enable.cpp: In function ‘MotorResponse ParseMotorResponse(const ZCAN_Receive_Data&)’:
/home/linaro/ludan_sdk/example/g1/low_level/motor_controller_with_enable.cpp:522:28: warning: missing initializer for member ‘MotorResponse::pos’ [-Wmissing-field-initializers]
  522 |     MotorResponse resp = {0};
      |                            ^
/home/linaro/ludan_sdk/example/g1/low_level/motor_controller_with_enable.cpp:522:28: warning: missing initializer for member ‘MotorResponse::vel’ [-Wmissing-field-initializers]
/home/linaro/ludan_sdk/example/g1/low_level/motor_controller_with_enable.cpp:522:28: warning: missing initializer for member ‘MotorResponse::torque’ [-Wmissing-field-initializers]
/home/linaro/ludan_sdk/example/g1/low_level/motor_controller_with_enable.cpp:522:28: warning: missing initializer for member ‘MotorResponse::raw_pos’ [-Wmissing-field-initializers]
/home/linaro/ludan_sdk/example/g1/low_level/motor_controller_with_enable.cpp:522:28: warning: missing initializer for member ‘MotorResponse::raw_vel’ [-Wmissing-field-initializers]
/home/linaro/ludan_sdk/example/g1/low_level/motor_controller_with_enable.cpp:522:28: warning: missing initializer for member ‘MotorResponse::raw_torque’ [-Wmissing-field-initializers]
/home/linaro/ludan_sdk/example/g1/low_level/motor_controller_with_enable.cpp:522:28: warning: missing initializer for member ‘MotorResponse::temp’ [-Wmissing-field-initializers]
/home/linaro/ludan_sdk/example/g1/low_level/motor_controller_with_enable.cpp:522:28: warning: missing initializer for member ‘MotorResponse::status’ [-Wmissing-field-initializers]
/home/linaro/ludan_sdk/example/g1/low_level/motor_controller_with_enable.cpp:522:28: warning: missing initializer for member ‘MotorResponse::timestamp’ [-Wmissing-field-initializers]
/home/linaro/ludan_sdk/example/g1/low_level/motor_controller_with_enable.cpp:522:28: warning: missing initializer for member ‘MotorResponse::valid’ [-Wmissing-field-initializers]
/home/linaro/ludan_sdk/example/g1/low_level/motor_controller_with_enable.cpp: In function ‘void ReadAndDisplayCanStatusDetailed(CHANNEL_HANDLE, bool)’:
/home/linaro/ludan_sdk/example/g1/low_level/motor_controller_with_enable.cpp:678:33: warning: comparison is always false due to limited range of data type [-Wtype-limits]
  678 |         if (status.regTECounter >= 256) std::cout << " [!!!] Bus-Off";
      |             ~~~~~~~~~~~~~~~~~~~~^~~~~~
/home/linaro/ludan_sdk/example/g1/low_level/motor_controller_with_enable.cpp: In function ‘MotorResponse ParseMotorResponseFromFD(const ZCAN_ReceiveFD_Data&)’:
/home/linaro/ludan_sdk/example/g1/low_level/motor_controller_with_enable.cpp:980:28: warning: missing initializer for member ‘MotorResponse::pos’ [-Wmissing-field-initializers]
  980 |     MotorResponse resp = {0};
      |                            ^
/home/linaro/ludan_sdk/example/g1/low_level/motor_controller_with_enable.cpp:980:28: warning: missing initializer for member ‘MotorResponse::vel’ [-Wmissing-field-initializers]
/home/linaro/ludan_sdk/example/g1/low_level/motor_controller_with_enable.cpp:980:28: warning: missing initializer for member ‘MotorResponse::torque’ [-Wmissing-field-initializers]
/home/linaro/ludan_sdk/example/g1/low_level/motor_controller_with_enable.cpp:980:28: warning: missing initializer for member ‘MotorResponse::raw_pos’ [-Wmissing-field-initializers]
/home/linaro/ludan_sdk/example/g1/low_level/motor_controller_with_enable.cpp:980:28: warning: missing initializer for member ‘MotorResponse::raw_vel’ [-Wmissing-field-initializers]
/home/linaro/ludan_sdk/example/g1/low_level/motor_controller_with_enable.cpp:980:28: warning: missing initializer for member ‘MotorResponse::raw_torque’ [-Wmissing-field-initializers]
/home/linaro/ludan_sdk/example/g1/low_level/motor_controller_with_enable.cpp:980:28: warning: missing initializer for member ‘MotorResponse::temp’ [-Wmissing-field-initializers]
/home/linaro/ludan_sdk/example/g1/low_level/motor_controller_with_enable.cpp:980:28: warning: missing initializer for member ‘MotorResponse::status’ [-Wmissing-field-initializers]
/home/linaro/ludan_sdk/example/g1/low_level/motor_controller_with_enable.cpp:980:28: warning: missing initializer for member ‘MotorResponse::timestamp’ [-Wmissing-field-initializers]
/home/linaro/ludan_sdk/example/g1/low_level/motor_controller_with_enable.cpp:980:28: warning: missing initializer for member ‘MotorResponse::valid’ [-Wmissing-field-initializers]
/home/linaro/ludan_sdk/example/g1/low_level/motor_controller_with_enable.cpp: In function ‘void CANReceiveThread(CHANNEL_HANDLE, uint8_t, bool)’:
/home/linaro/ludan_sdk/example/g1/low_level/motor_controller_with_enable.cpp:1145:48: warning: missing initializer for member ‘MotorResponse::pos’ [-Wmissing-field-initializers]
 1145 |                         MotorResponse resp = {0};
      |                                                ^
/home/linaro/ludan_sdk/example/g1/low_level/motor_controller_with_enable.cpp:1145:48: warning: missing initializer for member ‘MotorResponse::vel’ [-Wmissing-field-initializers]
/home/linaro/ludan_sdk/example/g1/low_level/motor_controller_with_enable.cpp:1145:48: warning: missing initializer for member ‘MotorResponse::torque’ [-Wmissing-field-initializers]
/home/linaro/ludan_sdk/example/g1/low_level/motor_controller_with_enable.cpp:1145:48: warning: missing initializer for member ‘MotorResponse::raw_pos’ [-Wmissing-field-initializers]
/home/linaro/ludan_sdk/example/g1/low_level/motor_controller_with_enable.cpp:1145:48: warning: missing initializer for member ‘MotorResponse::raw_vel’ [-Wmissing-field-initializers]
/home/linaro/ludan_sdk/example/g1/low_level/motor_controller_with_enable.cpp:1145:48: warning: missing initializer for member ‘MotorResponse::raw_torque’ [-Wmissing-field-initializers]
/home/linaro/ludan_sdk/example/g1/low_level/motor_controller_with_enable.cpp:1145:48: warning: missing initializer for member ‘MotorResponse::temp’ [-Wmissing-field-initializers]
/home/linaro/ludan_sdk/example/g1/low_level/motor_controller_with_enable.cpp:1145:48: warning: missing initializer for member ‘MotorResponse::status’ [-Wmissing-field-initializers]
/home/linaro/ludan_sdk/example/g1/low_level/motor_controller_with_enable.cpp:1145:48: warning: missing initializer for member ‘MotorResponse::timestamp’ [-Wmissing-field-initializers]
/home/linaro/ludan_sdk/example/g1/low_level/motor_controller_with_enable.cpp:1145:48: warning: missing initializer for member ‘MotorResponse::valid’ [-Wmissing-field-initializers]
[ 83%] Linking CXX executable enable_motor_publisher
[ 83%] Built target enable_motor_publisher
/home/linaro/ludan_sdk/example/g1/low_level/motor_controller_with_enable.cpp: At global scope:
/home/linaro/ludan_sdk/example/g1/low_level/motor_controller_with_enable.cpp:875:12: warning: ‘int SendDirectCANFrameBatch(const ZCAN_Transmit_Data*, uint32_t, bool)’ defined but not used [-Wunused-function]
  875 | static int SendDirectCANFrameBatch(const ZCAN_Transmit_Data* frames, uint32_t count, bool verbose = false) {
      |            ^~~~~~~~~~~~~~~~~~~~~~~
/home/linaro/ludan_sdk/example/g1/low_level/motor_controller_with_enable.cpp:664:13: warning: ‘void ReadAndDisplayCanStatusDetailed(CHANNEL_HANDLE, bool)’ defined but not used [-Wunused-function]
  664 | static void ReadAndDisplayCanStatusDetailed(CHANNEL_HANDLE channel_handle, bool explain = true) {
      |             ^~~~~~~~~~~~~~~~~~~~~~~~~~~~~~~
/home/linaro/ludan_sdk/example/g1/low_level/motor_controller_with_enable.cpp:37:13: warning: ‘void DisableZlgDebugOutput()’ defined but not used [-Wunused-function]
   37 | static void DisableZlgDebugOutput() {
      |             ^~~~~~~~~~~~~~~~~~~~~
[100%] Linking CXX executable motor_controller_with_enable
[100%] Built target motor_controller_with_enable
-- Install configuration: "Release"
-- Installing: /home/linaro/ludan_sdk/example/g1/low_level/install/motor_controller_with_enable/lib/motor_controller_with_enable/motor_controller_with_enable
-- Set runtime path of "/home/linaro/ludan_sdk/example/g1/low_level/install/motor_controller_with_enable/lib/motor_controller_with_enable/motor_controller_with_enable" to ""
-- Up-to-date: /home/linaro/ludan_sdk/example/g1/low_level/install/motor_controller_with_enable/lib/motor_controller_with_enable/motor_control_example
-- Installing: /home/linaro/ludan_sdk/example/g1/low_level/install/motor_controller_with_enable/lib/motor_controller_with_enable/enable_motor_publisher
-- Set runtime path of "/home/linaro/ludan_sdk/example/g1/low_level/install/motor_controller_with_enable/lib/motor_controller_with_enable/enable_motor_publisher" to ""
-- Up-to-date: /home/linaro/ludan_sdk/example/g1/low_level/install/motor_controller_with_enable/share/ament_index/resource_index/package_run_dependencies/motor_controller_with_enable
-- Up-to-date: /home/linaro/ludan_sdk/example/g1/low_level/install/motor_controller_with_enable/share/ament_index/resource_index/parent_prefix_path/motor_controller_with_enable
-- Up-to-date: /home/linaro/ludan_sdk/example/g1/low_level/install/motor_controller_with_enable/share/motor_controller_with_enable/environment/ament_prefix_path.sh
-- Installing: /home/linaro/ludan_sdk/example/g1/low_level/install/motor_controller_with_enable/share/motor_controller_with_enable/environment/ament_prefix_path.dsv
-- Up-to-date: /home/linaro/ludan_sdk/example/g1/low_level/install/motor_controller_with_enable/share/motor_controller_with_enable/environment/path.sh
-- Installing: /home/linaro/ludan_sdk/example/g1/low_level/install/motor_controller_with_enable/share/motor_controller_with_enable/environment/path.dsv
-- Up-to-date: /home/linaro/ludan_sdk/example/g1/low_level/install/motor_controller_with_enable/share/motor_controller_with_enable/local_setup.bash
-- Up-to-date: /home/linaro/ludan_sdk/example/g1/low_level/install/motor_controller_with_enable/share/motor_controller_with_enable/local_setup.sh
-- Up-to-date: /home/linaro/ludan_sdk/example/g1/low_level/install/motor_controller_with_enable/share/motor_controller_with_enable/local_setup.zsh
-- Installing: /home/linaro/ludan_sdk/example/g1/low_level/install/motor_controller_with_enable/share/motor_controller_with_enable/local_setup.dsv
-- Installing: /home/linaro/ludan_sdk/example/g1/low_level/install/motor_controller_with_enable/share/motor_controller_with_enable/package.dsv
-- Up-to-date: /home/linaro/ludan_sdk/example/g1/low_level/install/motor_controller_with_enable/share/ament_index/resource_index/packages/motor_controller_with_enable
-- Up-to-date: /home/linaro/ludan_sdk/example/g1/low_level/install/motor_controller_with_enable/share/motor_controller_with_enable/cmake/motor_controller_with_enableConfig.cmake
-- Up-to-date: /home/linaro/ludan_sdk/example/g1/low_level/install/motor_controller_with_enable/share/motor_controller_with_enable/cmake/motor_controller_with_enableConfig-version.cmake
-- Up-to-date: /home/linaro/ludan_sdk/example/g1/low_level/install/motor_controller_with_enable/share/motor_controller_with_enable/package.xml
