[0.015s] Invoking command in '/home/linaro/ludan_sdk/example/g1/low_level/build/motor_controller_with_enable': CMAKE_PREFIX_PATH=${CMAKE_PREFIX_PATH}:/opt/ros/humble /usr/bin/cmake --build /home/linaro/ludan_sdk/example/g1/low_level/build/motor_controller_with_enable -- -j8 -l8
[0.068s] -- Found ament_cmake: 1.3.12 (/opt/ros/humble/share/ament_cmake/cmake)
[0.324s] -- Found rclcpp: 16.0.16 (/opt/ros/humble/share/rclcpp/cmake)
[0.385s] -- Found rosidl_generator_c: 3.1.7 (/opt/ros/humble/share/rosidl_generator_c/cmake)
[0.389s] -- Found rosidl_adapter: 3.1.7 (/opt/ros/humble/share/rosidl_adapter/cmake)
[0.399s] -- Found rosidl_generator_cpp: 3.1.7 (/opt/ros/humble/share/rosidl_generator_cpp/cmake)
[0.416s] -- Using all available rosidl_typesupport_c: rosidl_typesupport_fastrtps_c;rosidl_typesupport_introspection_c
[0.435s] -- Using all available rosidl_typesupport_cpp: rosidl_typesupport_fastrtps_cpp;rosidl_typesupport_introspection_cpp
[0.488s] -- Found rmw_implementation_cmake: 6.1.2 (/opt/ros/humble/share/rmw_implementation_cmake/cmake)
[0.491s] -- Found rmw_fastrtps_cpp: 6.2.9 (/opt/ros/humble/share/rmw_fastrtps_cpp/cmake)
[0.612s] -- Using RMW implementation 'rmw_fastrtps_cpp' as default
[0.701s] -- Found sensor_msgs: 4.9.0 (/opt/ros/humble/share/sensor_msgs/cmake)
[0.821s] -- Found xixilowcmd: 0.0.0 (/home/linaro/controller_ws/install/xixilowcmd/share/xixilowcmd/cmake)
[0.840s] -- Found ament_lint_auto: 0.12.14 (/opt/ros/humble/share/ament_lint_auto/cmake)
[0.990s] -- Added test 'copyright' to check source files copyright and LICENSE
[1.002s] -- Added test 'cppcheck' to perform static code analysis on C / C++ code
[1.002s] -- Configured cppcheck include dirs: /home/linaro/ludan_sdk/example/g1/low_level/../../../../../include
[1.003s] -- Configured cppcheck exclude dirs and/or files: 
[1.014s] -- Added test 'cpplint' to check C / C++ code against the Google style
[1.014s] -- Configured cpplint exclude dirs and/or files: 
[1.016s] -- Added test 'flake8' to check Python code syntax and style conventions
[1.019s] -- Added test 'lint_cmake' to check CMake code style
[1.021s] -- Added test 'pep257' to check Python code against some of the docstring style conventions in PEP 257
[1.033s] -- Added test 'uncrustify' to check C / C++ code style
[1.033s] -- Configured uncrustify additional arguments: 
[1.035s] -- Added test 'xmllint' to check XML markup files
[1.037s] -- Configuring done
[1.061s] -- Generating done
[1.072s] -- Build files have been written to: /home/linaro/ludan_sdk/example/g1/low_level/build/motor_controller_with_enable
[1.116s] Consolidate compiler generated dependencies of target motor_controller_with_enable
[1.132s] [ 16%] Building CXX object CMakeFiles/motor_controller_with_enable.dir/motor_controller_with_enable.cpp.o
[1.146s] Consolidate compiler generated dependencies of target motor_control_example
[1.146s] [ 33%] Building CXX object CMakeFiles/enable_motor_publisher.dir/enable_motor_publisher.cpp.o
[1.166s] [ 66%] Built target motor_control_example
[4.562s] In file included from /home/linaro/ludan_sdk/LINUX_CANFDNET_V1.3.0.5_example/src/CANFDNET.h:4,
[4.563s]                  from /home/linaro/ludan_sdk/example/g1/low_level/motor_controller_with_enable.cpp:30:
[4.563s] /home/linaro/ludan_sdk/LINUX_CANFDNET_V1.3.0.5_example/src/zlgcan/zlgcan.h:584:16: warning: ISO C++ prohibits anonymous structs [-Wpedantic]
[4.564s]   584 |         struct {
[4.564s]       |                ^
[4.587s] /home/linaro/ludan_sdk/example/g1/low_level/motor_controller_with_enable.cpp: In function ‘MotorResponse ParseMotorResponse(const ZCAN_Receive_Data&)’:
[4.588s] /home/linaro/ludan_sdk/example/g1/low_level/motor_controller_with_enable.cpp:522:28: warning: missing initializer for member ‘MotorResponse::pos’ [-Wmissing-field-initializers]
[4.588s]   522 |     MotorResponse resp = {0};
[4.589s]       |                            ^
[4.589s] /home/linaro/ludan_sdk/example/g1/low_level/motor_controller_with_enable.cpp:522:28: warning: missing initializer for member ‘MotorResponse::vel’ [-Wmissing-field-initializers]
[4.591s] /home/linaro/ludan_sdk/example/g1/low_level/motor_controller_with_enable.cpp:522:28: warning: missing initializer for member ‘MotorResponse::torque’ [-Wmissing-field-initializers]
[4.591s] /home/linaro/ludan_sdk/example/g1/low_level/motor_controller_with_enable.cpp:522:28: warning: missing initializer for member ‘MotorResponse::raw_pos’ [-Wmissing-field-initializers]
[4.592s] /home/linaro/ludan_sdk/example/g1/low_level/motor_controller_with_enable.cpp:522:28: warning: missing initializer for member ‘MotorResponse::raw_vel’ [-Wmissing-field-initializers]
[4.592s] /home/linaro/ludan_sdk/example/g1/low_level/motor_controller_with_enable.cpp:522:28: warning: missing initializer for member ‘MotorResponse::raw_torque’ [-Wmissing-field-initializers]
[4.592s] /home/linaro/ludan_sdk/example/g1/low_level/motor_controller_with_enable.cpp:522:28: warning: missing initializer for member ‘MotorResponse::temp’ [-Wmissing-field-initializers]
[4.593s] /home/linaro/ludan_sdk/example/g1/low_level/motor_controller_with_enable.cpp:522:28: warning: missing initializer for member ‘MotorResponse::status’ [-Wmissing-field-initializers]
[4.593s] /home/linaro/ludan_sdk/example/g1/low_level/motor_controller_with_enable.cpp:522:28: warning: missing initializer for member ‘MotorResponse::timestamp’ [-Wmissing-field-initializers]
[4.593s] /home/linaro/ludan_sdk/example/g1/low_level/motor_controller_with_enable.cpp:522:28: warning: missing initializer for member ‘MotorResponse::valid’ [-Wmissing-field-initializers]
[4.597s] /home/linaro/ludan_sdk/example/g1/low_level/motor_controller_with_enable.cpp: In function ‘void ReadAndDisplayCanStatusDetailed(CHANNEL_HANDLE, bool)’:
[4.597s] /home/linaro/ludan_sdk/example/g1/low_level/motor_controller_with_enable.cpp:678:33: warning: comparison is always false due to limited range of data type [-Wtype-limits]
[4.598s]   678 |         if (status.regTECounter >= 256) std::cout << " [!!!] Bus-Off";
[4.598s]       |             ~~~~~~~~~~~~~~~~~~~~^~~~~~
[4.628s] /home/linaro/ludan_sdk/example/g1/low_level/motor_controller_with_enable.cpp: In function ‘MotorResponse ParseMotorResponseFromFD(const ZCAN_ReceiveFD_Data&)’:
[4.628s] /home/linaro/ludan_sdk/example/g1/low_level/motor_controller_with_enable.cpp:980:28: warning: missing initializer for member ‘MotorResponse::pos’ [-Wmissing-field-initializers]
[4.628s]   980 |     MotorResponse resp = {0};
[4.628s]       |                            ^
[4.628s] /home/linaro/ludan_sdk/example/g1/low_level/motor_controller_with_enable.cpp:980:28: warning: missing initializer for member ‘MotorResponse::vel’ [-Wmissing-field-initializers]
[4.628s] /home/linaro/ludan_sdk/example/g1/low_level/motor_controller_with_enable.cpp:980:28: warning: missing initializer for member ‘MotorResponse::torque’ [-Wmissing-field-initializers]
[4.629s] /home/linaro/ludan_sdk/example/g1/low_level/motor_controller_with_enable.cpp:980:28: warning: missing initializer for member ‘MotorResponse::raw_pos’ [-Wmissing-field-initializers]
[4.629s] /home/linaro/ludan_sdk/example/g1/low_level/motor_controller_with_enable.cpp:980:28: warning: missing initializer for member ‘MotorResponse::raw_vel’ [-Wmissing-field-initializers]
[4.629s] /home/linaro/ludan_sdk/example/g1/low_level/motor_controller_with_enable.cpp:980:28: warning: missing initializer for member ‘MotorResponse::raw_torque’ [-Wmissing-field-initializers]
[4.629s] /home/linaro/ludan_sdk/example/g1/low_level/motor_controller_with_enable.cpp:980:28: warning: missing initializer for member ‘MotorResponse::temp’ [-Wmissing-field-initializers]
[4.629s] /home/linaro/ludan_sdk/example/g1/low_level/motor_controller_with_enable.cpp:980:28: warning: missing initializer for member ‘MotorResponse::status’ [-Wmissing-field-initializers]
[4.629s] /home/linaro/ludan_sdk/example/g1/low_level/motor_controller_with_enable.cpp:980:28: warning: missing initializer for member ‘MotorResponse::timestamp’ [-Wmissing-field-initializers]
[4.629s] /home/linaro/ludan_sdk/example/g1/low_level/motor_controller_with_enable.cpp:980:28: warning: missing initializer for member ‘MotorResponse::valid’ [-Wmissing-field-initializers]
[4.640s] /home/linaro/ludan_sdk/example/g1/low_level/motor_controller_with_enable.cpp: In function ‘void CANReceiveThread(CHANNEL_HANDLE, uint8_t, bool)’:
[4.640s] /home/linaro/ludan_sdk/example/g1/low_level/motor_controller_with_enable.cpp:1145:48: warning: missing initializer for member ‘MotorResponse::pos’ [-Wmissing-field-initializers]
[4.640s]  1145 |                         MotorResponse resp = {0};
[4.640s]       |                                                ^
[4.641s] /home/linaro/ludan_sdk/example/g1/low_level/motor_controller_with_enable.cpp:1145:48: warning: missing initializer for member ‘MotorResponse::vel’ [-Wmissing-field-initializers]
[4.641s] /home/linaro/ludan_sdk/example/g1/low_level/motor_controller_with_enable.cpp:1145:48: warning: missing initializer for member ‘MotorResponse::torque’ [-Wmissing-field-initializers]
[4.641s] /home/linaro/ludan_sdk/example/g1/low_level/motor_controller_with_enable.cpp:1145:48: warning: missing initializer for member ‘MotorResponse::raw_pos’ [-Wmissing-field-initializers]
[4.641s] /home/linaro/ludan_sdk/example/g1/low_level/motor_controller_with_enable.cpp:1145:48: warning: missing initializer for member ‘MotorResponse::raw_vel’ [-Wmissing-field-initializers]
[4.641s] /home/linaro/ludan_sdk/example/g1/low_level/motor_controller_with_enable.cpp:1145:48: warning: missing initializer for member ‘MotorResponse::raw_torque’ [-Wmissing-field-initializers]
[4.641s] /home/linaro/ludan_sdk/example/g1/low_level/motor_controller_with_enable.cpp:1145:48: warning: missing initializer for member ‘MotorResponse::temp’ [-Wmissing-field-initializers]
[4.641s] /home/linaro/ludan_sdk/example/g1/low_level/motor_controller_with_enable.cpp:1145:48: warning: missing initializer for member ‘MotorResponse::status’ [-Wmissing-field-initializers]
[4.641s] /home/linaro/ludan_sdk/example/g1/low_level/motor_controller_with_enable.cpp:1145:48: warning: missing initializer for member ‘MotorResponse::timestamp’ [-Wmissing-field-initializers]
[4.641s] /home/linaro/ludan_sdk/example/g1/low_level/motor_controller_with_enable.cpp:1145:48: warning: missing initializer for member ‘MotorResponse::valid’ [-Wmissing-field-initializers]
[8.996s] [ 83%] Linking CXX executable enable_motor_publisher
[9.221s] [ 83%] Built target enable_motor_publisher
[9.780s] /home/linaro/ludan_sdk/example/g1/low_level/motor_controller_with_enable.cpp: At global scope:
[9.780s] /home/linaro/ludan_sdk/example/g1/low_level/motor_controller_with_enable.cpp:875:12: warning: ‘int SendDirectCANFrameBatch(const ZCAN_Transmit_Data*, uint32_t, bool)’ defined but not used [-Wunused-function]
[9.780s]   875 | static int SendDirectCANFrameBatch(const ZCAN_Transmit_Data* frames, uint32_t count, bool verbose = false) {
[9.780s]       |            ^~~~~~~~~~~~~~~~~~~~~~~
[9.780s] /home/linaro/ludan_sdk/example/g1/low_level/motor_controller_with_enable.cpp:664:13: warning: ‘void ReadAndDisplayCanStatusDetailed(CHANNEL_HANDLE, bool)’ defined but not used [-Wunused-function]
[9.780s]   664 | static void ReadAndDisplayCanStatusDetailed(CHANNEL_HANDLE channel_handle, bool explain = true) {
[9.780s]       |             ^~~~~~~~~~~~~~~~~~~~~~~~~~~~~~~
[9.781s] /home/linaro/ludan_sdk/example/g1/low_level/motor_controller_with_enable.cpp:37:13: warning: ‘void DisableZlgDebugOutput()’ defined but not used [-Wunused-function]
[9.781s]    37 | static void DisableZlgDebugOutput() {
[9.781s]       |             ^~~~~~~~~~~~~~~~~~~~~
[24.422s] [100%] Linking CXX executable motor_controller_with_enable
[24.872s] [100%] Built target motor_controller_with_enable
[24.887s] Invoked command in '/home/linaro/ludan_sdk/example/g1/low_level/build/motor_controller_with_enable' returned '0': CMAKE_PREFIX_PATH=${CMAKE_PREFIX_PATH}:/opt/ros/humble /usr/bin/cmake --build /home/linaro/ludan_sdk/example/g1/low_level/build/motor_controller_with_enable -- -j8 -l8
[24.901s] Invoking command in '/home/linaro/ludan_sdk/example/g1/low_level/build/motor_controller_with_enable': CMAKE_PREFIX_PATH=${CMAKE_PREFIX_PATH}:/opt/ros/humble /usr/bin/cmake --install /home/linaro/ludan_sdk/example/g1/low_level/build/motor_controller_with_enable
[24.913s] -- Install configuration: "Release"
[24.913s] -- Installing: /home/linaro/ludan_sdk/example/g1/low_level/install/motor_controller_with_enable/lib/motor_controller_with_enable/motor_controller_with_enable
[24.915s] -- Set runtime path of "/home/linaro/ludan_sdk/example/g1/low_level/install/motor_controller_with_enable/lib/motor_controller_with_enable/motor_controller_with_enable" to ""
[24.915s] -- Up-to-date: /home/linaro/ludan_sdk/example/g1/low_level/install/motor_controller_with_enable/lib/motor_controller_with_enable/motor_control_example
[24.915s] -- Installing: /home/linaro/ludan_sdk/example/g1/low_level/install/motor_controller_with_enable/lib/motor_controller_with_enable/enable_motor_publisher
[24.915s] -- Set runtime path of "/home/linaro/ludan_sdk/example/g1/low_level/install/motor_controller_with_enable/lib/motor_controller_with_enable/enable_motor_publisher" to ""
[24.916s] -- Up-to-date: /home/linaro/ludan_sdk/example/g1/low_level/install/motor_controller_with_enable/share/ament_index/resource_index/package_run_dependencies/motor_controller_with_enable
[24.916s] -- Up-to-date: /home/linaro/ludan_sdk/example/g1/low_level/install/motor_controller_with_enable/share/ament_index/resource_index/parent_prefix_path/motor_controller_with_enable
[24.916s] -- Up-to-date: /home/linaro/ludan_sdk/example/g1/low_level/install/motor_controller_with_enable/share/motor_controller_with_enable/environment/ament_prefix_path.sh
[24.916s] -- Installing: /home/linaro/ludan_sdk/example/g1/low_level/install/motor_controller_with_enable/share/motor_controller_with_enable/environment/ament_prefix_path.dsv
[24.916s] -- Up-to-date: /home/linaro/ludan_sdk/example/g1/low_level/install/motor_controller_with_enable/share/motor_controller_with_enable/environment/path.sh
[24.916s] -- Installing: /home/linaro/ludan_sdk/example/g1/low_level/install/motor_controller_with_enable/share/motor_controller_with_enable/environment/path.dsv
[24.917s] -- Up-to-date: /home/linaro/ludan_sdk/example/g1/low_level/install/motor_controller_with_enable/share/motor_controller_with_enable/local_setup.bash
[24.917s] -- Up-to-date: /home/linaro/ludan_sdk/example/g1/low_level/install/motor_controller_with_enable/share/motor_controller_with_enable/local_setup.sh
[24.917s] -- Up-to-date: /home/linaro/ludan_sdk/example/g1/low_level/install/motor_controller_with_enable/share/motor_controller_with_enable/local_setup.zsh
[24.917s] -- Installing: /home/linaro/ludan_sdk/example/g1/low_level/install/motor_controller_with_enable/share/motor_controller_with_enable/local_setup.dsv
[24.917s] -- Installing: /home/linaro/ludan_sdk/example/g1/low_level/install/motor_controller_with_enable/share/motor_controller_with_enable/package.dsv
[24.917s] -- Up-to-date: /home/linaro/ludan_sdk/example/g1/low_level/install/motor_controller_with_enable/share/ament_index/resource_index/packages/motor_controller_with_enable
[24.917s] -- Up-to-date: /home/linaro/ludan_sdk/example/g1/low_level/install/motor_controller_with_enable/share/motor_controller_with_enable/cmake/motor_controller_with_enableConfig.cmake
[24.917s] -- Up-to-date: /home/linaro/ludan_sdk/example/g1/low_level/install/motor_controller_with_enable/share/motor_controller_with_enable/cmake/motor_controller_with_enableConfig-version.cmake
[24.917s] -- Up-to-date: /home/linaro/ludan_sdk/example/g1/low_level/install/motor_controller_with_enable/share/motor_controller_with_enable/package.xml
[24.920s] Invoked command in '/home/linaro/ludan_sdk/example/g1/low_level/build/motor_controller_with_enable' returned '0': CMAKE_PREFIX_PATH=${CMAKE_PREFIX_PATH}:/opt/ros/humble /usr/bin/cmake --install /home/linaro/ludan_sdk/example/g1/low_level/build/motor_controller_with_enable
