[0.147s] DEBUG:colcon:Command line arguments: ['/usr/bin/colcon', 'build', '--packages-select', 'motor_feedback', '--cmake-force-configure', '--base-paths', '/home/linaro/controller_ws/src/motor_feedback']
[0.148s] DEBUG:colcon:Parsed command line arguments: Namespace(log_base=None, log_level=None, verb_name='build', build_base='build', install_base='install', merge_install=False, symlink_install=False, test_result_base=None, continue_on_error=False, executor='parallel', parallel_workers=8, event_handlers=None, ignore_user_meta=False, metas=['./colcon.meta'], base_paths=['/home/linaro/controller_ws/src/motor_feedback'], packages_ignore=None, packages_ignore_regex=None, paths=None, packages_up_to=None, packages_up_to_regex=None, packages_above=None, packages_above_and_dependencies=None, packages_above_depth=None, packages_select_by_dep=None, packages_skip_by_dep=None, packages_skip_up_to=None, packages_select_build_failed=False, packages_skip_build_finished=False, packages_select_test_failures=False, packages_skip_test_passed=False, packages_select=['motor_feedback'], packages_skip=None, packages_select_regex=None, packages_skip_regex=None, packages_start=None, packages_end=None, allow_overriding=[], cmake_args=None, cmake_target=None, cmake_target_skip_unavailable=False, cmake_clean_cache=False, cmake_clean_first=False, cmake_force_configure=True, ament_cmake_args=None, catkin_cmake_args=None, catkin_skip_building_tests=False, verb_parser=<colcon_defaults.argument_parser.defaults.DefaultArgumentsDecorator object at 0x7fba9bfd00>, verb_extension=<colcon_core.verb.build.BuildVerb object at 0x7fbaba9090>, main=<bound method BuildVerb.main of <colcon_core.verb.build.BuildVerb object at 0x7fbaba9090>>)
[0.353s] Level 1:colcon.colcon_core.package_discovery:discover_packages(colcon_meta) check parameters
[0.353s] Level 1:colcon.colcon_core.package_discovery:discover_packages(recursive) check parameters
[0.353s] Level 1:colcon.colcon_core.package_discovery:discover_packages(ignore) check parameters
[0.353s] Level 1:colcon.colcon_core.package_discovery:discover_packages(path) check parameters
[0.353s] Level 1:colcon.colcon_core.package_discovery:discover_packages(recursive) discover
[0.353s] INFO:colcon.colcon_core.package_discovery:Crawling recursively for packages in '/home/linaro/controller_ws/src/motor_feedback'
[0.353s] Level 1:colcon.colcon_core.package_identification:_identify(/home/linaro/controller_ws/src/motor_feedback) by extensions ['ignore', 'ignore_ament_install']
[0.354s] Level 1:colcon.colcon_core.package_identification:_identify(/home/linaro/controller_ws/src/motor_feedback) by extension 'ignore'
[0.354s] Level 1:colcon.colcon_core.package_identification:_identify(/home/linaro/controller_ws/src/motor_feedback) by extension 'ignore_ament_install'
[0.354s] Level 1:colcon.colcon_core.package_identification:_identify(/home/linaro/controller_ws/src/motor_feedback) by extensions ['colcon_pkg']
[0.354s] Level 1:colcon.colcon_core.package_identification:_identify(/home/linaro/controller_ws/src/motor_feedback) by extension 'colcon_pkg'
[0.354s] Level 1:colcon.colcon_core.package_identification:_identify(/home/linaro/controller_ws/src/motor_feedback) by extensions ['colcon_meta']
[0.354s] Level 1:colcon.colcon_core.package_identification:_identify(/home/linaro/controller_ws/src/motor_feedback) by extension 'colcon_meta'
[0.354s] Level 1:colcon.colcon_core.package_identification:_identify(/home/linaro/controller_ws/src/motor_feedback) by extensions ['ros']
[0.354s] Level 1:colcon.colcon_core.package_identification:_identify(/home/linaro/controller_ws/src/motor_feedback) by extension 'ros'
[0.372s] DEBUG:colcon.colcon_core.package_identification:Package '/home/linaro/controller_ws/src/motor_feedback' with type 'ros.ament_cmake' and name 'motor_feedback'
[0.373s] Level 1:colcon.colcon_core.package_discovery:discover_packages(recursive) using defaults
[0.398s] Level 1:colcon.colcon_core.package_discovery:discover_packages(prefix_path) check parameters
[0.398s] Level 1:colcon.colcon_core.package_discovery:discover_packages(prefix_path) discover
[0.402s] DEBUG:colcon.colcon_installed_package_information.package_discovery:Found 3 installed packages in /home/linaro/controller_ws/install
[0.404s] DEBUG:colcon.colcon_installed_package_information.package_discovery:Found 273 installed packages in /opt/ros/humble
[0.425s] Level 1:colcon.colcon_core.package_discovery:discover_packages(prefix_path) using defaults
[0.473s] Level 5:colcon.colcon_core.verb:set package 'motor_feedback' build argument 'cmake_args' from command line to 'None'
[0.474s] Level 5:colcon.colcon_core.verb:set package 'motor_feedback' build argument 'cmake_target' from command line to 'None'
[0.474s] Level 5:colcon.colcon_core.verb:set package 'motor_feedback' build argument 'cmake_target_skip_unavailable' from command line to 'False'
[0.474s] Level 5:colcon.colcon_core.verb:set package 'motor_feedback' build argument 'cmake_clean_cache' from command line to 'False'
[0.474s] Level 5:colcon.colcon_core.verb:set package 'motor_feedback' build argument 'cmake_clean_first' from command line to 'False'
[0.474s] Level 5:colcon.colcon_core.verb:set package 'motor_feedback' build argument 'cmake_force_configure' from command line to 'True'
[0.474s] Level 5:colcon.colcon_core.verb:set package 'motor_feedback' build argument 'ament_cmake_args' from command line to 'None'
[0.474s] Level 5:colcon.colcon_core.verb:set package 'motor_feedback' build argument 'catkin_cmake_args' from command line to 'None'
[0.474s] Level 5:colcon.colcon_core.verb:set package 'motor_feedback' build argument 'catkin_skip_building_tests' from command line to 'False'
[0.474s] DEBUG:colcon.colcon_core.verb:Building package 'motor_feedback' with the following arguments: {'ament_cmake_args': None, 'build_base': '/home/linaro/ludan_sdk/build/motor_feedback', 'catkin_cmake_args': None, 'catkin_skip_building_tests': False, 'cmake_args': None, 'cmake_clean_cache': False, 'cmake_clean_first': False, 'cmake_force_configure': True, 'cmake_target': None, 'cmake_target_skip_unavailable': False, 'install_base': '/home/linaro/ludan_sdk/install/motor_feedback', 'merge_install': False, 'path': '/home/linaro/controller_ws/src/motor_feedback', 'symlink_install': False, 'test_result_base': None}
[0.474s] INFO:colcon.colcon_core.executor:Executing jobs using 'parallel' executor
[0.476s] DEBUG:colcon.colcon_parallel_executor.executor.parallel:run_until_complete
[0.476s] INFO:colcon.colcon_ros.task.ament_cmake.build:Building ROS package in '/home/linaro/controller_ws/src/motor_feedback' with build type 'ament_cmake'
[0.476s] INFO:colcon.colcon_cmake.task.cmake.build:Building CMake package in '/home/linaro/controller_ws/src/motor_feedback'
[0.479s] INFO:colcon.colcon_core.plugin_system:Skipping extension 'colcon_core.shell.bat': Not used on non-Windows systems
[0.479s] INFO:colcon.colcon_core.shell:Skip shell extension 'powershell' for command environment: Not usable outside of PowerShell
[0.479s] DEBUG:colcon.colcon_core.shell:Skip shell extension 'dsv' for command environment
[0.492s] DEBUG:colcon.colcon_core.event_handler.log_command:Invoking command in '/home/linaro/ludan_sdk/build/motor_feedback': CMAKE_PREFIX_PATH=${CMAKE_PREFIX_PATH}:/opt/ros/humble /usr/bin/cmake /home/linaro/controller_ws/src/motor_feedback -DCMAKE_INSTALL_PREFIX=/home/linaro/ludan_sdk/install/motor_feedback
[1.443s] DEBUG:colcon.colcon_core.event_handler.log_command:Invoked command in '/home/linaro/ludan_sdk/build/motor_feedback' returned '1': CMAKE_PREFIX_PATH=${CMAKE_PREFIX_PATH}:/opt/ros/humble /usr/bin/cmake /home/linaro/controller_ws/src/motor_feedback -DCMAKE_INSTALL_PREFIX=/home/linaro/ludan_sdk/install/motor_feedback
[1.448s] Level 1:colcon.colcon_core.environment:create_environment_scripts_only(motor_feedback)
[1.458s] Level 1:colcon.colcon_core.environment:checking '/home/linaro/ludan_sdk/install/motor_feedback' for CMake module files
[1.461s] Level 1:colcon.colcon_core.environment:checking '/home/linaro/ludan_sdk/install/motor_feedback' for CMake config files
[1.463s] Level 1:colcon.colcon_core.shell:create_environment_hook('motor_feedback', 'cmake_prefix_path')
[1.465s] INFO:colcon.colcon_core.shell:Creating environment hook '/home/linaro/ludan_sdk/install/motor_feedback/share/motor_feedback/hook/cmake_prefix_path.ps1'
[1.467s] INFO:colcon.colcon_core.shell:Creating environment descriptor '/home/linaro/ludan_sdk/install/motor_feedback/share/motor_feedback/hook/cmake_prefix_path.dsv'
[1.469s] INFO:colcon.colcon_core.shell:Creating environment hook '/home/linaro/ludan_sdk/install/motor_feedback/share/motor_feedback/hook/cmake_prefix_path.sh'
[1.473s] Level 1:colcon.colcon_core.environment:checking '/home/linaro/ludan_sdk/install/motor_feedback/lib'
[1.474s] Level 1:colcon.colcon_core.shell:create_environment_hook('motor_feedback', 'ld_library_path_lib')
[1.475s] INFO:colcon.colcon_core.shell:Creating environment hook '/home/linaro/ludan_sdk/install/motor_feedback/share/motor_feedback/hook/ld_library_path_lib.ps1'
[1.476s] INFO:colcon.colcon_core.shell:Creating environment descriptor '/home/linaro/ludan_sdk/install/motor_feedback/share/motor_feedback/hook/ld_library_path_lib.dsv'
[1.478s] INFO:colcon.colcon_core.shell:Creating environment hook '/home/linaro/ludan_sdk/install/motor_feedback/share/motor_feedback/hook/ld_library_path_lib.sh'
[1.478s] Level 1:colcon.colcon_core.environment:checking '/home/linaro/ludan_sdk/install/motor_feedback/bin'
[1.478s] Level 1:colcon.colcon_core.environment:checking '/home/linaro/ludan_sdk/install/motor_feedback/lib/pkgconfig/motor_feedback.pc'
[1.479s] Level 1:colcon.colcon_core.environment:checking '/home/linaro/ludan_sdk/install/motor_feedback/lib/python3.10/site-packages'
[1.479s] Level 1:colcon.colcon_core.environment:checking '/home/linaro/ludan_sdk/install/motor_feedback/bin'
[1.480s] INFO:colcon.colcon_core.shell:Creating package script '/home/linaro/ludan_sdk/install/motor_feedback/share/motor_feedback/package.ps1'
[1.481s] INFO:colcon.colcon_core.shell:Creating package descriptor '/home/linaro/ludan_sdk/install/motor_feedback/share/motor_feedback/package.dsv'
[1.481s] INFO:colcon.colcon_core.shell:Creating package script '/home/linaro/ludan_sdk/install/motor_feedback/share/motor_feedback/package.sh'
[1.482s] INFO:colcon.colcon_core.shell:Creating package script '/home/linaro/ludan_sdk/install/motor_feedback/share/motor_feedback/package.bash'
[1.483s] INFO:colcon.colcon_core.shell:Creating package script '/home/linaro/ludan_sdk/install/motor_feedback/share/motor_feedback/package.zsh'
[1.484s] Level 1:colcon.colcon_core.environment:create_file_with_runtime_dependencies(/home/linaro/ludan_sdk/install/motor_feedback/share/colcon-core/packages/motor_feedback)
[1.495s] DEBUG:colcon.colcon_parallel_executor.executor.parallel:closing loop
[1.495s] DEBUG:colcon.colcon_parallel_executor.executor.parallel:loop closed
[1.495s] DEBUG:colcon.colcon_parallel_executor.executor.parallel:run_until_complete finished with '1'
[1.495s] DEBUG:colcon.colcon_core.event_reactor:joining thread
[1.512s] INFO:colcon.colcon_core.plugin_system:Skipping extension 'colcon_notification.desktop_notification.terminal_notifier': Not used on non-Darwin systems
[1.512s] INFO:colcon.colcon_core.plugin_system:Skipping extension 'colcon_notification.desktop_notification.win32': Not used on non-Windows systems
[1.512s] INFO:colcon.colcon_notification.desktop_notification:Sending desktop notification using 'notify2'
[1.529s] DEBUG:colcon.colcon_core.event_reactor:joined thread
[1.529s] INFO:colcon.colcon_core.shell:Creating prefix script '/home/linaro/ludan_sdk/install/local_setup.ps1'
[1.531s] INFO:colcon.colcon_core.shell:Creating prefix util module '/home/linaro/ludan_sdk/install/_local_setup_util_ps1.py'
[1.533s] INFO:colcon.colcon_core.shell:Creating prefix chain script '/home/linaro/ludan_sdk/install/setup.ps1'
[1.534s] INFO:colcon.colcon_core.shell:Creating prefix script '/home/linaro/ludan_sdk/install/local_setup.sh'
[1.535s] INFO:colcon.colcon_core.shell:Creating prefix util module '/home/linaro/ludan_sdk/install/_local_setup_util_sh.py'
[1.535s] INFO:colcon.colcon_core.shell:Creating prefix chain script '/home/linaro/ludan_sdk/install/setup.sh'
[1.537s] INFO:colcon.colcon_core.shell:Creating prefix script '/home/linaro/ludan_sdk/install/local_setup.bash'
[1.538s] INFO:colcon.colcon_core.shell:Creating prefix chain script '/home/linaro/ludan_sdk/install/setup.bash'
[1.539s] INFO:colcon.colcon_core.shell:Creating prefix script '/home/linaro/ludan_sdk/install/local_setup.zsh'
[1.540s] INFO:colcon.colcon_core.shell:Creating prefix chain script '/home/linaro/ludan_sdk/install/setup.zsh'
