-- The C compiler identification is GNU 11.4.0
-- The CXX compiler identification is GNU 11.4.0
-- Detecting C compiler ABI info
-- Detecting C compiler ABI info - done
-- Check for working C compiler: /usr/bin/cc - skipped
-- Detecting C compile features
-- Detecting C compile features - done
-- Detecting CXX compiler ABI info
-- Detecting CXX compiler ABI info - done
-- Check for working CXX compiler: /usr/bin/c++ - skipped
-- Detecting CXX compile features
-- Detecting CXX compile features - done
-- Found ament_cmake: 1.3.12 (/opt/ros/humble/share/ament_cmake/cmake)
-- Found Python3: /usr/bin/python3 (found version "3.10.12") found components: Interpreter 
-- Found rosidl_default_generators: 1.2.0 (/opt/ros/humble/share/rosidl_default_generators/cmake)
-- Using all available rosidl_typesupport_c: rosidl_typesupport_fastrtps_c;rosidl_typesupport_introspection_c
-- Found rosidl_adapter: 3.1.7 (/opt/ros/humble/share/rosidl_adapter/cmake)
-- Using all available rosidl_typesupport_cpp: rosidl_typesupport_fastrtps_cpp;rosidl_typesupport_introspection_cpp
-- Found ament_cmake_ros: 0.10.0 (/opt/ros/humble/share/ament_cmake_ros/cmake)
-- Using all available rosidl_typesupport_c: rosidl_typesupport_fastrtps_c;rosidl_typesupport_introspection_c
-- Using all available rosidl_typesupport_cpp: rosidl_typesupport_fastrtps_cpp;rosidl_typesupport_introspection_cpp
-- Found PythonInterp: /usr/bin/python3 (found suitable version "3.10.12", minimum required is "3.6") 
-- Found python_cmake_module: 0.10.0 (/opt/ros/humble/share/python_cmake_module/cmake)
-- Found PythonLibs: /usr/lib/aarch64-linux-gnu/libpython3.10.so (found suitable version "3.10.12", minimum required is "3.5") 
-- Using PYTHON_EXECUTABLE: /usr/bin/python3
-- Using PYTHON_INCLUDE_DIRS: /usr/include/python3.10
-- Using PYTHON_LIBRARIES: /usr/lib/aarch64-linux-gnu/libpython3.10.so
-- Found PythonExtra: .so  
-- Found ament_lint_auto: 0.12.14 (/opt/ros/humble/share/ament_lint_auto/cmake)
-- Added test 'lint_cmake' to check CMake code style
-- Added test 'xmllint' to check XML markup files
-- Configuring done
-- Generating done
-- Build files have been written to: /home/linaro/ludan_sdk/build/motor_feedback
[  3%] Generating C code for ROS interfaces
[  6%] Generating C++ code for ROS interfaces
[  6%] Built target ament_cmake_python_copy_motor_feedback
running egg_info
creating motor_feedback.egg-info
writing motor_feedback.egg-info/PKG-INFO
writing dependency_links to motor_feedback.egg-info/dependency_links.txt
writing top-level names to motor_feedback.egg-info/top_level.txt
writing manifest file 'motor_feedback.egg-info/SOURCES.txt'
reading manifest file 'motor_feedback.egg-info/SOURCES.txt'
writing manifest file 'motor_feedback.egg-info/SOURCES.txt'
[  6%] Built target motor_feedback__cpp
[  9%] Generating C++ introspection for ROS interfaces
[ 12%] Generating C++ type support for eProsima Fast-RTPS
[ 16%] Building C object CMakeFiles/motor_feedback__rosidl_generator_c.dir/rosidl_generator_c/motor_feedback/msg/detail/motor_feedback_with_state__functions.c.o
[ 19%] Generating C++ type support dispatch for ROS interfaces
[ 19%] Built target ament_cmake_python_build_motor_feedback_egg
[ 22%] Linking C shared library libmotor_feedback__rosidl_generator_c.so
[ 22%] Built target motor_feedback__rosidl_generator_c
[ 25%] Generating C type support dispatch for ROS interfaces
[ 29%] Generating C type support for eProsima Fast-RTPS
[ 32%] Generating C introspection for ROS interfaces
[ 35%] Building CXX object CMakeFiles/motor_feedback__rosidl_typesupport_introspection_cpp.dir/rosidl_typesupport_introspection_cpp/motor_feedback/msg/detail/motor_feedback_with_state__type_support.cpp.o
[ 38%] Building CXX object CMakeFiles/motor_feedback__rosidl_typesupport_cpp.dir/rosidl_typesupport_cpp/motor_feedback/msg/motor_feedback_with_state__type_support.cpp.o
[ 41%] Building CXX object CMakeFiles/motor_feedback__rosidl_typesupport_fastrtps_cpp.dir/rosidl_typesupport_fastrtps_cpp/motor_feedback/msg/detail/dds_fastrtps/motor_feedback_with_state__type_support.cpp.o
[ 45%] Building C object CMakeFiles/motor_feedback__rosidl_typesupport_introspection_c.dir/rosidl_typesupport_introspection_c/motor_feedback/msg/detail/motor_feedback_with_state__type_support.c.o
[ 48%] Linking CXX shared library libmotor_feedback__rosidl_typesupport_cpp.so
[ 51%] Building CXX object CMakeFiles/motor_feedback__rosidl_typesupport_fastrtps_c.dir/rosidl_typesupport_fastrtps_c/motor_feedback/msg/detail/motor_feedback_with_state__type_support_c.cpp.o
[ 54%] Linking C shared library libmotor_feedback__rosidl_typesupport_introspection_c.so
[ 54%] Built target motor_feedback__rosidl_typesupport_introspection_c
[ 54%] Built target motor_feedback__rosidl_typesupport_cpp
[ 58%] Linking CXX shared library libmotor_feedback__rosidl_typesupport_fastrtps_cpp.so
[ 61%] Linking CXX shared library libmotor_feedback__rosidl_typesupport_introspection_cpp.so
[ 64%] Building CXX object CMakeFiles/motor_feedback__rosidl_typesupport_c.dir/rosidl_typesupport_c/motor_feedback/msg/motor_feedback_with_state__type_support.cpp.o
[ 64%] Built target motor_feedback__rosidl_typesupport_introspection_cpp
[ 67%] Linking CXX shared library libmotor_feedback__rosidl_typesupport_c.so
[ 70%] Linking CXX shared library libmotor_feedback__rosidl_typesupport_fastrtps_c.so
[ 70%] Built target motor_feedback__rosidl_typesupport_fastrtps_cpp
[ 70%] Built target motor_feedback__rosidl_typesupport_c
[ 70%] Built target motor_feedback__rosidl_typesupport_fastrtps_c
[ 70%] Built target motor_feedback
[ 74%] Generating Python code for ROS interfaces
[ 74%] Built target motor_feedback__py
[ 77%] Building C object CMakeFiles/motor_feedback__rosidl_generator_py.dir/rosidl_generator_py/motor_feedback/msg/_motor_feedback_with_state_s.c.o
[ 80%] Linking C shared library rosidl_generator_py/motor_feedback/libmotor_feedback__rosidl_generator_py.so
[ 80%] Built target motor_feedback__rosidl_generator_py
[ 83%] Building C object CMakeFiles/motor_feedback__rosidl_typesupport_c__pyext.dir/rosidl_generator_py/motor_feedback/_motor_feedback_s.ep.rosidl_typesupport_c.c.o
[ 87%] Building C object CMakeFiles/motor_feedback__rosidl_typesupport_introspection_c__pyext.dir/rosidl_generator_py/motor_feedback/_motor_feedback_s.ep.rosidl_typesupport_introspection_c.c.o
[ 90%] Building C object CMakeFiles/motor_feedback__rosidl_typesupport_fastrtps_c__pyext.dir/rosidl_generator_py/motor_feedback/_motor_feedback_s.ep.rosidl_typesupport_fastrtps_c.c.o
[ 93%] Linking C shared library rosidl_generator_py/motor_feedback/motor_feedback_s__rosidl_typesupport_c.cpython-310-aarch64-linux-gnu.so
[ 96%] Linking C shared library rosidl_generator_py/motor_feedback/motor_feedback_s__rosidl_typesupport_introspection_c.cpython-310-aarch64-linux-gnu.so
[100%] Linking C shared library rosidl_generator_py/motor_feedback/motor_feedback_s__rosidl_typesupport_fastrtps_c.cpython-310-aarch64-linux-gnu.so
[100%] Built target motor_feedback__rosidl_typesupport_c__pyext
[100%] Built target motor_feedback__rosidl_typesupport_introspection_c__pyext
[100%] Built target motor_feedback__rosidl_typesupport_fastrtps_c__pyext
-- Install configuration: ""
-- Installing: /home/linaro/ludan_sdk/install/motor_feedback/share/ament_index/resource_index/rosidl_interfaces/motor_feedback
-- Installing: /home/linaro/ludan_sdk/install/motor_feedback/include/motor_feedback/motor_feedback
-- Installing: /home/linaro/ludan_sdk/install/motor_feedback/include/motor_feedback/motor_feedback/msg
-- Installing: /home/linaro/ludan_sdk/install/motor_feedback/include/motor_feedback/motor_feedback/msg/motor_feedback_with_state.h
-- Installing: /home/linaro/ludan_sdk/install/motor_feedback/include/motor_feedback/motor_feedback/msg/rosidl_generator_c__visibility_control.h
-- Installing: /home/linaro/ludan_sdk/install/motor_feedback/include/motor_feedback/motor_feedback/msg/detail
-- Installing: /home/linaro/ludan_sdk/install/motor_feedback/include/motor_feedback/motor_feedback/msg/detail/motor_feedback_with_state__type_support.h
-- Installing: /home/linaro/ludan_sdk/install/motor_feedback/include/motor_feedback/motor_feedback/msg/detail/motor_feedback_with_state__functions.h
-- Installing: /home/linaro/ludan_sdk/install/motor_feedback/include/motor_feedback/motor_feedback/msg/detail/motor_feedback_with_state__functions.c
-- Installing: /home/linaro/ludan_sdk/install/motor_feedback/include/motor_feedback/motor_feedback/msg/detail/motor_feedback_with_state__struct.h
-- Installing: /home/linaro/ludan_sdk/install/motor_feedback/share/motor_feedback/environment/library_path.sh
-- Installing: /home/linaro/ludan_sdk/install/motor_feedback/share/motor_feedback/environment/library_path.dsv
-- Installing: /home/linaro/ludan_sdk/install/motor_feedback/lib/libmotor_feedback__rosidl_generator_c.so
-- Set runtime path of "/home/linaro/ludan_sdk/install/motor_feedback/lib/libmotor_feedback__rosidl_generator_c.so" to ""
-- Up-to-date: /home/linaro/ludan_sdk/install/motor_feedback/include/motor_feedback/motor_feedback
-- Up-to-date: /home/linaro/ludan_sdk/install/motor_feedback/include/motor_feedback/motor_feedback/msg
-- Installing: /home/linaro/ludan_sdk/install/motor_feedback/include/motor_feedback/motor_feedback/msg/rosidl_typesupport_fastrtps_c__visibility_control.h
-- Up-to-date: /home/linaro/ludan_sdk/install/motor_feedback/include/motor_feedback/motor_feedback/msg/detail
-- Installing: /home/linaro/ludan_sdk/install/motor_feedback/include/motor_feedback/motor_feedback/msg/detail/motor_feedback_with_state__rosidl_typesupport_fastrtps_c.h
-- Installing: /home/linaro/ludan_sdk/install/motor_feedback/lib/libmotor_feedback__rosidl_typesupport_fastrtps_c.so
-- Set runtime path of "/home/linaro/ludan_sdk/install/motor_feedback/lib/libmotor_feedback__rosidl_typesupport_fastrtps_c.so" to ""
-- Up-to-date: /home/linaro/ludan_sdk/install/motor_feedback/include/motor_feedback/motor_feedback
-- Up-to-date: /home/linaro/ludan_sdk/install/motor_feedback/include/motor_feedback/motor_feedback/msg
-- Up-to-date: /home/linaro/ludan_sdk/install/motor_feedback/include/motor_feedback/motor_feedback/msg/detail
-- Installing: /home/linaro/ludan_sdk/install/motor_feedback/include/motor_feedback/motor_feedback/msg/detail/motor_feedback_with_state__type_support.c
-- Installing: /home/linaro/ludan_sdk/install/motor_feedback/include/motor_feedback/motor_feedback/msg/detail/motor_feedback_with_state__rosidl_typesupport_introspection_c.h
-- Installing: /home/linaro/ludan_sdk/install/motor_feedback/include/motor_feedback/motor_feedback/msg/rosidl_typesupport_introspection_c__visibility_control.h
-- Installing: /home/linaro/ludan_sdk/install/motor_feedback/lib/libmotor_feedback__rosidl_typesupport_introspection_c.so
-- Set runtime path of "/home/linaro/ludan_sdk/install/motor_feedback/lib/libmotor_feedback__rosidl_typesupport_introspection_c.so" to ""
-- Installing: /home/linaro/ludan_sdk/install/motor_feedback/lib/libmotor_feedback__rosidl_typesupport_c.so
-- Set runtime path of "/home/linaro/ludan_sdk/install/motor_feedback/lib/libmotor_feedback__rosidl_typesupport_c.so" to ""
-- Up-to-date: /home/linaro/ludan_sdk/install/motor_feedback/include/motor_feedback/motor_feedback
-- Up-to-date: /home/linaro/ludan_sdk/install/motor_feedback/include/motor_feedback/motor_feedback/msg
-- Installing: /home/linaro/ludan_sdk/install/motor_feedback/include/motor_feedback/motor_feedback/msg/rosidl_generator_cpp__visibility_control.hpp
-- Up-to-date: /home/linaro/ludan_sdk/install/motor_feedback/include/motor_feedback/motor_feedback/msg/detail
-- Installing: /home/linaro/ludan_sdk/install/motor_feedback/include/motor_feedback/motor_feedback/msg/detail/motor_feedback_with_state__type_support.hpp
-- Installing: /home/linaro/ludan_sdk/install/motor_feedback/include/motor_feedback/motor_feedback/msg/detail/motor_feedback_with_state__traits.hpp
-- Installing: /home/linaro/ludan_sdk/install/motor_feedback/include/motor_feedback/motor_feedback/msg/detail/motor_feedback_with_state__struct.hpp
-- Installing: /home/linaro/ludan_sdk/install/motor_feedback/include/motor_feedback/motor_feedback/msg/detail/motor_feedback_with_state__builder.hpp
-- Installing: /home/linaro/ludan_sdk/install/motor_feedback/include/motor_feedback/motor_feedback/msg/motor_feedback_with_state.hpp
-- Up-to-date: /home/linaro/ludan_sdk/install/motor_feedback/include/motor_feedback/motor_feedback
-- Up-to-date: /home/linaro/ludan_sdk/install/motor_feedback/include/motor_feedback/motor_feedback/msg
-- Installing: /home/linaro/ludan_sdk/install/motor_feedback/include/motor_feedback/motor_feedback/msg/rosidl_typesupport_fastrtps_cpp__visibility_control.h
-- Up-to-date: /home/linaro/ludan_sdk/install/motor_feedback/include/motor_feedback/motor_feedback/msg/detail
-- Installing: /home/linaro/ludan_sdk/install/motor_feedback/include/motor_feedback/motor_feedback/msg/detail/motor_feedback_with_state__rosidl_typesupport_fastrtps_cpp.hpp
-- Installing: /home/linaro/ludan_sdk/install/motor_feedback/include/motor_feedback/motor_feedback/msg/detail/dds_fastrtps
-- Installing: /home/linaro/ludan_sdk/install/motor_feedback/lib/libmotor_feedback__rosidl_typesupport_fastrtps_cpp.so
-- Set runtime path of "/home/linaro/ludan_sdk/install/motor_feedback/lib/libmotor_feedback__rosidl_typesupport_fastrtps_cpp.so" to ""
-- Up-to-date: /home/linaro/ludan_sdk/install/motor_feedback/include/motor_feedback/motor_feedback
-- Up-to-date: /home/linaro/ludan_sdk/install/motor_feedback/include/motor_feedback/motor_feedback/msg
-- Up-to-date: /home/linaro/ludan_sdk/install/motor_feedback/include/motor_feedback/motor_feedback/msg/detail
-- Installing: /home/linaro/ludan_sdk/install/motor_feedback/include/motor_feedback/motor_feedback/msg/detail/motor_feedback_with_state__type_support.cpp
-- Installing: /home/linaro/ludan_sdk/install/motor_feedback/include/motor_feedback/motor_feedback/msg/detail/motor_feedback_with_state__rosidl_typesupport_introspection_cpp.hpp
-- Installing: /home/linaro/ludan_sdk/install/motor_feedback/lib/libmotor_feedback__rosidl_typesupport_introspection_cpp.so
-- Set runtime path of "/home/linaro/ludan_sdk/install/motor_feedback/lib/libmotor_feedback__rosidl_typesupport_introspection_cpp.so" to ""
-- Installing: /home/linaro/ludan_sdk/install/motor_feedback/lib/libmotor_feedback__rosidl_typesupport_cpp.so
-- Set runtime path of "/home/linaro/ludan_sdk/install/motor_feedback/lib/libmotor_feedback__rosidl_typesupport_cpp.so" to ""
-- Installing: /home/linaro/ludan_sdk/install/motor_feedback/share/motor_feedback/environment/pythonpath.sh
-- Installing: /home/linaro/ludan_sdk/install/motor_feedback/share/motor_feedback/environment/pythonpath.dsv
-- Installing: /home/linaro/ludan_sdk/install/motor_feedback/local/lib/python3.10/dist-packages/motor_feedback-0.0.0-py3.10.egg-info
-- Installing: /home/linaro/ludan_sdk/install/motor_feedback/local/lib/python3.10/dist-packages/motor_feedback-0.0.0-py3.10.egg-info/dependency_links.txt
-- Installing: /home/linaro/ludan_sdk/install/motor_feedback/local/lib/python3.10/dist-packages/motor_feedback-0.0.0-py3.10.egg-info/top_level.txt
-- Installing: /home/linaro/ludan_sdk/install/motor_feedback/local/lib/python3.10/dist-packages/motor_feedback-0.0.0-py3.10.egg-info/SOURCES.txt
-- Installing: /home/linaro/ludan_sdk/install/motor_feedback/local/lib/python3.10/dist-packages/motor_feedback-0.0.0-py3.10.egg-info/PKG-INFO
-- Installing: /home/linaro/ludan_sdk/install/motor_feedback/local/lib/python3.10/dist-packages/motor_feedback
-- Installing: /home/linaro/ludan_sdk/install/motor_feedback/local/lib/python3.10/dist-packages/motor_feedback/motor_feedback_s__rosidl_typesupport_fastrtps_c.cpython-310-aarch64-linux-gnu.so
-- Installing: /home/linaro/ludan_sdk/install/motor_feedback/local/lib/python3.10/dist-packages/motor_feedback/libmotor_feedback__rosidl_generator_py.so
-- Installing: /home/linaro/ludan_sdk/install/motor_feedback/local/lib/python3.10/dist-packages/motor_feedback/_motor_feedback_s.ep.rosidl_typesupport_c.c
-- Installing: /home/linaro/ludan_sdk/install/motor_feedback/local/lib/python3.10/dist-packages/motor_feedback/motor_feedback_s__rosidl_typesupport_introspection_c.cpython-310-aarch64-linux-gnu.so
-- Installing: /home/linaro/ludan_sdk/install/motor_feedback/local/lib/python3.10/dist-packages/motor_feedback/_motor_feedback_s.ep.rosidl_typesupport_introspection_c.c
-- Installing: /home/linaro/ludan_sdk/install/motor_feedback/local/lib/python3.10/dist-packages/motor_feedback/motor_feedback_s__rosidl_typesupport_c.cpython-310-aarch64-linux-gnu.so
-- Installing: /home/linaro/ludan_sdk/install/motor_feedback/local/lib/python3.10/dist-packages/motor_feedback/msg
-- Installing: /home/linaro/ludan_sdk/install/motor_feedback/local/lib/python3.10/dist-packages/motor_feedback/msg/_motor_feedback_with_state_s.c
-- Installing: /home/linaro/ludan_sdk/install/motor_feedback/local/lib/python3.10/dist-packages/motor_feedback/msg/_motor_feedback_with_state.py
-- Installing: /home/linaro/ludan_sdk/install/motor_feedback/local/lib/python3.10/dist-packages/motor_feedback/msg/__init__.py
-- Installing: /home/linaro/ludan_sdk/install/motor_feedback/local/lib/python3.10/dist-packages/motor_feedback/_motor_feedback_s.ep.rosidl_typesupport_fastrtps_c.c
-- Installing: /home/linaro/ludan_sdk/install/motor_feedback/local/lib/python3.10/dist-packages/motor_feedback/__init__.py
Listing '/home/linaro/ludan_sdk/install/motor_feedback/local/lib/python3.10/dist-packages/motor_feedback'...
Compiling '/home/linaro/ludan_sdk/install/motor_feedback/local/lib/python3.10/dist-packages/motor_feedback/__init__.py'...
Listing '/home/linaro/ludan_sdk/install/motor_feedback/local/lib/python3.10/dist-packages/motor_feedback/msg'...
Compiling '/home/linaro/ludan_sdk/install/motor_feedback/local/lib/python3.10/dist-packages/motor_feedback/msg/__init__.py'...
Compiling '/home/linaro/ludan_sdk/install/motor_feedback/local/lib/python3.10/dist-packages/motor_feedback/msg/_motor_feedback_with_state.py'...
-- Installing: /home/linaro/ludan_sdk/install/motor_feedback/local/lib/python3.10/dist-packages/motor_feedback/motor_feedback_s__rosidl_typesupport_fastrtps_c.cpython-310-aarch64-linux-gnu.so
-- Set runtime path of "/home/linaro/ludan_sdk/install/motor_feedback/local/lib/python3.10/dist-packages/motor_feedback/motor_feedback_s__rosidl_typesupport_fastrtps_c.cpython-310-aarch64-linux-gnu.so" to ""
-- Installing: /home/linaro/ludan_sdk/install/motor_feedback/local/lib/python3.10/dist-packages/motor_feedback/motor_feedback_s__rosidl_typesupport_introspection_c.cpython-310-aarch64-linux-gnu.so
-- Set runtime path of "/home/linaro/ludan_sdk/install/motor_feedback/local/lib/python3.10/dist-packages/motor_feedback/motor_feedback_s__rosidl_typesupport_introspection_c.cpython-310-aarch64-linux-gnu.so" to ""
-- Installing: /home/linaro/ludan_sdk/install/motor_feedback/local/lib/python3.10/dist-packages/motor_feedback/motor_feedback_s__rosidl_typesupport_c.cpython-310-aarch64-linux-gnu.so
-- Set runtime path of "/home/linaro/ludan_sdk/install/motor_feedback/local/lib/python3.10/dist-packages/motor_feedback/motor_feedback_s__rosidl_typesupport_c.cpython-310-aarch64-linux-gnu.so" to ""
-- Installing: /home/linaro/ludan_sdk/install/motor_feedback/lib/libmotor_feedback__rosidl_generator_py.so
-- Set runtime path of "/home/linaro/ludan_sdk/install/motor_feedback/lib/libmotor_feedback__rosidl_generator_py.so" to ""
-- Installing: /home/linaro/ludan_sdk/install/motor_feedback/share/motor_feedback/msg/MotorFeedbackWithState.idl
-- Installing: /home/linaro/ludan_sdk/install/motor_feedback/share/motor_feedback/msg/MotorFeedbackWithState.msg
-- Installing: /home/linaro/ludan_sdk/install/motor_feedback/share/ament_index/resource_index/package_run_dependencies/motor_feedback
-- Installing: /home/linaro/ludan_sdk/install/motor_feedback/share/ament_index/resource_index/parent_prefix_path/motor_feedback
-- Installing: /home/linaro/ludan_sdk/install/motor_feedback/share/motor_feedback/environment/ament_prefix_path.sh
-- Installing: /home/linaro/ludan_sdk/install/motor_feedback/share/motor_feedback/environment/ament_prefix_path.dsv
-- Installing: /home/linaro/ludan_sdk/install/motor_feedback/share/motor_feedback/environment/path.sh
-- Installing: /home/linaro/ludan_sdk/install/motor_feedback/share/motor_feedback/environment/path.dsv
-- Installing: /home/linaro/ludan_sdk/install/motor_feedback/share/motor_feedback/local_setup.bash
-- Installing: /home/linaro/ludan_sdk/install/motor_feedback/share/motor_feedback/local_setup.sh
-- Installing: /home/linaro/ludan_sdk/install/motor_feedback/share/motor_feedback/local_setup.zsh
-- Installing: /home/linaro/ludan_sdk/install/motor_feedback/share/motor_feedback/local_setup.dsv
-- Installing: /home/linaro/ludan_sdk/install/motor_feedback/share/motor_feedback/package.dsv
-- Installing: /home/linaro/ludan_sdk/install/motor_feedback/share/ament_index/resource_index/packages/motor_feedback
-- Installing: /home/linaro/ludan_sdk/install/motor_feedback/share/motor_feedback/cmake/export_motor_feedback__rosidl_generator_cExport.cmake
-- Installing: /home/linaro/ludan_sdk/install/motor_feedback/share/motor_feedback/cmake/export_motor_feedback__rosidl_generator_cExport-noconfig.cmake
-- Installing: /home/linaro/ludan_sdk/install/motor_feedback/share/motor_feedback/cmake/export_motor_feedback__rosidl_typesupport_fastrtps_cExport.cmake
-- Installing: /home/linaro/ludan_sdk/install/motor_feedback/share/motor_feedback/cmake/export_motor_feedback__rosidl_typesupport_fastrtps_cExport-noconfig.cmake
-- Installing: /home/linaro/ludan_sdk/install/motor_feedback/share/motor_feedback/cmake/motor_feedback__rosidl_typesupport_introspection_cExport.cmake
-- Installing: /home/linaro/ludan_sdk/install/motor_feedback/share/motor_feedback/cmake/motor_feedback__rosidl_typesupport_introspection_cExport-noconfig.cmake
-- Installing: /home/linaro/ludan_sdk/install/motor_feedback/share/motor_feedback/cmake/motor_feedback__rosidl_typesupport_cExport.cmake
-- Installing: /home/linaro/ludan_sdk/install/motor_feedback/share/motor_feedback/cmake/motor_feedback__rosidl_typesupport_cExport-noconfig.cmake
-- Installing: /home/linaro/ludan_sdk/install/motor_feedback/share/motor_feedback/cmake/export_motor_feedback__rosidl_generator_cppExport.cmake
-- Installing: /home/linaro/ludan_sdk/install/motor_feedback/share/motor_feedback/cmake/export_motor_feedback__rosidl_typesupport_fastrtps_cppExport.cmake
-- Installing: /home/linaro/ludan_sdk/install/motor_feedback/share/motor_feedback/cmake/export_motor_feedback__rosidl_typesupport_fastrtps_cppExport-noconfig.cmake
-- Installing: /home/linaro/ludan_sdk/install/motor_feedback/share/motor_feedback/cmake/motor_feedback__rosidl_typesupport_introspection_cppExport.cmake
-- Installing: /home/linaro/ludan_sdk/install/motor_feedback/share/motor_feedback/cmake/motor_feedback__rosidl_typesupport_introspection_cppExport-noconfig.cmake
-- Installing: /home/linaro/ludan_sdk/install/motor_feedback/share/motor_feedback/cmake/motor_feedback__rosidl_typesupport_cppExport.cmake
-- Installing: /home/linaro/ludan_sdk/install/motor_feedback/share/motor_feedback/cmake/motor_feedback__rosidl_typesupport_cppExport-noconfig.cmake
-- Installing: /home/linaro/ludan_sdk/install/motor_feedback/share/motor_feedback/cmake/export_motor_feedback__rosidl_generator_pyExport.cmake
-- Installing: /home/linaro/ludan_sdk/install/motor_feedback/share/motor_feedback/cmake/export_motor_feedback__rosidl_generator_pyExport-noconfig.cmake
-- Installing: /home/linaro/ludan_sdk/install/motor_feedback/share/motor_feedback/cmake/ament_cmake_export_dependencies-extras.cmake
-- Installing: /home/linaro/ludan_sdk/install/motor_feedback/share/motor_feedback/cmake/rosidl_cmake-extras.cmake
-- Installing: /home/linaro/ludan_sdk/install/motor_feedback/share/motor_feedback/cmake/ament_cmake_export_include_directories-extras.cmake
-- Installing: /home/linaro/ludan_sdk/install/motor_feedback/share/motor_feedback/cmake/ament_cmake_export_libraries-extras.cmake
-- Installing: /home/linaro/ludan_sdk/install/motor_feedback/share/motor_feedback/cmake/ament_cmake_export_targets-extras.cmake
-- Installing: /home/linaro/ludan_sdk/install/motor_feedback/share/motor_feedback/cmake/rosidl_cmake_export_typesupport_targets-extras.cmake
-- Installing: /home/linaro/ludan_sdk/install/motor_feedback/share/motor_feedback/cmake/rosidl_cmake_export_typesupport_libraries-extras.cmake
-- Installing: /home/linaro/ludan_sdk/install/motor_feedback/share/motor_feedback/cmake/motor_feedbackConfig.cmake
-- Installing: /home/linaro/ludan_sdk/install/motor_feedback/share/motor_feedback/cmake/motor_feedbackConfig-version.cmake
-- Installing: /home/linaro/ludan_sdk/install/motor_feedback/share/motor_feedback/package.xml
