[0.012s] Invoking command in '/home/linaro/ludan_sdk/build/motor_feedback': CMAKE_PREFIX_PATH=${CMAKE_PREFIX_PATH}:/opt/ros/humble /usr/bin/cmake /home/linaro/controller_ws/src/motor_feedback -DCMAKE_INSTALL_PREFIX=/home/linaro/ludan_sdk/install/motor_feedback
[0.153s] -- The C compiler identification is GNU 11.4.0
[0.311s] -- The CXX compiler identification is GNU 11.4.0
[0.320s] -- Detecting C compiler ABI info
[0.503s] -- Detecting C compiler ABI info - done
[0.514s] -- Check for working C compiler: /usr/bin/cc - skipped
[0.515s] -- Detecting C compile features
[0.515s] -- Detecting C compile features - done
[0.518s] -- Detecting CXX compiler ABI info
[0.668s] -- Detecting CXX compiler ABI info - done
[0.707s] -- Check for working CXX compiler: /usr/bin/c++ - skipped
[0.708s] -- Detecting CXX compile features
[0.710s] -- Detecting CXX compile features - done
[0.719s] -- Found ament_cmake: 1.3.12 (/opt/ros/humble/share/ament_cmake/cmake)
[0.972s] -- Found Python3: /usr/bin/python3 (found version "3.10.12") found components: Interpreter 
[1.161s] -- Found rosidl_default_generators: 1.2.0 (/opt/ros/humble/share/rosidl_default_generators/cmake)
[1.165s] -- Using all available rosidl_typesupport_c: rosidl_typesupport_fastrtps_c;rosidl_typesupport_introspection_c
[1.173s] -- Found rosidl_adapter: 3.1.7 (/opt/ros/humble/share/rosidl_adapter/cmake)
[1.220s] -- Using all available rosidl_typesupport_cpp: rosidl_typesupport_fastrtps_cpp;rosidl_typesupport_introspection_cpp
[1.720s] -- Found ament_cmake_ros: 0.10.0 (/opt/ros/humble/share/ament_cmake_ros/cmake)
[2.077s] -- Using all available rosidl_typesupport_c: rosidl_typesupport_fastrtps_c;rosidl_typesupport_introspection_c
[2.546s] -- Using all available rosidl_typesupport_cpp: rosidl_typesupport_fastrtps_cpp;rosidl_typesupport_introspection_cpp
[2.585s] -- Found PythonInterp: /usr/bin/python3 (found suitable version "3.10.12", minimum required is "3.6") 
[2.590s] -- Found python_cmake_module: 0.10.0 (/opt/ros/humble/share/python_cmake_module/cmake)
[2.668s] -- Found PythonLibs: /usr/lib/aarch64-linux-gnu/libpython3.10.so (found suitable version "3.10.12", minimum required is "3.5") 
[2.668s] -- Using PYTHON_EXECUTABLE: /usr/bin/python3
[2.669s] -- Using PYTHON_INCLUDE_DIRS: /usr/include/python3.10
[2.669s] -- Using PYTHON_LIBRARIES: /usr/lib/aarch64-linux-gnu/libpython3.10.so
[2.699s] -- Found PythonExtra: .so  
[2.769s] -- Found ament_lint_auto: 0.12.14 (/opt/ros/humble/share/ament_lint_auto/cmake)
[2.788s] -- Added test 'lint_cmake' to check CMake code style
[2.789s] -- Added test 'xmllint' to check XML markup files
[2.792s] -- Configuring done
[2.825s] -- Generating done
[2.841s] -- Build files have been written to: /home/linaro/ludan_sdk/build/motor_feedback
[2.854s] Invoked command in '/home/linaro/ludan_sdk/build/motor_feedback' returned '0': CMAKE_PREFIX_PATH=${CMAKE_PREFIX_PATH}:/opt/ros/humble /usr/bin/cmake /home/linaro/controller_ws/src/motor_feedback -DCMAKE_INSTALL_PREFIX=/home/linaro/ludan_sdk/install/motor_feedback
[2.859s] Invoking command in '/home/linaro/ludan_sdk/build/motor_feedback': CMAKE_PREFIX_PATH=${CMAKE_PREFIX_PATH}:/opt/ros/humble /usr/bin/cmake --build /home/linaro/ludan_sdk/build/motor_feedback -- -j8 -l8
[2.920s] [  3%] Generating C code for ROS interfaces
[2.930s] [  6%] Generating C++ code for ROS interfaces
[2.973s] [  6%] Built target ament_cmake_python_copy_motor_feedback
[3.382s] running egg_info
[3.383s] creating motor_feedback.egg-info
[3.384s] writing motor_feedback.egg-info/PKG-INFO
[3.384s] writing dependency_links to motor_feedback.egg-info/dependency_links.txt
[3.385s] writing top-level names to motor_feedback.egg-info/top_level.txt
[3.385s] writing manifest file 'motor_feedback.egg-info/SOURCES.txt'
[3.391s] reading manifest file 'motor_feedback.egg-info/SOURCES.txt'
[3.396s] writing manifest file 'motor_feedback.egg-info/SOURCES.txt'
[3.401s] [  6%] Built target motor_feedback__cpp
[3.414s] [  9%] Generating C++ introspection for ROS interfaces
[3.420s] [ 12%] Generating C++ type support for eProsima Fast-RTPS
[3.423s] [ 16%] Building C object CMakeFiles/motor_feedback__rosidl_generator_c.dir/rosidl_generator_c/motor_feedback/msg/detail/motor_feedback_with_state__functions.c.o
[3.432s] [ 19%] Generating C++ type support dispatch for ROS interfaces
[3.483s] [ 19%] Built target ament_cmake_python_build_motor_feedback_egg
[3.495s] [ 22%] Linking C shared library libmotor_feedback__rosidl_generator_c.so
[3.572s] [ 22%] Built target motor_feedback__rosidl_generator_c
[3.603s] [ 25%] Generating C type support dispatch for ROS interfaces
[3.618s] [ 29%] Generating C type support for eProsima Fast-RTPS
[3.628s] [ 32%] Generating C introspection for ROS interfaces
[3.889s] [ 35%] Building CXX object CMakeFiles/motor_feedback__rosidl_typesupport_introspection_cpp.dir/rosidl_typesupport_introspection_cpp/motor_feedback/msg/detail/motor_feedback_with_state__type_support.cpp.o
[3.893s] [ 38%] Building CXX object CMakeFiles/motor_feedback__rosidl_typesupport_cpp.dir/rosidl_typesupport_cpp/motor_feedback/msg/motor_feedback_with_state__type_support.cpp.o
[3.949s] [ 41%] Building CXX object CMakeFiles/motor_feedback__rosidl_typesupport_fastrtps_cpp.dir/rosidl_typesupport_fastrtps_cpp/motor_feedback/msg/detail/dds_fastrtps/motor_feedback_with_state__type_support.cpp.o
[4.296s] [ 45%] Building C object CMakeFiles/motor_feedback__rosidl_typesupport_introspection_c.dir/rosidl_typesupport_introspection_c/motor_feedback/msg/detail/motor_feedback_with_state__type_support.c.o
[4.345s] [ 48%] Linking CXX shared library libmotor_feedback__rosidl_typesupport_cpp.so
[4.373s] [ 51%] Building CXX object CMakeFiles/motor_feedback__rosidl_typesupport_fastrtps_c.dir/rosidl_typesupport_fastrtps_c/motor_feedback/msg/detail/motor_feedback_with_state__type_support_c.cpp.o
[4.386s] [ 54%] Linking C shared library libmotor_feedback__rosidl_typesupport_introspection_c.so
[4.445s] [ 54%] Built target motor_feedback__rosidl_typesupport_introspection_c
[4.452s] [ 54%] Built target motor_feedback__rosidl_typesupport_cpp
[4.714s] [ 58%] Linking CXX shared library libmotor_feedback__rosidl_typesupport_fastrtps_cpp.so
[4.738s] [ 61%] Linking CXX shared library libmotor_feedback__rosidl_typesupport_introspection_cpp.so
[4.823s] [ 64%] Building CXX object CMakeFiles/motor_feedback__rosidl_typesupport_c.dir/rosidl_typesupport_c/motor_feedback/msg/motor_feedback_with_state__type_support.cpp.o
[4.851s] [ 64%] Built target motor_feedback__rosidl_typesupport_introspection_cpp
[4.898s] [ 67%] Linking CXX shared library libmotor_feedback__rosidl_typesupport_c.so
[4.947s] [ 70%] Linking CXX shared library libmotor_feedback__rosidl_typesupport_fastrtps_c.so
[4.957s] [ 70%] Built target motor_feedback__rosidl_typesupport_fastrtps_cpp
[5.009s] [ 70%] Built target motor_feedback__rosidl_typesupport_c
[5.084s] [ 70%] Built target motor_feedback__rosidl_typesupport_fastrtps_c
[5.129s] [ 70%] Built target motor_feedback
[5.170s] [ 74%] Generating Python code for ROS interfaces
[5.872s] [ 74%] Built target motor_feedback__py
[5.914s] [ 77%] Building C object CMakeFiles/motor_feedback__rosidl_generator_py.dir/rosidl_generator_py/motor_feedback/msg/_motor_feedback_with_state_s.c.o
[6.107s] [ 80%] Linking C shared library rosidl_generator_py/motor_feedback/libmotor_feedback__rosidl_generator_py.so
[6.182s] [ 80%] Built target motor_feedback__rosidl_generator_py
[6.216s] [ 83%] Building C object CMakeFiles/motor_feedback__rosidl_typesupport_c__pyext.dir/rosidl_generator_py/motor_feedback/_motor_feedback_s.ep.rosidl_typesupport_c.c.o
[6.220s] [ 87%] Building C object CMakeFiles/motor_feedback__rosidl_typesupport_introspection_c__pyext.dir/rosidl_generator_py/motor_feedback/_motor_feedback_s.ep.rosidl_typesupport_introspection_c.c.o
[6.234s] [ 90%] Building C object CMakeFiles/motor_feedback__rosidl_typesupport_fastrtps_c__pyext.dir/rosidl_generator_py/motor_feedback/_motor_feedback_s.ep.rosidl_typesupport_fastrtps_c.c.o
[6.360s] [ 93%] Linking C shared library rosidl_generator_py/motor_feedback/motor_feedback_s__rosidl_typesupport_c.cpython-310-aarch64-linux-gnu.so
[6.372s] [ 96%] Linking C shared library rosidl_generator_py/motor_feedback/motor_feedback_s__rosidl_typesupport_introspection_c.cpython-310-aarch64-linux-gnu.so
[6.378s] [100%] Linking C shared library rosidl_generator_py/motor_feedback/motor_feedback_s__rosidl_typesupport_fastrtps_c.cpython-310-aarch64-linux-gnu.so
[6.400s] [100%] Built target motor_feedback__rosidl_typesupport_c__pyext
[6.426s] [100%] Built target motor_feedback__rosidl_typesupport_introspection_c__pyext
[6.435s] [100%] Built target motor_feedback__rosidl_typesupport_fastrtps_c__pyext
[6.451s] Invoked command in '/home/linaro/ludan_sdk/build/motor_feedback' returned '0': CMAKE_PREFIX_PATH=${CMAKE_PREFIX_PATH}:/opt/ros/humble /usr/bin/cmake --build /home/linaro/ludan_sdk/build/motor_feedback -- -j8 -l8
[6.466s] Invoking command in '/home/linaro/ludan_sdk/build/motor_feedback': CMAKE_PREFIX_PATH=${CMAKE_PREFIX_PATH}:/opt/ros/humble /usr/bin/cmake --install /home/linaro/ludan_sdk/build/motor_feedback
[6.477s] -- Install configuration: ""
[6.478s] -- Installing: /home/linaro/ludan_sdk/install/motor_feedback/share/ament_index/resource_index/rosidl_interfaces/motor_feedback
[6.478s] -- Installing: /home/linaro/ludan_sdk/install/motor_feedback/include/motor_feedback/motor_feedback
[6.478s] -- Installing: /home/linaro/ludan_sdk/install/motor_feedback/include/motor_feedback/motor_feedback/msg
[6.478s] -- Installing: /home/linaro/ludan_sdk/install/motor_feedback/include/motor_feedback/motor_feedback/msg/motor_feedback_with_state.h
[6.478s] -- Installing: /home/linaro/ludan_sdk/install/motor_feedback/include/motor_feedback/motor_feedback/msg/rosidl_generator_c__visibility_control.h
[6.478s] -- Installing: /home/linaro/ludan_sdk/install/motor_feedback/include/motor_feedback/motor_feedback/msg/detail
[6.478s] -- Installing: /home/linaro/ludan_sdk/install/motor_feedback/include/motor_feedback/motor_feedback/msg/detail/motor_feedback_with_state__type_support.h
[6.479s] -- Installing: /home/linaro/ludan_sdk/install/motor_feedback/include/motor_feedback/motor_feedback/msg/detail/motor_feedback_with_state__functions.h
[6.479s] -- Installing: /home/linaro/ludan_sdk/install/motor_feedback/include/motor_feedback/motor_feedback/msg/detail/motor_feedback_with_state__functions.c
[6.479s] -- Installing: /home/linaro/ludan_sdk/install/motor_feedback/include/motor_feedback/motor_feedback/msg/detail/motor_feedback_with_state__struct.h
[6.479s] -- Installing: /home/linaro/ludan_sdk/install/motor_feedback/share/motor_feedback/environment/library_path.sh
[6.479s] -- Installing: /home/linaro/ludan_sdk/install/motor_feedback/share/motor_feedback/environment/library_path.dsv
[6.479s] -- Installing: /home/linaro/ludan_sdk/install/motor_feedback/lib/libmotor_feedback__rosidl_generator_c.so
[6.480s] -- Set runtime path of "/home/linaro/ludan_sdk/install/motor_feedback/lib/libmotor_feedback__rosidl_generator_c.so" to ""
[6.480s] -- Up-to-date: /home/linaro/ludan_sdk/install/motor_feedback/include/motor_feedback/motor_feedback
[6.480s] -- Up-to-date: /home/linaro/ludan_sdk/install/motor_feedback/include/motor_feedback/motor_feedback/msg
[6.480s] -- Installing: /home/linaro/ludan_sdk/install/motor_feedback/include/motor_feedback/motor_feedback/msg/rosidl_typesupport_fastrtps_c__visibility_control.h
[6.480s] -- Up-to-date: /home/linaro/ludan_sdk/install/motor_feedback/include/motor_feedback/motor_feedback/msg/detail
[6.480s] -- Installing: /home/linaro/ludan_sdk/install/motor_feedback/include/motor_feedback/motor_feedback/msg/detail/motor_feedback_with_state__rosidl_typesupport_fastrtps_c.h
[6.480s] -- Installing: /home/linaro/ludan_sdk/install/motor_feedback/lib/libmotor_feedback__rosidl_typesupport_fastrtps_c.so
[6.481s] -- Set runtime path of "/home/linaro/ludan_sdk/install/motor_feedback/lib/libmotor_feedback__rosidl_typesupport_fastrtps_c.so" to ""
[6.481s] -- Up-to-date: /home/linaro/ludan_sdk/install/motor_feedback/include/motor_feedback/motor_feedback
[6.481s] -- Up-to-date: /home/linaro/ludan_sdk/install/motor_feedback/include/motor_feedback/motor_feedback/msg
[6.481s] -- Up-to-date: /home/linaro/ludan_sdk/install/motor_feedback/include/motor_feedback/motor_feedback/msg/detail
[6.481s] -- Installing: /home/linaro/ludan_sdk/install/motor_feedback/include/motor_feedback/motor_feedback/msg/detail/motor_feedback_with_state__type_support.c
[6.481s] -- Installing: /home/linaro/ludan_sdk/install/motor_feedback/include/motor_feedback/motor_feedback/msg/detail/motor_feedback_with_state__rosidl_typesupport_introspection_c.h
[6.481s] -- Installing: /home/linaro/ludan_sdk/install/motor_feedback/include/motor_feedback/motor_feedback/msg/rosidl_typesupport_introspection_c__visibility_control.h
[6.481s] -- Installing: /home/linaro/ludan_sdk/install/motor_feedback/lib/libmotor_feedback__rosidl_typesupport_introspection_c.so
[6.481s] -- Set runtime path of "/home/linaro/ludan_sdk/install/motor_feedback/lib/libmotor_feedback__rosidl_typesupport_introspection_c.so" to ""
[6.481s] -- Installing: /home/linaro/ludan_sdk/install/motor_feedback/lib/libmotor_feedback__rosidl_typesupport_c.so
[6.482s] -- Set runtime path of "/home/linaro/ludan_sdk/install/motor_feedback/lib/libmotor_feedback__rosidl_typesupport_c.so" to ""
[6.482s] -- Up-to-date: /home/linaro/ludan_sdk/install/motor_feedback/include/motor_feedback/motor_feedback
[6.482s] -- Up-to-date: /home/linaro/ludan_sdk/install/motor_feedback/include/motor_feedback/motor_feedback/msg
[6.482s] -- Installing: /home/linaro/ludan_sdk/install/motor_feedback/include/motor_feedback/motor_feedback/msg/rosidl_generator_cpp__visibility_control.hpp
[6.482s] -- Up-to-date: /home/linaro/ludan_sdk/install/motor_feedback/include/motor_feedback/motor_feedback/msg/detail
[6.482s] -- Installing: /home/linaro/ludan_sdk/install/motor_feedback/include/motor_feedback/motor_feedback/msg/detail/motor_feedback_with_state__type_support.hpp
[6.482s] -- Installing: /home/linaro/ludan_sdk/install/motor_feedback/include/motor_feedback/motor_feedback/msg/detail/motor_feedback_with_state__traits.hpp
[6.483s] -- Installing: /home/linaro/ludan_sdk/install/motor_feedback/include/motor_feedback/motor_feedback/msg/detail/motor_feedback_with_state__struct.hpp
[6.483s] -- Installing: /home/linaro/ludan_sdk/install/motor_feedback/include/motor_feedback/motor_feedback/msg/detail/motor_feedback_with_state__builder.hpp
[6.483s] -- Installing: /home/linaro/ludan_sdk/install/motor_feedback/include/motor_feedback/motor_feedback/msg/motor_feedback_with_state.hpp
[6.483s] -- Up-to-date: /home/linaro/ludan_sdk/install/motor_feedback/include/motor_feedback/motor_feedback
[6.483s] -- Up-to-date: /home/linaro/ludan_sdk/install/motor_feedback/include/motor_feedback/motor_feedback/msg
[6.483s] -- Installing: /home/linaro/ludan_sdk/install/motor_feedback/include/motor_feedback/motor_feedback/msg/rosidl_typesupport_fastrtps_cpp__visibility_control.h
[6.483s] -- Up-to-date: /home/linaro/ludan_sdk/install/motor_feedback/include/motor_feedback/motor_feedback/msg/detail
[6.483s] -- Installing: /home/linaro/ludan_sdk/install/motor_feedback/include/motor_feedback/motor_feedback/msg/detail/motor_feedback_with_state__rosidl_typesupport_fastrtps_cpp.hpp
[6.483s] -- Installing: /home/linaro/ludan_sdk/install/motor_feedback/include/motor_feedback/motor_feedback/msg/detail/dds_fastrtps
[6.483s] -- Installing: /home/linaro/ludan_sdk/install/motor_feedback/lib/libmotor_feedback__rosidl_typesupport_fastrtps_cpp.so
[6.484s] -- Set runtime path of "/home/linaro/ludan_sdk/install/motor_feedback/lib/libmotor_feedback__rosidl_typesupport_fastrtps_cpp.so" to ""
[6.484s] -- Up-to-date: /home/linaro/ludan_sdk/install/motor_feedback/include/motor_feedback/motor_feedback
[6.484s] -- Up-to-date: /home/linaro/ludan_sdk/install/motor_feedback/include/motor_feedback/motor_feedback/msg
[6.484s] -- Up-to-date: /home/linaro/ludan_sdk/install/motor_feedback/include/motor_feedback/motor_feedback/msg/detail
[6.484s] -- Installing: /home/linaro/ludan_sdk/install/motor_feedback/include/motor_feedback/motor_feedback/msg/detail/motor_feedback_with_state__type_support.cpp
[6.484s] -- Installing: /home/linaro/ludan_sdk/install/motor_feedback/include/motor_feedback/motor_feedback/msg/detail/motor_feedback_with_state__rosidl_typesupport_introspection_cpp.hpp
[6.485s] -- Installing: /home/linaro/ludan_sdk/install/motor_feedback/lib/libmotor_feedback__rosidl_typesupport_introspection_cpp.so
[6.485s] -- Set runtime path of "/home/linaro/ludan_sdk/install/motor_feedback/lib/libmotor_feedback__rosidl_typesupport_introspection_cpp.so" to ""
[6.485s] -- Installing: /home/linaro/ludan_sdk/install/motor_feedback/lib/libmotor_feedback__rosidl_typesupport_cpp.so
[6.485s] -- Set runtime path of "/home/linaro/ludan_sdk/install/motor_feedback/lib/libmotor_feedback__rosidl_typesupport_cpp.so" to ""
[6.485s] -- Installing: /home/linaro/ludan_sdk/install/motor_feedback/share/motor_feedback/environment/pythonpath.sh
[6.485s] -- Installing: /home/linaro/ludan_sdk/install/motor_feedback/share/motor_feedback/environment/pythonpath.dsv
[6.486s] -- Installing: /home/linaro/ludan_sdk/install/motor_feedback/local/lib/python3.10/dist-packages/motor_feedback-0.0.0-py3.10.egg-info
[6.486s] -- Installing: /home/linaro/ludan_sdk/install/motor_feedback/local/lib/python3.10/dist-packages/motor_feedback-0.0.0-py3.10.egg-info/dependency_links.txt
[6.486s] -- Installing: /home/linaro/ludan_sdk/install/motor_feedback/local/lib/python3.10/dist-packages/motor_feedback-0.0.0-py3.10.egg-info/top_level.txt
[6.486s] -- Installing: /home/linaro/ludan_sdk/install/motor_feedback/local/lib/python3.10/dist-packages/motor_feedback-0.0.0-py3.10.egg-info/SOURCES.txt
[6.486s] -- Installing: /home/linaro/ludan_sdk/install/motor_feedback/local/lib/python3.10/dist-packages/motor_feedback-0.0.0-py3.10.egg-info/PKG-INFO
[6.486s] -- Installing: /home/linaro/ludan_sdk/install/motor_feedback/local/lib/python3.10/dist-packages/motor_feedback
[6.486s] -- Installing: /home/linaro/ludan_sdk/install/motor_feedback/local/lib/python3.10/dist-packages/motor_feedback/motor_feedback_s__rosidl_typesupport_fastrtps_c.cpython-310-aarch64-linux-gnu.so
[6.486s] -- Installing: /home/linaro/ludan_sdk/install/motor_feedback/local/lib/python3.10/dist-packages/motor_feedback/libmotor_feedback__rosidl_generator_py.so
[6.486s] -- Installing: /home/linaro/ludan_sdk/install/motor_feedback/local/lib/python3.10/dist-packages/motor_feedback/_motor_feedback_s.ep.rosidl_typesupport_c.c
[6.486s] -- Installing: /home/linaro/ludan_sdk/install/motor_feedback/local/lib/python3.10/dist-packages/motor_feedback/motor_feedback_s__rosidl_typesupport_introspection_c.cpython-310-aarch64-linux-gnu.so
[6.487s] -- Installing: /home/linaro/ludan_sdk/install/motor_feedback/local/lib/python3.10/dist-packages/motor_feedback/_motor_feedback_s.ep.rosidl_typesupport_introspection_c.c
[6.487s] -- Installing: /home/linaro/ludan_sdk/install/motor_feedback/local/lib/python3.10/dist-packages/motor_feedback/motor_feedback_s__rosidl_typesupport_c.cpython-310-aarch64-linux-gnu.so
[6.487s] -- Installing: /home/linaro/ludan_sdk/install/motor_feedback/local/lib/python3.10/dist-packages/motor_feedback/msg
[6.487s] -- Installing: /home/linaro/ludan_sdk/install/motor_feedback/local/lib/python3.10/dist-packages/motor_feedback/msg/_motor_feedback_with_state_s.c
[6.487s] -- Installing: /home/linaro/ludan_sdk/install/motor_feedback/local/lib/python3.10/dist-packages/motor_feedback/msg/_motor_feedback_with_state.py
[6.487s] -- Installing: /home/linaro/ludan_sdk/install/motor_feedback/local/lib/python3.10/dist-packages/motor_feedback/msg/__init__.py
[6.487s] -- Installing: /home/linaro/ludan_sdk/install/motor_feedback/local/lib/python3.10/dist-packages/motor_feedback/_motor_feedback_s.ep.rosidl_typesupport_fastrtps_c.c
[6.487s] -- Installing: /home/linaro/ludan_sdk/install/motor_feedback/local/lib/python3.10/dist-packages/motor_feedback/__init__.py
[6.547s] Listing '/home/linaro/ludan_sdk/install/motor_feedback/local/lib/python3.10/dist-packages/motor_feedback'...
[6.547s] Compiling '/home/linaro/ludan_sdk/install/motor_feedback/local/lib/python3.10/dist-packages/motor_feedback/__init__.py'...
[6.547s] Listing '/home/linaro/ludan_sdk/install/motor_feedback/local/lib/python3.10/dist-packages/motor_feedback/msg'...
[6.547s] Compiling '/home/linaro/ludan_sdk/install/motor_feedback/local/lib/python3.10/dist-packages/motor_feedback/msg/__init__.py'...
[6.547s] Compiling '/home/linaro/ludan_sdk/install/motor_feedback/local/lib/python3.10/dist-packages/motor_feedback/msg/_motor_feedback_with_state.py'...
[6.559s] -- Installing: /home/linaro/ludan_sdk/install/motor_feedback/local/lib/python3.10/dist-packages/motor_feedback/motor_feedback_s__rosidl_typesupport_fastrtps_c.cpython-310-aarch64-linux-gnu.so
[6.559s] -- Set runtime path of "/home/linaro/ludan_sdk/install/motor_feedback/local/lib/python3.10/dist-packages/motor_feedback/motor_feedback_s__rosidl_typesupport_fastrtps_c.cpython-310-aarch64-linux-gnu.so" to ""
[6.559s] -- Installing: /home/linaro/ludan_sdk/install/motor_feedback/local/lib/python3.10/dist-packages/motor_feedback/motor_feedback_s__rosidl_typesupport_introspection_c.cpython-310-aarch64-linux-gnu.so
[6.559s] -- Set runtime path of "/home/linaro/ludan_sdk/install/motor_feedback/local/lib/python3.10/dist-packages/motor_feedback/motor_feedback_s__rosidl_typesupport_introspection_c.cpython-310-aarch64-linux-gnu.so" to ""
[6.559s] -- Installing: /home/linaro/ludan_sdk/install/motor_feedback/local/lib/python3.10/dist-packages/motor_feedback/motor_feedback_s__rosidl_typesupport_c.cpython-310-aarch64-linux-gnu.so
[6.560s] -- Set runtime path of "/home/linaro/ludan_sdk/install/motor_feedback/local/lib/python3.10/dist-packages/motor_feedback/motor_feedback_s__rosidl_typesupport_c.cpython-310-aarch64-linux-gnu.so" to ""
[6.561s] -- Installing: /home/linaro/ludan_sdk/install/motor_feedback/lib/libmotor_feedback__rosidl_generator_py.so
[6.563s] -- Set runtime path of "/home/linaro/ludan_sdk/install/motor_feedback/lib/libmotor_feedback__rosidl_generator_py.so" to ""
[6.563s] -- Installing: /home/linaro/ludan_sdk/install/motor_feedback/share/motor_feedback/msg/MotorFeedbackWithState.idl
[6.564s] -- Installing: /home/linaro/ludan_sdk/install/motor_feedback/share/motor_feedback/msg/MotorFeedbackWithState.msg
[6.564s] -- Installing: /home/linaro/ludan_sdk/install/motor_feedback/share/ament_index/resource_index/package_run_dependencies/motor_feedback
[6.564s] -- Installing: /home/linaro/ludan_sdk/install/motor_feedback/share/ament_index/resource_index/parent_prefix_path/motor_feedback
[6.564s] -- Installing: /home/linaro/ludan_sdk/install/motor_feedback/share/motor_feedback/environment/ament_prefix_path.sh
[6.564s] -- Installing: /home/linaro/ludan_sdk/install/motor_feedback/share/motor_feedback/environment/ament_prefix_path.dsv
[6.564s] -- Installing: /home/linaro/ludan_sdk/install/motor_feedback/share/motor_feedback/environment/path.sh
[6.564s] -- Installing: /home/linaro/ludan_sdk/install/motor_feedback/share/motor_feedback/environment/path.dsv
[6.565s] -- Installing: /home/linaro/ludan_sdk/install/motor_feedback/share/motor_feedback/local_setup.bash
[6.565s] -- Installing: /home/linaro/ludan_sdk/install/motor_feedback/share/motor_feedback/local_setup.sh
[6.565s] -- Installing: /home/linaro/ludan_sdk/install/motor_feedback/share/motor_feedback/local_setup.zsh
[6.565s] -- Installing: /home/linaro/ludan_sdk/install/motor_feedback/share/motor_feedback/local_setup.dsv
[6.565s] -- Installing: /home/linaro/ludan_sdk/install/motor_feedback/share/motor_feedback/package.dsv
[6.565s] -- Installing: /home/linaro/ludan_sdk/install/motor_feedback/share/ament_index/resource_index/packages/motor_feedback
[6.565s] -- Installing: /home/linaro/ludan_sdk/install/motor_feedback/share/motor_feedback/cmake/export_motor_feedback__rosidl_generator_cExport.cmake
[6.565s] -- Installing: /home/linaro/ludan_sdk/install/motor_feedback/share/motor_feedback/cmake/export_motor_feedback__rosidl_generator_cExport-noconfig.cmake
[6.565s] -- Installing: /home/linaro/ludan_sdk/install/motor_feedback/share/motor_feedback/cmake/export_motor_feedback__rosidl_typesupport_fastrtps_cExport.cmake
[6.565s] -- Installing: /home/linaro/ludan_sdk/install/motor_feedback/share/motor_feedback/cmake/export_motor_feedback__rosidl_typesupport_fastrtps_cExport-noconfig.cmake
[6.565s] -- Installing: /home/linaro/ludan_sdk/install/motor_feedback/share/motor_feedback/cmake/motor_feedback__rosidl_typesupport_introspection_cExport.cmake
[6.565s] -- Installing: /home/linaro/ludan_sdk/install/motor_feedback/share/motor_feedback/cmake/motor_feedback__rosidl_typesupport_introspection_cExport-noconfig.cmake
[6.565s] -- Installing: /home/linaro/ludan_sdk/install/motor_feedback/share/motor_feedback/cmake/motor_feedback__rosidl_typesupport_cExport.cmake
[6.565s] -- Installing: /home/linaro/ludan_sdk/install/motor_feedback/share/motor_feedback/cmake/motor_feedback__rosidl_typesupport_cExport-noconfig.cmake
[6.566s] -- Installing: /home/linaro/ludan_sdk/install/motor_feedback/share/motor_feedback/cmake/export_motor_feedback__rosidl_generator_cppExport.cmake
[6.566s] -- Installing: /home/linaro/ludan_sdk/install/motor_feedback/share/motor_feedback/cmake/export_motor_feedback__rosidl_typesupport_fastrtps_cppExport.cmake
[6.566s] -- Installing: /home/linaro/ludan_sdk/install/motor_feedback/share/motor_feedback/cmake/export_motor_feedback__rosidl_typesupport_fastrtps_cppExport-noconfig.cmake
[6.566s] -- Installing: /home/linaro/ludan_sdk/install/motor_feedback/share/motor_feedback/cmake/motor_feedback__rosidl_typesupport_introspection_cppExport.cmake
[6.566s] -- Installing: /home/linaro/ludan_sdk/install/motor_feedback/share/motor_feedback/cmake/motor_feedback__rosidl_typesupport_introspection_cppExport-noconfig.cmake
[6.566s] -- Installing: /home/linaro/ludan_sdk/install/motor_feedback/share/motor_feedback/cmake/motor_feedback__rosidl_typesupport_cppExport.cmake
[6.566s] -- Installing: /home/linaro/ludan_sdk/install/motor_feedback/share/motor_feedback/cmake/motor_feedback__rosidl_typesupport_cppExport-noconfig.cmake
[6.566s] -- Installing: /home/linaro/ludan_sdk/install/motor_feedback/share/motor_feedback/cmake/export_motor_feedback__rosidl_generator_pyExport.cmake
[6.566s] -- Installing: /home/linaro/ludan_sdk/install/motor_feedback/share/motor_feedback/cmake/export_motor_feedback__rosidl_generator_pyExport-noconfig.cmake
[6.567s] -- Installing: /home/linaro/ludan_sdk/install/motor_feedback/share/motor_feedback/cmake/ament_cmake_export_dependencies-extras.cmake
[6.567s] -- Installing: /home/linaro/ludan_sdk/install/motor_feedback/share/motor_feedback/cmake/rosidl_cmake-extras.cmake
[6.567s] -- Installing: /home/linaro/ludan_sdk/install/motor_feedback/share/motor_feedback/cmake/ament_cmake_export_include_directories-extras.cmake
[6.567s] -- Installing: /home/linaro/ludan_sdk/install/motor_feedback/share/motor_feedback/cmake/ament_cmake_export_libraries-extras.cmake
[6.567s] -- Installing: /home/linaro/ludan_sdk/install/motor_feedback/share/motor_feedback/cmake/ament_cmake_export_targets-extras.cmake
[6.567s] -- Installing: /home/linaro/ludan_sdk/install/motor_feedback/share/motor_feedback/cmake/rosidl_cmake_export_typesupport_targets-extras.cmake
[6.567s] -- Installing: /home/linaro/ludan_sdk/install/motor_feedback/share/motor_feedback/cmake/rosidl_cmake_export_typesupport_libraries-extras.cmake
[6.567s] -- Installing: /home/linaro/ludan_sdk/install/motor_feedback/share/motor_feedback/cmake/motor_feedbackConfig.cmake
[6.567s] -- Installing: /home/linaro/ludan_sdk/install/motor_feedback/share/motor_feedback/cmake/motor_feedbackConfig-version.cmake
[6.568s] -- Installing: /home/linaro/ludan_sdk/install/motor_feedback/share/motor_feedback/package.xml
[6.570s] Invoked command in '/home/linaro/ludan_sdk/build/motor_feedback' returned '0': CMAKE_PREFIX_PATH=${CMAKE_PREFIX_PATH}:/opt/ros/humble /usr/bin/cmake --install /home/linaro/ludan_sdk/build/motor_feedback
