[0.015s] Invoking command in '/home/linaro/ludan_sdk/multi_port_motor_feedback/multi_port_motor_feedback_ros2/build/multi_port_motor_feedback': CMAKE_PREFIX_PATH=${CMAKE_PREFIX_PATH}:/opt/ros/humble /usr/bin/cmake --build /home/linaro/ludan_sdk/multi_port_motor_feedback/multi_port_motor_feedback_ros2/build/multi_port_motor_feedback -- -j8 -l8
[0.181s] [  7%] Built target multi_port_motor_feedback__rosidl_generator_c
[0.181s] [  8%] Built target multi_port_motor_feedback__cpp
[0.210s] [ 15%] Built target multi_port_motor_feedback__rosidl_typesupport_c
[0.239s] [ 22%] Built target multi_port_motor_feedback__rosidl_typesupport_introspection_cpp
[0.241s] [ 29%] Built target multi_port_motor_feedback__rosidl_typesupport_cpp
[0.243s] [ 36%] Built target multi_port_motor_feedback__rosidl_typesupport_fastrtps_c
[0.247s] [ 43%] Built target multi_port_motor_feedback__rosidl_typesupport_introspection_c
[0.259s] [ 50%] Built target multi_port_motor_feedback__rosidl_typesupport_fastrtps_cpp
[0.272s] [35m[1mConsolidate compiler generated dependencies of target can_motor_feedback_publisher[0m
[0.306s] [ 50%] Built target multi_port_motor_feedback
[0.361s] [ 52%] [32mBuilding CXX object CMakeFiles/can_motor_feedback_publisher.dir/src/can_motor_feedback_publisher.cpp.o[0m
[3.539s] In file included from [01m[K/home/linaro/ludan_sdk/multi_port_motor_feedback/multi_port_motor_feedback_ros2/../../LINUX_CANFDNET_V1.3.0.5_example/src/CANFDNET.h:4[m[K,
[3.540s]                  from [01m[K/home/linaro/ludan_sdk/multi_port_motor_feedback/multi_port_motor_feedback_ros2/src/can_motor_feedback_publisher.cpp:29[m[K:
[3.540s] [01m[K/home/linaro/ludan_sdk/multi_port_motor_feedback/multi_port_motor_feedback_ros2/../../LINUX_CANFDNET_V1.3.0.5_example/src/zlgcan/zlgcan.h:584:16:[m[K [01;35m[Kwarning: [m[KISO C++ prohibits anonymous structs [[01;35m[K]8;;https://gcc.gnu.org/onlinedocs/gcc/Warning-Options.html#index-Wpedantic-Wpedantic]8;;[m[K]
[3.541s]   584 |         struct [01;35m[K{[m[K
[3.541s]       |                [01;35m[K^[m[K
[6.850s] [ 54%] [32m[1mLinking CXX executable can_motor_feedback_publisher[0m
[7.508s] [100%] Built target can_motor_feedback_publisher
[7.540s] Invoked command in '/home/linaro/ludan_sdk/multi_port_motor_feedback/multi_port_motor_feedback_ros2/build/multi_port_motor_feedback' returned '0': CMAKE_PREFIX_PATH=${CMAKE_PREFIX_PATH}:/opt/ros/humble /usr/bin/cmake --build /home/linaro/ludan_sdk/multi_port_motor_feedback/multi_port_motor_feedback_ros2/build/multi_port_motor_feedback -- -j8 -l8
[7.554s] Invoking command in '/home/linaro/ludan_sdk/multi_port_motor_feedback/multi_port_motor_feedback_ros2/build/multi_port_motor_feedback': CMAKE_PREFIX_PATH=${CMAKE_PREFIX_PATH}:/opt/ros/humble /usr/bin/cmake --install /home/linaro/ludan_sdk/multi_port_motor_feedback/multi_port_motor_feedback_ros2/build/multi_port_motor_feedback
[7.578s] -- Install configuration: ""
[7.578s] -- Up-to-date: /home/linaro/ludan_sdk/multi_port_motor_feedback/multi_port_motor_feedback_ros2/install/multi_port_motor_feedback/share/ament_index/resource_index/rosidl_interfaces/multi_port_motor_feedback
[7.579s] -- Up-to-date: /home/linaro/ludan_sdk/multi_port_motor_feedback/multi_port_motor_feedback_ros2/install/multi_port_motor_feedback/include/multi_port_motor_feedback/multi_port_motor_feedback
[7.580s] -- Up-to-date: /home/linaro/ludan_sdk/multi_port_motor_feedback/multi_port_motor_feedback_ros2/install/multi_port_motor_feedback/include/multi_port_motor_feedback/multi_port_motor_feedback/msg
[7.581s] -- Up-to-date: /home/linaro/ludan_sdk/multi_port_motor_feedback/multi_port_motor_feedback_ros2/install/multi_port_motor_feedback/include/multi_port_motor_feedback/multi_port_motor_feedback/msg/rosidl_generator_c__visibility_control.h
[7.581s] -- Up-to-date: /home/linaro/ludan_sdk/multi_port_motor_feedback/multi_port_motor_feedback_ros2/install/multi_port_motor_feedback/include/multi_port_motor_feedback/multi_port_motor_feedback/msg/motor_state.h
[7.582s] -- Up-to-date: /home/linaro/ludan_sdk/multi_port_motor_feedback/multi_port_motor_feedback_ros2/install/multi_port_motor_feedback/include/multi_port_motor_feedback/multi_port_motor_feedback/msg/low_state.h
[7.583s] -- Up-to-date: /home/linaro/ludan_sdk/multi_port_motor_feedback/multi_port_motor_feedback_ros2/install/multi_port_motor_feedback/include/multi_port_motor_feedback/multi_port_motor_feedback/msg/detail
[7.583s] -- Up-to-date: /home/linaro/ludan_sdk/multi_port_motor_feedback/multi_port_motor_feedback_ros2/install/multi_port_motor_feedback/include/multi_port_motor_feedback/multi_port_motor_feedback/msg/detail/motor_state__functions.c
[7.584s] -- Up-to-date: /home/linaro/ludan_sdk/multi_port_motor_feedback/multi_port_motor_feedback_ros2/install/multi_port_motor_feedback/include/multi_port_motor_feedback/multi_port_motor_feedback/msg/detail/low_state__type_support.h
[7.584s] -- Up-to-date: /home/linaro/ludan_sdk/multi_port_motor_feedback/multi_port_motor_feedback_ros2/install/multi_port_motor_feedback/include/multi_port_motor_feedback/multi_port_motor_feedback/msg/detail/low_state__functions.c
[7.584s] -- Up-to-date: /home/linaro/ludan_sdk/multi_port_motor_feedback/multi_port_motor_feedback_ros2/install/multi_port_motor_feedback/include/multi_port_motor_feedback/multi_port_motor_feedback/msg/detail/motor_state__functions.h
[7.585s] -- Up-to-date: /home/linaro/ludan_sdk/multi_port_motor_feedback/multi_port_motor_feedback_ros2/install/multi_port_motor_feedback/include/multi_port_motor_feedback/multi_port_motor_feedback/msg/detail/motor_state__type_support.h
[7.585s] -- Up-to-date: /home/linaro/ludan_sdk/multi_port_motor_feedback/multi_port_motor_feedback_ros2/install/multi_port_motor_feedback/include/multi_port_motor_feedback/multi_port_motor_feedback/msg/detail/low_state__struct.h
[7.586s] -- Up-to-date: /home/linaro/ludan_sdk/multi_port_motor_feedback/multi_port_motor_feedback_ros2/install/multi_port_motor_feedback/include/multi_port_motor_feedback/multi_port_motor_feedback/msg/detail/motor_state__struct.h
[7.586s] -- Up-to-date: /home/linaro/ludan_sdk/multi_port_motor_feedback/multi_port_motor_feedback_ros2/install/multi_port_motor_feedback/include/multi_port_motor_feedback/multi_port_motor_feedback/msg/detail/low_state__functions.h
[7.587s] -- Up-to-date: /home/linaro/ludan_sdk/multi_port_motor_feedback/multi_port_motor_feedback_ros2/install/multi_port_motor_feedback/share/multi_port_motor_feedback/environment/library_path.sh
[7.587s] -- Up-to-date: /home/linaro/ludan_sdk/multi_port_motor_feedback/multi_port_motor_feedback_ros2/install/multi_port_motor_feedback/share/multi_port_motor_feedback/environment/library_path.dsv
[7.587s] -- Up-to-date: /home/linaro/ludan_sdk/multi_port_motor_feedback/multi_port_motor_feedback_ros2/install/multi_port_motor_feedback/lib/libmulti_port_motor_feedback__rosidl_generator_c.so
[7.588s] -- Up-to-date: /home/linaro/ludan_sdk/multi_port_motor_feedback/multi_port_motor_feedback_ros2/install/multi_port_motor_feedback/include/multi_port_motor_feedback/multi_port_motor_feedback
[7.588s] -- Up-to-date: /home/linaro/ludan_sdk/multi_port_motor_feedback/multi_port_motor_feedback_ros2/install/multi_port_motor_feedback/include/multi_port_motor_feedback/multi_port_motor_feedback/msg
[7.589s] -- Up-to-date: /home/linaro/ludan_sdk/multi_port_motor_feedback/multi_port_motor_feedback_ros2/install/multi_port_motor_feedback/include/multi_port_motor_feedback/multi_port_motor_feedback/msg/rosidl_typesupport_fastrtps_c__visibility_control.h
[7.589s] -- Up-to-date: /home/linaro/ludan_sdk/multi_port_motor_feedback/multi_port_motor_feedback_ros2/install/multi_port_motor_feedback/include/multi_port_motor_feedback/multi_port_motor_feedback/msg/detail
[7.589s] -- Up-to-date: /home/linaro/ludan_sdk/multi_port_motor_feedback/multi_port_motor_feedback_ros2/install/multi_port_motor_feedback/include/multi_port_motor_feedback/multi_port_motor_feedback/msg/detail/motor_state__rosidl_typesupport_fastrtps_c.h
[7.590s] -- Up-to-date: /home/linaro/ludan_sdk/multi_port_motor_feedback/multi_port_motor_feedback_ros2/install/multi_port_motor_feedback/include/multi_port_motor_feedback/multi_port_motor_feedback/msg/detail/low_state__rosidl_typesupport_fastrtps_c.h
[7.591s] -- Up-to-date: /home/linaro/ludan_sdk/multi_port_motor_feedback/multi_port_motor_feedback_ros2/install/multi_port_motor_feedback/lib/libmulti_port_motor_feedback__rosidl_typesupport_fastrtps_c.so
[7.591s] -- Up-to-date: /home/linaro/ludan_sdk/multi_port_motor_feedback/multi_port_motor_feedback_ros2/install/multi_port_motor_feedback/include/multi_port_motor_feedback/multi_port_motor_feedback
[7.593s] -- Up-to-date: /home/linaro/ludan_sdk/multi_port_motor_feedback/multi_port_motor_feedback_ros2/install/multi_port_motor_feedback/include/multi_port_motor_feedback/multi_port_motor_feedback/msg
[7.593s] -- Up-to-date: /home/linaro/ludan_sdk/multi_port_motor_feedback/multi_port_motor_feedback_ros2/install/multi_port_motor_feedback/include/multi_port_motor_feedback/multi_port_motor_feedback/msg/rosidl_generator_cpp__visibility_control.hpp
[7.593s] -- Up-to-date: /home/linaro/ludan_sdk/multi_port_motor_feedback/multi_port_motor_feedback_ros2/install/multi_port_motor_feedback/include/multi_port_motor_feedback/multi_port_motor_feedback/msg/low_state.hpp
[7.594s] -- Up-to-date: /home/linaro/ludan_sdk/multi_port_motor_feedback/multi_port_motor_feedback_ros2/install/multi_port_motor_feedback/include/multi_port_motor_feedback/multi_port_motor_feedback/msg/motor_state.hpp
[7.595s] -- Up-to-date: /home/linaro/ludan_sdk/multi_port_motor_feedback/multi_port_motor_feedback_ros2/install/multi_port_motor_feedback/include/multi_port_motor_feedback/multi_port_motor_feedback/msg/detail
[7.596s] -- Up-to-date: /home/linaro/ludan_sdk/multi_port_motor_feedback/multi_port_motor_feedback_ros2/install/multi_port_motor_feedback/include/multi_port_motor_feedback/multi_port_motor_feedback/msg/detail/motor_state__type_support.hpp
[7.597s] -- Up-to-date: /home/linaro/ludan_sdk/multi_port_motor_feedback/multi_port_motor_feedback_ros2/install/multi_port_motor_feedback/include/multi_port_motor_feedback/multi_port_motor_feedback/msg/detail/motor_state__struct.hpp
[7.598s] -- Up-to-date: /home/linaro/ludan_sdk/multi_port_motor_feedback/multi_port_motor_feedback_ros2/install/multi_port_motor_feedback/include/multi_port_motor_feedback/multi_port_motor_feedback/msg/detail/motor_state__traits.hpp
[7.599s] -- Up-to-date: /home/linaro/ludan_sdk/multi_port_motor_feedback/multi_port_motor_feedback_ros2/install/multi_port_motor_feedback/include/multi_port_motor_feedback/multi_port_motor_feedback/msg/detail/low_state__traits.hpp
[7.600s] -- Up-to-date: /home/linaro/ludan_sdk/multi_port_motor_feedback/multi_port_motor_feedback_ros2/install/multi_port_motor_feedback/include/multi_port_motor_feedback/multi_port_motor_feedback/msg/detail/low_state__type_support.hpp
[7.601s] -- Up-to-date: /home/linaro/ludan_sdk/multi_port_motor_feedback/multi_port_motor_feedback_ros2/install/multi_port_motor_feedback/include/multi_port_motor_feedback/multi_port_motor_feedback/msg/detail/low_state__builder.hpp
[7.602s] -- Up-to-date: /home/linaro/ludan_sdk/multi_port_motor_feedback/multi_port_motor_feedback_ros2/install/multi_port_motor_feedback/include/multi_port_motor_feedback/multi_port_motor_feedback/msg/detail/motor_state__builder.hpp
[7.602s] -- Up-to-date: /home/linaro/ludan_sdk/multi_port_motor_feedback/multi_port_motor_feedback_ros2/install/multi_port_motor_feedback/include/multi_port_motor_feedback/multi_port_motor_feedback/msg/detail/low_state__struct.hpp
[7.603s] -- Up-to-date: /home/linaro/ludan_sdk/multi_port_motor_feedback/multi_port_motor_feedback_ros2/install/multi_port_motor_feedback/include/multi_port_motor_feedback/multi_port_motor_feedback
[7.604s] -- Up-to-date: /home/linaro/ludan_sdk/multi_port_motor_feedback/multi_port_motor_feedback_ros2/install/multi_port_motor_feedback/include/multi_port_motor_feedback/multi_port_motor_feedback/msg
[7.604s] -- Up-to-date: /home/linaro/ludan_sdk/multi_port_motor_feedback/multi_port_motor_feedback_ros2/install/multi_port_motor_feedback/include/multi_port_motor_feedback/multi_port_motor_feedback/msg/rosidl_typesupport_fastrtps_cpp__visibility_control.h
[7.605s] -- Up-to-date: /home/linaro/ludan_sdk/multi_port_motor_feedback/multi_port_motor_feedback_ros2/install/multi_port_motor_feedback/include/multi_port_motor_feedback/multi_port_motor_feedback/msg/detail
[7.606s] -- Up-to-date: /home/linaro/ludan_sdk/multi_port_motor_feedback/multi_port_motor_feedback_ros2/install/multi_port_motor_feedback/include/multi_port_motor_feedback/multi_port_motor_feedback/msg/detail/motor_state__rosidl_typesupport_fastrtps_cpp.hpp
[7.606s] -- Up-to-date: /home/linaro/ludan_sdk/multi_port_motor_feedback/multi_port_motor_feedback_ros2/install/multi_port_motor_feedback/include/multi_port_motor_feedback/multi_port_motor_feedback/msg/detail/low_state__rosidl_typesupport_fastrtps_cpp.hpp
[7.607s] -- Up-to-date: /home/linaro/ludan_sdk/multi_port_motor_feedback/multi_port_motor_feedback_ros2/install/multi_port_motor_feedback/include/multi_port_motor_feedback/multi_port_motor_feedback/msg/detail/dds_fastrtps
[7.607s] -- Up-to-date: /home/linaro/ludan_sdk/multi_port_motor_feedback/multi_port_motor_feedback_ros2/install/multi_port_motor_feedback/lib/libmulti_port_motor_feedback__rosidl_typesupport_fastrtps_cpp.so
[7.608s] -- Up-to-date: /home/linaro/ludan_sdk/multi_port_motor_feedback/multi_port_motor_feedback_ros2/install/multi_port_motor_feedback/include/multi_port_motor_feedback/multi_port_motor_feedback
[7.608s] -- Up-to-date: /home/linaro/ludan_sdk/multi_port_motor_feedback/multi_port_motor_feedback_ros2/install/multi_port_motor_feedback/include/multi_port_motor_feedback/multi_port_motor_feedback/msg
[7.609s] -- Up-to-date: /home/linaro/ludan_sdk/multi_port_motor_feedback/multi_port_motor_feedback_ros2/install/multi_port_motor_feedback/include/multi_port_motor_feedback/multi_port_motor_feedback/msg/detail
[7.609s] -- Up-to-date: /home/linaro/ludan_sdk/multi_port_motor_feedback/multi_port_motor_feedback_ros2/install/multi_port_motor_feedback/include/multi_port_motor_feedback/multi_port_motor_feedback/msg/detail/motor_state__type_support.c
[7.609s] -- Up-to-date: /home/linaro/ludan_sdk/multi_port_motor_feedback/multi_port_motor_feedback_ros2/install/multi_port_motor_feedback/include/multi_port_motor_feedback/multi_port_motor_feedback/msg/detail/motor_state__rosidl_typesupport_introspection_c.h
[7.610s] -- Up-to-date: /home/linaro/ludan_sdk/multi_port_motor_feedback/multi_port_motor_feedback_ros2/install/multi_port_motor_feedback/include/multi_port_motor_feedback/multi_port_motor_feedback/msg/detail/low_state__rosidl_typesupport_introspection_c.h
[7.611s] -- Up-to-date: /home/linaro/ludan_sdk/multi_port_motor_feedback/multi_port_motor_feedback_ros2/install/multi_port_motor_feedback/include/multi_port_motor_feedback/multi_port_motor_feedback/msg/detail/low_state__type_support.c
[7.612s] -- Up-to-date: /home/linaro/ludan_sdk/multi_port_motor_feedback/multi_port_motor_feedback_ros2/install/multi_port_motor_feedback/include/multi_port_motor_feedback/multi_port_motor_feedback/msg/rosidl_typesupport_introspection_c__visibility_control.h
[7.612s] -- Up-to-date: /home/linaro/ludan_sdk/multi_port_motor_feedback/multi_port_motor_feedback_ros2/install/multi_port_motor_feedback/lib/libmulti_port_motor_feedback__rosidl_typesupport_introspection_c.so
[7.613s] -- Up-to-date: /home/linaro/ludan_sdk/multi_port_motor_feedback/multi_port_motor_feedback_ros2/install/multi_port_motor_feedback/lib/libmulti_port_motor_feedback__rosidl_typesupport_c.so
[7.614s] -- Up-to-date: /home/linaro/ludan_sdk/multi_port_motor_feedback/multi_port_motor_feedback_ros2/install/multi_port_motor_feedback/include/multi_port_motor_feedback/multi_port_motor_feedback
[7.615s] -- Up-to-date: /home/linaro/ludan_sdk/multi_port_motor_feedback/multi_port_motor_feedback_ros2/install/multi_port_motor_feedback/include/multi_port_motor_feedback/multi_port_motor_feedback/msg
[7.616s] -- Up-to-date: /home/linaro/ludan_sdk/multi_port_motor_feedback/multi_port_motor_feedback_ros2/install/multi_port_motor_feedback/include/multi_port_motor_feedback/multi_port_motor_feedback/msg/detail
[7.616s] -- Up-to-date: /home/linaro/ludan_sdk/multi_port_motor_feedback/multi_port_motor_feedback_ros2/install/multi_port_motor_feedback/include/multi_port_motor_feedback/multi_port_motor_feedback/msg/detail/motor_state__type_support.cpp
[7.617s] -- Up-to-date: /home/linaro/ludan_sdk/multi_port_motor_feedback/multi_port_motor_feedback_ros2/install/multi_port_motor_feedback/include/multi_port_motor_feedback/multi_port_motor_feedback/msg/detail/motor_state__rosidl_typesupport_introspection_cpp.hpp
[7.617s] -- Up-to-date: /home/linaro/ludan_sdk/multi_port_motor_feedback/multi_port_motor_feedback_ros2/install/multi_port_motor_feedback/include/multi_port_motor_feedback/multi_port_motor_feedback/msg/detail/low_state__type_support.cpp
[7.618s] -- Up-to-date: /home/linaro/ludan_sdk/multi_port_motor_feedback/multi_port_motor_feedback_ros2/install/multi_port_motor_feedback/include/multi_port_motor_feedback/multi_port_motor_feedback/msg/detail/low_state__rosidl_typesupport_introspection_cpp.hpp
[7.619s] -- Up-to-date: /home/linaro/ludan_sdk/multi_port_motor_feedback/multi_port_motor_feedback_ros2/install/multi_port_motor_feedback/lib/libmulti_port_motor_feedback__rosidl_typesupport_introspection_cpp.so
[7.619s] -- Up-to-date: /home/linaro/ludan_sdk/multi_port_motor_feedback/multi_port_motor_feedback_ros2/install/multi_port_motor_feedback/lib/libmulti_port_motor_feedback__rosidl_typesupport_cpp.so
[7.620s] -- Up-to-date: /home/linaro/ludan_sdk/multi_port_motor_feedback/multi_port_motor_feedback_ros2/install/multi_port_motor_feedback/share/multi_port_motor_feedback/msg/MotorState.idl
[7.621s] -- Up-to-date: /home/linaro/ludan_sdk/multi_port_motor_feedback/multi_port_motor_feedback_ros2/install/multi_port_motor_feedback/share/multi_port_motor_feedback/msg/LowState.idl
[7.621s] -- Up-to-date: /home/linaro/ludan_sdk/multi_port_motor_feedback/multi_port_motor_feedback_ros2/install/multi_port_motor_feedback/share/multi_port_motor_feedback/msg/MotorState.msg
[7.624s] -- Up-to-date: /home/linaro/ludan_sdk/multi_port_motor_feedback/multi_port_motor_feedback_ros2/install/multi_port_motor_feedback/share/multi_port_motor_feedback/msg/LowState.msg
[7.625s] -- Installing: /home/linaro/ludan_sdk/multi_port_motor_feedback/multi_port_motor_feedback_ros2/install/multi_port_motor_feedback/lib/multi_port_motor_feedback/can_motor_feedback_publisher
[7.626s] -- Set runtime path of "/home/linaro/ludan_sdk/multi_port_motor_feedback/multi_port_motor_feedback_ros2/install/multi_port_motor_feedback/lib/multi_port_motor_feedback/can_motor_feedback_publisher" to ""
[7.627s] -- Up-to-date: /home/linaro/ludan_sdk/multi_port_motor_feedback/multi_port_motor_feedback_ros2/install/multi_port_motor_feedback/share/multi_port_motor_feedback//launch
[7.627s] -- Up-to-date: /home/linaro/ludan_sdk/multi_port_motor_feedback/multi_port_motor_feedback_ros2/install/multi_port_motor_feedback/share/multi_port_motor_feedback//launch/motor_feedback_publisher.launch.py
[7.628s] -- Up-to-date: /home/linaro/ludan_sdk/multi_port_motor_feedback/multi_port_motor_feedback_ros2/install/multi_port_motor_feedback/share/ament_index/resource_index/package_run_dependencies/multi_port_motor_feedback
[7.628s] -- Up-to-date: /home/linaro/ludan_sdk/multi_port_motor_feedback/multi_port_motor_feedback_ros2/install/multi_port_motor_feedback/share/ament_index/resource_index/parent_prefix_path/multi_port_motor_feedback
[7.629s] -- Up-to-date: /home/linaro/ludan_sdk/multi_port_motor_feedback/multi_port_motor_feedback_ros2/install/multi_port_motor_feedback/share/multi_port_motor_feedback/environment/ament_prefix_path.sh
[7.629s] -- Up-to-date: /home/linaro/ludan_sdk/multi_port_motor_feedback/multi_port_motor_feedback_ros2/install/multi_port_motor_feedback/share/multi_port_motor_feedback/environment/ament_prefix_path.dsv
[7.630s] -- Up-to-date: /home/linaro/ludan_sdk/multi_port_motor_feedback/multi_port_motor_feedback_ros2/install/multi_port_motor_feedback/share/multi_port_motor_feedback/environment/path.sh
[7.630s] -- Up-to-date: /home/linaro/ludan_sdk/multi_port_motor_feedback/multi_port_motor_feedback_ros2/install/multi_port_motor_feedback/share/multi_port_motor_feedback/environment/path.dsv
[7.631s] -- Up-to-date: /home/linaro/ludan_sdk/multi_port_motor_feedback/multi_port_motor_feedback_ros2/install/multi_port_motor_feedback/share/multi_port_motor_feedback/local_setup.bash
[7.632s] -- Up-to-date: /home/linaro/ludan_sdk/multi_port_motor_feedback/multi_port_motor_feedback_ros2/install/multi_port_motor_feedback/share/multi_port_motor_feedback/local_setup.sh
[7.632s] -- Up-to-date: /home/linaro/ludan_sdk/multi_port_motor_feedback/multi_port_motor_feedback_ros2/install/multi_port_motor_feedback/share/multi_port_motor_feedback/local_setup.zsh
[7.633s] -- Up-to-date: /home/linaro/ludan_sdk/multi_port_motor_feedback/multi_port_motor_feedback_ros2/install/multi_port_motor_feedback/share/multi_port_motor_feedback/local_setup.dsv
[7.633s] -- Installing: /home/linaro/ludan_sdk/multi_port_motor_feedback/multi_port_motor_feedback_ros2/install/multi_port_motor_feedback/share/multi_port_motor_feedback/package.dsv
[7.634s] -- Up-to-date: /home/linaro/ludan_sdk/multi_port_motor_feedback/multi_port_motor_feedback_ros2/install/multi_port_motor_feedback/share/ament_index/resource_index/packages/multi_port_motor_feedback
[7.635s] -- Up-to-date: /home/linaro/ludan_sdk/multi_port_motor_feedback/multi_port_motor_feedback_ros2/install/multi_port_motor_feedback/share/multi_port_motor_feedback/cmake/export_multi_port_motor_feedback__rosidl_generator_cExport.cmake
[7.635s] -- Up-to-date: /home/linaro/ludan_sdk/multi_port_motor_feedback/multi_port_motor_feedback_ros2/install/multi_port_motor_feedback/share/multi_port_motor_feedback/cmake/export_multi_port_motor_feedback__rosidl_generator_cExport-noconfig.cmake
[7.635s] -- Up-to-date: /home/linaro/ludan_sdk/multi_port_motor_feedback/multi_port_motor_feedback_ros2/install/multi_port_motor_feedback/share/multi_port_motor_feedback/cmake/export_multi_port_motor_feedback__rosidl_typesupport_fastrtps_cExport.cmake
[7.636s] -- Up-to-date: /home/linaro/ludan_sdk/multi_port_motor_feedback/multi_port_motor_feedback_ros2/install/multi_port_motor_feedback/share/multi_port_motor_feedback/cmake/export_multi_port_motor_feedback__rosidl_typesupport_fastrtps_cExport-noconfig.cmake
[7.636s] -- Up-to-date: /home/linaro/ludan_sdk/multi_port_motor_feedback/multi_port_motor_feedback_ros2/install/multi_port_motor_feedback/share/multi_port_motor_feedback/cmake/export_multi_port_motor_feedback__rosidl_generator_cppExport.cmake
[7.637s] -- Up-to-date: /home/linaro/ludan_sdk/multi_port_motor_feedback/multi_port_motor_feedback_ros2/install/multi_port_motor_feedback/share/multi_port_motor_feedback/cmake/export_multi_port_motor_feedback__rosidl_typesupport_fastrtps_cppExport.cmake
[7.637s] -- Up-to-date: /home/linaro/ludan_sdk/multi_port_motor_feedback/multi_port_motor_feedback_ros2/install/multi_port_motor_feedback/share/multi_port_motor_feedback/cmake/export_multi_port_motor_feedback__rosidl_typesupport_fastrtps_cppExport-noconfig.cmake
[7.638s] -- Up-to-date: /home/linaro/ludan_sdk/multi_port_motor_feedback/multi_port_motor_feedback_ros2/install/multi_port_motor_feedback/share/multi_port_motor_feedback/cmake/multi_port_motor_feedback__rosidl_typesupport_introspection_cExport.cmake
[7.638s] -- Up-to-date: /home/linaro/ludan_sdk/multi_port_motor_feedback/multi_port_motor_feedback_ros2/install/multi_port_motor_feedback/share/multi_port_motor_feedback/cmake/multi_port_motor_feedback__rosidl_typesupport_introspection_cExport-noconfig.cmake
[7.639s] -- Up-to-date: /home/linaro/ludan_sdk/multi_port_motor_feedback/multi_port_motor_feedback_ros2/install/multi_port_motor_feedback/share/multi_port_motor_feedback/cmake/multi_port_motor_feedback__rosidl_typesupport_cExport.cmake
[7.639s] -- Up-to-date: /home/linaro/ludan_sdk/multi_port_motor_feedback/multi_port_motor_feedback_ros2/install/multi_port_motor_feedback/share/multi_port_motor_feedback/cmake/multi_port_motor_feedback__rosidl_typesupport_cExport-noconfig.cmake
[7.640s] -- Up-to-date: /home/linaro/ludan_sdk/multi_port_motor_feedback/multi_port_motor_feedback_ros2/install/multi_port_motor_feedback/share/multi_port_motor_feedback/cmake/multi_port_motor_feedback__rosidl_typesupport_introspection_cppExport.cmake
[7.642s] -- Up-to-date: /home/linaro/ludan_sdk/multi_port_motor_feedback/multi_port_motor_feedback_ros2/install/multi_port_motor_feedback/share/multi_port_motor_feedback/cmake/multi_port_motor_feedback__rosidl_typesupport_introspection_cppExport-noconfig.cmake
[7.644s] -- Up-to-date: /home/linaro/ludan_sdk/multi_port_motor_feedback/multi_port_motor_feedback_ros2/install/multi_port_motor_feedback/share/multi_port_motor_feedback/cmake/multi_port_motor_feedback__rosidl_typesupport_cppExport.cmake
[7.644s] -- Up-to-date: /home/linaro/ludan_sdk/multi_port_motor_feedback/multi_port_motor_feedback_ros2/install/multi_port_motor_feedback/share/multi_port_motor_feedback/cmake/multi_port_motor_feedback__rosidl_typesupport_cppExport-noconfig.cmake
[7.646s] -- Up-to-date: /home/linaro/ludan_sdk/multi_port_motor_feedback/multi_port_motor_feedback_ros2/install/multi_port_motor_feedback/share/multi_port_motor_feedback/cmake/rosidl_cmake-extras.cmake
[7.647s] -- Up-to-date: /home/linaro/ludan_sdk/multi_port_motor_feedback/multi_port_motor_feedback_ros2/install/multi_port_motor_feedback/share/multi_port_motor_feedback/cmake/ament_cmake_export_dependencies-extras.cmake
[7.648s] -- Up-to-date: /home/linaro/ludan_sdk/multi_port_motor_feedback/multi_port_motor_feedback_ros2/install/multi_port_motor_feedback/share/multi_port_motor_feedback/cmake/ament_cmake_export_include_directories-extras.cmake
[7.650s] -- Up-to-date: /home/linaro/ludan_sdk/multi_port_motor_feedback/multi_port_motor_feedback_ros2/install/multi_port_motor_feedback/share/multi_port_motor_feedback/cmake/ament_cmake_export_libraries-extras.cmake
[7.650s] -- Up-to-date: /home/linaro/ludan_sdk/multi_port_motor_feedback/multi_port_motor_feedback_ros2/install/multi_port_motor_feedback/share/multi_port_motor_feedback/cmake/ament_cmake_export_targets-extras.cmake
[7.651s] -- Up-to-date: /home/linaro/ludan_sdk/multi_port_motor_feedback/multi_port_motor_feedback_ros2/install/multi_port_motor_feedback/share/multi_port_motor_feedback/cmake/rosidl_cmake_export_typesupport_targets-extras.cmake
[7.651s] -- Up-to-date: /home/linaro/ludan_sdk/multi_port_motor_feedback/multi_port_motor_feedback_ros2/install/multi_port_motor_feedback/share/multi_port_motor_feedback/cmake/rosidl_cmake_export_typesupport_libraries-extras.cmake
[7.651s] -- Up-to-date: /home/linaro/ludan_sdk/multi_port_motor_feedback/multi_port_motor_feedback_ros2/install/multi_port_motor_feedback/share/multi_port_motor_feedback/cmake/multi_port_motor_feedbackConfig.cmake
[7.652s] -- Up-to-date: /home/linaro/ludan_sdk/multi_port_motor_feedback/multi_port_motor_feedback_ros2/install/multi_port_motor_feedback/share/multi_port_motor_feedback/cmake/multi_port_motor_feedbackConfig-version.cmake
[7.652s] -- Up-to-date: /home/linaro/ludan_sdk/multi_port_motor_feedback/multi_port_motor_feedback_ros2/install/multi_port_motor_feedback/share/multi_port_motor_feedback/package.xml
[7.653s] Invoked command in '/home/linaro/ludan_sdk/multi_port_motor_feedback/multi_port_motor_feedback_ros2/build/multi_port_motor_feedback' returned '0': CMAKE_PREFIX_PATH=${CMAKE_PREFIX_PATH}:/opt/ros/humble /usr/bin/cmake --install /home/linaro/ludan_sdk/multi_port_motor_feedback/multi_port_motor_feedback_ros2/build/multi_port_motor_feedback
