[0.015s] Invoking command in '/home/linaro/ludan_sdk/multi_port_motor_feedback/multi_port_motor_feedback_ros2/build/multi_port_motor_feedback': CMAKE_PREFIX_PATH=${CMAKE_PREFIX_PATH}:/opt/ros/humble /usr/bin/cmake --build /home/linaro/ludan_sdk/multi_port_motor_feedback/multi_port_motor_feedback_ros2/build/multi_port_motor_feedback -- -j8 -l8
[0.097s] [  1%] Built target multi_port_motor_feedback__cpp
[0.124s] [  8%] Built target multi_port_motor_feedback__rosidl_typesupport_introspection_cpp
[0.134s] [ 15%] Built target multi_port_motor_feedback__rosidl_generator_c
[0.144s] [ 22%] Built target multi_port_motor_feedback__rosidl_typesupport_fastrtps_cpp
[0.155s] [ 29%] Built target multi_port_motor_feedback__rosidl_typesupport_cpp
[0.164s] [ 36%] Built target multi_port_motor_feedback__rosidl_typesupport_c
[0.167s] [ 43%] Built target multi_port_motor_feedback__rosidl_typesupport_introspection_c
[0.177s] [ 50%] Built target multi_port_motor_feedback__rosidl_typesupport_fastrtps_c
[0.212s] [ 52%] Building CXX object CMakeFiles/can_motor_feedback_publisher.dir/src/can_motor_feedback_publisher.cpp.o
[0.213s] [ 52%] Built target multi_port_motor_feedback
[3.300s] In file included from /home/linaro/ludan_sdk/multi_port_motor_feedback/multi_port_motor_feedback_ros2/../../LINUX_CANFDNET_V1.3.0.5_example/src/CANFDNET.h:4,
[3.300s]                  from /home/linaro/ludan_sdk/multi_port_motor_feedback/multi_port_motor_feedback_ros2/src/can_motor_feedback_publisher.cpp:29:
[3.300s] /home/linaro/ludan_sdk/multi_port_motor_feedback/multi_port_motor_feedback_ros2/../../LINUX_CANFDNET_V1.3.0.5_example/src/zlgcan/zlgcan.h:584:16: warning: ISO C++ prohibits anonymous structs [-Wpedantic]
[3.300s]   584 |         struct {
[3.300s]       |                ^
[3.305s] /home/linaro/ludan_sdk/multi_port_motor_feedback/multi_port_motor_feedback_ros2/src/can_motor_feedback_publisher.cpp:236:63: error: redefinition of ‘std::array<std::chrono::time_point<std::chrono::_V2::steady_clock, std::chrono::duration<long int, std::ratio<1, 1000000000> > >, 30> g_last_seen_time’
[3.305s]   236 | std::array<std::chrono::steady_clock::time_point, NUM_MOTORS> g_last_seen_time = [] {
[3.305s]       |                                                               ^~~~~~~~~~~~~~~~
[3.305s] /home/linaro/ludan_sdk/multi_port_motor_feedback/multi_port_motor_feedback_ros2/src/can_motor_feedback_publisher.cpp:230:63: note: ‘std::array<std::chrono::time_point<std::chrono::_V2::steady_clock, std::chrono::duration<long int, std::ratio<1, 1000000000> > >, 30> g_last_seen_time’ previously defined here
[3.305s]   230 | std::array<std::chrono::steady_clock::time_point, NUM_MOTORS> g_last_seen_time;
[3.305s]       |                                                               ^~~~~~~~~~~~~~~~
[4.593s] gmake[2]: *** [CMakeFiles/can_motor_feedback_publisher.dir/build.make:76: CMakeFiles/can_motor_feedback_publisher.dir/src/can_motor_feedback_publisher.cpp.o] Error 1
[4.593s] gmake[1]: *** [CMakeFiles/Makefile2:396: CMakeFiles/can_motor_feedback_publisher.dir/all] Error 2
[4.594s] gmake: *** [Makefile:146: all] Error 2
[4.598s] Invoked command in '/home/linaro/ludan_sdk/multi_port_motor_feedback/multi_port_motor_feedback_ros2/build/multi_port_motor_feedback' returned '2': CMAKE_PREFIX_PATH=${CMAKE_PREFIX_PATH}:/opt/ros/humble /usr/bin/cmake --build /home/linaro/ludan_sdk/multi_port_motor_feedback/multi_port_motor_feedback_ros2/build/multi_port_motor_feedback -- -j8 -l8
