[0.014s] Invoking command in '/home/linaro/ludan_sdk/multi_port_motor_feedback/multi_port_motor_feedback_ros2/build/multi_port_motor_feedback': CMAKE_PREFIX_PATH=${CMAKE_PREFIX_PATH}:/opt/ros/humble /usr/bin/cmake --build /home/linaro/ludan_sdk/multi_port_motor_feedback/multi_port_motor_feedback_ros2/build/multi_port_motor_feedback -- -j8 -l8
[0.111s] [  1%] Built target multi_port_motor_feedback__cpp
[0.124s] [  8%] Built target multi_port_motor_feedback__rosidl_generator_c
[0.138s] [ 15%] Built target multi_port_motor_feedback__rosidl_typesupport_introspection_cpp
[0.142s] [ 22%] Built target multi_port_motor_feedback__rosidl_typesupport_fastrtps_cpp
[0.153s] [ 29%] Built target multi_port_motor_feedback__rosidl_typesupport_cpp
[0.156s] [ 36%] Built target multi_port_motor_feedback__rosidl_typesupport_introspection_c
[0.177s] [ 43%] Built target multi_port_motor_feedback__rosidl_typesupport_fastrtps_c
[0.188s] [ 50%] Built target multi_port_motor_feedback__rosidl_typesupport_c
[0.207s] [ 52%] Building CXX object CMakeFiles/can_motor_feedback_publisher.dir/src/can_motor_feedback_publisher.cpp.o
[0.215s] [ 52%] Built target multi_port_motor_feedback
[3.262s] In file included from /home/linaro/ludan_sdk/multi_port_motor_feedback/multi_port_motor_feedback_ros2/../../LINUX_CANFDNET_V1.3.0.5_example/src/CANFDNET.h:4,
[3.263s]                  from /home/linaro/ludan_sdk/multi_port_motor_feedback/multi_port_motor_feedback_ros2/src/can_motor_feedback_publisher.cpp:29:
[3.263s] /home/linaro/ludan_sdk/multi_port_motor_feedback/multi_port_motor_feedback_ros2/../../LINUX_CANFDNET_V1.3.0.5_example/src/zlgcan/zlgcan.h:584:16: warning: ISO C++ prohibits anonymous structs [-Wpedantic]
[3.263s]   584 |         struct {
[3.264s]       |                ^
[6.434s] [ 54%] Linking CXX executable can_motor_feedback_publisher
[7.058s] [100%] Built target can_motor_feedback_publisher
[7.075s] Invoked command in '/home/linaro/ludan_sdk/multi_port_motor_feedback/multi_port_motor_feedback_ros2/build/multi_port_motor_feedback' returned '0': CMAKE_PREFIX_PATH=${CMAKE_PREFIX_PATH}:/opt/ros/humble /usr/bin/cmake --build /home/linaro/ludan_sdk/multi_port_motor_feedback/multi_port_motor_feedback_ros2/build/multi_port_motor_feedback -- -j8 -l8
[7.091s] Invoking command in '/home/linaro/ludan_sdk/multi_port_motor_feedback/multi_port_motor_feedback_ros2/build/multi_port_motor_feedback': CMAKE_PREFIX_PATH=${CMAKE_PREFIX_PATH}:/opt/ros/humble /usr/bin/cmake --install /home/linaro/ludan_sdk/multi_port_motor_feedback/multi_port_motor_feedback_ros2/build/multi_port_motor_feedback
[7.115s] -- Install configuration: ""
[7.115s] -- Up-to-date: /home/linaro/ludan_sdk/multi_port_motor_feedback/multi_port_motor_feedback_ros2/install/multi_port_motor_feedback/share/ament_index/resource_index/rosidl_interfaces/multi_port_motor_feedback
[7.117s] -- Up-to-date: /home/linaro/ludan_sdk/multi_port_motor_feedback/multi_port_motor_feedback_ros2/install/multi_port_motor_feedback/include/multi_port_motor_feedback/multi_port_motor_feedback
[7.120s] -- Up-to-date: /home/linaro/ludan_sdk/multi_port_motor_feedback/multi_port_motor_feedback_ros2/install/multi_port_motor_feedback/include/multi_port_motor_feedback/multi_port_motor_feedback/msg
[7.121s] -- Up-to-date: /home/linaro/ludan_sdk/multi_port_motor_feedback/multi_port_motor_feedback_ros2/install/multi_port_motor_feedback/include/multi_port_motor_feedback/multi_port_motor_feedback/msg/rosidl_generator_c__visibility_control.h
[7.122s] -- Up-to-date: /home/linaro/ludan_sdk/multi_port_motor_feedback/multi_port_motor_feedback_ros2/install/multi_port_motor_feedback/include/multi_port_motor_feedback/multi_port_motor_feedback/msg/multi_port_motor_feedback.h
[7.123s] -- Up-to-date: /home/linaro/ludan_sdk/multi_port_motor_feedback/multi_port_motor_feedback_ros2/install/multi_port_motor_feedback/include/multi_port_motor_feedback/multi_port_motor_feedback/msg/motor_state.h
[7.123s] -- Up-to-date: /home/linaro/ludan_sdk/multi_port_motor_feedback/multi_port_motor_feedback_ros2/install/multi_port_motor_feedback/include/multi_port_motor_feedback/multi_port_motor_feedback/msg/low_state.h
[7.124s] -- Up-to-date: /home/linaro/ludan_sdk/multi_port_motor_feedback/multi_port_motor_feedback_ros2/install/multi_port_motor_feedback/include/multi_port_motor_feedback/multi_port_motor_feedback/msg/detail
[7.125s] -- Up-to-date: /home/linaro/ludan_sdk/multi_port_motor_feedback/multi_port_motor_feedback_ros2/install/multi_port_motor_feedback/include/multi_port_motor_feedback/multi_port_motor_feedback/msg/detail/motor_state__functions.c
[7.126s] -- Up-to-date: /home/linaro/ludan_sdk/multi_port_motor_feedback/multi_port_motor_feedback_ros2/install/multi_port_motor_feedback/include/multi_port_motor_feedback/multi_port_motor_feedback/msg/detail/low_state__type_support.h
[7.127s] -- Up-to-date: /home/linaro/ludan_sdk/multi_port_motor_feedback/multi_port_motor_feedback_ros2/install/multi_port_motor_feedback/include/multi_port_motor_feedback/multi_port_motor_feedback/msg/detail/multi_port_motor_feedback__functions.h
[7.128s] -- Up-to-date: /home/linaro/ludan_sdk/multi_port_motor_feedback/multi_port_motor_feedback_ros2/install/multi_port_motor_feedback/include/multi_port_motor_feedback/multi_port_motor_feedback/msg/detail/low_state__functions.c
[7.128s] -- Up-to-date: /home/linaro/ludan_sdk/multi_port_motor_feedback/multi_port_motor_feedback_ros2/install/multi_port_motor_feedback/include/multi_port_motor_feedback/multi_port_motor_feedback/msg/detail/multi_port_motor_feedback__struct.h
[7.128s] -- Up-to-date: /home/linaro/ludan_sdk/multi_port_motor_feedback/multi_port_motor_feedback_ros2/install/multi_port_motor_feedback/include/multi_port_motor_feedback/multi_port_motor_feedback/msg/detail/motor_state__functions.h
[7.129s] -- Up-to-date: /home/linaro/ludan_sdk/multi_port_motor_feedback/multi_port_motor_feedback_ros2/install/multi_port_motor_feedback/include/multi_port_motor_feedback/multi_port_motor_feedback/msg/detail/multi_port_motor_feedback__functions.c
[7.129s] -- Up-to-date: /home/linaro/ludan_sdk/multi_port_motor_feedback/multi_port_motor_feedback_ros2/install/multi_port_motor_feedback/include/multi_port_motor_feedback/multi_port_motor_feedback/msg/detail/multi_port_motor_feedback__type_support.h
[7.130s] -- Up-to-date: /home/linaro/ludan_sdk/multi_port_motor_feedback/multi_port_motor_feedback_ros2/install/multi_port_motor_feedback/include/multi_port_motor_feedback/multi_port_motor_feedback/msg/detail/motor_state__type_support.h
[7.130s] -- Up-to-date: /home/linaro/ludan_sdk/multi_port_motor_feedback/multi_port_motor_feedback_ros2/install/multi_port_motor_feedback/include/multi_port_motor_feedback/multi_port_motor_feedback/msg/detail/low_state__struct.h
[7.130s] -- Up-to-date: /home/linaro/ludan_sdk/multi_port_motor_feedback/multi_port_motor_feedback_ros2/install/multi_port_motor_feedback/include/multi_port_motor_feedback/multi_port_motor_feedback/msg/detail/motor_state__struct.h
[7.131s] -- Up-to-date: /home/linaro/ludan_sdk/multi_port_motor_feedback/multi_port_motor_feedback_ros2/install/multi_port_motor_feedback/include/multi_port_motor_feedback/multi_port_motor_feedback/msg/detail/low_state__functions.h
[7.131s] -- Up-to-date: /home/linaro/ludan_sdk/multi_port_motor_feedback/multi_port_motor_feedback_ros2/install/multi_port_motor_feedback/share/multi_port_motor_feedback/environment/library_path.sh
[7.132s] -- Up-to-date: /home/linaro/ludan_sdk/multi_port_motor_feedback/multi_port_motor_feedback_ros2/install/multi_port_motor_feedback/share/multi_port_motor_feedback/environment/library_path.dsv
[7.132s] -- Up-to-date: /home/linaro/ludan_sdk/multi_port_motor_feedback/multi_port_motor_feedback_ros2/install/multi_port_motor_feedback/lib/libmulti_port_motor_feedback__rosidl_generator_c.so
[7.132s] -- Up-to-date: /home/linaro/ludan_sdk/multi_port_motor_feedback/multi_port_motor_feedback_ros2/install/multi_port_motor_feedback/include/multi_port_motor_feedback/multi_port_motor_feedback
[7.133s] -- Up-to-date: /home/linaro/ludan_sdk/multi_port_motor_feedback/multi_port_motor_feedback_ros2/install/multi_port_motor_feedback/include/multi_port_motor_feedback/multi_port_motor_feedback/msg
[7.133s] -- Up-to-date: /home/linaro/ludan_sdk/multi_port_motor_feedback/multi_port_motor_feedback_ros2/install/multi_port_motor_feedback/include/multi_port_motor_feedback/multi_port_motor_feedback/msg/rosidl_typesupport_fastrtps_c__visibility_control.h
[7.133s] -- Up-to-date: /home/linaro/ludan_sdk/multi_port_motor_feedback/multi_port_motor_feedback_ros2/install/multi_port_motor_feedback/include/multi_port_motor_feedback/multi_port_motor_feedback/msg/detail
[7.134s] -- Up-to-date: /home/linaro/ludan_sdk/multi_port_motor_feedback/multi_port_motor_feedback_ros2/install/multi_port_motor_feedback/include/multi_port_motor_feedback/multi_port_motor_feedback/msg/detail/motor_state__rosidl_typesupport_fastrtps_c.h
[7.134s] -- Up-to-date: /home/linaro/ludan_sdk/multi_port_motor_feedback/multi_port_motor_feedback_ros2/install/multi_port_motor_feedback/include/multi_port_motor_feedback/multi_port_motor_feedback/msg/detail/multi_port_motor_feedback__rosidl_typesupport_fastrtps_c.h
[7.135s] -- Up-to-date: /home/linaro/ludan_sdk/multi_port_motor_feedback/multi_port_motor_feedback_ros2/install/multi_port_motor_feedback/include/multi_port_motor_feedback/multi_port_motor_feedback/msg/detail/low_state__rosidl_typesupport_fastrtps_c.h
[7.135s] -- Up-to-date: /home/linaro/ludan_sdk/multi_port_motor_feedback/multi_port_motor_feedback_ros2/install/multi_port_motor_feedback/lib/libmulti_port_motor_feedback__rosidl_typesupport_fastrtps_c.so
[7.135s] -- Up-to-date: /home/linaro/ludan_sdk/multi_port_motor_feedback/multi_port_motor_feedback_ros2/install/multi_port_motor_feedback/include/multi_port_motor_feedback/multi_port_motor_feedback
[7.136s] -- Up-to-date: /home/linaro/ludan_sdk/multi_port_motor_feedback/multi_port_motor_feedback_ros2/install/multi_port_motor_feedback/include/multi_port_motor_feedback/multi_port_motor_feedback/msg
[7.136s] -- Up-to-date: /home/linaro/ludan_sdk/multi_port_motor_feedback/multi_port_motor_feedback_ros2/install/multi_port_motor_feedback/include/multi_port_motor_feedback/multi_port_motor_feedback/msg/rosidl_generator_cpp__visibility_control.hpp
[7.136s] -- Up-to-date: /home/linaro/ludan_sdk/multi_port_motor_feedback/multi_port_motor_feedback_ros2/install/multi_port_motor_feedback/include/multi_port_motor_feedback/multi_port_motor_feedback/msg/low_state.hpp
[7.137s] -- Up-to-date: /home/linaro/ludan_sdk/multi_port_motor_feedback/multi_port_motor_feedback_ros2/install/multi_port_motor_feedback/include/multi_port_motor_feedback/multi_port_motor_feedback/msg/motor_state.hpp
[7.137s] -- Up-to-date: /home/linaro/ludan_sdk/multi_port_motor_feedback/multi_port_motor_feedback_ros2/install/multi_port_motor_feedback/include/multi_port_motor_feedback/multi_port_motor_feedback/msg/multi_port_motor_feedback.hpp
[7.138s] -- Up-to-date: /home/linaro/ludan_sdk/multi_port_motor_feedback/multi_port_motor_feedback_ros2/install/multi_port_motor_feedback/include/multi_port_motor_feedback/multi_port_motor_feedback/msg/detail
[7.138s] -- Up-to-date: /home/linaro/ludan_sdk/multi_port_motor_feedback/multi_port_motor_feedback_ros2/install/multi_port_motor_feedback/include/multi_port_motor_feedback/multi_port_motor_feedback/msg/detail/motor_state__type_support.hpp
[7.138s] -- Up-to-date: /home/linaro/ludan_sdk/multi_port_motor_feedback/multi_port_motor_feedback_ros2/install/multi_port_motor_feedback/include/multi_port_motor_feedback/multi_port_motor_feedback/msg/detail/motor_state__struct.hpp
[7.139s] -- Up-to-date: /home/linaro/ludan_sdk/multi_port_motor_feedback/multi_port_motor_feedback_ros2/install/multi_port_motor_feedback/include/multi_port_motor_feedback/multi_port_motor_feedback/msg/detail/multi_port_motor_feedback__type_support.hpp
[7.139s] -- Up-to-date: /home/linaro/ludan_sdk/multi_port_motor_feedback/multi_port_motor_feedback_ros2/install/multi_port_motor_feedback/include/multi_port_motor_feedback/multi_port_motor_feedback/msg/detail/multi_port_motor_feedback__builder.hpp
[7.139s] -- Up-to-date: /home/linaro/ludan_sdk/multi_port_motor_feedback/multi_port_motor_feedback_ros2/install/multi_port_motor_feedback/include/multi_port_motor_feedback/multi_port_motor_feedback/msg/detail/motor_state__traits.hpp
[7.140s] -- Up-to-date: /home/linaro/ludan_sdk/multi_port_motor_feedback/multi_port_motor_feedback_ros2/install/multi_port_motor_feedback/include/multi_port_motor_feedback/multi_port_motor_feedback/msg/detail/multi_port_motor_feedback__traits.hpp
[7.140s] -- Up-to-date: /home/linaro/ludan_sdk/multi_port_motor_feedback/multi_port_motor_feedback_ros2/install/multi_port_motor_feedback/include/multi_port_motor_feedback/multi_port_motor_feedback/msg/detail/low_state__traits.hpp
[7.141s] -- Up-to-date: /home/linaro/ludan_sdk/multi_port_motor_feedback/multi_port_motor_feedback_ros2/install/multi_port_motor_feedback/include/multi_port_motor_feedback/multi_port_motor_feedback/msg/detail/low_state__type_support.hpp
[7.141s] -- Up-to-date: /home/linaro/ludan_sdk/multi_port_motor_feedback/multi_port_motor_feedback_ros2/install/multi_port_motor_feedback/include/multi_port_motor_feedback/multi_port_motor_feedback/msg/detail/low_state__builder.hpp
[7.141s] -- Up-to-date: /home/linaro/ludan_sdk/multi_port_motor_feedback/multi_port_motor_feedback_ros2/install/multi_port_motor_feedback/include/multi_port_motor_feedback/multi_port_motor_feedback/msg/detail/motor_state__builder.hpp
[7.142s] -- Up-to-date: /home/linaro/ludan_sdk/multi_port_motor_feedback/multi_port_motor_feedback_ros2/install/multi_port_motor_feedback/include/multi_port_motor_feedback/multi_port_motor_feedback/msg/detail/multi_port_motor_feedback__struct.hpp
[7.142s] -- Up-to-date: /home/linaro/ludan_sdk/multi_port_motor_feedback/multi_port_motor_feedback_ros2/install/multi_port_motor_feedback/include/multi_port_motor_feedback/multi_port_motor_feedback/msg/detail/low_state__struct.hpp
[7.143s] -- Up-to-date: /home/linaro/ludan_sdk/multi_port_motor_feedback/multi_port_motor_feedback_ros2/install/multi_port_motor_feedback/include/multi_port_motor_feedback/multi_port_motor_feedback
[7.143s] -- Up-to-date: /home/linaro/ludan_sdk/multi_port_motor_feedback/multi_port_motor_feedback_ros2/install/multi_port_motor_feedback/include/multi_port_motor_feedback/multi_port_motor_feedback/msg
[7.143s] -- Up-to-date: /home/linaro/ludan_sdk/multi_port_motor_feedback/multi_port_motor_feedback_ros2/install/multi_port_motor_feedback/include/multi_port_motor_feedback/multi_port_motor_feedback/msg/rosidl_typesupport_fastrtps_cpp__visibility_control.h
[7.144s] -- Up-to-date: /home/linaro/ludan_sdk/multi_port_motor_feedback/multi_port_motor_feedback_ros2/install/multi_port_motor_feedback/include/multi_port_motor_feedback/multi_port_motor_feedback/msg/detail
[7.147s] -- Up-to-date: /home/linaro/ludan_sdk/multi_port_motor_feedback/multi_port_motor_feedback_ros2/install/multi_port_motor_feedback/include/multi_port_motor_feedback/multi_port_motor_feedback/msg/detail/multi_port_motor_feedback__rosidl_typesupport_fastrtps_cpp.hpp
[7.147s] -- Up-to-date: /home/linaro/ludan_sdk/multi_port_motor_feedback/multi_port_motor_feedback_ros2/install/multi_port_motor_feedback/include/multi_port_motor_feedback/multi_port_motor_feedback/msg/detail/motor_state__rosidl_typesupport_fastrtps_cpp.hpp
[7.147s] -- Up-to-date: /home/linaro/ludan_sdk/multi_port_motor_feedback/multi_port_motor_feedback_ros2/install/multi_port_motor_feedback/include/multi_port_motor_feedback/multi_port_motor_feedback/msg/detail/low_state__rosidl_typesupport_fastrtps_cpp.hpp
[7.148s] -- Up-to-date: /home/linaro/ludan_sdk/multi_port_motor_feedback/multi_port_motor_feedback_ros2/install/multi_port_motor_feedback/include/multi_port_motor_feedback/multi_port_motor_feedback/msg/detail/dds_fastrtps
[7.149s] -- Up-to-date: /home/linaro/ludan_sdk/multi_port_motor_feedback/multi_port_motor_feedback_ros2/install/multi_port_motor_feedback/lib/libmulti_port_motor_feedback__rosidl_typesupport_fastrtps_cpp.so
[7.151s] -- Up-to-date: /home/linaro/ludan_sdk/multi_port_motor_feedback/multi_port_motor_feedback_ros2/install/multi_port_motor_feedback/include/multi_port_motor_feedback/multi_port_motor_feedback
[7.152s] -- Up-to-date: /home/linaro/ludan_sdk/multi_port_motor_feedback/multi_port_motor_feedback_ros2/install/multi_port_motor_feedback/include/multi_port_motor_feedback/multi_port_motor_feedback/msg
[7.153s] -- Up-to-date: /home/linaro/ludan_sdk/multi_port_motor_feedback/multi_port_motor_feedback_ros2/install/multi_port_motor_feedback/include/multi_port_motor_feedback/multi_port_motor_feedback/msg/detail
[7.154s] -- Up-to-date: /home/linaro/ludan_sdk/multi_port_motor_feedback/multi_port_motor_feedback_ros2/install/multi_port_motor_feedback/include/multi_port_motor_feedback/multi_port_motor_feedback/msg/detail/motor_state__type_support.c
[7.155s] -- Up-to-date: /home/linaro/ludan_sdk/multi_port_motor_feedback/multi_port_motor_feedback_ros2/install/multi_port_motor_feedback/include/multi_port_motor_feedback/multi_port_motor_feedback/msg/detail/multi_port_motor_feedback__rosidl_typesupport_introspection_c.h
[7.156s] -- Up-to-date: /home/linaro/ludan_sdk/multi_port_motor_feedback/multi_port_motor_feedback_ros2/install/multi_port_motor_feedback/include/multi_port_motor_feedback/multi_port_motor_feedback/msg/detail/motor_state__rosidl_typesupport_introspection_c.h
[7.156s] -- Up-to-date: /home/linaro/ludan_sdk/multi_port_motor_feedback/multi_port_motor_feedback_ros2/install/multi_port_motor_feedback/include/multi_port_motor_feedback/multi_port_motor_feedback/msg/detail/low_state__rosidl_typesupport_introspection_c.h
[7.157s] -- Up-to-date: /home/linaro/ludan_sdk/multi_port_motor_feedback/multi_port_motor_feedback_ros2/install/multi_port_motor_feedback/include/multi_port_motor_feedback/multi_port_motor_feedback/msg/detail/multi_port_motor_feedback__type_support.c
[7.157s] -- Up-to-date: /home/linaro/ludan_sdk/multi_port_motor_feedback/multi_port_motor_feedback_ros2/install/multi_port_motor_feedback/include/multi_port_motor_feedback/multi_port_motor_feedback/msg/detail/low_state__type_support.c
[7.158s] -- Up-to-date: /home/linaro/ludan_sdk/multi_port_motor_feedback/multi_port_motor_feedback_ros2/install/multi_port_motor_feedback/include/multi_port_motor_feedback/multi_port_motor_feedback/msg/rosidl_typesupport_introspection_c__visibility_control.h
[7.158s] -- Up-to-date: /home/linaro/ludan_sdk/multi_port_motor_feedback/multi_port_motor_feedback_ros2/install/multi_port_motor_feedback/lib/libmulti_port_motor_feedback__rosidl_typesupport_introspection_c.so
[7.159s] -- Up-to-date: /home/linaro/ludan_sdk/multi_port_motor_feedback/multi_port_motor_feedback_ros2/install/multi_port_motor_feedback/lib/libmulti_port_motor_feedback__rosidl_typesupport_c.so
[7.160s] -- Up-to-date: /home/linaro/ludan_sdk/multi_port_motor_feedback/multi_port_motor_feedback_ros2/install/multi_port_motor_feedback/include/multi_port_motor_feedback/multi_port_motor_feedback
[7.160s] -- Up-to-date: /home/linaro/ludan_sdk/multi_port_motor_feedback/multi_port_motor_feedback_ros2/install/multi_port_motor_feedback/include/multi_port_motor_feedback/multi_port_motor_feedback/msg
[7.161s] -- Up-to-date: /home/linaro/ludan_sdk/multi_port_motor_feedback/multi_port_motor_feedback_ros2/install/multi_port_motor_feedback/include/multi_port_motor_feedback/multi_port_motor_feedback/msg/detail
[7.162s] -- Up-to-date: /home/linaro/ludan_sdk/multi_port_motor_feedback/multi_port_motor_feedback_ros2/install/multi_port_motor_feedback/include/multi_port_motor_feedback/multi_port_motor_feedback/msg/detail/motor_state__type_support.cpp
[7.162s] -- Up-to-date: /home/linaro/ludan_sdk/multi_port_motor_feedback/multi_port_motor_feedback_ros2/install/multi_port_motor_feedback/include/multi_port_motor_feedback/multi_port_motor_feedback/msg/detail/motor_state__rosidl_typesupport_introspection_cpp.hpp
[7.163s] -- Up-to-date: /home/linaro/ludan_sdk/multi_port_motor_feedback/multi_port_motor_feedback_ros2/install/multi_port_motor_feedback/include/multi_port_motor_feedback/multi_port_motor_feedback/msg/detail/multi_port_motor_feedback__rosidl_typesupport_introspection_cpp.hpp
[7.163s] -- Up-to-date: /home/linaro/ludan_sdk/multi_port_motor_feedback/multi_port_motor_feedback_ros2/install/multi_port_motor_feedback/include/multi_port_motor_feedback/multi_port_motor_feedback/msg/detail/low_state__type_support.cpp
[7.164s] -- Up-to-date: /home/linaro/ludan_sdk/multi_port_motor_feedback/multi_port_motor_feedback_ros2/install/multi_port_motor_feedback/include/multi_port_motor_feedback/multi_port_motor_feedback/msg/detail/low_state__rosidl_typesupport_introspection_cpp.hpp
[7.165s] -- Up-to-date: /home/linaro/ludan_sdk/multi_port_motor_feedback/multi_port_motor_feedback_ros2/install/multi_port_motor_feedback/include/multi_port_motor_feedback/multi_port_motor_feedback/msg/detail/multi_port_motor_feedback__type_support.cpp
[7.166s] -- Up-to-date: /home/linaro/ludan_sdk/multi_port_motor_feedback/multi_port_motor_feedback_ros2/install/multi_port_motor_feedback/lib/libmulti_port_motor_feedback__rosidl_typesupport_introspection_cpp.so
[7.166s] -- Up-to-date: /home/linaro/ludan_sdk/multi_port_motor_feedback/multi_port_motor_feedback_ros2/install/multi_port_motor_feedback/lib/libmulti_port_motor_feedback__rosidl_typesupport_cpp.so
[7.167s] -- Up-to-date: /home/linaro/ludan_sdk/multi_port_motor_feedback/multi_port_motor_feedback_ros2/install/multi_port_motor_feedback/share/multi_port_motor_feedback/msg/MotorState.idl
[7.168s] -- Up-to-date: /home/linaro/ludan_sdk/multi_port_motor_feedback/multi_port_motor_feedback_ros2/install/multi_port_motor_feedback/share/multi_port_motor_feedback/msg/LowState.idl
[7.168s] -- Up-to-date: /home/linaro/ludan_sdk/multi_port_motor_feedback/multi_port_motor_feedback_ros2/install/multi_port_motor_feedback/share/multi_port_motor_feedback/msg/MotorState.msg
[7.169s] -- Up-to-date: /home/linaro/ludan_sdk/multi_port_motor_feedback/multi_port_motor_feedback_ros2/install/multi_port_motor_feedback/share/multi_port_motor_feedback/msg/LowState.msg
[7.169s] -- Installing: /home/linaro/ludan_sdk/multi_port_motor_feedback/multi_port_motor_feedback_ros2/install/multi_port_motor_feedback/lib/multi_port_motor_feedback/can_motor_feedback_publisher
[7.170s] -- Set runtime path of "/home/linaro/ludan_sdk/multi_port_motor_feedback/multi_port_motor_feedback_ros2/install/multi_port_motor_feedback/lib/multi_port_motor_feedback/can_motor_feedback_publisher" to ""
[7.171s] -- Up-to-date: /home/linaro/ludan_sdk/multi_port_motor_feedback/multi_port_motor_feedback_ros2/install/multi_port_motor_feedback/share/multi_port_motor_feedback//launch
[7.173s] -- Up-to-date: /home/linaro/ludan_sdk/multi_port_motor_feedback/multi_port_motor_feedback_ros2/install/multi_port_motor_feedback/share/multi_port_motor_feedback//launch/motor_feedback_publisher.launch.py
[7.174s] -- Up-to-date: /home/linaro/ludan_sdk/multi_port_motor_feedback/multi_port_motor_feedback_ros2/install/multi_port_motor_feedback/share/ament_index/resource_index/package_run_dependencies/multi_port_motor_feedback
[7.175s] -- Up-to-date: /home/linaro/ludan_sdk/multi_port_motor_feedback/multi_port_motor_feedback_ros2/install/multi_port_motor_feedback/share/ament_index/resource_index/parent_prefix_path/multi_port_motor_feedback
[7.176s] -- Up-to-date: /home/linaro/ludan_sdk/multi_port_motor_feedback/multi_port_motor_feedback_ros2/install/multi_port_motor_feedback/share/multi_port_motor_feedback/environment/ament_prefix_path.sh
[7.176s] -- Up-to-date: /home/linaro/ludan_sdk/multi_port_motor_feedback/multi_port_motor_feedback_ros2/install/multi_port_motor_feedback/share/multi_port_motor_feedback/environment/ament_prefix_path.dsv
[7.177s] -- Up-to-date: /home/linaro/ludan_sdk/multi_port_motor_feedback/multi_port_motor_feedback_ros2/install/multi_port_motor_feedback/share/multi_port_motor_feedback/environment/path.sh
[7.177s] -- Up-to-date: /home/linaro/ludan_sdk/multi_port_motor_feedback/multi_port_motor_feedback_ros2/install/multi_port_motor_feedback/share/multi_port_motor_feedback/environment/path.dsv
[7.178s] -- Up-to-date: /home/linaro/ludan_sdk/multi_port_motor_feedback/multi_port_motor_feedback_ros2/install/multi_port_motor_feedback/share/multi_port_motor_feedback/local_setup.bash
[7.179s] -- Up-to-date: /home/linaro/ludan_sdk/multi_port_motor_feedback/multi_port_motor_feedback_ros2/install/multi_port_motor_feedback/share/multi_port_motor_feedback/local_setup.sh
[7.179s] -- Up-to-date: /home/linaro/ludan_sdk/multi_port_motor_feedback/multi_port_motor_feedback_ros2/install/multi_port_motor_feedback/share/multi_port_motor_feedback/local_setup.zsh
[7.180s] -- Up-to-date: /home/linaro/ludan_sdk/multi_port_motor_feedback/multi_port_motor_feedback_ros2/install/multi_port_motor_feedback/share/multi_port_motor_feedback/local_setup.dsv
[7.180s] -- Up-to-date: /home/linaro/ludan_sdk/multi_port_motor_feedback/multi_port_motor_feedback_ros2/install/multi_port_motor_feedback/share/multi_port_motor_feedback/package.dsv
[7.181s] -- Up-to-date: /home/linaro/ludan_sdk/multi_port_motor_feedback/multi_port_motor_feedback_ros2/install/multi_port_motor_feedback/share/ament_index/resource_index/packages/multi_port_motor_feedback
[7.181s] -- Up-to-date: /home/linaro/ludan_sdk/multi_port_motor_feedback/multi_port_motor_feedback_ros2/install/multi_port_motor_feedback/share/multi_port_motor_feedback/cmake/export_multi_port_motor_feedback__rosidl_generator_cExport.cmake
[7.182s] -- Up-to-date: /home/linaro/ludan_sdk/multi_port_motor_feedback/multi_port_motor_feedback_ros2/install/multi_port_motor_feedback/share/multi_port_motor_feedback/cmake/export_multi_port_motor_feedback__rosidl_generator_cExport-noconfig.cmake
[7.183s] -- Up-to-date: /home/linaro/ludan_sdk/multi_port_motor_feedback/multi_port_motor_feedback_ros2/install/multi_port_motor_feedback/share/multi_port_motor_feedback/cmake/export_multi_port_motor_feedback__rosidl_typesupport_fastrtps_cExport.cmake
[7.183s] -- Up-to-date: /home/linaro/ludan_sdk/multi_port_motor_feedback/multi_port_motor_feedback_ros2/install/multi_port_motor_feedback/share/multi_port_motor_feedback/cmake/export_multi_port_motor_feedback__rosidl_typesupport_fastrtps_cExport-noconfig.cmake
[7.184s] -- Up-to-date: /home/linaro/ludan_sdk/multi_port_motor_feedback/multi_port_motor_feedback_ros2/install/multi_port_motor_feedback/share/multi_port_motor_feedback/cmake/export_multi_port_motor_feedback__rosidl_generator_cppExport.cmake
[7.184s] -- Up-to-date: /home/linaro/ludan_sdk/multi_port_motor_feedback/multi_port_motor_feedback_ros2/install/multi_port_motor_feedback/share/multi_port_motor_feedback/cmake/export_multi_port_motor_feedback__rosidl_typesupport_fastrtps_cppExport.cmake
[7.185s] -- Up-to-date: /home/linaro/ludan_sdk/multi_port_motor_feedback/multi_port_motor_feedback_ros2/install/multi_port_motor_feedback/share/multi_port_motor_feedback/cmake/export_multi_port_motor_feedback__rosidl_typesupport_fastrtps_cppExport-noconfig.cmake
[7.185s] -- Up-to-date: /home/linaro/ludan_sdk/multi_port_motor_feedback/multi_port_motor_feedback_ros2/install/multi_port_motor_feedback/share/multi_port_motor_feedback/cmake/multi_port_motor_feedback__rosidl_typesupport_introspection_cExport.cmake
[7.186s] -- Up-to-date: /home/linaro/ludan_sdk/multi_port_motor_feedback/multi_port_motor_feedback_ros2/install/multi_port_motor_feedback/share/multi_port_motor_feedback/cmake/multi_port_motor_feedback__rosidl_typesupport_introspection_cExport-noconfig.cmake
[7.186s] -- Up-to-date: /home/linaro/ludan_sdk/multi_port_motor_feedback/multi_port_motor_feedback_ros2/install/multi_port_motor_feedback/share/multi_port_motor_feedback/cmake/multi_port_motor_feedback__rosidl_typesupport_cExport.cmake
[7.187s] -- Up-to-date: /home/linaro/ludan_sdk/multi_port_motor_feedback/multi_port_motor_feedback_ros2/install/multi_port_motor_feedback/share/multi_port_motor_feedback/cmake/multi_port_motor_feedback__rosidl_typesupport_cExport-noconfig.cmake
[7.187s] -- Up-to-date: /home/linaro/ludan_sdk/multi_port_motor_feedback/multi_port_motor_feedback_ros2/install/multi_port_motor_feedback/share/multi_port_motor_feedback/cmake/multi_port_motor_feedback__rosidl_typesupport_introspection_cppExport.cmake
[7.188s] -- Up-to-date: /home/linaro/ludan_sdk/multi_port_motor_feedback/multi_port_motor_feedback_ros2/install/multi_port_motor_feedback/share/multi_port_motor_feedback/cmake/multi_port_motor_feedback__rosidl_typesupport_introspection_cppExport-noconfig.cmake
[7.188s] -- Up-to-date: /home/linaro/ludan_sdk/multi_port_motor_feedback/multi_port_motor_feedback_ros2/install/multi_port_motor_feedback/share/multi_port_motor_feedback/cmake/multi_port_motor_feedback__rosidl_typesupport_cppExport.cmake
[7.189s] -- Up-to-date: /home/linaro/ludan_sdk/multi_port_motor_feedback/multi_port_motor_feedback_ros2/install/multi_port_motor_feedback/share/multi_port_motor_feedback/cmake/multi_port_motor_feedback__rosidl_typesupport_cppExport-noconfig.cmake
[7.189s] -- Up-to-date: /home/linaro/ludan_sdk/multi_port_motor_feedback/multi_port_motor_feedback_ros2/install/multi_port_motor_feedback/share/multi_port_motor_feedback/cmake/rosidl_cmake-extras.cmake
[7.191s] -- Up-to-date: /home/linaro/ludan_sdk/multi_port_motor_feedback/multi_port_motor_feedback_ros2/install/multi_port_motor_feedback/share/multi_port_motor_feedback/cmake/ament_cmake_export_dependencies-extras.cmake
[7.193s] -- Up-to-date: /home/linaro/ludan_sdk/multi_port_motor_feedback/multi_port_motor_feedback_ros2/install/multi_port_motor_feedback/share/multi_port_motor_feedback/cmake/ament_cmake_export_include_directories-extras.cmake
[7.194s] -- Up-to-date: /home/linaro/ludan_sdk/multi_port_motor_feedback/multi_port_motor_feedback_ros2/install/multi_port_motor_feedback/share/multi_port_motor_feedback/cmake/ament_cmake_export_libraries-extras.cmake
[7.194s] -- Up-to-date: /home/linaro/ludan_sdk/multi_port_motor_feedback/multi_port_motor_feedback_ros2/install/multi_port_motor_feedback/share/multi_port_motor_feedback/cmake/ament_cmake_export_targets-extras.cmake
[7.195s] -- Up-to-date: /home/linaro/ludan_sdk/multi_port_motor_feedback/multi_port_motor_feedback_ros2/install/multi_port_motor_feedback/share/multi_port_motor_feedback/cmake/rosidl_cmake_export_typesupport_targets-extras.cmake
[7.197s] -- Up-to-date: /home/linaro/ludan_sdk/multi_port_motor_feedback/multi_port_motor_feedback_ros2/install/multi_port_motor_feedback/share/multi_port_motor_feedback/cmake/rosidl_cmake_export_typesupport_libraries-extras.cmake
[7.197s] -- Up-to-date: /home/linaro/ludan_sdk/multi_port_motor_feedback/multi_port_motor_feedback_ros2/install/multi_port_motor_feedback/share/multi_port_motor_feedback/cmake/multi_port_motor_feedbackConfig.cmake
[7.200s] -- Up-to-date: /home/linaro/ludan_sdk/multi_port_motor_feedback/multi_port_motor_feedback_ros2/install/multi_port_motor_feedback/share/multi_port_motor_feedback/cmake/multi_port_motor_feedbackConfig-version.cmake
[7.200s] -- Up-to-date: /home/linaro/ludan_sdk/multi_port_motor_feedback/multi_port_motor_feedback_ros2/install/multi_port_motor_feedback/share/multi_port_motor_feedback/package.xml
[7.202s] Invoked command in '/home/linaro/ludan_sdk/multi_port_motor_feedback/multi_port_motor_feedback_ros2/build/multi_port_motor_feedback' returned '0': CMAKE_PREFIX_PATH=${CMAKE_PREFIX_PATH}:/opt/ros/humble /usr/bin/cmake --install /home/linaro/ludan_sdk/multi_port_motor_feedback/multi_port_motor_feedback_ros2/build/multi_port_motor_feedback
