[0.015s] Invoking command in '/home/linaro/ludan_sdk/example/g1/low_level/build/motor_controller_with_enable': CMAKE_PREFIX_PATH=${CMAKE_PREFIX_PATH}:/opt/ros/humble /usr/bin/cmake --build /home/linaro/ludan_sdk/example/g1/low_level/build/motor_controller_with_enable -- -j8 -l8
[0.066s] -- Found ament_cmake: 1.3.12 (/opt/ros/humble/share/ament_cmake/cmake)
[0.270s] -- Found rclcpp: 16.0.16 (/opt/ros/humble/share/rclcpp/cmake)
[0.303s] -- Found rosidl_generator_c: 3.1.7 (/opt/ros/humble/share/rosidl_generator_c/cmake)
[0.306s] -- Found rosidl_adapter: 3.1.7 (/opt/ros/humble/share/rosidl_adapter/cmake)
[0.314s] -- Found rosidl_generator_cpp: 3.1.7 (/opt/ros/humble/share/rosidl_generator_cpp/cmake)
[0.326s] -- Using all available rosidl_typesupport_c: rosidl_typesupport_fastrtps_c;rosidl_typesupport_introspection_c
[0.342s] -- Using all available rosidl_typesupport_cpp: rosidl_typesupport_fastrtps_cpp;rosidl_typesupport_introspection_cpp
[0.385s] -- Found rmw_implementation_cmake: 6.1.2 (/opt/ros/humble/share/rmw_implementation_cmake/cmake)
[0.386s] -- Found rmw_fastrtps_cpp: 6.2.9 (/opt/ros/humble/share/rmw_fastrtps_cpp/cmake)
[0.518s] -- Using RMW implementation 'rmw_fastrtps_cpp' as default
[0.589s] -- Found sensor_msgs: 4.9.0 (/opt/ros/humble/share/sensor_msgs/cmake)
[0.630s] -- Found xixilowcmd: 0.0.0 (/home/linaro/controller_ws/install/xixilowcmd/share/xixilowcmd/cmake)
[0.660s] -- motor_feedback package found - will enable ROS2 publishing
[0.664s] -- Found ament_lint_auto: 0.12.14 (/opt/ros/humble/share/ament_lint_auto/cmake)
[0.788s] -- Added test 'copyright' to check source files copyright and LICENSE
[0.800s] -- Added test 'cppcheck' to perform static code analysis on C / C++ code
[0.800s] -- Configured cppcheck include dirs: /home/linaro/ludan_sdk/example/g1/low_level/../../../../../include
[0.800s] -- Configured cppcheck exclude dirs and/or files: 
[0.809s] -- Added test 'cpplint' to check C / C++ code against the Google style
[0.809s] -- Configured cpplint exclude dirs and/or files: 
[0.810s] -- Added test 'flake8' to check Python code syntax and style conventions
[0.813s] -- Added test 'lint_cmake' to check CMake code style
[0.815s] -- Added test 'pep257' to check Python code against some of the docstring style conventions in PEP 257
[0.826s] -- Added test 'uncrustify' to check C / C++ code style
[0.827s] -- Configured uncrustify additional arguments: 
[0.834s] -- Added test 'xmllint' to check XML markup files
[0.835s] -- Configuring done
[0.859s] -- Generating done
[0.868s] -- Build files have been written to: /home/linaro/ludan_sdk/example/g1/low_level/build/motor_controller_with_enable
[0.913s] Consolidate compiler generated dependencies of target motor_control_example
[0.936s] [ 25%] Building CXX object CMakeFiles/motor_controller_with_enable.dir/motor_controller_with_enable.cpp.o
[0.947s] [ 50%] Building CXX object CMakeFiles/motor_control_example.dir/motor_control_example.cpp.o
[4.590s] In file included from /home/linaro/ludan_sdk/LINUX_CANFDNET_V1.3.0.5_example/src/CANFDNET.h:4,
[4.590s]                  from /home/linaro/ludan_sdk/example/g1/low_level/motor_controller_with_enable.cpp:35:
[4.591s] /home/linaro/ludan_sdk/LINUX_CANFDNET_V1.3.0.5_example/src/zlgcan/zlgcan.h:584:16: warning: ISO C++ prohibits anonymous structs [-Wpedantic]
[4.591s]   584 |         struct {
[4.591s]       |                ^
[4.616s] /home/linaro/ludan_sdk/example/g1/low_level/motor_controller_with_enable.cpp: In function ‘MotorResponse ParseMotorResponse(const ZCAN_Receive_Data&)’:
[4.616s] /home/linaro/ludan_sdk/example/g1/low_level/motor_controller_with_enable.cpp:527:28: warning: missing initializer for member ‘MotorResponse::pos’ [-Wmissing-field-initializers]
[4.616s]   527 |     MotorResponse resp = {0};
[4.617s]       |                            ^
[4.617s] /home/linaro/ludan_sdk/example/g1/low_level/motor_controller_with_enable.cpp:527:28: warning: missing initializer for member ‘MotorResponse::vel’ [-Wmissing-field-initializers]
[4.617s] /home/linaro/ludan_sdk/example/g1/low_level/motor_controller_with_enable.cpp:527:28: warning: missing initializer for member ‘MotorResponse::torque’ [-Wmissing-field-initializers]
[4.617s] /home/linaro/ludan_sdk/example/g1/low_level/motor_controller_with_enable.cpp:527:28: warning: missing initializer for member ‘MotorResponse::raw_pos’ [-Wmissing-field-initializers]
[4.617s] /home/linaro/ludan_sdk/example/g1/low_level/motor_controller_with_enable.cpp:527:28: warning: missing initializer for member ‘MotorResponse::raw_vel’ [-Wmissing-field-initializers]
[4.617s] /home/linaro/ludan_sdk/example/g1/low_level/motor_controller_with_enable.cpp:527:28: warning: missing initializer for member ‘MotorResponse::raw_torque’ [-Wmissing-field-initializers]
[4.617s] /home/linaro/ludan_sdk/example/g1/low_level/motor_controller_with_enable.cpp:527:28: warning: missing initializer for member ‘MotorResponse::temp’ [-Wmissing-field-initializers]
[4.617s] /home/linaro/ludan_sdk/example/g1/low_level/motor_controller_with_enable.cpp:527:28: warning: missing initializer for member ‘MotorResponse::status’ [-Wmissing-field-initializers]
[4.617s] /home/linaro/ludan_sdk/example/g1/low_level/motor_controller_with_enable.cpp:527:28: warning: missing initializer for member ‘MotorResponse::timestamp’ [-Wmissing-field-initializers]
[4.617s] /home/linaro/ludan_sdk/example/g1/low_level/motor_controller_with_enable.cpp:527:28: warning: missing initializer for member ‘MotorResponse::valid’ [-Wmissing-field-initializers]
[4.627s] /home/linaro/ludan_sdk/example/g1/low_level/motor_controller_with_enable.cpp: In function ‘void ReadAndDisplayCanStatusDetailed(CHANNEL_HANDLE, bool)’:
[4.627s] /home/linaro/ludan_sdk/example/g1/low_level/motor_controller_with_enable.cpp:683:33: warning: comparison is always false due to limited range of data type [-Wtype-limits]
[4.627s]   683 |         if (status.regTECounter >= 256) std::cout << " [!!!] Bus-Off";
[4.627s]       |             ~~~~~~~~~~~~~~~~~~~~^~~~~~
[4.674s] /home/linaro/ludan_sdk/example/g1/low_level/motor_controller_with_enable.cpp: In function ‘MotorResponse ParseMotorResponseFromFD(const ZCAN_ReceiveFD_Data&)’:
[4.674s] /home/linaro/ludan_sdk/example/g1/low_level/motor_controller_with_enable.cpp:1042:28: warning: missing initializer for member ‘MotorResponse::pos’ [-Wmissing-field-initializers]
[4.674s]  1042 |     MotorResponse resp = {0};
[4.674s]       |                            ^
[4.674s] /home/linaro/ludan_sdk/example/g1/low_level/motor_controller_with_enable.cpp:1042:28: warning: missing initializer for member ‘MotorResponse::vel’ [-Wmissing-field-initializers]
[4.674s] /home/linaro/ludan_sdk/example/g1/low_level/motor_controller_with_enable.cpp:1042:28: warning: missing initializer for member ‘MotorResponse::torque’ [-Wmissing-field-initializers]
[4.674s] /home/linaro/ludan_sdk/example/g1/low_level/motor_controller_with_enable.cpp:1042:28: warning: missing initializer for member ‘MotorResponse::raw_pos’ [-Wmissing-field-initializers]
[4.674s] /home/linaro/ludan_sdk/example/g1/low_level/motor_controller_with_enable.cpp:1042:28: warning: missing initializer for member ‘MotorResponse::raw_vel’ [-Wmissing-field-initializers]
[4.674s] /home/linaro/ludan_sdk/example/g1/low_level/motor_controller_with_enable.cpp:1042:28: warning: missing initializer for member ‘MotorResponse::raw_torque’ [-Wmissing-field-initializers]
[4.674s] /home/linaro/ludan_sdk/example/g1/low_level/motor_controller_with_enable.cpp:1042:28: warning: missing initializer for member ‘MotorResponse::temp’ [-Wmissing-field-initializers]
[4.674s] /home/linaro/ludan_sdk/example/g1/low_level/motor_controller_with_enable.cpp:1042:28: warning: missing initializer for member ‘MotorResponse::status’ [-Wmissing-field-initializers]
[4.674s] /home/linaro/ludan_sdk/example/g1/low_level/motor_controller_with_enable.cpp:1042:28: warning: missing initializer for member ‘MotorResponse::timestamp’ [-Wmissing-field-initializers]
[4.675s] /home/linaro/ludan_sdk/example/g1/low_level/motor_controller_with_enable.cpp:1042:28: warning: missing initializer for member ‘MotorResponse::valid’ [-Wmissing-field-initializers]
[4.686s] /home/linaro/ludan_sdk/example/g1/low_level/motor_controller_with_enable.cpp: In function ‘void CANReceiveThread(CHANNEL_HANDLE, uint8_t, bool)’:
[4.686s] /home/linaro/ludan_sdk/example/g1/low_level/motor_controller_with_enable.cpp:1210:48: warning: missing initializer for member ‘MotorResponse::pos’ [-Wmissing-field-initializers]
[4.686s]  1210 |                         MotorResponse resp = {0};
[4.686s]       |                                                ^
[4.686s] /home/linaro/ludan_sdk/example/g1/low_level/motor_controller_with_enable.cpp:1210:48: warning: missing initializer for member ‘MotorResponse::vel’ [-Wmissing-field-initializers]
[4.686s] /home/linaro/ludan_sdk/example/g1/low_level/motor_controller_with_enable.cpp:1210:48: warning: missing initializer for member ‘MotorResponse::torque’ [-Wmissing-field-initializers]
[4.687s] /home/linaro/ludan_sdk/example/g1/low_level/motor_controller_with_enable.cpp:1210:48: warning: missing initializer for member ‘MotorResponse::raw_pos’ [-Wmissing-field-initializers]
[4.687s] /home/linaro/ludan_sdk/example/g1/low_level/motor_controller_with_enable.cpp:1210:48: warning: missing initializer for member ‘MotorResponse::raw_vel’ [-Wmissing-field-initializers]
[4.687s] /home/linaro/ludan_sdk/example/g1/low_level/motor_controller_with_enable.cpp:1210:48: warning: missing initializer for member ‘MotorResponse::raw_torque’ [-Wmissing-field-initializers]
[4.687s] /home/linaro/ludan_sdk/example/g1/low_level/motor_controller_with_enable.cpp:1210:48: warning: missing initializer for member ‘MotorResponse::temp’ [-Wmissing-field-initializers]
[4.687s] /home/linaro/ludan_sdk/example/g1/low_level/motor_controller_with_enable.cpp:1210:48: warning: missing initializer for member ‘MotorResponse::status’ [-Wmissing-field-initializers]
[4.687s] /home/linaro/ludan_sdk/example/g1/low_level/motor_controller_with_enable.cpp:1210:48: warning: missing initializer for member ‘MotorResponse::timestamp’ [-Wmissing-field-initializers]
[4.687s] /home/linaro/ludan_sdk/example/g1/low_level/motor_controller_with_enable.cpp:1210:48: warning: missing initializer for member ‘MotorResponse::valid’ [-Wmissing-field-initializers]
[9.178s] [ 75%] Linking CXX executable motor_control_example
[9.404s] [ 75%] Built target motor_control_example
[10.175s] /home/linaro/ludan_sdk/example/g1/low_level/motor_controller_with_enable.cpp: At global scope:
[10.175s] /home/linaro/ludan_sdk/example/g1/low_level/motor_controller_with_enable.cpp:880:12: warning: ‘int SendDirectCANFrameBatch(const ZCAN_Transmit_Data*, uint32_t, bool)’ defined but not used [-Wunused-function]
[10.175s]   880 | static int SendDirectCANFrameBatch(const ZCAN_Transmit_Data* frames, uint32_t count, bool verbose = false) {
[10.175s]       |            ^~~~~~~~~~~~~~~~~~~~~~~
[10.175s] /home/linaro/ludan_sdk/example/g1/low_level/motor_controller_with_enable.cpp:669:13: warning: ‘void ReadAndDisplayCanStatusDetailed(CHANNEL_HANDLE, bool)’ defined but not used [-Wunused-function]
[10.175s]   669 | static void ReadAndDisplayCanStatusDetailed(CHANNEL_HANDLE channel_handle, bool explain = true) {
[10.175s]       |             ^~~~~~~~~~~~~~~~~~~~~~~~~~~~~~~
[10.175s] /home/linaro/ludan_sdk/example/g1/low_level/motor_controller_with_enable.cpp:42:13: warning: ‘void DisableZlgDebugOutput()’ defined but not used [-Wunused-function]
[10.175s]    42 | static void DisableZlgDebugOutput() {
[10.175s]       |             ^~~~~~~~~~~~~~~~~~~~~
[26.128s] [100%] Linking CXX executable motor_controller_with_enable
[26.651s] [100%] Built target motor_controller_with_enable
[26.686s] Invoked command in '/home/linaro/ludan_sdk/example/g1/low_level/build/motor_controller_with_enable' returned '0': CMAKE_PREFIX_PATH=${CMAKE_PREFIX_PATH}:/opt/ros/humble /usr/bin/cmake --build /home/linaro/ludan_sdk/example/g1/low_level/build/motor_controller_with_enable -- -j8 -l8
[26.701s] Invoking command in '/home/linaro/ludan_sdk/example/g1/low_level/build/motor_controller_with_enable': CMAKE_PREFIX_PATH=${CMAKE_PREFIX_PATH}:/opt/ros/humble /usr/bin/cmake --install /home/linaro/ludan_sdk/example/g1/low_level/build/motor_controller_with_enable
[26.727s] -- Install configuration: "Release"
[26.728s] -- Installing: /home/linaro/ludan_sdk/example/g1/low_level/install/motor_controller_with_enable/lib/motor_controller_with_enable/motor_controller_with_enable
[26.729s] -- Set runtime path of "/home/linaro/ludan_sdk/example/g1/low_level/install/motor_controller_with_enable/lib/motor_controller_with_enable/motor_controller_with_enable" to ""
[26.729s] -- Installing: /home/linaro/ludan_sdk/example/g1/low_level/install/motor_controller_with_enable/lib/motor_controller_with_enable/motor_control_example
[26.731s] -- Set runtime path of "/home/linaro/ludan_sdk/example/g1/low_level/install/motor_controller_with_enable/lib/motor_controller_with_enable/motor_control_example" to ""
[26.732s] -- Installing: /home/linaro/ludan_sdk/example/g1/low_level/install/motor_controller_with_enable/share/ament_index/resource_index/package_run_dependencies/motor_controller_with_enable
[26.732s] -- Installing: /home/linaro/ludan_sdk/example/g1/low_level/install/motor_controller_with_enable/share/ament_index/resource_index/parent_prefix_path/motor_controller_with_enable
[26.733s] -- Installing: /home/linaro/ludan_sdk/example/g1/low_level/install/motor_controller_with_enable/share/motor_controller_with_enable/environment/ament_prefix_path.sh
[26.734s] -- Installing: /home/linaro/ludan_sdk/example/g1/low_level/install/motor_controller_with_enable/share/motor_controller_with_enable/environment/ament_prefix_path.dsv
[26.736s] -- Installing: /home/linaro/ludan_sdk/example/g1/low_level/install/motor_controller_with_enable/share/motor_controller_with_enable/environment/path.sh
[26.737s] -- Installing: /home/linaro/ludan_sdk/example/g1/low_level/install/motor_controller_with_enable/share/motor_controller_with_enable/environment/path.dsv
[26.737s] -- Installing: /home/linaro/ludan_sdk/example/g1/low_level/install/motor_controller_with_enable/share/motor_controller_with_enable/local_setup.bash
[26.738s] -- Installing: /home/linaro/ludan_sdk/example/g1/low_level/install/motor_controller_with_enable/share/motor_controller_with_enable/local_setup.sh
[26.739s] -- Installing: /home/linaro/ludan_sdk/example/g1/low_level/install/motor_controller_with_enable/share/motor_controller_with_enable/local_setup.zsh
[26.739s] -- Installing: /home/linaro/ludan_sdk/example/g1/low_level/install/motor_controller_with_enable/share/motor_controller_with_enable/local_setup.dsv
[26.739s] -- Installing: /home/linaro/ludan_sdk/example/g1/low_level/install/motor_controller_with_enable/share/motor_controller_with_enable/package.dsv
[26.739s] -- Installing: /home/linaro/ludan_sdk/example/g1/low_level/install/motor_controller_with_enable/share/ament_index/resource_index/packages/motor_controller_with_enable
[26.740s] -- Installing: /home/linaro/ludan_sdk/example/g1/low_level/install/motor_controller_with_enable/share/motor_controller_with_enable/cmake/motor_controller_with_enableConfig.cmake
[26.740s] -- Installing: /home/linaro/ludan_sdk/example/g1/low_level/install/motor_controller_with_enable/share/motor_controller_with_enable/cmake/motor_controller_with_enableConfig-version.cmake
[26.741s] -- Installing: /home/linaro/ludan_sdk/example/g1/low_level/install/motor_controller_with_enable/share/motor_controller_with_enable/package.xml
[26.743s] Invoked command in '/home/linaro/ludan_sdk/example/g1/low_level/build/motor_controller_with_enable' returned '0': CMAKE_PREFIX_PATH=${CMAKE_PREFIX_PATH}:/opt/ros/humble /usr/bin/cmake --install /home/linaro/ludan_sdk/example/g1/low_level/build/motor_controller_with_enable
