[0.020s] Invoking command in '/home/linaro/ludan_sdk/example/g1/low_level/build/motor_controller_with_enable': CMAKE_PREFIX_PATH=${CMAKE_PREFIX_PATH}:/opt/ros/humble /usr/bin/cmake --build /home/linaro/ludan_sdk/example/g1/low_level/build/motor_controller_with_enable -- -j8 -l8
[0.118s] Consolidate compiler generated dependencies of target enable_motor_publisher
[0.134s] [ 16%] Building CXX object CMakeFiles/enable_motor_publisher.dir/enable_motor_publisher.cpp.o
[0.143s] [ 50%] Built target motor_controller_with_enable
[0.151s] [ 83%] Built target motor_control_example
[7.779s] [100%] Linking CXX executable enable_motor_publisher
[7.986s] [100%] Built target enable_motor_publisher
[8.003s] Invoked command in '/home/linaro/ludan_sdk/example/g1/low_level/build/motor_controller_with_enable' returned '0': CMAKE_PREFIX_PATH=${CMAKE_PREFIX_PATH}:/opt/ros/humble /usr/bin/cmake --build /home/linaro/ludan_sdk/example/g1/low_level/build/motor_controller_with_enable -- -j8 -l8
[8.021s] Invoking command in '/home/linaro/ludan_sdk/example/g1/low_level/build/motor_controller_with_enable': CMAKE_PREFIX_PATH=${CMAKE_PREFIX_PATH}:/opt/ros/humble /usr/bin/cmake --install /home/linaro/ludan_sdk/example/g1/low_level/build/motor_controller_with_enable
[8.044s] -- Install configuration: "Release"
[8.048s] -- Up-to-date: /home/linaro/ludan_sdk/example/g1/low_level/install/motor_controller_with_enable/lib/motor_controller_with_enable/motor_controller_with_enable
[8.051s] -- Up-to-date: /home/linaro/ludan_sdk/example/g1/low_level/install/motor_controller_with_enable/lib/motor_controller_with_enable/motor_control_example
[8.052s] -- Installing: /home/linaro/ludan_sdk/example/g1/low_level/install/motor_controller_with_enable/lib/motor_controller_with_enable/enable_motor_publisher
[8.052s] -- Set runtime path of "/home/linaro/ludan_sdk/example/g1/low_level/install/motor_controller_with_enable/lib/motor_controller_with_enable/enable_motor_publisher" to ""
[8.053s] -- Up-to-date: /home/linaro/ludan_sdk/example/g1/low_level/install/motor_controller_with_enable/share/ament_index/resource_index/package_run_dependencies/motor_controller_with_enable
[8.053s] -- Up-to-date: /home/linaro/ludan_sdk/example/g1/low_level/install/motor_controller_with_enable/share/ament_index/resource_index/parent_prefix_path/motor_controller_with_enable
[8.053s] -- Up-to-date: /home/linaro/ludan_sdk/example/g1/low_level/install/motor_controller_with_enable/share/motor_controller_with_enable/environment/ament_prefix_path.sh
[8.054s] -- Up-to-date: /home/linaro/ludan_sdk/example/g1/low_level/install/motor_controller_with_enable/share/motor_controller_with_enable/environment/ament_prefix_path.dsv
[8.054s] -- Up-to-date: /home/linaro/ludan_sdk/example/g1/low_level/install/motor_controller_with_enable/share/motor_controller_with_enable/environment/path.sh
[8.055s] -- Up-to-date: /home/linaro/ludan_sdk/example/g1/low_level/install/motor_controller_with_enable/share/motor_controller_with_enable/environment/path.dsv
[8.055s] -- Up-to-date: /home/linaro/ludan_sdk/example/g1/low_level/install/motor_controller_with_enable/share/motor_controller_with_enable/local_setup.bash
[8.056s] -- Up-to-date: /home/linaro/ludan_sdk/example/g1/low_level/install/motor_controller_with_enable/share/motor_controller_with_enable/local_setup.sh
[8.056s] -- Up-to-date: /home/linaro/ludan_sdk/example/g1/low_level/install/motor_controller_with_enable/share/motor_controller_with_enable/local_setup.zsh
[8.057s] -- Up-to-date: /home/linaro/ludan_sdk/example/g1/low_level/install/motor_controller_with_enable/share/motor_controller_with_enable/local_setup.dsv
[8.058s] -- Installing: /home/linaro/ludan_sdk/example/g1/low_level/install/motor_controller_with_enable/share/motor_controller_with_enable/package.dsv
[8.059s] -- Up-to-date: /home/linaro/ludan_sdk/example/g1/low_level/install/motor_controller_with_enable/share/ament_index/resource_index/packages/motor_controller_with_enable
[8.059s] -- Up-to-date: /home/linaro/ludan_sdk/example/g1/low_level/install/motor_controller_with_enable/share/motor_controller_with_enable/cmake/motor_controller_with_enableConfig.cmake
[8.060s] -- Up-to-date: /home/linaro/ludan_sdk/example/g1/low_level/install/motor_controller_with_enable/share/motor_controller_with_enable/cmake/motor_controller_with_enableConfig-version.cmake
[8.061s] -- Up-to-date: /home/linaro/ludan_sdk/example/g1/low_level/install/motor_controller_with_enable/share/motor_controller_with_enable/package.xml
[8.063s] Invoked command in '/home/linaro/ludan_sdk/example/g1/low_level/build/motor_controller_with_enable' returned '0': CMAKE_PREFIX_PATH=${CMAKE_PREFIX_PATH}:/opt/ros/humble /usr/bin/cmake --install /home/linaro/ludan_sdk/example/g1/low_level/build/motor_controller_with_enable
