[0.014s] Invoking command in '/home/linaro/ludan_sdk/example/g1/motor_feedback/build/motor_feedback': CMAKE_PREFIX_PATH=${CMAKE_PREFIX_PATH}:/opt/ros/humble /usr/bin/cmake --build /home/linaro/ludan_sdk/example/g1/motor_feedback/build/motor_feedback -- -j8 -l8
[0.113s] [  2%] Building C object CMakeFiles/motor_feedback__rosidl_generator_c.dir/rosidl_generator_c/motor_feedback/msg/detail/motor_feedback__functions.c.o
[0.124s] [  2%] Built target ament_cmake_python_copy_motor_feedback
[0.129s] [  5%] Built target motor_feedback__cpp
[0.133s] In file included from /home/linaro/ludan_sdk/example/g1/motor_feedback/build/motor_feedback/rosidl_generator_c/motor_feedback/msg/detail/motor_feedback__functions.h:19,
[0.133s]                  from /home/linaro/ludan_sdk/example/g1/motor_feedback/build/motor_feedback/rosidl_generator_c/motor_feedback/msg/detail/motor_feedback__functions.c:4:
[0.133s] /home/linaro/ludan_sdk/example/g1/motor_feedback/build/motor_feedback/rosidl_generator_c/motor_feedback/msg/detail/motor_feedback__struct.h:22:10: fatal error: builtin_interfaces/msg/detail/time__struct.h: No such file or directory
[0.133s]    22 | #include "builtin_interfaces/msg/detail/time__struct.h"
[0.133s]       |          ^~~~~~~~~~~~~~~~~~~~~~~~~~~~~~~~~~~~~~~~~~~~~~
[0.133s] compilation terminated.
[0.135s] gmake[2]: *** [CMakeFiles/motor_feedback__rosidl_generator_c.dir/build.make:105: CMakeFiles/motor_feedback__rosidl_generator_c.dir/rosidl_generator_c/motor_feedback/msg/detail/motor_feedback__functions.c.o] Error 1
[0.136s] gmake[1]: *** [CMakeFiles/Makefile2:217: CMakeFiles/motor_feedback__rosidl_generator_c.dir/all] Error 2
[0.136s] gmake[1]: *** Waiting for unfinished jobs....
[0.156s] [  8%] Building CXX object CMakeFiles/motor_feedback__rosidl_typesupport_cpp.dir/rosidl_typesupport_cpp/motor_feedback/msg/motor_feedback__type_support.cpp.o
[0.158s] [ 11%] Building CXX object CMakeFiles/motor_feedback__rosidl_typesupport_fastrtps_cpp.dir/rosidl_typesupport_fastrtps_cpp/motor_feedback/msg/detail/dds_fastrtps/motor_feedback__type_support.cpp.o
[0.159s] [ 14%] Building CXX object CMakeFiles/motor_feedback__rosidl_typesupport_introspection_cpp.dir/rosidl_typesupport_introspection_cpp/motor_feedback/msg/detail/motor_feedback__type_support.cpp.o
[0.228s] In file included from /home/linaro/ludan_sdk/example/g1/motor_feedback/build/motor_feedback/rosidl_typesupport_cpp/motor_feedback/msg/motor_feedback__type_support.cpp:7:
[0.229s] /home/linaro/ludan_sdk/example/g1/motor_feedback/build/motor_feedback/rosidl_generator_cpp/motor_feedback/msg/detail/motor_feedback__struct.hpp:20:10: fatal error: builtin_interfaces/msg/detail/time__struct.hpp: No such file or directory
[0.229s]    20 | #include "builtin_interfaces/msg/detail/time__struct.hpp"
[0.230s]       |          ^~~~~~~~~~~~~~~~~~~~~~~~~~~~~~~~~~~~~~~~~~~~~~~~
[0.230s] compilation terminated.
[0.231s] gmake[2]: *** [CMakeFiles/motor_feedback__rosidl_typesupport_cpp.dir/build.make:86: CMakeFiles/motor_feedback__rosidl_typesupport_cpp.dir/rosidl_typesupport_cpp/motor_feedback/msg/motor_feedback__type_support.cpp.o] Error 1
[0.232s] gmake[1]: *** [CMakeFiles/Makefile2:399: CMakeFiles/motor_feedback__rosidl_typesupport_cpp.dir/all] Error 2
[0.232s] In file included from /home/linaro/ludan_sdk/example/g1/motor_feedback/build/motor_feedback/rosidl_typesupport_fastrtps_cpp/motor_feedback/msg/detail/motor_feedback__rosidl_typesupport_fastrtps_cpp.hpp:11,
[0.233s]                  from /home/linaro/ludan_sdk/example/g1/motor_feedback/build/motor_feedback/rosidl_typesupport_fastrtps_cpp/motor_feedback/msg/detail/dds_fastrtps/motor_feedback__type_support.cpp:4:
[0.233s] /home/linaro/ludan_sdk/example/g1/motor_feedback/build/motor_feedback/rosidl_generator_cpp/motor_feedback/msg/detail/motor_feedback__struct.hpp:20:10: fatal error: builtin_interfaces/msg/detail/time__struct.hpp: No such file or directory
[0.234s]    20 | #include "builtin_interfaces/msg/detail/time__struct.hpp"
[0.234s]       |          ^~~~~~~~~~~~~~~~~~~~~~~~~~~~~~~~~~~~~~~~~~~~~~~~
[0.235s] compilation terminated.
[0.235s] gmake[2]: *** [CMakeFiles/motor_feedback__rosidl_typesupport_fastrtps_cpp.dir/build.make:91: CMakeFiles/motor_feedback__rosidl_typesupport_fastrtps_cpp.dir/rosidl_typesupport_fastrtps_cpp/motor_feedback/msg/detail/dds_fastrtps/motor_feedback__type_support.cpp.o] Error 1
[0.236s] gmake[1]: *** [CMakeFiles/Makefile2:295: CMakeFiles/motor_feedback__rosidl_typesupport_fastrtps_cpp.dir/all] Error 2
[0.236s] In file included from /home/linaro/ludan_sdk/example/g1/motor_feedback/build/motor_feedback/rosidl_typesupport_introspection_cpp/motor_feedback/msg/detail/motor_feedback__type_support.cpp:12:
[0.236s] /home/linaro/ludan_sdk/example/g1/motor_feedback/build/motor_feedback/rosidl_generator_cpp/motor_feedback/msg/detail/motor_feedback__struct.hpp:20:10: fatal error: builtin_interfaces/msg/detail/time__struct.hpp: No such file or directory
[0.236s]    20 | #include "builtin_interfaces/msg/detail/time__struct.hpp"
[0.236s]       |          ^~~~~~~~~~~~~~~~~~~~~~~~~~~~~~~~~~~~~~~~~~~~~~~~
[0.236s] compilation terminated.
[0.238s] gmake[2]: *** [CMakeFiles/motor_feedback__rosidl_typesupport_introspection_cpp.dir/build.make:91: CMakeFiles/motor_feedback__rosidl_typesupport_introspection_cpp.dir/rosidl_typesupport_introspection_cpp/motor_feedback/msg/detail/motor_feedback__type_support.cpp.o] Error 1
[0.239s] gmake[1]: *** [CMakeFiles/Makefile2:373: CMakeFiles/motor_feedback__rosidl_typesupport_introspection_cpp.dir/all] Error 2
[0.467s] running egg_info
[0.468s] writing motor_feedback.egg-info/PKG-INFO
[0.468s] writing dependency_links to motor_feedback.egg-info/dependency_links.txt
[0.468s] writing top-level names to motor_feedback.egg-info/top_level.txt
[0.471s] reading manifest file 'motor_feedback.egg-info/SOURCES.txt'
[0.472s] writing manifest file 'motor_feedback.egg-info/SOURCES.txt'
[0.524s] [ 14%] Built target ament_cmake_python_build_motor_feedback_egg
[0.526s] gmake: *** [Makefile:146: all] Error 2
[0.530s] Invoked command in '/home/linaro/ludan_sdk/example/g1/motor_feedback/build/motor_feedback' returned '2': CMAKE_PREFIX_PATH=${CMAKE_PREFIX_PATH}:/opt/ros/humble /usr/bin/cmake --build /home/linaro/ludan_sdk/example/g1/motor_feedback/build/motor_feedback -- -j8 -l8
