[0.014s] Invoking command in '/home/linaro/ludan_sdk/multi_port_motor_feedback/multi_port_motor_feedback_ros2/build/multi_port_motor_feedback': CMAKE_PREFIX_PATH=${CMAKE_PREFIX_PATH}:/opt/ros/humble /usr/bin/cmake --build /home/linaro/ludan_sdk/multi_port_motor_feedback/multi_port_motor_feedback_ros2/build/multi_port_motor_feedback -- -j8 -l8
[0.109s] [  1%] Built target multi_port_motor_feedback__cpp
[0.123s] [  8%] Built target multi_port_motor_feedback__rosidl_generator_c
[0.143s] [ 15%] Built target multi_port_motor_feedback__rosidl_typesupport_introspection_cpp
[0.152s] [ 22%] Built target multi_port_motor_feedback__rosidl_typesupport_fastrtps_c
[0.154s] [ 29%] Built target multi_port_motor_feedback__rosidl_typesupport_c
[0.155s] [ 36%] Built target multi_port_motor_feedback__rosidl_typesupport_cpp
[0.156s] [ 43%] Built target multi_port_motor_feedback__rosidl_typesupport_fastrtps_cpp
[0.170s] [ 50%] Built target multi_port_motor_feedback__rosidl_typesupport_introspection_c
[0.206s] [ 50%] Built target multi_port_motor_feedback
[0.228s] Consolidate compiler generated dependencies of target can_motor_feedback_publisher
[0.281s] [ 52%] Building CXX object CMakeFiles/can_motor_feedback_publisher.dir/src/can_motor_feedback_publisher.cpp.o
[3.312s] In file included from /home/linaro/ludan_sdk/multi_port_motor_feedback/multi_port_motor_feedback_ros2/../../LINUX_CANFDNET_V1.3.0.5_example/src/CANFDNET.h:4,
[3.312s]                  from /home/linaro/ludan_sdk/multi_port_motor_feedback/multi_port_motor_feedback_ros2/src/can_motor_feedback_publisher.cpp:29:
[3.312s] /home/linaro/ludan_sdk/multi_port_motor_feedback/multi_port_motor_feedback_ros2/../../LINUX_CANFDNET_V1.3.0.5_example/src/zlgcan/zlgcan.h:584:16: warning: ISO C++ prohibits anonymous structs [-Wpedantic]
[3.312s]   584 |         struct {
[3.312s]       |                ^
[3.395s] /home/linaro/ludan_sdk/multi_port_motor_feedback/multi_port_motor_feedback_ros2/src/can_motor_feedback_publisher.cpp: In lambda function:
[3.395s] /home/linaro/ludan_sdk/multi_port_motor_feedback/multi_port_motor_feedback_ros2/src/can_motor_feedback_publisher.cpp:859:28: warning: unused variable ‘debug_print_counter’ [-Wunused-variable]
[3.395s]   859 |                 static int debug_print_counter = 0;
[3.395s]       |                            ^~~~~~~~~~~~~~~~~~~
[4.542s] /home/linaro/ludan_sdk/multi_port_motor_feedback/multi_port_motor_feedback_ros2/src/can_motor_feedback_publisher.cpp: At global scope:
[4.543s] /home/linaro/ludan_sdk/multi_port_motor_feedback/multi_port_motor_feedback_ros2/src/can_motor_feedback_publisher.cpp:859:28: warning: ‘debug_print_counter’ defined but not used [-Wunused-variable]
[6.490s] [ 54%] Linking CXX executable can_motor_feedback_publisher
[7.130s] [100%] Built target can_motor_feedback_publisher
[7.162s] Invoked command in '/home/linaro/ludan_sdk/multi_port_motor_feedback/multi_port_motor_feedback_ros2/build/multi_port_motor_feedback' returned '0': CMAKE_PREFIX_PATH=${CMAKE_PREFIX_PATH}:/opt/ros/humble /usr/bin/cmake --build /home/linaro/ludan_sdk/multi_port_motor_feedback/multi_port_motor_feedback_ros2/build/multi_port_motor_feedback -- -j8 -l8
[7.192s] Invoking command in '/home/linaro/ludan_sdk/multi_port_motor_feedback/multi_port_motor_feedback_ros2/build/multi_port_motor_feedback': CMAKE_PREFIX_PATH=${CMAKE_PREFIX_PATH}:/opt/ros/humble /usr/bin/cmake --install /home/linaro/ludan_sdk/multi_port_motor_feedback/multi_port_motor_feedback_ros2/build/multi_port_motor_feedback
[7.214s] -- Install configuration: ""
[7.216s] -- Up-to-date: /home/linaro/ludan_sdk/multi_port_motor_feedback/multi_port_motor_feedback_ros2/install/multi_port_motor_feedback/share/ament_index/resource_index/rosidl_interfaces/multi_port_motor_feedback
[7.216s] -- Up-to-date: /home/linaro/ludan_sdk/multi_port_motor_feedback/multi_port_motor_feedback_ros2/install/multi_port_motor_feedback/include/multi_port_motor_feedback/multi_port_motor_feedback
[7.216s] -- Up-to-date: /home/linaro/ludan_sdk/multi_port_motor_feedback/multi_port_motor_feedback_ros2/install/multi_port_motor_feedback/include/multi_port_motor_feedback/multi_port_motor_feedback/msg
[7.218s] -- Up-to-date: /home/linaro/ludan_sdk/multi_port_motor_feedback/multi_port_motor_feedback_ros2/install/multi_port_motor_feedback/include/multi_port_motor_feedback/multi_port_motor_feedback/msg/rosidl_generator_c__visibility_control.h
[7.218s] -- Up-to-date: /home/linaro/ludan_sdk/multi_port_motor_feedback/multi_port_motor_feedback_ros2/install/multi_port_motor_feedback/include/multi_port_motor_feedback/multi_port_motor_feedback/msg/motor_state.h
[7.218s] -- Up-to-date: /home/linaro/ludan_sdk/multi_port_motor_feedback/multi_port_motor_feedback_ros2/install/multi_port_motor_feedback/include/multi_port_motor_feedback/multi_port_motor_feedback/msg/low_state.h
[7.218s] -- Up-to-date: /home/linaro/ludan_sdk/multi_port_motor_feedback/multi_port_motor_feedback_ros2/install/multi_port_motor_feedback/include/multi_port_motor_feedback/multi_port_motor_feedback/msg/detail
[7.219s] -- Up-to-date: /home/linaro/ludan_sdk/multi_port_motor_feedback/multi_port_motor_feedback_ros2/install/multi_port_motor_feedback/include/multi_port_motor_feedback/multi_port_motor_feedback/msg/detail/motor_state__functions.c
[7.219s] -- Up-to-date: /home/linaro/ludan_sdk/multi_port_motor_feedback/multi_port_motor_feedback_ros2/install/multi_port_motor_feedback/include/multi_port_motor_feedback/multi_port_motor_feedback/msg/detail/low_state__type_support.h
[7.220s] -- Up-to-date: /home/linaro/ludan_sdk/multi_port_motor_feedback/multi_port_motor_feedback_ros2/install/multi_port_motor_feedback/include/multi_port_motor_feedback/multi_port_motor_feedback/msg/detail/low_state__functions.c
[7.220s] -- Up-to-date: /home/linaro/ludan_sdk/multi_port_motor_feedback/multi_port_motor_feedback_ros2/install/multi_port_motor_feedback/include/multi_port_motor_feedback/multi_port_motor_feedback/msg/detail/motor_state__functions.h
[7.220s] -- Up-to-date: /home/linaro/ludan_sdk/multi_port_motor_feedback/multi_port_motor_feedback_ros2/install/multi_port_motor_feedback/include/multi_port_motor_feedback/multi_port_motor_feedback/msg/detail/motor_state__type_support.h
[7.221s] -- Up-to-date: /home/linaro/ludan_sdk/multi_port_motor_feedback/multi_port_motor_feedback_ros2/install/multi_port_motor_feedback/include/multi_port_motor_feedback/multi_port_motor_feedback/msg/detail/low_state__struct.h
[7.221s] -- Up-to-date: /home/linaro/ludan_sdk/multi_port_motor_feedback/multi_port_motor_feedback_ros2/install/multi_port_motor_feedback/include/multi_port_motor_feedback/multi_port_motor_feedback/msg/detail/motor_state__struct.h
[7.221s] -- Up-to-date: /home/linaro/ludan_sdk/multi_port_motor_feedback/multi_port_motor_feedback_ros2/install/multi_port_motor_feedback/include/multi_port_motor_feedback/multi_port_motor_feedback/msg/detail/low_state__functions.h
[7.222s] -- Up-to-date: /home/linaro/ludan_sdk/multi_port_motor_feedback/multi_port_motor_feedback_ros2/install/multi_port_motor_feedback/share/multi_port_motor_feedback/environment/library_path.sh
[7.222s] -- Up-to-date: /home/linaro/ludan_sdk/multi_port_motor_feedback/multi_port_motor_feedback_ros2/install/multi_port_motor_feedback/share/multi_port_motor_feedback/environment/library_path.dsv
[7.222s] -- Up-to-date: /home/linaro/ludan_sdk/multi_port_motor_feedback/multi_port_motor_feedback_ros2/install/multi_port_motor_feedback/lib/libmulti_port_motor_feedback__rosidl_generator_c.so
[7.223s] -- Up-to-date: /home/linaro/ludan_sdk/multi_port_motor_feedback/multi_port_motor_feedback_ros2/install/multi_port_motor_feedback/include/multi_port_motor_feedback/multi_port_motor_feedback
[7.223s] -- Up-to-date: /home/linaro/ludan_sdk/multi_port_motor_feedback/multi_port_motor_feedback_ros2/install/multi_port_motor_feedback/include/multi_port_motor_feedback/multi_port_motor_feedback/msg
[7.223s] -- Up-to-date: /home/linaro/ludan_sdk/multi_port_motor_feedback/multi_port_motor_feedback_ros2/install/multi_port_motor_feedback/include/multi_port_motor_feedback/multi_port_motor_feedback/msg/rosidl_typesupport_fastrtps_c__visibility_control.h
[7.224s] -- Up-to-date: /home/linaro/ludan_sdk/multi_port_motor_feedback/multi_port_motor_feedback_ros2/install/multi_port_motor_feedback/include/multi_port_motor_feedback/multi_port_motor_feedback/msg/detail
[7.224s] -- Up-to-date: /home/linaro/ludan_sdk/multi_port_motor_feedback/multi_port_motor_feedback_ros2/install/multi_port_motor_feedback/include/multi_port_motor_feedback/multi_port_motor_feedback/msg/detail/motor_state__rosidl_typesupport_fastrtps_c.h
[7.225s] -- Up-to-date: /home/linaro/ludan_sdk/multi_port_motor_feedback/multi_port_motor_feedback_ros2/install/multi_port_motor_feedback/include/multi_port_motor_feedback/multi_port_motor_feedback/msg/detail/low_state__rosidl_typesupport_fastrtps_c.h
[7.226s] -- Up-to-date: /home/linaro/ludan_sdk/multi_port_motor_feedback/multi_port_motor_feedback_ros2/install/multi_port_motor_feedback/lib/libmulti_port_motor_feedback__rosidl_typesupport_fastrtps_c.so
[7.226s] -- Up-to-date: /home/linaro/ludan_sdk/multi_port_motor_feedback/multi_port_motor_feedback_ros2/install/multi_port_motor_feedback/include/multi_port_motor_feedback/multi_port_motor_feedback
[7.226s] -- Up-to-date: /home/linaro/ludan_sdk/multi_port_motor_feedback/multi_port_motor_feedback_ros2/install/multi_port_motor_feedback/include/multi_port_motor_feedback/multi_port_motor_feedback/msg
[7.227s] -- Up-to-date: /home/linaro/ludan_sdk/multi_port_motor_feedback/multi_port_motor_feedback_ros2/install/multi_port_motor_feedback/include/multi_port_motor_feedback/multi_port_motor_feedback/msg/rosidl_generator_cpp__visibility_control.hpp
[7.227s] -- Up-to-date: /home/linaro/ludan_sdk/multi_port_motor_feedback/multi_port_motor_feedback_ros2/install/multi_port_motor_feedback/include/multi_port_motor_feedback/multi_port_motor_feedback/msg/low_state.hpp
[7.227s] -- Up-to-date: /home/linaro/ludan_sdk/multi_port_motor_feedback/multi_port_motor_feedback_ros2/install/multi_port_motor_feedback/include/multi_port_motor_feedback/multi_port_motor_feedback/msg/motor_state.hpp
[7.228s] -- Up-to-date: /home/linaro/ludan_sdk/multi_port_motor_feedback/multi_port_motor_feedback_ros2/install/multi_port_motor_feedback/include/multi_port_motor_feedback/multi_port_motor_feedback/msg/detail
[7.228s] -- Up-to-date: /home/linaro/ludan_sdk/multi_port_motor_feedback/multi_port_motor_feedback_ros2/install/multi_port_motor_feedback/include/multi_port_motor_feedback/multi_port_motor_feedback/msg/detail/motor_state__type_support.hpp
[7.228s] -- Up-to-date: /home/linaro/ludan_sdk/multi_port_motor_feedback/multi_port_motor_feedback_ros2/install/multi_port_motor_feedback/include/multi_port_motor_feedback/multi_port_motor_feedback/msg/detail/motor_state__struct.hpp
[7.229s] -- Up-to-date: /home/linaro/ludan_sdk/multi_port_motor_feedback/multi_port_motor_feedback_ros2/install/multi_port_motor_feedback/include/multi_port_motor_feedback/multi_port_motor_feedback/msg/detail/motor_state__traits.hpp
[7.230s] -- Up-to-date: /home/linaro/ludan_sdk/multi_port_motor_feedback/multi_port_motor_feedback_ros2/install/multi_port_motor_feedback/include/multi_port_motor_feedback/multi_port_motor_feedback/msg/detail/low_state__traits.hpp
[7.231s] -- Up-to-date: /home/linaro/ludan_sdk/multi_port_motor_feedback/multi_port_motor_feedback_ros2/install/multi_port_motor_feedback/include/multi_port_motor_feedback/multi_port_motor_feedback/msg/detail/low_state__type_support.hpp
[7.232s] -- Up-to-date: /home/linaro/ludan_sdk/multi_port_motor_feedback/multi_port_motor_feedback_ros2/install/multi_port_motor_feedback/include/multi_port_motor_feedback/multi_port_motor_feedback/msg/detail/low_state__builder.hpp
[7.233s] -- Up-to-date: /home/linaro/ludan_sdk/multi_port_motor_feedback/multi_port_motor_feedback_ros2/install/multi_port_motor_feedback/include/multi_port_motor_feedback/multi_port_motor_feedback/msg/detail/motor_state__builder.hpp
[7.233s] -- Up-to-date: /home/linaro/ludan_sdk/multi_port_motor_feedback/multi_port_motor_feedback_ros2/install/multi_port_motor_feedback/include/multi_port_motor_feedback/multi_port_motor_feedback/msg/detail/low_state__struct.hpp
[7.233s] -- Up-to-date: /home/linaro/ludan_sdk/multi_port_motor_feedback/multi_port_motor_feedback_ros2/install/multi_port_motor_feedback/include/multi_port_motor_feedback/multi_port_motor_feedback
[7.233s] -- Up-to-date: /home/linaro/ludan_sdk/multi_port_motor_feedback/multi_port_motor_feedback_ros2/install/multi_port_motor_feedback/include/multi_port_motor_feedback/multi_port_motor_feedback/msg
[7.233s] -- Up-to-date: /home/linaro/ludan_sdk/multi_port_motor_feedback/multi_port_motor_feedback_ros2/install/multi_port_motor_feedback/include/multi_port_motor_feedback/multi_port_motor_feedback/msg/rosidl_typesupport_fastrtps_cpp__visibility_control.h
[7.233s] -- Up-to-date: /home/linaro/ludan_sdk/multi_port_motor_feedback/multi_port_motor_feedback_ros2/install/multi_port_motor_feedback/include/multi_port_motor_feedback/multi_port_motor_feedback/msg/detail
[7.233s] -- Up-to-date: /home/linaro/ludan_sdk/multi_port_motor_feedback/multi_port_motor_feedback_ros2/install/multi_port_motor_feedback/include/multi_port_motor_feedback/multi_port_motor_feedback/msg/detail/motor_state__rosidl_typesupport_fastrtps_cpp.hpp
[7.233s] -- Up-to-date: /home/linaro/ludan_sdk/multi_port_motor_feedback/multi_port_motor_feedback_ros2/install/multi_port_motor_feedback/include/multi_port_motor_feedback/multi_port_motor_feedback/msg/detail/low_state__rosidl_typesupport_fastrtps_cpp.hpp
[7.233s] -- Up-to-date: /home/linaro/ludan_sdk/multi_port_motor_feedback/multi_port_motor_feedback_ros2/install/multi_port_motor_feedback/include/multi_port_motor_feedback/multi_port_motor_feedback/msg/detail/dds_fastrtps
[7.234s] -- Up-to-date: /home/linaro/ludan_sdk/multi_port_motor_feedback/multi_port_motor_feedback_ros2/install/multi_port_motor_feedback/lib/libmulti_port_motor_feedback__rosidl_typesupport_fastrtps_cpp.so
[7.234s] -- Up-to-date: /home/linaro/ludan_sdk/multi_port_motor_feedback/multi_port_motor_feedback_ros2/install/multi_port_motor_feedback/include/multi_port_motor_feedback/multi_port_motor_feedback
[7.234s] -- Up-to-date: /home/linaro/ludan_sdk/multi_port_motor_feedback/multi_port_motor_feedback_ros2/install/multi_port_motor_feedback/include/multi_port_motor_feedback/multi_port_motor_feedback/msg
[7.234s] -- Up-to-date: /home/linaro/ludan_sdk/multi_port_motor_feedback/multi_port_motor_feedback_ros2/install/multi_port_motor_feedback/include/multi_port_motor_feedback/multi_port_motor_feedback/msg/detail
[7.234s] -- Up-to-date: /home/linaro/ludan_sdk/multi_port_motor_feedback/multi_port_motor_feedback_ros2/install/multi_port_motor_feedback/include/multi_port_motor_feedback/multi_port_motor_feedback/msg/detail/motor_state__type_support.c
[7.234s] -- Up-to-date: /home/linaro/ludan_sdk/multi_port_motor_feedback/multi_port_motor_feedback_ros2/install/multi_port_motor_feedback/include/multi_port_motor_feedback/multi_port_motor_feedback/msg/detail/motor_state__rosidl_typesupport_introspection_c.h
[7.234s] -- Up-to-date: /home/linaro/ludan_sdk/multi_port_motor_feedback/multi_port_motor_feedback_ros2/install/multi_port_motor_feedback/include/multi_port_motor_feedback/multi_port_motor_feedback/msg/detail/low_state__rosidl_typesupport_introspection_c.h
[7.234s] -- Up-to-date: /home/linaro/ludan_sdk/multi_port_motor_feedback/multi_port_motor_feedback_ros2/install/multi_port_motor_feedback/include/multi_port_motor_feedback/multi_port_motor_feedback/msg/detail/low_state__type_support.c
[7.234s] -- Up-to-date: /home/linaro/ludan_sdk/multi_port_motor_feedback/multi_port_motor_feedback_ros2/install/multi_port_motor_feedback/include/multi_port_motor_feedback/multi_port_motor_feedback/msg/rosidl_typesupport_introspection_c__visibility_control.h
[7.234s] -- Up-to-date: /home/linaro/ludan_sdk/multi_port_motor_feedback/multi_port_motor_feedback_ros2/install/multi_port_motor_feedback/lib/libmulti_port_motor_feedback__rosidl_typesupport_introspection_c.so
[7.235s] -- Up-to-date: /home/linaro/ludan_sdk/multi_port_motor_feedback/multi_port_motor_feedback_ros2/install/multi_port_motor_feedback/lib/libmulti_port_motor_feedback__rosidl_typesupport_c.so
[7.235s] -- Up-to-date: /home/linaro/ludan_sdk/multi_port_motor_feedback/multi_port_motor_feedback_ros2/install/multi_port_motor_feedback/include/multi_port_motor_feedback/multi_port_motor_feedback
[7.235s] -- Up-to-date: /home/linaro/ludan_sdk/multi_port_motor_feedback/multi_port_motor_feedback_ros2/install/multi_port_motor_feedback/include/multi_port_motor_feedback/multi_port_motor_feedback/msg
[7.235s] -- Up-to-date: /home/linaro/ludan_sdk/multi_port_motor_feedback/multi_port_motor_feedback_ros2/install/multi_port_motor_feedback/include/multi_port_motor_feedback/multi_port_motor_feedback/msg/detail
[7.235s] -- Up-to-date: /home/linaro/ludan_sdk/multi_port_motor_feedback/multi_port_motor_feedback_ros2/install/multi_port_motor_feedback/include/multi_port_motor_feedback/multi_port_motor_feedback/msg/detail/motor_state__type_support.cpp
[7.235s] -- Up-to-date: /home/linaro/ludan_sdk/multi_port_motor_feedback/multi_port_motor_feedback_ros2/install/multi_port_motor_feedback/include/multi_port_motor_feedback/multi_port_motor_feedback/msg/detail/motor_state__rosidl_typesupport_introspection_cpp.hpp
[7.235s] -- Up-to-date: /home/linaro/ludan_sdk/multi_port_motor_feedback/multi_port_motor_feedback_ros2/install/multi_port_motor_feedback/include/multi_port_motor_feedback/multi_port_motor_feedback/msg/detail/low_state__type_support.cpp
[7.235s] -- Up-to-date: /home/linaro/ludan_sdk/multi_port_motor_feedback/multi_port_motor_feedback_ros2/install/multi_port_motor_feedback/include/multi_port_motor_feedback/multi_port_motor_feedback/msg/detail/low_state__rosidl_typesupport_introspection_cpp.hpp
[7.235s] -- Up-to-date: /home/linaro/ludan_sdk/multi_port_motor_feedback/multi_port_motor_feedback_ros2/install/multi_port_motor_feedback/lib/libmulti_port_motor_feedback__rosidl_typesupport_introspection_cpp.so
[7.235s] -- Up-to-date: /home/linaro/ludan_sdk/multi_port_motor_feedback/multi_port_motor_feedback_ros2/install/multi_port_motor_feedback/lib/libmulti_port_motor_feedback__rosidl_typesupport_cpp.so
[7.236s] -- Up-to-date: /home/linaro/ludan_sdk/multi_port_motor_feedback/multi_port_motor_feedback_ros2/install/multi_port_motor_feedback/share/multi_port_motor_feedback/msg/MotorState.idl
[7.236s] -- Up-to-date: /home/linaro/ludan_sdk/multi_port_motor_feedback/multi_port_motor_feedback_ros2/install/multi_port_motor_feedback/share/multi_port_motor_feedback/msg/LowState.idl
[7.236s] -- Up-to-date: /home/linaro/ludan_sdk/multi_port_motor_feedback/multi_port_motor_feedback_ros2/install/multi_port_motor_feedback/share/multi_port_motor_feedback/msg/MotorState.msg
[7.236s] -- Up-to-date: /home/linaro/ludan_sdk/multi_port_motor_feedback/multi_port_motor_feedback_ros2/install/multi_port_motor_feedback/share/multi_port_motor_feedback/msg/LowState.msg
[7.237s] -- Installing: /home/linaro/ludan_sdk/multi_port_motor_feedback/multi_port_motor_feedback_ros2/install/multi_port_motor_feedback/lib/multi_port_motor_feedback/can_motor_feedback_publisher
[7.237s] -- Set runtime path of "/home/linaro/ludan_sdk/multi_port_motor_feedback/multi_port_motor_feedback_ros2/install/multi_port_motor_feedback/lib/multi_port_motor_feedback/can_motor_feedback_publisher" to ""
[7.238s] -- Up-to-date: /home/linaro/ludan_sdk/multi_port_motor_feedback/multi_port_motor_feedback_ros2/install/multi_port_motor_feedback/share/multi_port_motor_feedback//launch
[7.239s] -- Up-to-date: /home/linaro/ludan_sdk/multi_port_motor_feedback/multi_port_motor_feedback_ros2/install/multi_port_motor_feedback/share/multi_port_motor_feedback//launch/motor_feedback_publisher.launch.py
[7.239s] -- Up-to-date: /home/linaro/ludan_sdk/multi_port_motor_feedback/multi_port_motor_feedback_ros2/install/multi_port_motor_feedback/share/ament_index/resource_index/package_run_dependencies/multi_port_motor_feedback
[7.239s] -- Up-to-date: /home/linaro/ludan_sdk/multi_port_motor_feedback/multi_port_motor_feedback_ros2/install/multi_port_motor_feedback/share/ament_index/resource_index/parent_prefix_path/multi_port_motor_feedback
[7.239s] -- Up-to-date: /home/linaro/ludan_sdk/multi_port_motor_feedback/multi_port_motor_feedback_ros2/install/multi_port_motor_feedback/share/multi_port_motor_feedback/environment/ament_prefix_path.sh
[7.240s] -- Up-to-date: /home/linaro/ludan_sdk/multi_port_motor_feedback/multi_port_motor_feedback_ros2/install/multi_port_motor_feedback/share/multi_port_motor_feedback/environment/ament_prefix_path.dsv
[7.240s] -- Up-to-date: /home/linaro/ludan_sdk/multi_port_motor_feedback/multi_port_motor_feedback_ros2/install/multi_port_motor_feedback/share/multi_port_motor_feedback/environment/path.sh
[7.241s] -- Up-to-date: /home/linaro/ludan_sdk/multi_port_motor_feedback/multi_port_motor_feedback_ros2/install/multi_port_motor_feedback/share/multi_port_motor_feedback/environment/path.dsv
[7.241s] -- Up-to-date: /home/linaro/ludan_sdk/multi_port_motor_feedback/multi_port_motor_feedback_ros2/install/multi_port_motor_feedback/share/multi_port_motor_feedback/local_setup.bash
[7.241s] -- Up-to-date: /home/linaro/ludan_sdk/multi_port_motor_feedback/multi_port_motor_feedback_ros2/install/multi_port_motor_feedback/share/multi_port_motor_feedback/local_setup.sh
[7.242s] -- Up-to-date: /home/linaro/ludan_sdk/multi_port_motor_feedback/multi_port_motor_feedback_ros2/install/multi_port_motor_feedback/share/multi_port_motor_feedback/local_setup.zsh
[7.243s] -- Up-to-date: /home/linaro/ludan_sdk/multi_port_motor_feedback/multi_port_motor_feedback_ros2/install/multi_port_motor_feedback/share/multi_port_motor_feedback/local_setup.dsv
[7.243s] -- Installing: /home/linaro/ludan_sdk/multi_port_motor_feedback/multi_port_motor_feedback_ros2/install/multi_port_motor_feedback/share/multi_port_motor_feedback/package.dsv
[7.243s] -- Up-to-date: /home/linaro/ludan_sdk/multi_port_motor_feedback/multi_port_motor_feedback_ros2/install/multi_port_motor_feedback/share/ament_index/resource_index/packages/multi_port_motor_feedback
[7.244s] -- Up-to-date: /home/linaro/ludan_sdk/multi_port_motor_feedback/multi_port_motor_feedback_ros2/install/multi_port_motor_feedback/share/multi_port_motor_feedback/cmake/export_multi_port_motor_feedback__rosidl_generator_cExport.cmake
[7.244s] -- Up-to-date: /home/linaro/ludan_sdk/multi_port_motor_feedback/multi_port_motor_feedback_ros2/install/multi_port_motor_feedback/share/multi_port_motor_feedback/cmake/export_multi_port_motor_feedback__rosidl_generator_cExport-noconfig.cmake
[7.245s] -- Up-to-date: /home/linaro/ludan_sdk/multi_port_motor_feedback/multi_port_motor_feedback_ros2/install/multi_port_motor_feedback/share/multi_port_motor_feedback/cmake/export_multi_port_motor_feedback__rosidl_typesupport_fastrtps_cExport.cmake
[7.246s] -- Up-to-date: /home/linaro/ludan_sdk/multi_port_motor_feedback/multi_port_motor_feedback_ros2/install/multi_port_motor_feedback/share/multi_port_motor_feedback/cmake/export_multi_port_motor_feedback__rosidl_typesupport_fastrtps_cExport-noconfig.cmake
[7.246s] -- Up-to-date: /home/linaro/ludan_sdk/multi_port_motor_feedback/multi_port_motor_feedback_ros2/install/multi_port_motor_feedback/share/multi_port_motor_feedback/cmake/export_multi_port_motor_feedback__rosidl_generator_cppExport.cmake
[7.247s] -- Up-to-date: /home/linaro/ludan_sdk/multi_port_motor_feedback/multi_port_motor_feedback_ros2/install/multi_port_motor_feedback/share/multi_port_motor_feedback/cmake/export_multi_port_motor_feedback__rosidl_typesupport_fastrtps_cppExport.cmake
[7.247s] -- Up-to-date: /home/linaro/ludan_sdk/multi_port_motor_feedback/multi_port_motor_feedback_ros2/install/multi_port_motor_feedback/share/multi_port_motor_feedback/cmake/export_multi_port_motor_feedback__rosidl_typesupport_fastrtps_cppExport-noconfig.cmake
[7.248s] -- Up-to-date: /home/linaro/ludan_sdk/multi_port_motor_feedback/multi_port_motor_feedback_ros2/install/multi_port_motor_feedback/share/multi_port_motor_feedback/cmake/multi_port_motor_feedback__rosidl_typesupport_introspection_cExport.cmake
[7.249s] -- Up-to-date: /home/linaro/ludan_sdk/multi_port_motor_feedback/multi_port_motor_feedback_ros2/install/multi_port_motor_feedback/share/multi_port_motor_feedback/cmake/multi_port_motor_feedback__rosidl_typesupport_introspection_cExport-noconfig.cmake
[7.249s] -- Up-to-date: /home/linaro/ludan_sdk/multi_port_motor_feedback/multi_port_motor_feedback_ros2/install/multi_port_motor_feedback/share/multi_port_motor_feedback/cmake/multi_port_motor_feedback__rosidl_typesupport_cExport.cmake
[7.250s] -- Up-to-date: /home/linaro/ludan_sdk/multi_port_motor_feedback/multi_port_motor_feedback_ros2/install/multi_port_motor_feedback/share/multi_port_motor_feedback/cmake/multi_port_motor_feedback__rosidl_typesupport_cExport-noconfig.cmake
[7.250s] -- Up-to-date: /home/linaro/ludan_sdk/multi_port_motor_feedback/multi_port_motor_feedback_ros2/install/multi_port_motor_feedback/share/multi_port_motor_feedback/cmake/multi_port_motor_feedback__rosidl_typesupport_introspection_cppExport.cmake
[7.253s] -- Up-to-date: /home/linaro/ludan_sdk/multi_port_motor_feedback/multi_port_motor_feedback_ros2/install/multi_port_motor_feedback/share/multi_port_motor_feedback/cmake/multi_port_motor_feedback__rosidl_typesupport_introspection_cppExport-noconfig.cmake
[7.254s] -- Up-to-date: /home/linaro/ludan_sdk/multi_port_motor_feedback/multi_port_motor_feedback_ros2/install/multi_port_motor_feedback/share/multi_port_motor_feedback/cmake/multi_port_motor_feedback__rosidl_typesupport_cppExport.cmake
[7.254s] -- Up-to-date: /home/linaro/ludan_sdk/multi_port_motor_feedback/multi_port_motor_feedback_ros2/install/multi_port_motor_feedback/share/multi_port_motor_feedback/cmake/multi_port_motor_feedback__rosidl_typesupport_cppExport-noconfig.cmake
[7.255s] -- Up-to-date: /home/linaro/ludan_sdk/multi_port_motor_feedback/multi_port_motor_feedback_ros2/install/multi_port_motor_feedback/share/multi_port_motor_feedback/cmake/rosidl_cmake-extras.cmake
[7.255s] -- Up-to-date: /home/linaro/ludan_sdk/multi_port_motor_feedback/multi_port_motor_feedback_ros2/install/multi_port_motor_feedback/share/multi_port_motor_feedback/cmake/ament_cmake_export_dependencies-extras.cmake
[7.256s] -- Up-to-date: /home/linaro/ludan_sdk/multi_port_motor_feedback/multi_port_motor_feedback_ros2/install/multi_port_motor_feedback/share/multi_port_motor_feedback/cmake/ament_cmake_export_include_directories-extras.cmake
[7.256s] -- Up-to-date: /home/linaro/ludan_sdk/multi_port_motor_feedback/multi_port_motor_feedback_ros2/install/multi_port_motor_feedback/share/multi_port_motor_feedback/cmake/ament_cmake_export_libraries-extras.cmake
[7.256s] -- Up-to-date: /home/linaro/ludan_sdk/multi_port_motor_feedback/multi_port_motor_feedback_ros2/install/multi_port_motor_feedback/share/multi_port_motor_feedback/cmake/ament_cmake_export_targets-extras.cmake
[7.257s] -- Up-to-date: /home/linaro/ludan_sdk/multi_port_motor_feedback/multi_port_motor_feedback_ros2/install/multi_port_motor_feedback/share/multi_port_motor_feedback/cmake/rosidl_cmake_export_typesupport_targets-extras.cmake
[7.257s] -- Up-to-date: /home/linaro/ludan_sdk/multi_port_motor_feedback/multi_port_motor_feedback_ros2/install/multi_port_motor_feedback/share/multi_port_motor_feedback/cmake/rosidl_cmake_export_typesupport_libraries-extras.cmake
[7.258s] -- Up-to-date: /home/linaro/ludan_sdk/multi_port_motor_feedback/multi_port_motor_feedback_ros2/install/multi_port_motor_feedback/share/multi_port_motor_feedback/cmake/multi_port_motor_feedbackConfig.cmake
[7.258s] -- Up-to-date: /home/linaro/ludan_sdk/multi_port_motor_feedback/multi_port_motor_feedback_ros2/install/multi_port_motor_feedback/share/multi_port_motor_feedback/cmake/multi_port_motor_feedbackConfig-version.cmake
[7.259s] -- Up-to-date: /home/linaro/ludan_sdk/multi_port_motor_feedback/multi_port_motor_feedback_ros2/install/multi_port_motor_feedback/share/multi_port_motor_feedback/package.xml
[7.259s] Invoked command in '/home/linaro/ludan_sdk/multi_port_motor_feedback/multi_port_motor_feedback_ros2/build/multi_port_motor_feedback' returned '0': CMAKE_PREFIX_PATH=${CMAKE_PREFIX_PATH}:/opt/ros/humble /usr/bin/cmake --install /home/linaro/ludan_sdk/multi_port_motor_feedback/multi_port_motor_feedback_ros2/build/multi_port_motor_feedback
