[0.131s] DEBUG:colcon:Command line arguments: ['/usr/bin/colcon', 'build', '--packages-select', 'multi_port_motor_feedback_ros2']
[0.131s] DEBUG:colcon:Parsed command line arguments: Namespace(log_base=None, log_level=None, verb_name='build', build_base='build', install_base='install', merge_install=False, symlink_install=False, test_result_base=None, continue_on_error=False, executor='parallel', parallel_workers=8, event_handlers=None, ignore_user_meta=False, metas=['./colcon.meta'], base_paths=['.'], packages_ignore=None, packages_ignore_regex=None, paths=None, packages_up_to=None, packages_up_to_regex=None, packages_above=None, packages_above_and_dependencies=None, packages_above_depth=None, packages_select_by_dep=None, packages_skip_by_dep=None, packages_skip_up_to=None, packages_select_build_failed=False, packages_skip_build_finished=False, packages_select_test_failures=False, packages_skip_test_passed=False, packages_select=['multi_port_motor_feedback_ros2'], packages_skip=None, packages_select_regex=None, packages_skip_regex=None, packages_start=None, packages_end=None, allow_overriding=[], cmake_args=None, cmake_target=None, cmake_target_skip_unavailable=False, cmake_clean_cache=False, cmake_clean_first=False, cmake_force_configure=False, ament_cmake_args=None, catkin_cmake_args=None, catkin_skip_building_tests=False, verb_parser=<colcon_defaults.argument_parser.defaults.DefaultArgumentsDecorator object at 0x7f8bfe0f70>, verb_extension=<colcon_core.verb.build.BuildVerb object at 0x7f8c1863e0>, main=<bound method BuildVerb.main of <colcon_core.verb.build.BuildVerb object at 0x7f8c1863e0>>)
[0.328s] Level 1:colcon.colcon_core.package_discovery:discover_packages(colcon_meta) check parameters
[0.329s] Level 1:colcon.colcon_core.package_discovery:discover_packages(recursive) check parameters
[0.329s] Level 1:colcon.colcon_core.package_discovery:discover_packages(ignore) check parameters
[0.329s] Level 1:colcon.colcon_core.package_discovery:discover_packages(path) check parameters
[0.329s] Level 1:colcon.colcon_core.package_discovery:discover_packages(colcon_meta) discover
[0.329s] Level 1:colcon.colcon_core.package_discovery:discover_packages(recursive) discover
[0.329s] INFO:colcon.colcon_core.package_discovery:Crawling recursively for packages in '/home/linaro/ludan_sdk/multi_port_motor_feedback'
[0.329s] Level 1:colcon.colcon_core.package_identification:_identify(.) by extensions ['ignore', 'ignore_ament_install']
[0.329s] Level 1:colcon.colcon_core.package_identification:_identify(.) by extension 'ignore'
[0.329s] Level 1:colcon.colcon_core.package_identification:_identify(.) by extension 'ignore_ament_install'
[0.329s] Level 1:colcon.colcon_core.package_identification:_identify(.) by extensions ['colcon_pkg']
[0.329s] Level 1:colcon.colcon_core.package_identification:_identify(.) by extension 'colcon_pkg'
[0.329s] Level 1:colcon.colcon_core.package_identification:_identify(.) by extensions ['colcon_meta']
[0.329s] Level 1:colcon.colcon_core.package_identification:_identify(.) by extension 'colcon_meta'
[0.330s] Level 1:colcon.colcon_core.package_identification:_identify(.) by extensions ['ros']
[0.330s] Level 1:colcon.colcon_core.package_identification:_identify(.) by extension 'ros'
[0.345s] Level 1:colcon.colcon_core.package_identification:_identify(.) by extensions ['cmake', 'python']
[0.345s] Level 1:colcon.colcon_core.package_identification:_identify(.) by extension 'cmake'
[0.441s] Level 1:colcon.colcon_core.package_identification:_identify(.) by extension 'python'
[0.442s] DEBUG:colcon.colcon_core.package_identification:Package '.' with type 'cmake' and name 'multi_port_motor_feedback'
[0.442s] Level 1:colcon.colcon_core.package_discovery:discover_packages(recursive) using defaults
[0.442s] Level 1:colcon.colcon_core.package_discovery:discover_packages(ignore) discover
[0.442s] Level 1:colcon.colcon_core.package_discovery:discover_packages(ignore) using defaults
[0.442s] Level 1:colcon.colcon_core.package_discovery:discover_packages(path) discover
[0.442s] Level 1:colcon.colcon_core.package_discovery:discover_packages(path) using defaults
[0.442s] WARNING:colcon.colcon_core.package_selection:ignoring unknown package 'multi_port_motor_feedback_ros2' in --packages-select
[0.467s] INFO:colcon.colcon_core.package_selection:Skipping not selected package 'multi_port_motor_feedback' in '.'
[0.468s] Level 1:colcon.colcon_core.package_discovery:discover_packages(prefix_path) check parameters
[0.468s] Level 1:colcon.colcon_core.package_discovery:discover_packages(prefix_path) discover
[0.473s] DEBUG:colcon.colcon_installed_package_information.package_discovery:Found 9 installed packages in /home/linaro/controller_ws/install
[0.474s] DEBUG:colcon.colcon_installed_package_information.package_discovery:Found 278 installed packages in /opt/ros/humble
[0.496s] Level 1:colcon.colcon_core.package_discovery:discover_packages(prefix_path) using defaults
[0.545s] INFO:colcon.colcon_core.executor:Executing jobs using 'parallel' executor
[0.547s] DEBUG:colcon.colcon_parallel_executor.executor.parallel:run_until_complete
[0.547s] DEBUG:colcon.colcon_parallel_executor.executor.parallel:closing loop
[0.547s] DEBUG:colcon.colcon_parallel_executor.executor.parallel:loop closed
[0.547s] DEBUG:colcon.colcon_parallel_executor.executor.parallel:run_until_complete finished with '0'
[0.547s] DEBUG:colcon.colcon_core.event_reactor:joining thread
[0.564s] INFO:colcon.colcon_core.plugin_system:Skipping extension 'colcon_notification.desktop_notification.terminal_notifier': Not used on non-Darwin systems
[0.564s] INFO:colcon.colcon_core.plugin_system:Skipping extension 'colcon_notification.desktop_notification.win32': Not used on non-Windows systems
[0.564s] INFO:colcon.colcon_notification.desktop_notification:Sending desktop notification using 'notify2'
[25.590s] DEBUG:colcon.colcon_notification.desktop_notification.notify2:Failed to initialize notify2: org.freedesktop.DBus.Error.NoReply: Did not receive a reply. Possible causes include: the remote application did not send a reply, the message bus security policy blocked the reply, the reply timeout expired, or the network connection was broken.
[25.590s] DEBUG:colcon.colcon_core.event_reactor:joined thread
[25.593s] INFO:colcon.colcon_core.plugin_system:Skipping extension 'colcon_core.shell.bat': Not used on non-Windows systems
[25.593s] INFO:colcon.colcon_core.shell:Creating prefix script '/home/linaro/ludan_sdk/multi_port_motor_feedback/install/local_setup.ps1'
[25.594s] INFO:colcon.colcon_core.shell:Creating prefix util module '/home/linaro/ludan_sdk/multi_port_motor_feedback/install/_local_setup_util_ps1.py'
[25.596s] INFO:colcon.colcon_core.shell:Creating prefix chain script '/home/linaro/ludan_sdk/multi_port_motor_feedback/install/setup.ps1'
[25.598s] INFO:colcon.colcon_core.shell:Creating prefix script '/home/linaro/ludan_sdk/multi_port_motor_feedback/install/local_setup.sh'
[25.599s] INFO:colcon.colcon_core.shell:Creating prefix util module '/home/linaro/ludan_sdk/multi_port_motor_feedback/install/_local_setup_util_sh.py'
[25.599s] INFO:colcon.colcon_core.shell:Creating prefix chain script '/home/linaro/ludan_sdk/multi_port_motor_feedback/install/setup.sh'
[25.601s] INFO:colcon.colcon_core.shell:Creating prefix script '/home/linaro/ludan_sdk/multi_port_motor_feedback/install/local_setup.bash'
[25.602s] INFO:colcon.colcon_core.shell:Creating prefix chain script '/home/linaro/ludan_sdk/multi_port_motor_feedback/install/setup.bash'
[25.603s] INFO:colcon.colcon_core.shell:Creating prefix script '/home/linaro/ludan_sdk/multi_port_motor_feedback/install/local_setup.zsh'
[25.603s] INFO:colcon.colcon_core.shell:Creating prefix chain script '/home/linaro/ludan_sdk/multi_port_motor_feedback/install/setup.zsh'
