[0.144s] DEBUG:colcon:Command line arguments: ['/usr/bin/colcon', 'build', '--base-paths', '/home/linaro/controller_ws/src/motor_feedback']
[0.144s] DEBUG:colcon:Parsed command line arguments: Namespace(log_base=None, log_level=None, verb_name='build', build_base='build', install_base='install', merge_install=False, symlink_install=False, test_result_base=None, continue_on_error=False, executor='parallel', parallel_workers=8, event_handlers=None, ignore_user_meta=False, metas=['./colcon.meta'], base_paths=['/home/linaro/controller_ws/src/motor_feedback'], packages_ignore=None, packages_ignore_regex=None, paths=None, packages_up_to=None, packages_up_to_regex=None, packages_above=None, packages_above_and_dependencies=None, packages_above_depth=None, packages_select_by_dep=None, packages_skip_by_dep=None, packages_skip_up_to=None, packages_select_build_failed=False, packages_skip_build_finished=False, packages_select_test_failures=False, packages_skip_test_passed=False, packages_select=None, packages_skip=None, packages_select_regex=None, packages_skip_regex=None, packages_start=None, packages_end=None, allow_overriding=[], cmake_args=None, cmake_target=None, cmake_target_skip_unavailable=False, cmake_clean_cache=False, cmake_clean_first=False, cmake_force_configure=False, ament_cmake_args=None, catkin_cmake_args=None, catkin_skip_building_tests=False, verb_parser=<colcon_defaults.argument_parser.defaults.DefaultArgumentsDecorator object at 0x7fade6fd30>, verb_extension=<colcon_core.verb.build.BuildVerb object at 0x7fae0590c0>, main=<bound method BuildVerb.main of <colcon_core.verb.build.BuildVerb object at 0x7fae0590c0>>)
[0.342s] Level 1:colcon.colcon_core.package_discovery:discover_packages(colcon_meta) check parameters
[0.342s] Level 1:colcon.colcon_core.package_discovery:discover_packages(recursive) check parameters
[0.342s] Level 1:colcon.colcon_core.package_discovery:discover_packages(ignore) check parameters
[0.342s] Level 1:colcon.colcon_core.package_discovery:discover_packages(path) check parameters
[0.342s] Level 1:colcon.colcon_core.package_discovery:discover_packages(recursive) discover
[0.342s] INFO:colcon.colcon_core.package_discovery:Crawling recursively for packages in '/home/linaro/controller_ws/src/motor_feedback'
[0.342s] Level 1:colcon.colcon_core.package_identification:_identify(/home/linaro/controller_ws/src/motor_feedback) by extensions ['ignore', 'ignore_ament_install']
[0.342s] Level 1:colcon.colcon_core.package_identification:_identify(/home/linaro/controller_ws/src/motor_feedback) by extension 'ignore'
[0.342s] Level 1:colcon.colcon_core.package_identification:_identify(/home/linaro/controller_ws/src/motor_feedback) by extension 'ignore_ament_install'
[0.343s] Level 1:colcon.colcon_core.package_identification:_identify(/home/linaro/controller_ws/src/motor_feedback) by extensions ['colcon_pkg']
[0.343s] Level 1:colcon.colcon_core.package_identification:_identify(/home/linaro/controller_ws/src/motor_feedback) by extension 'colcon_pkg'
[0.343s] Level 1:colcon.colcon_core.package_identification:_identify(/home/linaro/controller_ws/src/motor_feedback) by extensions ['colcon_meta']
[0.343s] Level 1:colcon.colcon_core.package_identification:_identify(/home/linaro/controller_ws/src/motor_feedback) by extension 'colcon_meta'
[0.343s] Level 1:colcon.colcon_core.package_identification:_identify(/home/linaro/controller_ws/src/motor_feedback) by extensions ['ros']
[0.343s] Level 1:colcon.colcon_core.package_identification:_identify(/home/linaro/controller_ws/src/motor_feedback) by extension 'ros'
[0.360s] DEBUG:colcon.colcon_core.package_identification:Package '/home/linaro/controller_ws/src/motor_feedback' with type 'ros.ament_cmake' and name 'motor_feedback'
[0.361s] Level 1:colcon.colcon_core.package_discovery:discover_packages(recursive) using defaults
[0.385s] Level 1:colcon.colcon_core.package_discovery:discover_packages(prefix_path) check parameters
[0.385s] Level 1:colcon.colcon_core.package_discovery:discover_packages(prefix_path) discover
[0.389s] DEBUG:colcon.colcon_installed_package_information.package_discovery:Found 3 installed packages in /home/linaro/controller_ws/install
[0.390s] DEBUG:colcon.colcon_installed_package_information.package_discovery:Found 273 installed packages in /opt/ros/humble
[0.412s] Level 1:colcon.colcon_core.package_discovery:discover_packages(prefix_path) using defaults
[0.460s] Level 5:colcon.colcon_core.verb:set package 'motor_feedback' build argument 'cmake_args' from command line to 'None'
[0.460s] Level 5:colcon.colcon_core.verb:set package 'motor_feedback' build argument 'cmake_target' from command line to 'None'
[0.460s] Level 5:colcon.colcon_core.verb:set package 'motor_feedback' build argument 'cmake_target_skip_unavailable' from command line to 'False'
[0.460s] Level 5:colcon.colcon_core.verb:set package 'motor_feedback' build argument 'cmake_clean_cache' from command line to 'False'
[0.460s] Level 5:colcon.colcon_core.verb:set package 'motor_feedback' build argument 'cmake_clean_first' from command line to 'False'
[0.460s] Level 5:colcon.colcon_core.verb:set package 'motor_feedback' build argument 'cmake_force_configure' from command line to 'False'
[0.460s] Level 5:colcon.colcon_core.verb:set package 'motor_feedback' build argument 'ament_cmake_args' from command line to 'None'
[0.460s] Level 5:colcon.colcon_core.verb:set package 'motor_feedback' build argument 'catkin_cmake_args' from command line to 'None'
[0.460s] Level 5:colcon.colcon_core.verb:set package 'motor_feedback' build argument 'catkin_skip_building_tests' from command line to 'False'
[0.460s] DEBUG:colcon.colcon_core.verb:Building package 'motor_feedback' with the following arguments: {'ament_cmake_args': None, 'build_base': '/home/linaro/ludan_sdk/build/motor_feedback', 'catkin_cmake_args': None, 'catkin_skip_building_tests': False, 'cmake_args': None, 'cmake_clean_cache': False, 'cmake_clean_first': False, 'cmake_force_configure': False, 'cmake_target': None, 'cmake_target_skip_unavailable': False, 'install_base': '/home/linaro/ludan_sdk/install/motor_feedback', 'merge_install': False, 'path': '/home/linaro/controller_ws/src/motor_feedback', 'symlink_install': False, 'test_result_base': None}
[0.461s] INFO:colcon.colcon_core.executor:Executing jobs using 'parallel' executor
[0.462s] DEBUG:colcon.colcon_parallel_executor.executor.parallel:run_until_complete
[0.462s] INFO:colcon.colcon_ros.task.ament_cmake.build:Building ROS package in '/home/linaro/controller_ws/src/motor_feedback' with build type 'ament_cmake'
[0.463s] INFO:colcon.colcon_cmake.task.cmake.build:Building CMake package in '/home/linaro/controller_ws/src/motor_feedback'
[0.465s] INFO:colcon.colcon_core.plugin_system:Skipping extension 'colcon_core.shell.bat': Not used on non-Windows systems
[0.466s] INFO:colcon.colcon_core.shell:Skip shell extension 'powershell' for command environment: Not usable outside of PowerShell
[0.466s] DEBUG:colcon.colcon_core.shell:Skip shell extension 'dsv' for command environment
[0.477s] DEBUG:colcon.colcon_core.event_handler.log_command:Invoking command in '/home/linaro/ludan_sdk/build/motor_feedback': CMAKE_PREFIX_PATH=${CMAKE_PREFIX_PATH}:/opt/ros/humble /usr/bin/cmake /home/linaro/controller_ws/src/motor_feedback -DCMAKE_INSTALL_PREFIX=/home/linaro/ludan_sdk/install/motor_feedback
[3.900s] DEBUG:colcon.colcon_core.event_handler.log_command:Invoked command in '/home/linaro/ludan_sdk/build/motor_feedback' returned '0': CMAKE_PREFIX_PATH=${CMAKE_PREFIX_PATH}:/opt/ros/humble /usr/bin/cmake /home/linaro/controller_ws/src/motor_feedback -DCMAKE_INSTALL_PREFIX=/home/linaro/ludan_sdk/install/motor_feedback
[3.907s] DEBUG:colcon.colcon_core.event_handler.log_command:Invoking command in '/home/linaro/ludan_sdk/build/motor_feedback': CMAKE_PREFIX_PATH=${CMAKE_PREFIX_PATH}:/opt/ros/humble /usr/bin/cmake --build /home/linaro/ludan_sdk/build/motor_feedback -- -j8 -l8
[5.400s] DEBUG:colcon.colcon_core.event_handler.log_command:Invoked command in '/home/linaro/ludan_sdk/build/motor_feedback' returned '2': CMAKE_PREFIX_PATH=${CMAKE_PREFIX_PATH}:/opt/ros/humble /usr/bin/cmake --build /home/linaro/ludan_sdk/build/motor_feedback -- -j8 -l8
[5.402s] Level 1:colcon.colcon_core.environment:create_environment_scripts_only(motor_feedback)
[5.410s] Level 1:colcon.colcon_core.environment:checking '/home/linaro/ludan_sdk/install/motor_feedback' for CMake module files
[5.413s] Level 1:colcon.colcon_core.environment:checking '/home/linaro/ludan_sdk/install/motor_feedback' for CMake config files
[5.415s] Level 1:colcon.colcon_core.shell:create_environment_hook('motor_feedback', 'cmake_prefix_path')
[5.416s] INFO:colcon.colcon_core.shell:Creating environment hook '/home/linaro/ludan_sdk/install/motor_feedback/share/motor_feedback/hook/cmake_prefix_path.ps1'
[5.419s] INFO:colcon.colcon_core.shell:Creating environment descriptor '/home/linaro/ludan_sdk/install/motor_feedback/share/motor_feedback/hook/cmake_prefix_path.dsv'
[5.420s] INFO:colcon.colcon_core.shell:Creating environment hook '/home/linaro/ludan_sdk/install/motor_feedback/share/motor_feedback/hook/cmake_prefix_path.sh'
[5.424s] Level 1:colcon.colcon_core.environment:checking '/home/linaro/ludan_sdk/install/motor_feedback/lib'
[5.425s] Level 1:colcon.colcon_core.shell:create_environment_hook('motor_feedback', 'ld_library_path_lib')
[5.426s] INFO:colcon.colcon_core.shell:Creating environment hook '/home/linaro/ludan_sdk/install/motor_feedback/share/motor_feedback/hook/ld_library_path_lib.ps1'
[5.427s] INFO:colcon.colcon_core.shell:Creating environment descriptor '/home/linaro/ludan_sdk/install/motor_feedback/share/motor_feedback/hook/ld_library_path_lib.dsv'
[5.429s] INFO:colcon.colcon_core.shell:Creating environment hook '/home/linaro/ludan_sdk/install/motor_feedback/share/motor_feedback/hook/ld_library_path_lib.sh'
[5.430s] Level 1:colcon.colcon_core.environment:checking '/home/linaro/ludan_sdk/install/motor_feedback/bin'
[5.430s] Level 1:colcon.colcon_core.environment:checking '/home/linaro/ludan_sdk/install/motor_feedback/lib/pkgconfig/motor_feedback.pc'
[5.431s] Level 1:colcon.colcon_core.environment:checking '/home/linaro/ludan_sdk/install/motor_feedback/lib/python3.10/site-packages'
[5.433s] Level 1:colcon.colcon_core.environment:checking '/home/linaro/ludan_sdk/install/motor_feedback/bin'
[5.435s] INFO:colcon.colcon_core.shell:Creating package script '/home/linaro/ludan_sdk/install/motor_feedback/share/motor_feedback/package.ps1'
[5.439s] INFO:colcon.colcon_core.shell:Creating package descriptor '/home/linaro/ludan_sdk/install/motor_feedback/share/motor_feedback/package.dsv'
[5.442s] INFO:colcon.colcon_core.shell:Creating package script '/home/linaro/ludan_sdk/install/motor_feedback/share/motor_feedback/package.sh'
[5.445s] INFO:colcon.colcon_core.shell:Creating package script '/home/linaro/ludan_sdk/install/motor_feedback/share/motor_feedback/package.bash'
[5.447s] INFO:colcon.colcon_core.shell:Creating package script '/home/linaro/ludan_sdk/install/motor_feedback/share/motor_feedback/package.zsh'
[5.448s] Level 1:colcon.colcon_core.environment:create_file_with_runtime_dependencies(/home/linaro/ludan_sdk/install/motor_feedback/share/colcon-core/packages/motor_feedback)
[5.458s] DEBUG:colcon.colcon_parallel_executor.executor.parallel:closing loop
[5.458s] DEBUG:colcon.colcon_parallel_executor.executor.parallel:loop closed
[5.458s] DEBUG:colcon.colcon_parallel_executor.executor.parallel:run_until_complete finished with '2'
[5.458s] DEBUG:colcon.colcon_core.event_reactor:joining thread
[5.475s] INFO:colcon.colcon_core.plugin_system:Skipping extension 'colcon_notification.desktop_notification.terminal_notifier': Not used on non-Darwin systems
[5.475s] INFO:colcon.colcon_core.plugin_system:Skipping extension 'colcon_notification.desktop_notification.win32': Not used on non-Windows systems
[5.475s] INFO:colcon.colcon_notification.desktop_notification:Sending desktop notification using 'notify2'
[5.491s] DEBUG:colcon.colcon_core.event_reactor:joined thread
[5.492s] INFO:colcon.colcon_core.shell:Creating prefix script '/home/linaro/ludan_sdk/install/local_setup.ps1'
[5.493s] INFO:colcon.colcon_core.shell:Creating prefix util module '/home/linaro/ludan_sdk/install/_local_setup_util_ps1.py'
[5.495s] INFO:colcon.colcon_core.shell:Creating prefix chain script '/home/linaro/ludan_sdk/install/setup.ps1'
[5.497s] INFO:colcon.colcon_core.shell:Creating prefix script '/home/linaro/ludan_sdk/install/local_setup.sh'
[5.497s] INFO:colcon.colcon_core.shell:Creating prefix util module '/home/linaro/ludan_sdk/install/_local_setup_util_sh.py'
[5.498s] INFO:colcon.colcon_core.shell:Creating prefix chain script '/home/linaro/ludan_sdk/install/setup.sh'
[5.500s] INFO:colcon.colcon_core.shell:Creating prefix script '/home/linaro/ludan_sdk/install/local_setup.bash'
[5.500s] INFO:colcon.colcon_core.shell:Creating prefix chain script '/home/linaro/ludan_sdk/install/setup.bash'
[5.502s] INFO:colcon.colcon_core.shell:Creating prefix script '/home/linaro/ludan_sdk/install/local_setup.zsh'
[5.503s] INFO:colcon.colcon_core.shell:Creating prefix chain script '/home/linaro/ludan_sdk/install/setup.zsh'
