-- Found ament_cmake: 1.3.12 (/opt/ros/humble/share/ament_cmake/cmake)
-- Found rclcpp: 16.0.16 (/opt/ros/humble/share/rclcpp/cmake)
-- Found rosidl_generator_c: 3.1.7 (/opt/ros/humble/share/rosidl_generator_c/cmake)
-- Found rosidl_adapter: 3.1.7 (/opt/ros/humble/share/rosidl_adapter/cmake)
-- Found rosidl_generator_cpp: 3.1.7 (/opt/ros/humble/share/rosidl_generator_cpp/cmake)
-- Using all available rosidl_typesupport_c: rosidl_typesupport_fastrtps_c;rosidl_typesupport_introspection_c
-- Using all available rosidl_typesupport_cpp: rosidl_typesupport_fastrtps_cpp;rosidl_typesupport_introspection_cpp
-- Found rmw_implementation_cmake: 6.1.2 (/opt/ros/humble/share/rmw_implementation_cmake/cmake)
-- Found rmw_fastrtps_cpp: 6.2.9 (/opt/ros/humble/share/rmw_fastrtps_cpp/cmake)
-- Using RMW implementation 'rmw_fastrtps_cpp' as default
-- Found rosidl_default_generators: 1.2.0 (/opt/ros/humble/share/rosidl_default_generators/cmake)
-- Found ament_cmake_ros: 0.10.0 (/opt/ros/humble/share/ament_cmake_ros/cmake)
-- Using all available rosidl_typesupport_c: rosidl_typesupport_fastrtps_c;rosidl_typesupport_introspection_c
-- Using all available rosidl_typesupport_cpp: rosidl_typesupport_fastrtps_cpp;rosidl_typesupport_introspection_cpp
-- Found python_cmake_module: 0.10.0 (/opt/ros/humble/share/python_cmake_module/cmake)
-- Using PYTHON_EXECUTABLE: /usr/bin/python3
-- Using PYTHON_INCLUDE_DIRS: /usr/include/python3.10
-- Using PYTHON_LIBRARIES: /usr/lib/aarch64-linux-gnu/libpython3.10.so
-- Configuring done
-- Generating done
-- Build files have been written to: /home/linaro/ludan_sdk/example/g1/motor_feedback/build/motor_feedback
[  2%] Building C object CMakeFiles/motor_feedback__rosidl_generator_c.dir/rosidl_generator_c/motor_feedback/msg/detail/motor_feedback__functions.c.o
[  2%] Built target ament_cmake_python_copy_motor_feedback
[  5%] Built target motor_feedback__cpp
[  8%] Building CXX object CMakeFiles/motor_feedback__rosidl_typesupport_introspection_cpp.dir/rosidl_typesupport_introspection_cpp/motor_feedback/msg/detail/motor_feedback__type_support.cpp.o
[ 11%] Building CXX object CMakeFiles/motor_feedback__rosidl_typesupport_cpp.dir/rosidl_typesupport_cpp/motor_feedback/msg/motor_feedback__type_support.cpp.o
[ 14%] Building CXX object CMakeFiles/motor_feedback__rosidl_typesupport_fastrtps_cpp.dir/rosidl_typesupport_fastrtps_cpp/motor_feedback/msg/detail/dds_fastrtps/motor_feedback__type_support.cpp.o
[ 17%] Linking C shared library libmotor_feedback__rosidl_generator_c.so
running egg_info
writing motor_feedback.egg-info/PKG-INFO
writing dependency_links to motor_feedback.egg-info/dependency_links.txt
writing top-level names to motor_feedback.egg-info/top_level.txt
reading manifest file 'motor_feedback.egg-info/SOURCES.txt'
writing manifest file 'motor_feedback.egg-info/SOURCES.txt'
[ 17%] Built target ament_cmake_python_build_motor_feedback_egg
[ 20%] Linking CXX shared library libmotor_feedback__rosidl_typesupport_cpp.so
[ 22%] Built target motor_feedback__rosidl_generator_c
[ 25%] Generating C type support dispatch for ROS interfaces
[ 28%] Generating C introspection for ROS interfaces
[ 31%] Generating C type support for eProsima Fast-RTPS
[ 34%] Built target motor_feedback__rosidl_typesupport_cpp
[ 37%] Building CXX object CMakeFiles/motor_feedback_publisher.dir/src/motor_feedback_publisher.cpp.o
[ 40%] Building CXX object CMakeFiles/motor_feedback_subscriber.dir/src/motor_feedback_subscriber.cpp.o
[ 42%] Linking CXX shared library libmotor_feedback__rosidl_typesupport_introspection_cpp.so
[ 45%] Built target motor_feedback__rosidl_typesupport_introspection_cpp
[ 48%] Linking CXX shared library libmotor_feedback__rosidl_typesupport_fastrtps_cpp.so
[ 51%] Building CXX object CMakeFiles/motor_feedback__rosidl_typesupport_c.dir/rosidl_typesupport_c/motor_feedback/msg/motor_feedback__type_support.cpp.o
[ 54%] Building C object CMakeFiles/motor_feedback__rosidl_typesupport_introspection_c.dir/rosidl_typesupport_introspection_c/motor_feedback/msg/detail/motor_feedback__type_support.c.o
[ 57%] Built target motor_feedback__rosidl_typesupport_fastrtps_cpp
[ 60%] Linking C shared library libmotor_feedback__rosidl_typesupport_introspection_c.so
[ 62%] Linking CXX shared library libmotor_feedback__rosidl_typesupport_c.so
[ 62%] Built target motor_feedback__rosidl_typesupport_introspection_c
[ 62%] Built target motor_feedback__rosidl_typesupport_c
[ 65%] Building CXX object CMakeFiles/motor_feedback__rosidl_typesupport_fastrtps_c.dir/rosidl_typesupport_fastrtps_c/motor_feedback/msg/detail/motor_feedback__type_support_c.cpp.o
[ 68%] Linking CXX shared library libmotor_feedback__rosidl_typesupport_fastrtps_c.so
[ 68%] Built target motor_feedback__rosidl_typesupport_fastrtps_c
[ 68%] Built target motor_feedback
[ 71%] Generating Python code for ROS interfaces
[ 71%] Built target motor_feedback__py
[ 74%] Building C object CMakeFiles/motor_feedback__rosidl_generator_py.dir/rosidl_generator_py/motor_feedback/msg/_motor_feedback_s.c.o
[ 77%] Linking C shared library rosidl_generator_py/motor_feedback/libmotor_feedback__rosidl_generator_py.so
In file included from /home/linaro/ludan_sdk/LINUX_CANFDNET_V1.3.0.5_example/src/CANFDNET.h:4,
                 from /home/linaro/ludan_sdk/example/g1/motor_feedback/src/motor_feedback_publisher.cpp:15:
/home/linaro/ludan_sdk/LINUX_CANFDNET_V1.3.0.5_example/src/zlgcan/zlgcan.h:584:16: warning: ISO C++ prohibits anonymous structs [-Wpedantic]
  584 |         struct {
      |                ^
[ 77%] Built target motor_feedback__rosidl_generator_py
[ 80%] Building C object CMakeFiles/motor_feedback__rosidl_typesupport_fastrtps_c__pyext.dir/rosidl_generator_py/motor_feedback/_motor_feedback_s.ep.rosidl_typesupport_fastrtps_c.c.o
[ 82%] Building C object CMakeFiles/motor_feedback__rosidl_typesupport_introspection_c__pyext.dir/rosidl_generator_py/motor_feedback/_motor_feedback_s.ep.rosidl_typesupport_introspection_c.c.o
[ 85%] Building C object CMakeFiles/motor_feedback__rosidl_typesupport_c__pyext.dir/rosidl_generator_py/motor_feedback/_motor_feedback_s.ep.rosidl_typesupport_c.c.o
[ 88%] Linking C shared library rosidl_generator_py/motor_feedback/motor_feedback_s__rosidl_typesupport_fastrtps_c.cpython-310-aarch64-linux-gnu.so
[ 91%] Linking C shared library rosidl_generator_py/motor_feedback/motor_feedback_s__rosidl_typesupport_introspection_c.cpython-310-aarch64-linux-gnu.so
[ 91%] Built target motor_feedback__rosidl_typesupport_fastrtps_c__pyext
[ 94%] Linking C shared library rosidl_generator_py/motor_feedback/motor_feedback_s__rosidl_typesupport_c.cpython-310-aarch64-linux-gnu.so
[ 94%] Built target motor_feedback__rosidl_typesupport_introspection_c__pyext
[ 94%] Built target motor_feedback__rosidl_typesupport_c__pyext
[ 97%] Linking CXX executable motor_feedback_publisher
[ 97%] Built target motor_feedback_publisher
[100%] Linking CXX executable motor_feedback_subscriber
[100%] Built target motor_feedback_subscriber
-- Install configuration: ""
-- Installing: /home/linaro/ludan_sdk/example/g1/motor_feedback/install/motor_feedback/share/ament_index/resource_index/rosidl_interfaces/motor_feedback
-- Installing: /home/linaro/ludan_sdk/example/g1/motor_feedback/install/motor_feedback/include/motor_feedback/motor_feedback
-- Installing: /home/linaro/ludan_sdk/example/g1/motor_feedback/install/motor_feedback/include/motor_feedback/motor_feedback/msg
-- Installing: /home/linaro/ludan_sdk/example/g1/motor_feedback/install/motor_feedback/include/motor_feedback/motor_feedback/msg/rosidl_generator_c__visibility_control.h
-- Installing: /home/linaro/ludan_sdk/example/g1/motor_feedback/install/motor_feedback/include/motor_feedback/motor_feedback/msg/motor_feedback.h
-- Installing: /home/linaro/ludan_sdk/example/g1/motor_feedback/install/motor_feedback/include/motor_feedback/motor_feedback/msg/detail
-- Installing: /home/linaro/ludan_sdk/example/g1/motor_feedback/install/motor_feedback/include/motor_feedback/motor_feedback/msg/detail/motor_feedback__functions.h
-- Installing: /home/linaro/ludan_sdk/example/g1/motor_feedback/install/motor_feedback/include/motor_feedback/motor_feedback/msg/detail/motor_feedback__type_support.h
-- Installing: /home/linaro/ludan_sdk/example/g1/motor_feedback/install/motor_feedback/include/motor_feedback/motor_feedback/msg/detail/motor_feedback__functions.c
-- Installing: /home/linaro/ludan_sdk/example/g1/motor_feedback/install/motor_feedback/include/motor_feedback/motor_feedback/msg/detail/motor_feedback__struct.h
-- Installing: /home/linaro/ludan_sdk/example/g1/motor_feedback/install/motor_feedback/share/motor_feedback/environment/library_path.sh
-- Installing: /home/linaro/ludan_sdk/example/g1/motor_feedback/install/motor_feedback/share/motor_feedback/environment/library_path.dsv
-- Installing: /home/linaro/ludan_sdk/example/g1/motor_feedback/install/motor_feedback/lib/libmotor_feedback__rosidl_generator_c.so
-- Set runtime path of "/home/linaro/ludan_sdk/example/g1/motor_feedback/install/motor_feedback/lib/libmotor_feedback__rosidl_generator_c.so" to ""
-- Up-to-date: /home/linaro/ludan_sdk/example/g1/motor_feedback/install/motor_feedback/include/motor_feedback/motor_feedback
-- Up-to-date: /home/linaro/ludan_sdk/example/g1/motor_feedback/install/motor_feedback/include/motor_feedback/motor_feedback/msg
-- Installing: /home/linaro/ludan_sdk/example/g1/motor_feedback/install/motor_feedback/include/motor_feedback/motor_feedback/msg/rosidl_typesupport_fastrtps_c__visibility_control.h
-- Up-to-date: /home/linaro/ludan_sdk/example/g1/motor_feedback/install/motor_feedback/include/motor_feedback/motor_feedback/msg/detail
-- Installing: /home/linaro/ludan_sdk/example/g1/motor_feedback/install/motor_feedback/include/motor_feedback/motor_feedback/msg/detail/motor_feedback__rosidl_typesupport_fastrtps_c.h
-- Installing: /home/linaro/ludan_sdk/example/g1/motor_feedback/install/motor_feedback/lib/libmotor_feedback__rosidl_typesupport_fastrtps_c.so
-- Set runtime path of "/home/linaro/ludan_sdk/example/g1/motor_feedback/install/motor_feedback/lib/libmotor_feedback__rosidl_typesupport_fastrtps_c.so" to ""
-- Up-to-date: /home/linaro/ludan_sdk/example/g1/motor_feedback/install/motor_feedback/include/motor_feedback/motor_feedback
-- Up-to-date: /home/linaro/ludan_sdk/example/g1/motor_feedback/install/motor_feedback/include/motor_feedback/motor_feedback/msg
-- Installing: /home/linaro/ludan_sdk/example/g1/motor_feedback/install/motor_feedback/include/motor_feedback/motor_feedback/msg/motor_feedback.hpp
-- Installing: /home/linaro/ludan_sdk/example/g1/motor_feedback/install/motor_feedback/include/motor_feedback/motor_feedback/msg/rosidl_generator_cpp__visibility_control.hpp
-- Up-to-date: /home/linaro/ludan_sdk/example/g1/motor_feedback/install/motor_feedback/include/motor_feedback/motor_feedback/msg/detail
-- Installing: /home/linaro/ludan_sdk/example/g1/motor_feedback/install/motor_feedback/include/motor_feedback/motor_feedback/msg/detail/motor_feedback__traits.hpp
-- Installing: /home/linaro/ludan_sdk/example/g1/motor_feedback/install/motor_feedback/include/motor_feedback/motor_feedback/msg/detail/motor_feedback__type_support.hpp
-- Installing: /home/linaro/ludan_sdk/example/g1/motor_feedback/install/motor_feedback/include/motor_feedback/motor_feedback/msg/detail/motor_feedback__builder.hpp
-- Installing: /home/linaro/ludan_sdk/example/g1/motor_feedback/install/motor_feedback/include/motor_feedback/motor_feedback/msg/detail/motor_feedback__struct.hpp
-- Up-to-date: /home/linaro/ludan_sdk/example/g1/motor_feedback/install/motor_feedback/include/motor_feedback/motor_feedback
-- Up-to-date: /home/linaro/ludan_sdk/example/g1/motor_feedback/install/motor_feedback/include/motor_feedback/motor_feedback/msg
-- Installing: /home/linaro/ludan_sdk/example/g1/motor_feedback/install/motor_feedback/include/motor_feedback/motor_feedback/msg/rosidl_typesupport_fastrtps_cpp__visibility_control.h
-- Up-to-date: /home/linaro/ludan_sdk/example/g1/motor_feedback/install/motor_feedback/include/motor_feedback/motor_feedback/msg/detail
-- Installing: /home/linaro/ludan_sdk/example/g1/motor_feedback/install/motor_feedback/include/motor_feedback/motor_feedback/msg/detail/motor_feedback__rosidl_typesupport_fastrtps_cpp.hpp
-- Installing: /home/linaro/ludan_sdk/example/g1/motor_feedback/install/motor_feedback/include/motor_feedback/motor_feedback/msg/detail/dds_fastrtps
-- Installing: /home/linaro/ludan_sdk/example/g1/motor_feedback/install/motor_feedback/lib/libmotor_feedback__rosidl_typesupport_fastrtps_cpp.so
-- Set runtime path of "/home/linaro/ludan_sdk/example/g1/motor_feedback/install/motor_feedback/lib/libmotor_feedback__rosidl_typesupport_fastrtps_cpp.so" to ""
-- Up-to-date: /home/linaro/ludan_sdk/example/g1/motor_feedback/install/motor_feedback/include/motor_feedback/motor_feedback
-- Up-to-date: /home/linaro/ludan_sdk/example/g1/motor_feedback/install/motor_feedback/include/motor_feedback/motor_feedback/msg
-- Up-to-date: /home/linaro/ludan_sdk/example/g1/motor_feedback/install/motor_feedback/include/motor_feedback/motor_feedback/msg/detail
-- Installing: /home/linaro/ludan_sdk/example/g1/motor_feedback/install/motor_feedback/include/motor_feedback/motor_feedback/msg/detail/motor_feedback__type_support.c
-- Installing: /home/linaro/ludan_sdk/example/g1/motor_feedback/install/motor_feedback/include/motor_feedback/motor_feedback/msg/detail/motor_feedback__rosidl_typesupport_introspection_c.h
-- Installing: /home/linaro/ludan_sdk/example/g1/motor_feedback/install/motor_feedback/include/motor_feedback/motor_feedback/msg/rosidl_typesupport_introspection_c__visibility_control.h
-- Installing: /home/linaro/ludan_sdk/example/g1/motor_feedback/install/motor_feedback/lib/libmotor_feedback__rosidl_typesupport_introspection_c.so
-- Set runtime path of "/home/linaro/ludan_sdk/example/g1/motor_feedback/install/motor_feedback/lib/libmotor_feedback__rosidl_typesupport_introspection_c.so" to ""
-- Installing: /home/linaro/ludan_sdk/example/g1/motor_feedback/install/motor_feedback/lib/libmotor_feedback__rosidl_typesupport_c.so
-- Set runtime path of "/home/linaro/ludan_sdk/example/g1/motor_feedback/install/motor_feedback/lib/libmotor_feedback__rosidl_typesupport_c.so" to ""
-- Up-to-date: /home/linaro/ludan_sdk/example/g1/motor_feedback/install/motor_feedback/include/motor_feedback/motor_feedback
-- Up-to-date: /home/linaro/ludan_sdk/example/g1/motor_feedback/install/motor_feedback/include/motor_feedback/motor_feedback/msg
-- Up-to-date: /home/linaro/ludan_sdk/example/g1/motor_feedback/install/motor_feedback/include/motor_feedback/motor_feedback/msg/detail
-- Installing: /home/linaro/ludan_sdk/example/g1/motor_feedback/install/motor_feedback/include/motor_feedback/motor_feedback/msg/detail/motor_feedback__type_support.cpp
-- Installing: /home/linaro/ludan_sdk/example/g1/motor_feedback/install/motor_feedback/include/motor_feedback/motor_feedback/msg/detail/motor_feedback__rosidl_typesupport_introspection_cpp.hpp
-- Installing: /home/linaro/ludan_sdk/example/g1/motor_feedback/install/motor_feedback/lib/libmotor_feedback__rosidl_typesupport_introspection_cpp.so
-- Set runtime path of "/home/linaro/ludan_sdk/example/g1/motor_feedback/install/motor_feedback/lib/libmotor_feedback__rosidl_typesupport_introspection_cpp.so" to ""
-- Installing: /home/linaro/ludan_sdk/example/g1/motor_feedback/install/motor_feedback/lib/libmotor_feedback__rosidl_typesupport_cpp.so
-- Set runtime path of "/home/linaro/ludan_sdk/example/g1/motor_feedback/install/motor_feedback/lib/libmotor_feedback__rosidl_typesupport_cpp.so" to ""
-- Installing: /home/linaro/ludan_sdk/example/g1/motor_feedback/install/motor_feedback/share/motor_feedback/environment/pythonpath.sh
-- Installing: /home/linaro/ludan_sdk/example/g1/motor_feedback/install/motor_feedback/share/motor_feedback/environment/pythonpath.dsv
-- Installing: /home/linaro/ludan_sdk/example/g1/motor_feedback/install/motor_feedback/local/lib/python3.10/dist-packages/motor_feedback-1.0.0-py3.10.egg-info
-- Installing: /home/linaro/ludan_sdk/example/g1/motor_feedback/install/motor_feedback/local/lib/python3.10/dist-packages/motor_feedback-1.0.0-py3.10.egg-info/dependency_links.txt
-- Installing: /home/linaro/ludan_sdk/example/g1/motor_feedback/install/motor_feedback/local/lib/python3.10/dist-packages/motor_feedback-1.0.0-py3.10.egg-info/top_level.txt
-- Installing: /home/linaro/ludan_sdk/example/g1/motor_feedback/install/motor_feedback/local/lib/python3.10/dist-packages/motor_feedback-1.0.0-py3.10.egg-info/SOURCES.txt
-- Installing: /home/linaro/ludan_sdk/example/g1/motor_feedback/install/motor_feedback/local/lib/python3.10/dist-packages/motor_feedback-1.0.0-py3.10.egg-info/PKG-INFO
-- Installing: /home/linaro/ludan_sdk/example/g1/motor_feedback/install/motor_feedback/local/lib/python3.10/dist-packages/motor_feedback
-- Installing: /home/linaro/ludan_sdk/example/g1/motor_feedback/install/motor_feedback/local/lib/python3.10/dist-packages/motor_feedback/motor_feedback_s__rosidl_typesupport_fastrtps_c.cpython-310-aarch64-linux-gnu.so
-- Installing: /home/linaro/ludan_sdk/example/g1/motor_feedback/install/motor_feedback/local/lib/python3.10/dist-packages/motor_feedback/libmotor_feedback__rosidl_generator_py.so
-- Installing: /home/linaro/ludan_sdk/example/g1/motor_feedback/install/motor_feedback/local/lib/python3.10/dist-packages/motor_feedback/_motor_feedback_s.ep.rosidl_typesupport_c.c
-- Installing: /home/linaro/ludan_sdk/example/g1/motor_feedback/install/motor_feedback/local/lib/python3.10/dist-packages/motor_feedback/motor_feedback_s__rosidl_typesupport_introspection_c.cpython-310-aarch64-linux-gnu.so
-- Installing: /home/linaro/ludan_sdk/example/g1/motor_feedback/install/motor_feedback/local/lib/python3.10/dist-packages/motor_feedback/_motor_feedback_s.ep.rosidl_typesupport_introspection_c.c
-- Installing: /home/linaro/ludan_sdk/example/g1/motor_feedback/install/motor_feedback/local/lib/python3.10/dist-packages/motor_feedback/motor_feedback_s__rosidl_typesupport_c.cpython-310-aarch64-linux-gnu.so
-- Installing: /home/linaro/ludan_sdk/example/g1/motor_feedback/install/motor_feedback/local/lib/python3.10/dist-packages/motor_feedback/msg
-- Installing: /home/linaro/ludan_sdk/example/g1/motor_feedback/install/motor_feedback/local/lib/python3.10/dist-packages/motor_feedback/msg/_motor_feedback.py
-- Installing: /home/linaro/ludan_sdk/example/g1/motor_feedback/install/motor_feedback/local/lib/python3.10/dist-packages/motor_feedback/msg/_motor_feedback_s.c
-- Installing: /home/linaro/ludan_sdk/example/g1/motor_feedback/install/motor_feedback/local/lib/python3.10/dist-packages/motor_feedback/msg/__init__.py
-- Installing: /home/linaro/ludan_sdk/example/g1/motor_feedback/install/motor_feedback/local/lib/python3.10/dist-packages/motor_feedback/_motor_feedback_s.ep.rosidl_typesupport_fastrtps_c.c
-- Installing: /home/linaro/ludan_sdk/example/g1/motor_feedback/install/motor_feedback/local/lib/python3.10/dist-packages/motor_feedback/__init__.py
Listing '/home/linaro/ludan_sdk/example/g1/motor_feedback/install/motor_feedback/local/lib/python3.10/dist-packages/motor_feedback'...
Compiling '/home/linaro/ludan_sdk/example/g1/motor_feedback/install/motor_feedback/local/lib/python3.10/dist-packages/motor_feedback/__init__.py'...
Listing '/home/linaro/ludan_sdk/example/g1/motor_feedback/install/motor_feedback/local/lib/python3.10/dist-packages/motor_feedback/msg'...
Compiling '/home/linaro/ludan_sdk/example/g1/motor_feedback/install/motor_feedback/local/lib/python3.10/dist-packages/motor_feedback/msg/__init__.py'...
Compiling '/home/linaro/ludan_sdk/example/g1/motor_feedback/install/motor_feedback/local/lib/python3.10/dist-packages/motor_feedback/msg/_motor_feedback.py'...
-- Installing: /home/linaro/ludan_sdk/example/g1/motor_feedback/install/motor_feedback/local/lib/python3.10/dist-packages/motor_feedback/motor_feedback_s__rosidl_typesupport_fastrtps_c.cpython-310-aarch64-linux-gnu.so
-- Set runtime path of "/home/linaro/ludan_sdk/example/g1/motor_feedback/install/motor_feedback/local/lib/python3.10/dist-packages/motor_feedback/motor_feedback_s__rosidl_typesupport_fastrtps_c.cpython-310-aarch64-linux-gnu.so" to ""
-- Installing: /home/linaro/ludan_sdk/example/g1/motor_feedback/install/motor_feedback/local/lib/python3.10/dist-packages/motor_feedback/motor_feedback_s__rosidl_typesupport_introspection_c.cpython-310-aarch64-linux-gnu.so
-- Set runtime path of "/home/linaro/ludan_sdk/example/g1/motor_feedback/install/motor_feedback/local/lib/python3.10/dist-packages/motor_feedback/motor_feedback_s__rosidl_typesupport_introspection_c.cpython-310-aarch64-linux-gnu.so" to ""
-- Installing: /home/linaro/ludan_sdk/example/g1/motor_feedback/install/motor_feedback/local/lib/python3.10/dist-packages/motor_feedback/motor_feedback_s__rosidl_typesupport_c.cpython-310-aarch64-linux-gnu.so
-- Set runtime path of "/home/linaro/ludan_sdk/example/g1/motor_feedback/install/motor_feedback/local/lib/python3.10/dist-packages/motor_feedback/motor_feedback_s__rosidl_typesupport_c.cpython-310-aarch64-linux-gnu.so" to ""
-- Installing: /home/linaro/ludan_sdk/example/g1/motor_feedback/install/motor_feedback/lib/libmotor_feedback__rosidl_generator_py.so
-- Set runtime path of "/home/linaro/ludan_sdk/example/g1/motor_feedback/install/motor_feedback/lib/libmotor_feedback__rosidl_generator_py.so" to ""
-- Installing: /home/linaro/ludan_sdk/example/g1/motor_feedback/install/motor_feedback/share/motor_feedback/msg/MotorFeedback.idl
-- Installing: /home/linaro/ludan_sdk/example/g1/motor_feedback/install/motor_feedback/share/motor_feedback/msg/MotorFeedback.msg
-- Installing: /home/linaro/ludan_sdk/example/g1/motor_feedback/install/motor_feedback/lib/motor_feedback/motor_feedback_publisher
-- Installing: /home/linaro/ludan_sdk/example/g1/motor_feedback/install/motor_feedback/lib/motor_feedback/motor_feedback_subscriber
-- Set runtime path of "/home/linaro/ludan_sdk/example/g1/motor_feedback/install/motor_feedback/lib/motor_feedback/motor_feedback_subscriber" to ""
-- Installing: /home/linaro/ludan_sdk/example/g1/motor_feedback/install/motor_feedback/share/motor_feedback/launch
-- Installing: /home/linaro/ludan_sdk/example/g1/motor_feedback/install/motor_feedback/share/motor_feedback/launch/motor_feedback.launch.py
-- Installing: /home/linaro/ludan_sdk/example/g1/motor_feedback/install/motor_feedback/share/ament_index/resource_index/package_run_dependencies/motor_feedback
-- Installing: /home/linaro/ludan_sdk/example/g1/motor_feedback/install/motor_feedback/share/ament_index/resource_index/parent_prefix_path/motor_feedback
-- Installing: /home/linaro/ludan_sdk/example/g1/motor_feedback/install/motor_feedback/share/motor_feedback/environment/ament_prefix_path.sh
-- Installing: /home/linaro/ludan_sdk/example/g1/motor_feedback/install/motor_feedback/share/motor_feedback/environment/ament_prefix_path.dsv
-- Installing: /home/linaro/ludan_sdk/example/g1/motor_feedback/install/motor_feedback/share/motor_feedback/environment/path.sh
-- Installing: /home/linaro/ludan_sdk/example/g1/motor_feedback/install/motor_feedback/share/motor_feedback/environment/path.dsv
-- Installing: /home/linaro/ludan_sdk/example/g1/motor_feedback/install/motor_feedback/share/motor_feedback/local_setup.bash
-- Installing: /home/linaro/ludan_sdk/example/g1/motor_feedback/install/motor_feedback/share/motor_feedback/local_setup.sh
-- Installing: /home/linaro/ludan_sdk/example/g1/motor_feedback/install/motor_feedback/share/motor_feedback/local_setup.zsh
-- Installing: /home/linaro/ludan_sdk/example/g1/motor_feedback/install/motor_feedback/share/motor_feedback/local_setup.dsv
-- Installing: /home/linaro/ludan_sdk/example/g1/motor_feedback/install/motor_feedback/share/motor_feedback/package.dsv
-- Installing: /home/linaro/ludan_sdk/example/g1/motor_feedback/install/motor_feedback/share/ament_index/resource_index/packages/motor_feedback
-- Installing: /home/linaro/ludan_sdk/example/g1/motor_feedback/install/motor_feedback/share/motor_feedback/cmake/export_motor_feedback__rosidl_generator_cExport.cmake
-- Installing: /home/linaro/ludan_sdk/example/g1/motor_feedback/install/motor_feedback/share/motor_feedback/cmake/export_motor_feedback__rosidl_generator_cExport-noconfig.cmake
-- Installing: /home/linaro/ludan_sdk/example/g1/motor_feedback/install/motor_feedback/share/motor_feedback/cmake/export_motor_feedback__rosidl_typesupport_fastrtps_cExport.cmake
-- Installing: /home/linaro/ludan_sdk/example/g1/motor_feedback/install/motor_feedback/share/motor_feedback/cmake/export_motor_feedback__rosidl_typesupport_fastrtps_cExport-noconfig.cmake
-- Installing: /home/linaro/ludan_sdk/example/g1/motor_feedback/install/motor_feedback/share/motor_feedback/cmake/export_motor_feedback__rosidl_generator_cppExport.cmake
-- Installing: /home/linaro/ludan_sdk/example/g1/motor_feedback/install/motor_feedback/share/motor_feedback/cmake/export_motor_feedback__rosidl_typesupport_fastrtps_cppExport.cmake
-- Installing: /home/linaro/ludan_sdk/example/g1/motor_feedback/install/motor_feedback/share/motor_feedback/cmake/export_motor_feedback__rosidl_typesupport_fastrtps_cppExport-noconfig.cmake
-- Installing: /home/linaro/ludan_sdk/example/g1/motor_feedback/install/motor_feedback/share/motor_feedback/cmake/motor_feedback__rosidl_typesupport_introspection_cExport.cmake
-- Installing: /home/linaro/ludan_sdk/example/g1/motor_feedback/install/motor_feedback/share/motor_feedback/cmake/motor_feedback__rosidl_typesupport_introspection_cExport-noconfig.cmake
-- Installing: /home/linaro/ludan_sdk/example/g1/motor_feedback/install/motor_feedback/share/motor_feedback/cmake/motor_feedback__rosidl_typesupport_cExport.cmake
-- Installing: /home/linaro/ludan_sdk/example/g1/motor_feedback/install/motor_feedback/share/motor_feedback/cmake/motor_feedback__rosidl_typesupport_cExport-noconfig.cmake
-- Installing: /home/linaro/ludan_sdk/example/g1/motor_feedback/install/motor_feedback/share/motor_feedback/cmake/motor_feedback__rosidl_typesupport_introspection_cppExport.cmake
-- Installing: /home/linaro/ludan_sdk/example/g1/motor_feedback/install/motor_feedback/share/motor_feedback/cmake/motor_feedback__rosidl_typesupport_introspection_cppExport-noconfig.cmake
-- Installing: /home/linaro/ludan_sdk/example/g1/motor_feedback/install/motor_feedback/share/motor_feedback/cmake/motor_feedback__rosidl_typesupport_cppExport.cmake
-- Installing: /home/linaro/ludan_sdk/example/g1/motor_feedback/install/motor_feedback/share/motor_feedback/cmake/motor_feedback__rosidl_typesupport_cppExport-noconfig.cmake
-- Installing: /home/linaro/ludan_sdk/example/g1/motor_feedback/install/motor_feedback/share/motor_feedback/cmake/export_motor_feedback__rosidl_generator_pyExport.cmake
-- Installing: /home/linaro/ludan_sdk/example/g1/motor_feedback/install/motor_feedback/share/motor_feedback/cmake/export_motor_feedback__rosidl_generator_pyExport-noconfig.cmake
-- Installing: /home/linaro/ludan_sdk/example/g1/motor_feedback/install/motor_feedback/share/motor_feedback/cmake/rosidl_cmake-extras.cmake
-- Installing: /home/linaro/ludan_sdk/example/g1/motor_feedback/install/motor_feedback/share/motor_feedback/cmake/ament_cmake_export_dependencies-extras.cmake
-- Installing: /home/linaro/ludan_sdk/example/g1/motor_feedback/install/motor_feedback/share/motor_feedback/cmake/ament_cmake_export_include_directories-extras.cmake
-- Installing: /home/linaro/ludan_sdk/example/g1/motor_feedback/install/motor_feedback/share/motor_feedback/cmake/ament_cmake_export_libraries-extras.cmake
-- Installing: /home/linaro/ludan_sdk/example/g1/motor_feedback/install/motor_feedback/share/motor_feedback/cmake/ament_cmake_export_targets-extras.cmake
-- Installing: /home/linaro/ludan_sdk/example/g1/motor_feedback/install/motor_feedback/share/motor_feedback/cmake/rosidl_cmake_export_typesupport_targets-extras.cmake
-- Installing: /home/linaro/ludan_sdk/example/g1/motor_feedback/install/motor_feedback/share/motor_feedback/cmake/rosidl_cmake_export_typesupport_libraries-extras.cmake
-- Installing: /home/linaro/ludan_sdk/example/g1/motor_feedback/install/motor_feedback/share/motor_feedback/cmake/motor_feedbackConfig.cmake
-- Installing: /home/linaro/ludan_sdk/example/g1/motor_feedback/install/motor_feedback/share/motor_feedback/cmake/motor_feedbackConfig-version.cmake
-- Installing: /home/linaro/ludan_sdk/example/g1/motor_feedback/install/motor_feedback/share/motor_feedback/package.xml
