[0.016s] Invoking command in '/home/linaro/ludan_sdk/example/g1/motor_feedback/build/motor_feedback': CMAKE_PREFIX_PATH=${CMAKE_PREFIX_PATH}:/home/linaro/controller_ws/install/motor_feedback_api:/opt/ros/humble /usr/bin/cmake --build /home/linaro/ludan_sdk/example/g1/motor_feedback/build/motor_feedback -- -j8 -l8
[0.089s] -- Found ament_cmake: 1.3.12 (/opt/ros/humble/share/ament_cmake/cmake)
[0.335s] -- Found rclcpp: 16.0.16 (/opt/ros/humble/share/rclcpp/cmake)
[0.388s] -- Found rosidl_generator_c: 3.1.7 (/opt/ros/humble/share/rosidl_generator_c/cmake)
[0.391s] -- Found rosidl_adapter: 3.1.7 (/opt/ros/humble/share/rosidl_adapter/cmake)
[0.399s] -- Found rosidl_generator_cpp: 3.1.7 (/opt/ros/humble/share/rosidl_generator_cpp/cmake)
[0.411s] -- Using all available rosidl_typesupport_c: rosidl_typesupport_fastrtps_c;rosidl_typesupport_introspection_c
[0.427s] -- Using all available rosidl_typesupport_cpp: rosidl_typesupport_fastrtps_cpp;rosidl_typesupport_introspection_cpp
[0.470s] -- Found rmw_implementation_cmake: 6.1.2 (/opt/ros/humble/share/rmw_implementation_cmake/cmake)
[0.472s] -- Found rmw_fastrtps_cpp: 6.2.9 (/opt/ros/humble/share/rmw_fastrtps_cpp/cmake)
[0.583s] -- Using RMW implementation 'rmw_fastrtps_cpp' as default
[0.656s] -- Found rosidl_default_generators: 1.2.0 (/opt/ros/humble/share/rosidl_default_generators/cmake)
[1.123s] -- Found ament_cmake_ros: 0.10.0 (/opt/ros/humble/share/ament_cmake_ros/cmake)
[1.837s] -- Using all available rosidl_typesupport_c: rosidl_typesupport_fastrtps_c;rosidl_typesupport_introspection_c
[2.088s] -- Using all available rosidl_typesupport_cpp: rosidl_typesupport_fastrtps_cpp;rosidl_typesupport_introspection_cpp
[2.136s] -- Found python_cmake_module: 0.10.0 (/opt/ros/humble/share/python_cmake_module/cmake)
[2.192s] -- Using PYTHON_EXECUTABLE: /usr/bin/python3
[2.192s] -- Using PYTHON_INCLUDE_DIRS: /usr/include/python3.10
[2.192s] -- Using PYTHON_LIBRARIES: /usr/lib/aarch64-linux-gnu/libpython3.10.so
[2.271s] -- Configuring done
[2.326s] -- Generating done
[2.354s] -- Build files have been written to: /home/linaro/ludan_sdk/example/g1/motor_feedback/build/motor_feedback
[2.423s] [  2%] Building C object CMakeFiles/motor_feedback__rosidl_generator_c.dir/rosidl_generator_c/motor_feedback/msg/detail/motor_feedback__functions.c.o
[2.438s] [  2%] Built target ament_cmake_python_copy_motor_feedback
[2.449s] [  5%] Built target motor_feedback__cpp
[2.475s] [  8%] Building CXX object CMakeFiles/motor_feedback__rosidl_typesupport_introspection_cpp.dir/rosidl_typesupport_introspection_cpp/motor_feedback/msg/detail/motor_feedback__type_support.cpp.o
[2.478s] [ 11%] Building CXX object CMakeFiles/motor_feedback__rosidl_typesupport_cpp.dir/rosidl_typesupport_cpp/motor_feedback/msg/motor_feedback__type_support.cpp.o
[2.508s] [ 14%] Building CXX object CMakeFiles/motor_feedback__rosidl_typesupport_fastrtps_cpp.dir/rosidl_typesupport_fastrtps_cpp/motor_feedback/msg/detail/dds_fastrtps/motor_feedback__type_support.cpp.o
[2.609s] [ 17%] Linking C shared library libmotor_feedback__rosidl_generator_c.so
[2.801s] running egg_info
[2.810s] writing motor_feedback.egg-info/PKG-INFO
[2.810s] writing dependency_links to motor_feedback.egg-info/dependency_links.txt
[2.811s] writing top-level names to motor_feedback.egg-info/top_level.txt
[2.814s] reading manifest file 'motor_feedback.egg-info/SOURCES.txt'
[2.815s] writing manifest file 'motor_feedback.egg-info/SOURCES.txt'
[2.884s] [ 17%] Built target ament_cmake_python_build_motor_feedback_egg
[2.891s] [ 20%] Linking CXX shared library libmotor_feedback__rosidl_typesupport_cpp.so
[2.904s] [ 22%] Built target motor_feedback__rosidl_generator_c
[2.957s] [ 25%] Generating C type support dispatch for ROS interfaces
[2.964s] [ 28%] Generating C introspection for ROS interfaces
[2.971s] [ 31%] Generating C type support for eProsima Fast-RTPS
[2.985s] [ 34%] Built target motor_feedback__rosidl_typesupport_cpp
[3.093s] [ 37%] Building CXX object CMakeFiles/motor_feedback_publisher.dir/src/motor_feedback_publisher.cpp.o
[3.130s] [ 40%] Building CXX object CMakeFiles/motor_feedback_subscriber.dir/src/motor_feedback_subscriber.cpp.o
[3.226s] [ 42%] Linking CXX shared library libmotor_feedback__rosidl_typesupport_introspection_cpp.so
[3.413s] [ 45%] Built target motor_feedback__rosidl_typesupport_introspection_cpp
[3.425s] [ 48%] Linking CXX shared library libmotor_feedback__rosidl_typesupport_fastrtps_cpp.so
[3.596s] [ 51%] Building CXX object CMakeFiles/motor_feedback__rosidl_typesupport_c.dir/rosidl_typesupport_c/motor_feedback/msg/motor_feedback__type_support.cpp.o
[3.665s] [ 54%] Building C object CMakeFiles/motor_feedback__rosidl_typesupport_introspection_c.dir/rosidl_typesupport_introspection_c/motor_feedback/msg/detail/motor_feedback__type_support.c.o
[3.710s] [ 57%] Built target motor_feedback__rosidl_typesupport_fastrtps_cpp
[3.720s] [ 60%] Linking C shared library libmotor_feedback__rosidl_typesupport_introspection_c.so
[3.723s] [ 62%] Linking CXX shared library libmotor_feedback__rosidl_typesupport_c.so
[3.775s] [ 62%] Built target motor_feedback__rosidl_typesupport_introspection_c
[3.820s] [ 62%] Built target motor_feedback__rosidl_typesupport_c
[3.861s] [ 65%] Building CXX object CMakeFiles/motor_feedback__rosidl_typesupport_fastrtps_c.dir/rosidl_typesupport_fastrtps_c/motor_feedback/msg/detail/motor_feedback__type_support_c.cpp.o
[4.430s] [ 68%] Linking CXX shared library libmotor_feedback__rosidl_typesupport_fastrtps_c.so
[4.675s] [ 68%] Built target motor_feedback__rosidl_typesupport_fastrtps_c
[4.749s] [ 68%] Built target motor_feedback
[4.812s] [ 71%] Generating Python code for ROS interfaces
[6.505s] [ 71%] Built target motor_feedback__py
[6.628s] [ 74%] Building C object CMakeFiles/motor_feedback__rosidl_generator_py.dir/rosidl_generator_py/motor_feedback/msg/_motor_feedback_s.c.o
[7.255s] [ 77%] Linking C shared library rosidl_generator_py/motor_feedback/libmotor_feedback__rosidl_generator_py.so
[7.271s] In file included from /home/linaro/ludan_sdk/LINUX_CANFDNET_V1.3.0.5_example/src/CANFDNET.h:4,
[7.271s]                  from /home/linaro/ludan_sdk/example/g1/motor_feedback/src/motor_feedback_publisher.cpp:15:
[7.272s] /home/linaro/ludan_sdk/LINUX_CANFDNET_V1.3.0.5_example/src/zlgcan/zlgcan.h:584:16: warning: ISO C++ prohibits anonymous structs [-Wpedantic]
[7.272s]   584 |         struct {
[7.272s]       |                ^
[7.399s] [ 77%] Built target motor_feedback__rosidl_generator_py
[7.502s] [ 80%] Building C object CMakeFiles/motor_feedback__rosidl_typesupport_fastrtps_c__pyext.dir/rosidl_generator_py/motor_feedback/_motor_feedback_s.ep.rosidl_typesupport_fastrtps_c.c.o
[7.535s] [ 82%] Building C object CMakeFiles/motor_feedback__rosidl_typesupport_introspection_c__pyext.dir/rosidl_generator_py/motor_feedback/_motor_feedback_s.ep.rosidl_typesupport_introspection_c.c.o
[7.536s] [ 85%] Building C object CMakeFiles/motor_feedback__rosidl_typesupport_c__pyext.dir/rosidl_generator_py/motor_feedback/_motor_feedback_s.ep.rosidl_typesupport_c.c.o
[7.766s] [ 88%] Linking C shared library rosidl_generator_py/motor_feedback/motor_feedback_s__rosidl_typesupport_fastrtps_c.cpython-310-aarch64-linux-gnu.so
[7.774s] [ 91%] Linking C shared library rosidl_generator_py/motor_feedback/motor_feedback_s__rosidl_typesupport_introspection_c.cpython-310-aarch64-linux-gnu.so
[7.855s] [ 91%] Built target motor_feedback__rosidl_typesupport_fastrtps_c__pyext
[7.886s] [ 94%] Linking C shared library rosidl_generator_py/motor_feedback/motor_feedback_s__rosidl_typesupport_c.cpython-310-aarch64-linux-gnu.so
[7.978s] [ 94%] Built target motor_feedback__rosidl_typesupport_introspection_c__pyext
[8.011s] [ 94%] Built target motor_feedback__rosidl_typesupport_c__pyext
[11.959s] [ 97%] Linking CXX executable motor_feedback_publisher
[12.525s] [ 97%] Built target motor_feedback_publisher
[17.409s] [100%] Linking CXX executable motor_feedback_subscriber
[18.123s] [100%] Built target motor_feedback_subscriber
[18.153s] Invoked command in '/home/linaro/ludan_sdk/example/g1/motor_feedback/build/motor_feedback' returned '0': CMAKE_PREFIX_PATH=${CMAKE_PREFIX_PATH}:/home/linaro/controller_ws/install/motor_feedback_api:/opt/ros/humble /usr/bin/cmake --build /home/linaro/ludan_sdk/example/g1/motor_feedback/build/motor_feedback -- -j8 -l8
[18.168s] Invoking command in '/home/linaro/ludan_sdk/example/g1/motor_feedback/build/motor_feedback': CMAKE_PREFIX_PATH=${CMAKE_PREFIX_PATH}:/home/linaro/controller_ws/install/motor_feedback_api:/opt/ros/humble /usr/bin/cmake --install /home/linaro/ludan_sdk/example/g1/motor_feedback/build/motor_feedback
[18.177s] -- Install configuration: ""
[18.177s] -- Installing: /home/linaro/ludan_sdk/example/g1/motor_feedback/install/motor_feedback/share/ament_index/resource_index/rosidl_interfaces/motor_feedback
[18.177s] -- Installing: /home/linaro/ludan_sdk/example/g1/motor_feedback/install/motor_feedback/include/motor_feedback/motor_feedback
[18.178s] -- Installing: /home/linaro/ludan_sdk/example/g1/motor_feedback/install/motor_feedback/include/motor_feedback/motor_feedback/msg
[18.182s] -- Installing: /home/linaro/ludan_sdk/example/g1/motor_feedback/install/motor_feedback/include/motor_feedback/motor_feedback/msg/rosidl_generator_c__visibility_control.h
[18.182s] -- Installing: /home/linaro/ludan_sdk/example/g1/motor_feedback/install/motor_feedback/include/motor_feedback/motor_feedback/msg/motor_feedback.h
[18.183s] -- Installing: /home/linaro/ludan_sdk/example/g1/motor_feedback/install/motor_feedback/include/motor_feedback/motor_feedback/msg/detail
[18.183s] -- Installing: /home/linaro/ludan_sdk/example/g1/motor_feedback/install/motor_feedback/include/motor_feedback/motor_feedback/msg/detail/motor_feedback__functions.h
[18.184s] -- Installing: /home/linaro/ludan_sdk/example/g1/motor_feedback/install/motor_feedback/include/motor_feedback/motor_feedback/msg/detail/motor_feedback__type_support.h
[18.185s] -- Installing: /home/linaro/ludan_sdk/example/g1/motor_feedback/install/motor_feedback/include/motor_feedback/motor_feedback/msg/detail/motor_feedback__functions.c
[18.186s] -- Installing: /home/linaro/ludan_sdk/example/g1/motor_feedback/install/motor_feedback/include/motor_feedback/motor_feedback/msg/detail/motor_feedback__struct.h
[18.186s] -- Installing: /home/linaro/ludan_sdk/example/g1/motor_feedback/install/motor_feedback/share/motor_feedback/environment/library_path.sh
[18.186s] -- Installing: /home/linaro/ludan_sdk/example/g1/motor_feedback/install/motor_feedback/share/motor_feedback/environment/library_path.dsv
[18.187s] -- Installing: /home/linaro/ludan_sdk/example/g1/motor_feedback/install/motor_feedback/lib/libmotor_feedback__rosidl_generator_c.so
[18.187s] -- Set runtime path of "/home/linaro/ludan_sdk/example/g1/motor_feedback/install/motor_feedback/lib/libmotor_feedback__rosidl_generator_c.so" to ""
[18.187s] -- Up-to-date: /home/linaro/ludan_sdk/example/g1/motor_feedback/install/motor_feedback/include/motor_feedback/motor_feedback
[18.188s] -- Up-to-date: /home/linaro/ludan_sdk/example/g1/motor_feedback/install/motor_feedback/include/motor_feedback/motor_feedback/msg
[18.188s] -- Installing: /home/linaro/ludan_sdk/example/g1/motor_feedback/install/motor_feedback/include/motor_feedback/motor_feedback/msg/rosidl_typesupport_fastrtps_c__visibility_control.h
[18.188s] -- Up-to-date: /home/linaro/ludan_sdk/example/g1/motor_feedback/install/motor_feedback/include/motor_feedback/motor_feedback/msg/detail
[18.189s] -- Installing: /home/linaro/ludan_sdk/example/g1/motor_feedback/install/motor_feedback/include/motor_feedback/motor_feedback/msg/detail/motor_feedback__rosidl_typesupport_fastrtps_c.h
[18.189s] -- Installing: /home/linaro/ludan_sdk/example/g1/motor_feedback/install/motor_feedback/lib/libmotor_feedback__rosidl_typesupport_fastrtps_c.so
[18.189s] -- Set runtime path of "/home/linaro/ludan_sdk/example/g1/motor_feedback/install/motor_feedback/lib/libmotor_feedback__rosidl_typesupport_fastrtps_c.so" to ""
[18.190s] -- Up-to-date: /home/linaro/ludan_sdk/example/g1/motor_feedback/install/motor_feedback/include/motor_feedback/motor_feedback
[18.190s] -- Up-to-date: /home/linaro/ludan_sdk/example/g1/motor_feedback/install/motor_feedback/include/motor_feedback/motor_feedback/msg
[18.191s] -- Installing: /home/linaro/ludan_sdk/example/g1/motor_feedback/install/motor_feedback/include/motor_feedback/motor_feedback/msg/motor_feedback.hpp
[18.191s] -- Installing: /home/linaro/ludan_sdk/example/g1/motor_feedback/install/motor_feedback/include/motor_feedback/motor_feedback/msg/rosidl_generator_cpp__visibility_control.hpp
[18.191s] -- Up-to-date: /home/linaro/ludan_sdk/example/g1/motor_feedback/install/motor_feedback/include/motor_feedback/motor_feedback/msg/detail
[18.192s] -- Installing: /home/linaro/ludan_sdk/example/g1/motor_feedback/install/motor_feedback/include/motor_feedback/motor_feedback/msg/detail/motor_feedback__traits.hpp
[18.192s] -- Installing: /home/linaro/ludan_sdk/example/g1/motor_feedback/install/motor_feedback/include/motor_feedback/motor_feedback/msg/detail/motor_feedback__type_support.hpp
[18.192s] -- Installing: /home/linaro/ludan_sdk/example/g1/motor_feedback/install/motor_feedback/include/motor_feedback/motor_feedback/msg/detail/motor_feedback__builder.hpp
[18.193s] -- Installing: /home/linaro/ludan_sdk/example/g1/motor_feedback/install/motor_feedback/include/motor_feedback/motor_feedback/msg/detail/motor_feedback__struct.hpp
[18.193s] -- Up-to-date: /home/linaro/ludan_sdk/example/g1/motor_feedback/install/motor_feedback/include/motor_feedback/motor_feedback
[18.193s] -- Up-to-date: /home/linaro/ludan_sdk/example/g1/motor_feedback/install/motor_feedback/include/motor_feedback/motor_feedback/msg
[18.194s] -- Installing: /home/linaro/ludan_sdk/example/g1/motor_feedback/install/motor_feedback/include/motor_feedback/motor_feedback/msg/rosidl_typesupport_fastrtps_cpp__visibility_control.h
[18.194s] -- Up-to-date: /home/linaro/ludan_sdk/example/g1/motor_feedback/install/motor_feedback/include/motor_feedback/motor_feedback/msg/detail
[18.194s] -- Installing: /home/linaro/ludan_sdk/example/g1/motor_feedback/install/motor_feedback/include/motor_feedback/motor_feedback/msg/detail/motor_feedback__rosidl_typesupport_fastrtps_cpp.hpp
[18.195s] -- Installing: /home/linaro/ludan_sdk/example/g1/motor_feedback/install/motor_feedback/include/motor_feedback/motor_feedback/msg/detail/dds_fastrtps
[18.195s] -- Installing: /home/linaro/ludan_sdk/example/g1/motor_feedback/install/motor_feedback/lib/libmotor_feedback__rosidl_typesupport_fastrtps_cpp.so
[18.195s] -- Set runtime path of "/home/linaro/ludan_sdk/example/g1/motor_feedback/install/motor_feedback/lib/libmotor_feedback__rosidl_typesupport_fastrtps_cpp.so" to ""
[18.196s] -- Up-to-date: /home/linaro/ludan_sdk/example/g1/motor_feedback/install/motor_feedback/include/motor_feedback/motor_feedback
[18.196s] -- Up-to-date: /home/linaro/ludan_sdk/example/g1/motor_feedback/install/motor_feedback/include/motor_feedback/motor_feedback/msg
[18.197s] -- Up-to-date: /home/linaro/ludan_sdk/example/g1/motor_feedback/install/motor_feedback/include/motor_feedback/motor_feedback/msg/detail
[18.197s] -- Installing: /home/linaro/ludan_sdk/example/g1/motor_feedback/install/motor_feedback/include/motor_feedback/motor_feedback/msg/detail/motor_feedback__type_support.c
[18.197s] -- Installing: /home/linaro/ludan_sdk/example/g1/motor_feedback/install/motor_feedback/include/motor_feedback/motor_feedback/msg/detail/motor_feedback__rosidl_typesupport_introspection_c.h
[18.198s] -- Installing: /home/linaro/ludan_sdk/example/g1/motor_feedback/install/motor_feedback/include/motor_feedback/motor_feedback/msg/rosidl_typesupport_introspection_c__visibility_control.h
[18.198s] -- Installing: /home/linaro/ludan_sdk/example/g1/motor_feedback/install/motor_feedback/lib/libmotor_feedback__rosidl_typesupport_introspection_c.so
[18.198s] -- Set runtime path of "/home/linaro/ludan_sdk/example/g1/motor_feedback/install/motor_feedback/lib/libmotor_feedback__rosidl_typesupport_introspection_c.so" to ""
[18.199s] -- Installing: /home/linaro/ludan_sdk/example/g1/motor_feedback/install/motor_feedback/lib/libmotor_feedback__rosidl_typesupport_c.so
[18.199s] -- Set runtime path of "/home/linaro/ludan_sdk/example/g1/motor_feedback/install/motor_feedback/lib/libmotor_feedback__rosidl_typesupport_c.so" to ""
[18.199s] -- Up-to-date: /home/linaro/ludan_sdk/example/g1/motor_feedback/install/motor_feedback/include/motor_feedback/motor_feedback
[18.200s] -- Up-to-date: /home/linaro/ludan_sdk/example/g1/motor_feedback/install/motor_feedback/include/motor_feedback/motor_feedback/msg
[18.200s] -- Up-to-date: /home/linaro/ludan_sdk/example/g1/motor_feedback/install/motor_feedback/include/motor_feedback/motor_feedback/msg/detail
[18.200s] -- Installing: /home/linaro/ludan_sdk/example/g1/motor_feedback/install/motor_feedback/include/motor_feedback/motor_feedback/msg/detail/motor_feedback__type_support.cpp
[18.201s] -- Installing: /home/linaro/ludan_sdk/example/g1/motor_feedback/install/motor_feedback/include/motor_feedback/motor_feedback/msg/detail/motor_feedback__rosidl_typesupport_introspection_cpp.hpp
[18.201s] -- Installing: /home/linaro/ludan_sdk/example/g1/motor_feedback/install/motor_feedback/lib/libmotor_feedback__rosidl_typesupport_introspection_cpp.so
[18.202s] -- Set runtime path of "/home/linaro/ludan_sdk/example/g1/motor_feedback/install/motor_feedback/lib/libmotor_feedback__rosidl_typesupport_introspection_cpp.so" to ""
[18.202s] -- Installing: /home/linaro/ludan_sdk/example/g1/motor_feedback/install/motor_feedback/lib/libmotor_feedback__rosidl_typesupport_cpp.so
[18.202s] -- Set runtime path of "/home/linaro/ludan_sdk/example/g1/motor_feedback/install/motor_feedback/lib/libmotor_feedback__rosidl_typesupport_cpp.so" to ""
[18.203s] -- Installing: /home/linaro/ludan_sdk/example/g1/motor_feedback/install/motor_feedback/share/motor_feedback/environment/pythonpath.sh
[18.203s] -- Installing: /home/linaro/ludan_sdk/example/g1/motor_feedback/install/motor_feedback/share/motor_feedback/environment/pythonpath.dsv
[18.203s] -- Installing: /home/linaro/ludan_sdk/example/g1/motor_feedback/install/motor_feedback/local/lib/python3.10/dist-packages/motor_feedback-1.0.0-py3.10.egg-info
[18.204s] -- Installing: /home/linaro/ludan_sdk/example/g1/motor_feedback/install/motor_feedback/local/lib/python3.10/dist-packages/motor_feedback-1.0.0-py3.10.egg-info/dependency_links.txt
[18.204s] -- Installing: /home/linaro/ludan_sdk/example/g1/motor_feedback/install/motor_feedback/local/lib/python3.10/dist-packages/motor_feedback-1.0.0-py3.10.egg-info/top_level.txt
[18.204s] -- Installing: /home/linaro/ludan_sdk/example/g1/motor_feedback/install/motor_feedback/local/lib/python3.10/dist-packages/motor_feedback-1.0.0-py3.10.egg-info/SOURCES.txt
[18.205s] -- Installing: /home/linaro/ludan_sdk/example/g1/motor_feedback/install/motor_feedback/local/lib/python3.10/dist-packages/motor_feedback-1.0.0-py3.10.egg-info/PKG-INFO
[18.206s] -- Installing: /home/linaro/ludan_sdk/example/g1/motor_feedback/install/motor_feedback/local/lib/python3.10/dist-packages/motor_feedback
[18.206s] -- Installing: /home/linaro/ludan_sdk/example/g1/motor_feedback/install/motor_feedback/local/lib/python3.10/dist-packages/motor_feedback/motor_feedback_s__rosidl_typesupport_fastrtps_c.cpython-310-aarch64-linux-gnu.so
[18.206s] -- Installing: /home/linaro/ludan_sdk/example/g1/motor_feedback/install/motor_feedback/local/lib/python3.10/dist-packages/motor_feedback/libmotor_feedback__rosidl_generator_py.so
[18.207s] -- Installing: /home/linaro/ludan_sdk/example/g1/motor_feedback/install/motor_feedback/local/lib/python3.10/dist-packages/motor_feedback/_motor_feedback_s.ep.rosidl_typesupport_c.c
[18.207s] -- Installing: /home/linaro/ludan_sdk/example/g1/motor_feedback/install/motor_feedback/local/lib/python3.10/dist-packages/motor_feedback/motor_feedback_s__rosidl_typesupport_introspection_c.cpython-310-aarch64-linux-gnu.so
[18.208s] -- Installing: /home/linaro/ludan_sdk/example/g1/motor_feedback/install/motor_feedback/local/lib/python3.10/dist-packages/motor_feedback/_motor_feedback_s.ep.rosidl_typesupport_introspection_c.c
[18.208s] -- Installing: /home/linaro/ludan_sdk/example/g1/motor_feedback/install/motor_feedback/local/lib/python3.10/dist-packages/motor_feedback/motor_feedback_s__rosidl_typesupport_c.cpython-310-aarch64-linux-gnu.so
[18.208s] -- Installing: /home/linaro/ludan_sdk/example/g1/motor_feedback/install/motor_feedback/local/lib/python3.10/dist-packages/motor_feedback/msg
[18.209s] -- Installing: /home/linaro/ludan_sdk/example/g1/motor_feedback/install/motor_feedback/local/lib/python3.10/dist-packages/motor_feedback/msg/_motor_feedback.py
[18.209s] -- Installing: /home/linaro/ludan_sdk/example/g1/motor_feedback/install/motor_feedback/local/lib/python3.10/dist-packages/motor_feedback/msg/_motor_feedback_s.c
[18.209s] -- Installing: /home/linaro/ludan_sdk/example/g1/motor_feedback/install/motor_feedback/local/lib/python3.10/dist-packages/motor_feedback/msg/__init__.py
[18.210s] -- Installing: /home/linaro/ludan_sdk/example/g1/motor_feedback/install/motor_feedback/local/lib/python3.10/dist-packages/motor_feedback/_motor_feedback_s.ep.rosidl_typesupport_fastrtps_c.c
[18.210s] -- Installing: /home/linaro/ludan_sdk/example/g1/motor_feedback/install/motor_feedback/local/lib/python3.10/dist-packages/motor_feedback/__init__.py
[18.262s] Listing '/home/linaro/ludan_sdk/example/g1/motor_feedback/install/motor_feedback/local/lib/python3.10/dist-packages/motor_feedback'...
[18.263s] Compiling '/home/linaro/ludan_sdk/example/g1/motor_feedback/install/motor_feedback/local/lib/python3.10/dist-packages/motor_feedback/__init__.py'...
[18.263s] Listing '/home/linaro/ludan_sdk/example/g1/motor_feedback/install/motor_feedback/local/lib/python3.10/dist-packages/motor_feedback/msg'...
[18.264s] Compiling '/home/linaro/ludan_sdk/example/g1/motor_feedback/install/motor_feedback/local/lib/python3.10/dist-packages/motor_feedback/msg/__init__.py'...
[18.264s] Compiling '/home/linaro/ludan_sdk/example/g1/motor_feedback/install/motor_feedback/local/lib/python3.10/dist-packages/motor_feedback/msg/_motor_feedback.py'...
[18.273s] -- Installing: /home/linaro/ludan_sdk/example/g1/motor_feedback/install/motor_feedback/local/lib/python3.10/dist-packages/motor_feedback/motor_feedback_s__rosidl_typesupport_fastrtps_c.cpython-310-aarch64-linux-gnu.so
[18.273s] -- Set runtime path of "/home/linaro/ludan_sdk/example/g1/motor_feedback/install/motor_feedback/local/lib/python3.10/dist-packages/motor_feedback/motor_feedback_s__rosidl_typesupport_fastrtps_c.cpython-310-aarch64-linux-gnu.so" to ""
[18.273s] -- Installing: /home/linaro/ludan_sdk/example/g1/motor_feedback/install/motor_feedback/local/lib/python3.10/dist-packages/motor_feedback/motor_feedback_s__rosidl_typesupport_introspection_c.cpython-310-aarch64-linux-gnu.so
[18.273s] -- Set runtime path of "/home/linaro/ludan_sdk/example/g1/motor_feedback/install/motor_feedback/local/lib/python3.10/dist-packages/motor_feedback/motor_feedback_s__rosidl_typesupport_introspection_c.cpython-310-aarch64-linux-gnu.so" to ""
[18.274s] -- Installing: /home/linaro/ludan_sdk/example/g1/motor_feedback/install/motor_feedback/local/lib/python3.10/dist-packages/motor_feedback/motor_feedback_s__rosidl_typesupport_c.cpython-310-aarch64-linux-gnu.so
[18.274s] -- Set runtime path of "/home/linaro/ludan_sdk/example/g1/motor_feedback/install/motor_feedback/local/lib/python3.10/dist-packages/motor_feedback/motor_feedback_s__rosidl_typesupport_c.cpython-310-aarch64-linux-gnu.so" to ""
[18.274s] -- Installing: /home/linaro/ludan_sdk/example/g1/motor_feedback/install/motor_feedback/lib/libmotor_feedback__rosidl_generator_py.so
[18.274s] -- Set runtime path of "/home/linaro/ludan_sdk/example/g1/motor_feedback/install/motor_feedback/lib/libmotor_feedback__rosidl_generator_py.so" to ""
[18.274s] -- Installing: /home/linaro/ludan_sdk/example/g1/motor_feedback/install/motor_feedback/share/motor_feedback/msg/MotorFeedback.idl
[18.274s] -- Installing: /home/linaro/ludan_sdk/example/g1/motor_feedback/install/motor_feedback/share/motor_feedback/msg/MotorFeedback.msg
[18.274s] -- Installing: /home/linaro/ludan_sdk/example/g1/motor_feedback/install/motor_feedback/lib/motor_feedback/motor_feedback_publisher
[18.276s] -- Installing: /home/linaro/ludan_sdk/example/g1/motor_feedback/install/motor_feedback/lib/motor_feedback/motor_feedback_subscriber
[18.284s] -- Set runtime path of "/home/linaro/ludan_sdk/example/g1/motor_feedback/install/motor_feedback/lib/motor_feedback/motor_feedback_subscriber" to ""
[18.286s] -- Installing: /home/linaro/ludan_sdk/example/g1/motor_feedback/install/motor_feedback/share/motor_feedback/launch
[18.286s] -- Installing: /home/linaro/ludan_sdk/example/g1/motor_feedback/install/motor_feedback/share/motor_feedback/launch/motor_feedback.launch.py
[18.287s] -- Installing: /home/linaro/ludan_sdk/example/g1/motor_feedback/install/motor_feedback/share/ament_index/resource_index/package_run_dependencies/motor_feedback
[18.287s] -- Installing: /home/linaro/ludan_sdk/example/g1/motor_feedback/install/motor_feedback/share/ament_index/resource_index/parent_prefix_path/motor_feedback
[18.288s] -- Installing: /home/linaro/ludan_sdk/example/g1/motor_feedback/install/motor_feedback/share/motor_feedback/environment/ament_prefix_path.sh
[18.290s] -- Installing: /home/linaro/ludan_sdk/example/g1/motor_feedback/install/motor_feedback/share/motor_feedback/environment/ament_prefix_path.dsv
[18.291s] -- Installing: /home/linaro/ludan_sdk/example/g1/motor_feedback/install/motor_feedback/share/motor_feedback/environment/path.sh
[18.292s] -- Installing: /home/linaro/ludan_sdk/example/g1/motor_feedback/install/motor_feedback/share/motor_feedback/environment/path.dsv
[18.294s] -- Installing: /home/linaro/ludan_sdk/example/g1/motor_feedback/install/motor_feedback/share/motor_feedback/local_setup.bash
[18.294s] -- Installing: /home/linaro/ludan_sdk/example/g1/motor_feedback/install/motor_feedback/share/motor_feedback/local_setup.sh
[18.295s] -- Installing: /home/linaro/ludan_sdk/example/g1/motor_feedback/install/motor_feedback/share/motor_feedback/local_setup.zsh
[18.296s] -- Installing: /home/linaro/ludan_sdk/example/g1/motor_feedback/install/motor_feedback/share/motor_feedback/local_setup.dsv
[18.296s] -- Installing: /home/linaro/ludan_sdk/example/g1/motor_feedback/install/motor_feedback/share/motor_feedback/package.dsv
[18.297s] -- Installing: /home/linaro/ludan_sdk/example/g1/motor_feedback/install/motor_feedback/share/ament_index/resource_index/packages/motor_feedback
[18.298s] -- Installing: /home/linaro/ludan_sdk/example/g1/motor_feedback/install/motor_feedback/share/motor_feedback/cmake/export_motor_feedback__rosidl_generator_cExport.cmake
[18.298s] -- Installing: /home/linaro/ludan_sdk/example/g1/motor_feedback/install/motor_feedback/share/motor_feedback/cmake/export_motor_feedback__rosidl_generator_cExport-noconfig.cmake
[18.299s] -- Installing: /home/linaro/ludan_sdk/example/g1/motor_feedback/install/motor_feedback/share/motor_feedback/cmake/export_motor_feedback__rosidl_typesupport_fastrtps_cExport.cmake
[18.300s] -- Installing: /home/linaro/ludan_sdk/example/g1/motor_feedback/install/motor_feedback/share/motor_feedback/cmake/export_motor_feedback__rosidl_typesupport_fastrtps_cExport-noconfig.cmake
[18.301s] -- Installing: /home/linaro/ludan_sdk/example/g1/motor_feedback/install/motor_feedback/share/motor_feedback/cmake/export_motor_feedback__rosidl_generator_cppExport.cmake
[18.301s] -- Installing: /home/linaro/ludan_sdk/example/g1/motor_feedback/install/motor_feedback/share/motor_feedback/cmake/export_motor_feedback__rosidl_typesupport_fastrtps_cppExport.cmake
[18.302s] -- Installing: /home/linaro/ludan_sdk/example/g1/motor_feedback/install/motor_feedback/share/motor_feedback/cmake/export_motor_feedback__rosidl_typesupport_fastrtps_cppExport-noconfig.cmake
[18.303s] -- Installing: /home/linaro/ludan_sdk/example/g1/motor_feedback/install/motor_feedback/share/motor_feedback/cmake/motor_feedback__rosidl_typesupport_introspection_cExport.cmake
[18.304s] -- Installing: /home/linaro/ludan_sdk/example/g1/motor_feedback/install/motor_feedback/share/motor_feedback/cmake/motor_feedback__rosidl_typesupport_introspection_cExport-noconfig.cmake
[18.305s] -- Installing: /home/linaro/ludan_sdk/example/g1/motor_feedback/install/motor_feedback/share/motor_feedback/cmake/motor_feedback__rosidl_typesupport_cExport.cmake
[18.305s] -- Installing: /home/linaro/ludan_sdk/example/g1/motor_feedback/install/motor_feedback/share/motor_feedback/cmake/motor_feedback__rosidl_typesupport_cExport-noconfig.cmake
[18.306s] -- Installing: /home/linaro/ludan_sdk/example/g1/motor_feedback/install/motor_feedback/share/motor_feedback/cmake/motor_feedback__rosidl_typesupport_introspection_cppExport.cmake
[18.307s] -- Installing: /home/linaro/ludan_sdk/example/g1/motor_feedback/install/motor_feedback/share/motor_feedback/cmake/motor_feedback__rosidl_typesupport_introspection_cppExport-noconfig.cmake
[18.308s] -- Installing: /home/linaro/ludan_sdk/example/g1/motor_feedback/install/motor_feedback/share/motor_feedback/cmake/motor_feedback__rosidl_typesupport_cppExport.cmake
[18.309s] -- Installing: /home/linaro/ludan_sdk/example/g1/motor_feedback/install/motor_feedback/share/motor_feedback/cmake/motor_feedback__rosidl_typesupport_cppExport-noconfig.cmake
[18.312s] -- Installing: /home/linaro/ludan_sdk/example/g1/motor_feedback/install/motor_feedback/share/motor_feedback/cmake/export_motor_feedback__rosidl_generator_pyExport.cmake
[18.313s] -- Installing: /home/linaro/ludan_sdk/example/g1/motor_feedback/install/motor_feedback/share/motor_feedback/cmake/export_motor_feedback__rosidl_generator_pyExport-noconfig.cmake
[18.313s] -- Installing: /home/linaro/ludan_sdk/example/g1/motor_feedback/install/motor_feedback/share/motor_feedback/cmake/rosidl_cmake-extras.cmake
[18.314s] -- Installing: /home/linaro/ludan_sdk/example/g1/motor_feedback/install/motor_feedback/share/motor_feedback/cmake/ament_cmake_export_dependencies-extras.cmake
[18.314s] -- Installing: /home/linaro/ludan_sdk/example/g1/motor_feedback/install/motor_feedback/share/motor_feedback/cmake/ament_cmake_export_include_directories-extras.cmake
[18.315s] -- Installing: /home/linaro/ludan_sdk/example/g1/motor_feedback/install/motor_feedback/share/motor_feedback/cmake/ament_cmake_export_libraries-extras.cmake
[18.316s] -- Installing: /home/linaro/ludan_sdk/example/g1/motor_feedback/install/motor_feedback/share/motor_feedback/cmake/ament_cmake_export_targets-extras.cmake
[18.316s] -- Installing: /home/linaro/ludan_sdk/example/g1/motor_feedback/install/motor_feedback/share/motor_feedback/cmake/rosidl_cmake_export_typesupport_targets-extras.cmake
[18.317s] -- Installing: /home/linaro/ludan_sdk/example/g1/motor_feedback/install/motor_feedback/share/motor_feedback/cmake/rosidl_cmake_export_typesupport_libraries-extras.cmake
[18.318s] -- Installing: /home/linaro/ludan_sdk/example/g1/motor_feedback/install/motor_feedback/share/motor_feedback/cmake/motor_feedbackConfig.cmake
[18.318s] -- Installing: /home/linaro/ludan_sdk/example/g1/motor_feedback/install/motor_feedback/share/motor_feedback/cmake/motor_feedbackConfig-version.cmake
[18.319s] -- Installing: /home/linaro/ludan_sdk/example/g1/motor_feedback/install/motor_feedback/share/motor_feedback/package.xml
[18.320s] Invoked command in '/home/linaro/ludan_sdk/example/g1/motor_feedback/build/motor_feedback' returned '0': CMAKE_PREFIX_PATH=${CMAKE_PREFIX_PATH}:/home/linaro/controller_ws/install/motor_feedback_api:/opt/ros/humble /usr/bin/cmake --install /home/linaro/ludan_sdk/example/g1/motor_feedback/build/motor_feedback
