-- Found ament_cmake: 1.3.12 (/opt/ros/humble/share/ament_cmake/cmake)
-- Found std_msgs: 4.9.0 (/opt/ros/humble/share/std_msgs/cmake)
-- Found rosidl_generator_c: 3.1.7 (/opt/ros/humble/share/rosidl_generator_c/cmake)
-- Found rosidl_adapter: 3.1.7 (/opt/ros/humble/share/rosidl_adapter/cmake)
-- Found rosidl_generator_cpp: 3.1.7 (/opt/ros/humble/share/rosidl_generator_cpp/cmake)
-- Using all available rosidl_typesupport_c: rosidl_typesupport_fastrtps_c;rosidl_typesupport_introspection_c
-- Using all available rosidl_typesupport_cpp: rosidl_typesupport_fastrtps_cpp;rosidl_typesupport_introspection_cpp
-- Found rclcpp: 16.0.16 (/opt/ros/humble/share/rclcpp/cmake)
-- Found rmw_implementation_cmake: 6.1.2 (/opt/ros/humble/share/rmw_implementation_cmake/cmake)
-- Found rmw_fastrtps_cpp: 6.2.9 (/opt/ros/humble/share/rmw_fastrtps_cpp/cmake)
-- Using RMW implementation 'rmw_fastrtps_cpp' as default
-- Found ament_cmake_ros: 0.10.0 (/opt/ros/humble/share/ament_cmake_ros/cmake)
-- Using all available rosidl_typesupport_c: rosidl_typesupport_fastrtps_c;rosidl_typesupport_introspection_c
-- Using all available rosidl_typesupport_cpp: rosidl_typesupport_fastrtps_cpp;rosidl_typesupport_introspection_cpp
-- Found ament_lint_auto: 0.12.14 (/opt/ros/humble/share/ament_lint_auto/cmake)
-- Added test 'copyright' to check source files copyright and LICENSE
-- Added test 'cppcheck' to perform static code analysis on C / C++ code
-- Configured cppcheck include dirs: /home/linaro/ludan_sdk/multi_port_motor_feedback/multi_port_motor_feedback_ros2/../../LINUX_CANFDNET_V1.3.0.5_example/src;/home/linaro/ludan_sdk/multi_port_motor_feedback/multi_port_motor_feedback_ros2/../../LINUX_CANFDNET_V1.3.0.5_example/src/zlgcan;$<BUILD_INTERFACE:/home/linaro/ludan_sdk/multi_port_motor_feedback/multi_port_motor_feedback_ros2/build/multi_port_motor_feedback/rosidl_generator_c>;$<BUILD_INTERFACE:/home/linaro/ludan_sdk/multi_port_motor_feedback/multi_port_motor_feedback_ros2/build/multi_port_motor_feedback/rosidl_typesupport_fastrtps_c>;$<BUILD_INTERFACE:/home/linaro/ludan_sdk/multi_port_motor_feedback/multi_port_motor_feedback_ros2/build/multi_port_motor_feedback/rosidl_generator_cpp>;$<BUILD_INTERFACE:/home/linaro/ludan_sdk/multi_port_motor_feedback/multi_port_motor_feedback_ros2/build/multi_port_motor_feedback/rosidl_typesupport_fastrtps_cpp>;$<BUILD_INTERFACE:/home/linaro/ludan_sdk/multi_port_motor_feedback/multi_port_motor_feedback_ros2/build/multi_port_motor_feedback/rosidl_typesupport_introspection_c>;$<BUILD_INTERFACE:/home/linaro/ludan_sdk/multi_port_motor_feedback/multi_port_motor_feedback_ros2/build/multi_port_motor_feedback/rosidl_typesupport_introspection_cpp>;$<BUILD_INTERFACE:/home/linaro/ludan_sdk/multi_port_motor_feedback/multi_port_motor_feedback_ros2/include>
-- Configured cppcheck exclude dirs and/or files: 
-- Added test 'cpplint' to check C / C++ code against the Google style
-- Configured cpplint exclude dirs and/or files: 
-- Added test 'flake8' to check Python code syntax and style conventions
-- Added test 'lint_cmake' to check CMake code style
-- Added test 'pep257' to check Python code against some of the docstring style conventions in PEP 257
-- Added test 'uncrustify' to check C / C++ code style
-- Configured uncrustify additional arguments: 
-- Added test 'xmllint' to check XML markup files
-- Configuring done
-- Generating done
-- Build files have been written to: /home/linaro/ludan_sdk/multi_port_motor_feedback/multi_port_motor_feedback_ros2/build/multi_port_motor_feedback
[  1%] Generating C code for ROS interfaces
[  3%] Generating C++ code for ROS interfaces
[  5%] Building C object CMakeFiles/multi_port_motor_feedback__rosidl_generator_c.dir/rosidl_generator_c/multi_port_motor_feedback/msg/detail/motor_state__functions.c.o
[  5%] Built target multi_port_motor_feedback__cpp
[  7%] Building C object CMakeFiles/multi_port_motor_feedback__rosidl_generator_c.dir/rosidl_generator_c/multi_port_motor_feedback/msg/detail/low_state__functions.c.o
[ 10%] Generating C++ type support for eProsima Fast-RTPS
[ 10%] Generating C++ introspection for ROS interfaces
[ 12%] Generating C++ type support dispatch for ROS interfaces
[ 14%] Linking C shared library libmulti_port_motor_feedback__rosidl_generator_c.so
[ 14%] Built target multi_port_motor_feedback__rosidl_generator_c
[ 15%] Generating C type support for eProsima Fast-RTPS
[ 17%] Generating C type support dispatch for ROS interfaces
[ 19%] Generating C introspection for ROS interfaces
[ 22%] Building CXX object CMakeFiles/multi_port_motor_feedback__rosidl_typesupport_cpp.dir/rosidl_typesupport_cpp/multi_port_motor_feedback/msg/low_state__type_support.cpp.o
[ 22%] Building CXX object CMakeFiles/multi_port_motor_feedback__rosidl_typesupport_cpp.dir/rosidl_typesupport_cpp/multi_port_motor_feedback/msg/motor_state__type_support.cpp.o
[ 24%] Building CXX object CMakeFiles/multi_port_motor_feedback__rosidl_typesupport_introspection_cpp.dir/rosidl_typesupport_introspection_cpp/multi_port_motor_feedback/msg/detail/motor_state__type_support.cpp.o
[ 26%] Building CXX object CMakeFiles/multi_port_motor_feedback__rosidl_typesupport_introspection_cpp.dir/rosidl_typesupport_introspection_cpp/multi_port_motor_feedback/msg/detail/low_state__type_support.cpp.o
[ 28%] Building CXX object CMakeFiles/multi_port_motor_feedback__rosidl_typesupport_fastrtps_cpp.dir/rosidl_typesupport_fastrtps_cpp/multi_port_motor_feedback/msg/detail/dds_fastrtps/motor_state__type_support.cpp.o
[ 29%] Building CXX object CMakeFiles/multi_port_motor_feedback__rosidl_typesupport_fastrtps_c.dir/rosidl_typesupport_fastrtps_c/multi_port_motor_feedback/msg/detail/motor_state__type_support_c.cpp.o
[ 31%] Building C object CMakeFiles/multi_port_motor_feedback__rosidl_typesupport_introspection_c.dir/rosidl_typesupport_introspection_c/multi_port_motor_feedback/msg/detail/motor_state__type_support.c.o
[ 33%] Building CXX object CMakeFiles/multi_port_motor_feedback__rosidl_typesupport_c.dir/rosidl_typesupport_c/multi_port_motor_feedback/msg/motor_state__type_support.cpp.o
[ 35%] Building CXX object CMakeFiles/multi_port_motor_feedback__rosidl_typesupport_c.dir/rosidl_typesupport_c/multi_port_motor_feedback/msg/low_state__type_support.cpp.o
[ 36%] Building C object CMakeFiles/multi_port_motor_feedback__rosidl_typesupport_introspection_c.dir/rosidl_typesupport_introspection_c/multi_port_motor_feedback/msg/detail/low_state__type_support.c.o
[ 38%] Building CXX object CMakeFiles/multi_port_motor_feedback__rosidl_typesupport_fastrtps_cpp.dir/rosidl_typesupport_fastrtps_cpp/multi_port_motor_feedback/msg/detail/dds_fastrtps/low_state__type_support.cpp.o
[ 40%] Building CXX object CMakeFiles/multi_port_motor_feedback__rosidl_typesupport_fastrtps_c.dir/rosidl_typesupport_fastrtps_c/multi_port_motor_feedback/msg/detail/low_state__type_support_c.cpp.o
[ 42%] Linking CXX shared library libmulti_port_motor_feedback__rosidl_typesupport_c.so
[ 43%] Linking C shared library libmulti_port_motor_feedback__rosidl_typesupport_introspection_c.so
[ 43%] Built target multi_port_motor_feedback__rosidl_typesupport_c
[ 43%] Built target multi_port_motor_feedback__rosidl_typesupport_introspection_c
[ 45%] Linking CXX shared library libmulti_port_motor_feedback__rosidl_typesupport_cpp.so
[ 45%] Built target multi_port_motor_feedback__rosidl_typesupport_cpp
[ 47%] Linking CXX shared library libmulti_port_motor_feedback__rosidl_typesupport_fastrtps_c.so
[ 49%] Linking CXX shared library libmulti_port_motor_feedback__rosidl_typesupport_fastrtps_cpp.so
Consolidate compiler generated dependencies of target can_motor_feedback_publisher
[ 50%] Linking CXX shared library libmulti_port_motor_feedback__rosidl_typesupport_introspection_cpp.so
[ 52%] Building CXX object CMakeFiles/can_motor_feedback_publisher.dir/src/can_motor_feedback_publisher.cpp.o
[ 52%] Built target multi_port_motor_feedback__rosidl_typesupport_fastrtps_cpp
[ 52%] Built target multi_port_motor_feedback__rosidl_typesupport_fastrtps_c
[ 52%] Built target multi_port_motor_feedback__rosidl_typesupport_introspection_cpp
[ 52%] Built target multi_port_motor_feedback
