[0.016s] Invoking command in '/home/linaro/ludan_sdk/multi_port_motor_feedback/multi_port_motor_feedback_ros2/build/multi_port_motor_feedback': CMAKE_PREFIX_PATH=${CMAKE_PREFIX_PATH}:/opt/ros/humble /usr/bin/cmake --build /home/linaro/ludan_sdk/multi_port_motor_feedback/multi_port_motor_feedback_ros2/build/multi_port_motor_feedback -- -j8 -l8
[0.107s] Consolidate compiler generated dependencies of target multi_port_motor_feedback__rosidl_generator_c
[0.109s] [  1%] Built target multi_port_motor_feedback__cpp
[0.121s] [  8%] Built target multi_port_motor_feedback__rosidl_generator_c
[0.135s] Consolidate compiler generated dependencies of target multi_port_motor_feedback__rosidl_typesupport_c
[0.151s] Consolidate compiler generated dependencies of target multi_port_motor_feedback__rosidl_typesupport_introspection_c
[0.152s] Consolidate compiler generated dependencies of target multi_port_motor_feedback__rosidl_typesupport_cpp
[0.155s] Consolidate compiler generated dependencies of target multi_port_motor_feedback__rosidl_typesupport_introspection_cpp
[0.156s] Consolidate compiler generated dependencies of target multi_port_motor_feedback__rosidl_typesupport_fastrtps_cpp
[0.156s] Consolidate compiler generated dependencies of target multi_port_motor_feedback__rosidl_typesupport_fastrtps_c
[0.181s] [ 15%] Built target multi_port_motor_feedback__rosidl_typesupport_c
[0.188s] [ 22%] Built target multi_port_motor_feedback__rosidl_typesupport_fastrtps_cpp
[0.191s] [ 29%] Built target multi_port_motor_feedback__rosidl_typesupport_introspection_c
[0.193s] [ 36%] Built target multi_port_motor_feedback__rosidl_typesupport_introspection_cpp
[0.207s] [ 43%] Built target multi_port_motor_feedback__rosidl_typesupport_fastrtps_c
[0.212s] [ 50%] Built target multi_port_motor_feedback__rosidl_typesupport_cpp
[0.301s] [ 50%] Built target multi_port_motor_feedback
[0.386s] Consolidate compiler generated dependencies of target can_motor_feedback_publisher
[0.448s] [100%] Built target can_motor_feedback_publisher
[0.500s] Invoked command in '/home/linaro/ludan_sdk/multi_port_motor_feedback/multi_port_motor_feedback_ros2/build/multi_port_motor_feedback' returned '0': CMAKE_PREFIX_PATH=${CMAKE_PREFIX_PATH}:/opt/ros/humble /usr/bin/cmake --build /home/linaro/ludan_sdk/multi_port_motor_feedback/multi_port_motor_feedback_ros2/build/multi_port_motor_feedback -- -j8 -l8
[0.531s] Invoking command in '/home/linaro/ludan_sdk/multi_port_motor_feedback/multi_port_motor_feedback_ros2/build/multi_port_motor_feedback': CMAKE_PREFIX_PATH=${CMAKE_PREFIX_PATH}:/opt/ros/humble /usr/bin/cmake --install /home/linaro/ludan_sdk/multi_port_motor_feedback/multi_port_motor_feedback_ros2/build/multi_port_motor_feedback
[0.557s] -- Install configuration: ""
[0.559s] -- Up-to-date: /home/linaro/ludan_sdk/multi_port_motor_feedback/multi_port_motor_feedback_ros2/install/multi_port_motor_feedback/share/ament_index/resource_index/rosidl_interfaces/multi_port_motor_feedback
[0.562s] -- Up-to-date: /home/linaro/ludan_sdk/multi_port_motor_feedback/multi_port_motor_feedback_ros2/install/multi_port_motor_feedback/include/multi_port_motor_feedback/multi_port_motor_feedback
[0.562s] -- Up-to-date: /home/linaro/ludan_sdk/multi_port_motor_feedback/multi_port_motor_feedback_ros2/install/multi_port_motor_feedback/include/multi_port_motor_feedback/multi_port_motor_feedback/msg
[0.564s] -- Up-to-date: /home/linaro/ludan_sdk/multi_port_motor_feedback/multi_port_motor_feedback_ros2/install/multi_port_motor_feedback/include/multi_port_motor_feedback/multi_port_motor_feedback/msg/rosidl_generator_c__visibility_control.h
[0.564s] -- Up-to-date: /home/linaro/ludan_sdk/multi_port_motor_feedback/multi_port_motor_feedback_ros2/install/multi_port_motor_feedback/include/multi_port_motor_feedback/multi_port_motor_feedback/msg/motor_state.h
[0.565s] -- Up-to-date: /home/linaro/ludan_sdk/multi_port_motor_feedback/multi_port_motor_feedback_ros2/install/multi_port_motor_feedback/include/multi_port_motor_feedback/multi_port_motor_feedback/msg/low_state.h
[0.566s] -- Up-to-date: /home/linaro/ludan_sdk/multi_port_motor_feedback/multi_port_motor_feedback_ros2/install/multi_port_motor_feedback/include/multi_port_motor_feedback/multi_port_motor_feedback/msg/detail
[0.567s] -- Up-to-date: /home/linaro/ludan_sdk/multi_port_motor_feedback/multi_port_motor_feedback_ros2/install/multi_port_motor_feedback/include/multi_port_motor_feedback/multi_port_motor_feedback/msg/detail/motor_state__functions.c
[0.567s] -- Up-to-date: /home/linaro/ludan_sdk/multi_port_motor_feedback/multi_port_motor_feedback_ros2/install/multi_port_motor_feedback/include/multi_port_motor_feedback/multi_port_motor_feedback/msg/detail/low_state__type_support.h
[0.569s] -- Up-to-date: /home/linaro/ludan_sdk/multi_port_motor_feedback/multi_port_motor_feedback_ros2/install/multi_port_motor_feedback/include/multi_port_motor_feedback/multi_port_motor_feedback/msg/detail/low_state__functions.c
[0.569s] -- Up-to-date: /home/linaro/ludan_sdk/multi_port_motor_feedback/multi_port_motor_feedback_ros2/install/multi_port_motor_feedback/include/multi_port_motor_feedback/multi_port_motor_feedback/msg/detail/motor_state__functions.h
[0.573s] -- Up-to-date: /home/linaro/ludan_sdk/multi_port_motor_feedback/multi_port_motor_feedback_ros2/install/multi_port_motor_feedback/include/multi_port_motor_feedback/multi_port_motor_feedback/msg/detail/motor_state__type_support.h
[0.574s] -- Up-to-date: /home/linaro/ludan_sdk/multi_port_motor_feedback/multi_port_motor_feedback_ros2/install/multi_port_motor_feedback/include/multi_port_motor_feedback/multi_port_motor_feedback/msg/detail/low_state__struct.h
[0.576s] -- Up-to-date: /home/linaro/ludan_sdk/multi_port_motor_feedback/multi_port_motor_feedback_ros2/install/multi_port_motor_feedback/include/multi_port_motor_feedback/multi_port_motor_feedback/msg/detail/motor_state__struct.h
[0.578s] -- Up-to-date: /home/linaro/ludan_sdk/multi_port_motor_feedback/multi_port_motor_feedback_ros2/install/multi_port_motor_feedback/include/multi_port_motor_feedback/multi_port_motor_feedback/msg/detail/low_state__functions.h
[0.579s] -- Up-to-date: /home/linaro/ludan_sdk/multi_port_motor_feedback/multi_port_motor_feedback_ros2/install/multi_port_motor_feedback/share/multi_port_motor_feedback/environment/library_path.sh
[0.579s] -- Up-to-date: /home/linaro/ludan_sdk/multi_port_motor_feedback/multi_port_motor_feedback_ros2/install/multi_port_motor_feedback/share/multi_port_motor_feedback/environment/library_path.dsv
[0.579s] -- Up-to-date: /home/linaro/ludan_sdk/multi_port_motor_feedback/multi_port_motor_feedback_ros2/install/multi_port_motor_feedback/lib/libmulti_port_motor_feedback__rosidl_generator_c.so
[0.580s] -- Up-to-date: /home/linaro/ludan_sdk/multi_port_motor_feedback/multi_port_motor_feedback_ros2/install/multi_port_motor_feedback/include/multi_port_motor_feedback/multi_port_motor_feedback
[0.580s] -- Up-to-date: /home/linaro/ludan_sdk/multi_port_motor_feedback/multi_port_motor_feedback_ros2/install/multi_port_motor_feedback/include/multi_port_motor_feedback/multi_port_motor_feedback/msg
[0.580s] -- Up-to-date: /home/linaro/ludan_sdk/multi_port_motor_feedback/multi_port_motor_feedback_ros2/install/multi_port_motor_feedback/include/multi_port_motor_feedback/multi_port_motor_feedback/msg/rosidl_typesupport_fastrtps_c__visibility_control.h
[0.581s] -- Up-to-date: /home/linaro/ludan_sdk/multi_port_motor_feedback/multi_port_motor_feedback_ros2/install/multi_port_motor_feedback/include/multi_port_motor_feedback/multi_port_motor_feedback/msg/detail
[0.581s] -- Up-to-date: /home/linaro/ludan_sdk/multi_port_motor_feedback/multi_port_motor_feedback_ros2/install/multi_port_motor_feedback/include/multi_port_motor_feedback/multi_port_motor_feedback/msg/detail/motor_state__rosidl_typesupport_fastrtps_c.h
[0.582s] -- Up-to-date: /home/linaro/ludan_sdk/multi_port_motor_feedback/multi_port_motor_feedback_ros2/install/multi_port_motor_feedback/include/multi_port_motor_feedback/multi_port_motor_feedback/msg/detail/low_state__rosidl_typesupport_fastrtps_c.h
[0.582s] -- Up-to-date: /home/linaro/ludan_sdk/multi_port_motor_feedback/multi_port_motor_feedback_ros2/install/multi_port_motor_feedback/lib/libmulti_port_motor_feedback__rosidl_typesupport_fastrtps_c.so
[0.583s] -- Up-to-date: /home/linaro/ludan_sdk/multi_port_motor_feedback/multi_port_motor_feedback_ros2/install/multi_port_motor_feedback/include/multi_port_motor_feedback/multi_port_motor_feedback
[0.585s] -- Up-to-date: /home/linaro/ludan_sdk/multi_port_motor_feedback/multi_port_motor_feedback_ros2/install/multi_port_motor_feedback/include/multi_port_motor_feedback/multi_port_motor_feedback/msg
[0.586s] -- Up-to-date: /home/linaro/ludan_sdk/multi_port_motor_feedback/multi_port_motor_feedback_ros2/install/multi_port_motor_feedback/include/multi_port_motor_feedback/multi_port_motor_feedback/msg/rosidl_generator_cpp__visibility_control.hpp
[0.587s] -- Up-to-date: /home/linaro/ludan_sdk/multi_port_motor_feedback/multi_port_motor_feedback_ros2/install/multi_port_motor_feedback/include/multi_port_motor_feedback/multi_port_motor_feedback/msg/low_state.hpp
[0.587s] -- Up-to-date: /home/linaro/ludan_sdk/multi_port_motor_feedback/multi_port_motor_feedback_ros2/install/multi_port_motor_feedback/include/multi_port_motor_feedback/multi_port_motor_feedback/msg/motor_state.hpp
[0.588s] -- Up-to-date: /home/linaro/ludan_sdk/multi_port_motor_feedback/multi_port_motor_feedback_ros2/install/multi_port_motor_feedback/include/multi_port_motor_feedback/multi_port_motor_feedback/msg/detail
[0.589s] -- Up-to-date: /home/linaro/ludan_sdk/multi_port_motor_feedback/multi_port_motor_feedback_ros2/install/multi_port_motor_feedback/include/multi_port_motor_feedback/multi_port_motor_feedback/msg/detail/motor_state__type_support.hpp
[0.590s] -- Up-to-date: /home/linaro/ludan_sdk/multi_port_motor_feedback/multi_port_motor_feedback_ros2/install/multi_port_motor_feedback/include/multi_port_motor_feedback/multi_port_motor_feedback/msg/detail/motor_state__struct.hpp
[0.591s] -- Up-to-date: /home/linaro/ludan_sdk/multi_port_motor_feedback/multi_port_motor_feedback_ros2/install/multi_port_motor_feedback/include/multi_port_motor_feedback/multi_port_motor_feedback/msg/detail/motor_state__traits.hpp
[0.591s] -- Up-to-date: /home/linaro/ludan_sdk/multi_port_motor_feedback/multi_port_motor_feedback_ros2/install/multi_port_motor_feedback/include/multi_port_motor_feedback/multi_port_motor_feedback/msg/detail/low_state__traits.hpp
[0.592s] -- Up-to-date: /home/linaro/ludan_sdk/multi_port_motor_feedback/multi_port_motor_feedback_ros2/install/multi_port_motor_feedback/include/multi_port_motor_feedback/multi_port_motor_feedback/msg/detail/low_state__type_support.hpp
[0.592s] -- Up-to-date: /home/linaro/ludan_sdk/multi_port_motor_feedback/multi_port_motor_feedback_ros2/install/multi_port_motor_feedback/include/multi_port_motor_feedback/multi_port_motor_feedback/msg/detail/low_state__builder.hpp
[0.593s] -- Up-to-date: /home/linaro/ludan_sdk/multi_port_motor_feedback/multi_port_motor_feedback_ros2/install/multi_port_motor_feedback/include/multi_port_motor_feedback/multi_port_motor_feedback/msg/detail/motor_state__builder.hpp
[0.594s] -- Up-to-date: /home/linaro/ludan_sdk/multi_port_motor_feedback/multi_port_motor_feedback_ros2/install/multi_port_motor_feedback/include/multi_port_motor_feedback/multi_port_motor_feedback/msg/detail/low_state__struct.hpp
[0.595s] -- Up-to-date: /home/linaro/ludan_sdk/multi_port_motor_feedback/multi_port_motor_feedback_ros2/install/multi_port_motor_feedback/include/multi_port_motor_feedback/multi_port_motor_feedback
[0.596s] -- Up-to-date: /home/linaro/ludan_sdk/multi_port_motor_feedback/multi_port_motor_feedback_ros2/install/multi_port_motor_feedback/include/multi_port_motor_feedback/multi_port_motor_feedback/msg
[0.597s] -- Up-to-date: /home/linaro/ludan_sdk/multi_port_motor_feedback/multi_port_motor_feedback_ros2/install/multi_port_motor_feedback/include/multi_port_motor_feedback/multi_port_motor_feedback/msg/rosidl_typesupport_fastrtps_cpp__visibility_control.h
[0.598s] -- Up-to-date: /home/linaro/ludan_sdk/multi_port_motor_feedback/multi_port_motor_feedback_ros2/install/multi_port_motor_feedback/include/multi_port_motor_feedback/multi_port_motor_feedback/msg/detail
[0.599s] -- Up-to-date: /home/linaro/ludan_sdk/multi_port_motor_feedback/multi_port_motor_feedback_ros2/install/multi_port_motor_feedback/include/multi_port_motor_feedback/multi_port_motor_feedback/msg/detail/motor_state__rosidl_typesupport_fastrtps_cpp.hpp
[0.599s] -- Up-to-date: /home/linaro/ludan_sdk/multi_port_motor_feedback/multi_port_motor_feedback_ros2/install/multi_port_motor_feedback/include/multi_port_motor_feedback/multi_port_motor_feedback/msg/detail/low_state__rosidl_typesupport_fastrtps_cpp.hpp
[0.600s] -- Up-to-date: /home/linaro/ludan_sdk/multi_port_motor_feedback/multi_port_motor_feedback_ros2/install/multi_port_motor_feedback/include/multi_port_motor_feedback/multi_port_motor_feedback/msg/detail/dds_fastrtps
[0.601s] -- Up-to-date: /home/linaro/ludan_sdk/multi_port_motor_feedback/multi_port_motor_feedback_ros2/install/multi_port_motor_feedback/lib/libmulti_port_motor_feedback__rosidl_typesupport_fastrtps_cpp.so
[0.601s] -- Up-to-date: /home/linaro/ludan_sdk/multi_port_motor_feedback/multi_port_motor_feedback_ros2/install/multi_port_motor_feedback/include/multi_port_motor_feedback/multi_port_motor_feedback
[0.602s] -- Up-to-date: /home/linaro/ludan_sdk/multi_port_motor_feedback/multi_port_motor_feedback_ros2/install/multi_port_motor_feedback/include/multi_port_motor_feedback/multi_port_motor_feedback/msg
[0.605s] -- Up-to-date: /home/linaro/ludan_sdk/multi_port_motor_feedback/multi_port_motor_feedback_ros2/install/multi_port_motor_feedback/include/multi_port_motor_feedback/multi_port_motor_feedback/msg/detail
[0.606s] -- Up-to-date: /home/linaro/ludan_sdk/multi_port_motor_feedback/multi_port_motor_feedback_ros2/install/multi_port_motor_feedback/include/multi_port_motor_feedback/multi_port_motor_feedback/msg/detail/motor_state__type_support.c
[0.606s] -- Up-to-date: /home/linaro/ludan_sdk/multi_port_motor_feedback/multi_port_motor_feedback_ros2/install/multi_port_motor_feedback/include/multi_port_motor_feedback/multi_port_motor_feedback/msg/detail/motor_state__rosidl_typesupport_introspection_c.h
[0.607s] -- Up-to-date: /home/linaro/ludan_sdk/multi_port_motor_feedback/multi_port_motor_feedback_ros2/install/multi_port_motor_feedback/include/multi_port_motor_feedback/multi_port_motor_feedback/msg/detail/low_state__rosidl_typesupport_introspection_c.h
[0.607s] -- Up-to-date: /home/linaro/ludan_sdk/multi_port_motor_feedback/multi_port_motor_feedback_ros2/install/multi_port_motor_feedback/include/multi_port_motor_feedback/multi_port_motor_feedback/msg/detail/low_state__type_support.c
[0.608s] -- Up-to-date: /home/linaro/ludan_sdk/multi_port_motor_feedback/multi_port_motor_feedback_ros2/install/multi_port_motor_feedback/include/multi_port_motor_feedback/multi_port_motor_feedback/msg/rosidl_typesupport_introspection_c__visibility_control.h
[0.608s] -- Up-to-date: /home/linaro/ludan_sdk/multi_port_motor_feedback/multi_port_motor_feedback_ros2/install/multi_port_motor_feedback/lib/libmulti_port_motor_feedback__rosidl_typesupport_introspection_c.so
[0.609s] -- Up-to-date: /home/linaro/ludan_sdk/multi_port_motor_feedback/multi_port_motor_feedback_ros2/install/multi_port_motor_feedback/lib/libmulti_port_motor_feedback__rosidl_typesupport_c.so
[0.609s] -- Up-to-date: /home/linaro/ludan_sdk/multi_port_motor_feedback/multi_port_motor_feedback_ros2/install/multi_port_motor_feedback/include/multi_port_motor_feedback/multi_port_motor_feedback
[0.610s] -- Up-to-date: /home/linaro/ludan_sdk/multi_port_motor_feedback/multi_port_motor_feedback_ros2/install/multi_port_motor_feedback/include/multi_port_motor_feedback/multi_port_motor_feedback/msg
[0.610s] -- Up-to-date: /home/linaro/ludan_sdk/multi_port_motor_feedback/multi_port_motor_feedback_ros2/install/multi_port_motor_feedback/include/multi_port_motor_feedback/multi_port_motor_feedback/msg/detail
[0.611s] -- Up-to-date: /home/linaro/ludan_sdk/multi_port_motor_feedback/multi_port_motor_feedback_ros2/install/multi_port_motor_feedback/include/multi_port_motor_feedback/multi_port_motor_feedback/msg/detail/motor_state__type_support.cpp
[0.611s] -- Up-to-date: /home/linaro/ludan_sdk/multi_port_motor_feedback/multi_port_motor_feedback_ros2/install/multi_port_motor_feedback/include/multi_port_motor_feedback/multi_port_motor_feedback/msg/detail/motor_state__rosidl_typesupport_introspection_cpp.hpp
[0.612s] -- Up-to-date: /home/linaro/ludan_sdk/multi_port_motor_feedback/multi_port_motor_feedback_ros2/install/multi_port_motor_feedback/include/multi_port_motor_feedback/multi_port_motor_feedback/msg/detail/low_state__type_support.cpp
[0.612s] -- Up-to-date: /home/linaro/ludan_sdk/multi_port_motor_feedback/multi_port_motor_feedback_ros2/install/multi_port_motor_feedback/include/multi_port_motor_feedback/multi_port_motor_feedback/msg/detail/low_state__rosidl_typesupport_introspection_cpp.hpp
[0.613s] -- Up-to-date: /home/linaro/ludan_sdk/multi_port_motor_feedback/multi_port_motor_feedback_ros2/install/multi_port_motor_feedback/lib/libmulti_port_motor_feedback__rosidl_typesupport_introspection_cpp.so
[0.613s] -- Up-to-date: /home/linaro/ludan_sdk/multi_port_motor_feedback/multi_port_motor_feedback_ros2/install/multi_port_motor_feedback/lib/libmulti_port_motor_feedback__rosidl_typesupport_cpp.so
[0.613s] -- Up-to-date: /home/linaro/ludan_sdk/multi_port_motor_feedback/multi_port_motor_feedback_ros2/install/multi_port_motor_feedback/share/multi_port_motor_feedback/msg/MotorState.idl
[0.614s] -- Up-to-date: /home/linaro/ludan_sdk/multi_port_motor_feedback/multi_port_motor_feedback_ros2/install/multi_port_motor_feedback/share/multi_port_motor_feedback/msg/LowState.idl
[0.614s] -- Up-to-date: /home/linaro/ludan_sdk/multi_port_motor_feedback/multi_port_motor_feedback_ros2/install/multi_port_motor_feedback/share/multi_port_motor_feedback/msg/MotorState.msg
[0.615s] -- Up-to-date: /home/linaro/ludan_sdk/multi_port_motor_feedback/multi_port_motor_feedback_ros2/install/multi_port_motor_feedback/share/multi_port_motor_feedback/msg/LowState.msg
[0.615s] -- Up-to-date: /home/linaro/ludan_sdk/multi_port_motor_feedback/multi_port_motor_feedback_ros2/install/multi_port_motor_feedback/lib/multi_port_motor_feedback/can_motor_feedback_publisher
[0.616s] -- Up-to-date: /home/linaro/ludan_sdk/multi_port_motor_feedback/multi_port_motor_feedback_ros2/install/multi_port_motor_feedback/share/multi_port_motor_feedback//launch
[0.617s] -- Up-to-date: /home/linaro/ludan_sdk/multi_port_motor_feedback/multi_port_motor_feedback_ros2/install/multi_port_motor_feedback/share/multi_port_motor_feedback//launch/motor_feedback_publisher.launch.py
[0.617s] -- Up-to-date: /home/linaro/ludan_sdk/multi_port_motor_feedback/multi_port_motor_feedback_ros2/install/multi_port_motor_feedback/share/ament_index/resource_index/package_run_dependencies/multi_port_motor_feedback
[0.618s] -- Up-to-date: /home/linaro/ludan_sdk/multi_port_motor_feedback/multi_port_motor_feedback_ros2/install/multi_port_motor_feedback/share/ament_index/resource_index/parent_prefix_path/multi_port_motor_feedback
[0.618s] -- Up-to-date: /home/linaro/ludan_sdk/multi_port_motor_feedback/multi_port_motor_feedback_ros2/install/multi_port_motor_feedback/share/multi_port_motor_feedback/environment/ament_prefix_path.sh
[0.618s] -- Up-to-date: /home/linaro/ludan_sdk/multi_port_motor_feedback/multi_port_motor_feedback_ros2/install/multi_port_motor_feedback/share/multi_port_motor_feedback/environment/ament_prefix_path.dsv
[0.619s] -- Up-to-date: /home/linaro/ludan_sdk/multi_port_motor_feedback/multi_port_motor_feedback_ros2/install/multi_port_motor_feedback/share/multi_port_motor_feedback/environment/path.sh
[0.619s] -- Up-to-date: /home/linaro/ludan_sdk/multi_port_motor_feedback/multi_port_motor_feedback_ros2/install/multi_port_motor_feedback/share/multi_port_motor_feedback/environment/path.dsv
[0.620s] -- Up-to-date: /home/linaro/ludan_sdk/multi_port_motor_feedback/multi_port_motor_feedback_ros2/install/multi_port_motor_feedback/share/multi_port_motor_feedback/local_setup.bash
[0.620s] -- Up-to-date: /home/linaro/ludan_sdk/multi_port_motor_feedback/multi_port_motor_feedback_ros2/install/multi_port_motor_feedback/share/multi_port_motor_feedback/local_setup.sh
[0.621s] -- Up-to-date: /home/linaro/ludan_sdk/multi_port_motor_feedback/multi_port_motor_feedback_ros2/install/multi_port_motor_feedback/share/multi_port_motor_feedback/local_setup.zsh
[0.621s] -- Up-to-date: /home/linaro/ludan_sdk/multi_port_motor_feedback/multi_port_motor_feedback_ros2/install/multi_port_motor_feedback/share/multi_port_motor_feedback/local_setup.dsv
[0.622s] -- Installing: /home/linaro/ludan_sdk/multi_port_motor_feedback/multi_port_motor_feedback_ros2/install/multi_port_motor_feedback/share/multi_port_motor_feedback/package.dsv
[0.622s] -- Up-to-date: /home/linaro/ludan_sdk/multi_port_motor_feedback/multi_port_motor_feedback_ros2/install/multi_port_motor_feedback/share/ament_index/resource_index/packages/multi_port_motor_feedback
[0.623s] -- Up-to-date: /home/linaro/ludan_sdk/multi_port_motor_feedback/multi_port_motor_feedback_ros2/install/multi_port_motor_feedback/share/multi_port_motor_feedback/cmake/export_multi_port_motor_feedback__rosidl_generator_cExport.cmake
[0.625s] -- Up-to-date: /home/linaro/ludan_sdk/multi_port_motor_feedback/multi_port_motor_feedback_ros2/install/multi_port_motor_feedback/share/multi_port_motor_feedback/cmake/export_multi_port_motor_feedback__rosidl_generator_cExport-noconfig.cmake
[0.627s] -- Up-to-date: /home/linaro/ludan_sdk/multi_port_motor_feedback/multi_port_motor_feedback_ros2/install/multi_port_motor_feedback/share/multi_port_motor_feedback/cmake/export_multi_port_motor_feedback__rosidl_typesupport_fastrtps_cExport.cmake
[0.628s] -- Up-to-date: /home/linaro/ludan_sdk/multi_port_motor_feedback/multi_port_motor_feedback_ros2/install/multi_port_motor_feedback/share/multi_port_motor_feedback/cmake/export_multi_port_motor_feedback__rosidl_typesupport_fastrtps_cExport-noconfig.cmake
[0.629s] -- Up-to-date: /home/linaro/ludan_sdk/multi_port_motor_feedback/multi_port_motor_feedback_ros2/install/multi_port_motor_feedback/share/multi_port_motor_feedback/cmake/export_multi_port_motor_feedback__rosidl_generator_cppExport.cmake
[0.630s] -- Up-to-date: /home/linaro/ludan_sdk/multi_port_motor_feedback/multi_port_motor_feedback_ros2/install/multi_port_motor_feedback/share/multi_port_motor_feedback/cmake/export_multi_port_motor_feedback__rosidl_typesupport_fastrtps_cppExport.cmake
[0.631s] -- Up-to-date: /home/linaro/ludan_sdk/multi_port_motor_feedback/multi_port_motor_feedback_ros2/install/multi_port_motor_feedback/share/multi_port_motor_feedback/cmake/export_multi_port_motor_feedback__rosidl_typesupport_fastrtps_cppExport-noconfig.cmake
[0.633s] -- Up-to-date: /home/linaro/ludan_sdk/multi_port_motor_feedback/multi_port_motor_feedback_ros2/install/multi_port_motor_feedback/share/multi_port_motor_feedback/cmake/multi_port_motor_feedback__rosidl_typesupport_introspection_cExport.cmake
[0.635s] -- Up-to-date: /home/linaro/ludan_sdk/multi_port_motor_feedback/multi_port_motor_feedback_ros2/install/multi_port_motor_feedback/share/multi_port_motor_feedback/cmake/multi_port_motor_feedback__rosidl_typesupport_introspection_cExport-noconfig.cmake
[0.636s] -- Up-to-date: /home/linaro/ludan_sdk/multi_port_motor_feedback/multi_port_motor_feedback_ros2/install/multi_port_motor_feedback/share/multi_port_motor_feedback/cmake/multi_port_motor_feedback__rosidl_typesupport_cExport.cmake
[0.636s] -- Up-to-date: /home/linaro/ludan_sdk/multi_port_motor_feedback/multi_port_motor_feedback_ros2/install/multi_port_motor_feedback/share/multi_port_motor_feedback/cmake/multi_port_motor_feedback__rosidl_typesupport_cExport-noconfig.cmake
[0.638s] -- Up-to-date: /home/linaro/ludan_sdk/multi_port_motor_feedback/multi_port_motor_feedback_ros2/install/multi_port_motor_feedback/share/multi_port_motor_feedback/cmake/multi_port_motor_feedback__rosidl_typesupport_introspection_cppExport.cmake
[0.639s] -- Up-to-date: /home/linaro/ludan_sdk/multi_port_motor_feedback/multi_port_motor_feedback_ros2/install/multi_port_motor_feedback/share/multi_port_motor_feedback/cmake/multi_port_motor_feedback__rosidl_typesupport_introspection_cppExport-noconfig.cmake
[0.639s] -- Up-to-date: /home/linaro/ludan_sdk/multi_port_motor_feedback/multi_port_motor_feedback_ros2/install/multi_port_motor_feedback/share/multi_port_motor_feedback/cmake/multi_port_motor_feedback__rosidl_typesupport_cppExport.cmake
[0.640s] -- Up-to-date: /home/linaro/ludan_sdk/multi_port_motor_feedback/multi_port_motor_feedback_ros2/install/multi_port_motor_feedback/share/multi_port_motor_feedback/cmake/multi_port_motor_feedback__rosidl_typesupport_cppExport-noconfig.cmake
[0.641s] -- Up-to-date: /home/linaro/ludan_sdk/multi_port_motor_feedback/multi_port_motor_feedback_ros2/install/multi_port_motor_feedback/share/multi_port_motor_feedback/cmake/rosidl_cmake-extras.cmake
[0.642s] -- Up-to-date: /home/linaro/ludan_sdk/multi_port_motor_feedback/multi_port_motor_feedback_ros2/install/multi_port_motor_feedback/share/multi_port_motor_feedback/cmake/ament_cmake_export_dependencies-extras.cmake
[0.643s] -- Up-to-date: /home/linaro/ludan_sdk/multi_port_motor_feedback/multi_port_motor_feedback_ros2/install/multi_port_motor_feedback/share/multi_port_motor_feedback/cmake/ament_cmake_export_include_directories-extras.cmake
[0.644s] -- Up-to-date: /home/linaro/ludan_sdk/multi_port_motor_feedback/multi_port_motor_feedback_ros2/install/multi_port_motor_feedback/share/multi_port_motor_feedback/cmake/ament_cmake_export_libraries-extras.cmake
[0.644s] -- Up-to-date: /home/linaro/ludan_sdk/multi_port_motor_feedback/multi_port_motor_feedback_ros2/install/multi_port_motor_feedback/share/multi_port_motor_feedback/cmake/ament_cmake_export_targets-extras.cmake
[0.646s] -- Up-to-date: /home/linaro/ludan_sdk/multi_port_motor_feedback/multi_port_motor_feedback_ros2/install/multi_port_motor_feedback/share/multi_port_motor_feedback/cmake/rosidl_cmake_export_typesupport_targets-extras.cmake
[0.650s] -- Up-to-date: /home/linaro/ludan_sdk/multi_port_motor_feedback/multi_port_motor_feedback_ros2/install/multi_port_motor_feedback/share/multi_port_motor_feedback/cmake/rosidl_cmake_export_typesupport_libraries-extras.cmake
[0.653s] -- Up-to-date: /home/linaro/ludan_sdk/multi_port_motor_feedback/multi_port_motor_feedback_ros2/install/multi_port_motor_feedback/share/multi_port_motor_feedback/cmake/multi_port_motor_feedbackConfig.cmake
[0.654s] -- Up-to-date: /home/linaro/ludan_sdk/multi_port_motor_feedback/multi_port_motor_feedback_ros2/install/multi_port_motor_feedback/share/multi_port_motor_feedback/cmake/multi_port_motor_feedbackConfig-version.cmake
[0.655s] -- Up-to-date: /home/linaro/ludan_sdk/multi_port_motor_feedback/multi_port_motor_feedback_ros2/install/multi_port_motor_feedback/share/multi_port_motor_feedback/package.xml
[0.657s] Invoked command in '/home/linaro/ludan_sdk/multi_port_motor_feedback/multi_port_motor_feedback_ros2/build/multi_port_motor_feedback' returned '0': CMAKE_PREFIX_PATH=${CMAKE_PREFIX_PATH}:/opt/ros/humble /usr/bin/cmake --install /home/linaro/ludan_sdk/multi_port_motor_feedback/multi_port_motor_feedback_ros2/build/multi_port_motor_feedback
