[0.146s] DEBUG:colcon:Command line arguments: ['/usr/bin/colcon', 'build', '--packages-select', 'motor_feedback', '--cmake-clean-cache', '--base-paths', '/home/linaro/controller_ws/src/motor_feedback']
[0.146s] DEBUG:colcon:Parsed command line arguments: Namespace(log_base=None, log_level=None, verb_name='build', build_base='build', install_base='install', merge_install=False, symlink_install=False, test_result_base=None, continue_on_error=False, executor='parallel', parallel_workers=8, event_handlers=None, ignore_user_meta=False, metas=['./colcon.meta'], base_paths=['/home/linaro/controller_ws/src/motor_feedback'], packages_ignore=None, packages_ignore_regex=None, paths=None, packages_up_to=None, packages_up_to_regex=None, packages_above=None, packages_above_and_dependencies=None, packages_above_depth=None, packages_select_by_dep=None, packages_skip_by_dep=None, packages_skip_up_to=None, packages_select_build_failed=False, packages_skip_build_finished=False, packages_select_test_failures=False, packages_skip_test_passed=False, packages_select=['motor_feedback'], packages_skip=None, packages_select_regex=None, packages_skip_regex=None, packages_start=None, packages_end=None, allow_overriding=[], cmake_args=None, cmake_target=None, cmake_target_skip_unavailable=False, cmake_clean_cache=True, cmake_clean_first=False, cmake_force_configure=False, ament_cmake_args=None, catkin_cmake_args=None, catkin_skip_building_tests=False, verb_parser=<colcon_defaults.argument_parser.defaults.DefaultArgumentsDecorator object at 0x7f8d18fd00>, verb_extension=<colcon_core.verb.build.BuildVerb object at 0x7f8d379090>, main=<bound method BuildVerb.main of <colcon_core.verb.build.BuildVerb object at 0x7f8d379090>>)
[0.347s] Level 1:colcon.colcon_core.package_discovery:discover_packages(colcon_meta) check parameters
[0.347s] Level 1:colcon.colcon_core.package_discovery:discover_packages(recursive) check parameters
[0.347s] Level 1:colcon.colcon_core.package_discovery:discover_packages(ignore) check parameters
[0.347s] Level 1:colcon.colcon_core.package_discovery:discover_packages(path) check parameters
[0.347s] Level 1:colcon.colcon_core.package_discovery:discover_packages(recursive) discover
[0.348s] INFO:colcon.colcon_core.package_discovery:Crawling recursively for packages in '/home/linaro/controller_ws/src/motor_feedback'
[0.348s] Level 1:colcon.colcon_core.package_identification:_identify(/home/linaro/controller_ws/src/motor_feedback) by extensions ['ignore', 'ignore_ament_install']
[0.348s] Level 1:colcon.colcon_core.package_identification:_identify(/home/linaro/controller_ws/src/motor_feedback) by extension 'ignore'
[0.348s] Level 1:colcon.colcon_core.package_identification:_identify(/home/linaro/controller_ws/src/motor_feedback) by extension 'ignore_ament_install'
[0.348s] Level 1:colcon.colcon_core.package_identification:_identify(/home/linaro/controller_ws/src/motor_feedback) by extensions ['colcon_pkg']
[0.348s] Level 1:colcon.colcon_core.package_identification:_identify(/home/linaro/controller_ws/src/motor_feedback) by extension 'colcon_pkg'
[0.348s] Level 1:colcon.colcon_core.package_identification:_identify(/home/linaro/controller_ws/src/motor_feedback) by extensions ['colcon_meta']
[0.348s] Level 1:colcon.colcon_core.package_identification:_identify(/home/linaro/controller_ws/src/motor_feedback) by extension 'colcon_meta'
[0.348s] Level 1:colcon.colcon_core.package_identification:_identify(/home/linaro/controller_ws/src/motor_feedback) by extensions ['ros']
[0.348s] Level 1:colcon.colcon_core.package_identification:_identify(/home/linaro/controller_ws/src/motor_feedback) by extension 'ros'
[0.369s] DEBUG:colcon.colcon_core.package_identification:Package '/home/linaro/controller_ws/src/motor_feedback' with type 'ros.ament_cmake' and name 'motor_feedback'
[0.370s] Level 1:colcon.colcon_core.package_discovery:discover_packages(recursive) using defaults
[0.402s] Level 1:colcon.colcon_core.package_discovery:discover_packages(prefix_path) check parameters
[0.402s] Level 1:colcon.colcon_core.package_discovery:discover_packages(prefix_path) discover
[0.408s] DEBUG:colcon.colcon_installed_package_information.package_discovery:Found 4 installed packages in /home/linaro/controller_ws/install
[0.410s] DEBUG:colcon.colcon_installed_package_information.package_discovery:Found 273 installed packages in /opt/ros/humble
[0.435s] Level 1:colcon.colcon_core.package_discovery:discover_packages(prefix_path) using defaults
[0.485s] Level 5:colcon.colcon_core.verb:set package 'motor_feedback' build argument 'cmake_args' from command line to 'None'
[0.486s] Level 5:colcon.colcon_core.verb:set package 'motor_feedback' build argument 'cmake_target' from command line to 'None'
[0.486s] Level 5:colcon.colcon_core.verb:set package 'motor_feedback' build argument 'cmake_target_skip_unavailable' from command line to 'False'
[0.486s] Level 5:colcon.colcon_core.verb:set package 'motor_feedback' build argument 'cmake_clean_cache' from command line to 'True'
[0.486s] Level 5:colcon.colcon_core.verb:set package 'motor_feedback' build argument 'cmake_clean_first' from command line to 'False'
[0.486s] Level 5:colcon.colcon_core.verb:set package 'motor_feedback' build argument 'cmake_force_configure' from command line to 'False'
[0.486s] Level 5:colcon.colcon_core.verb:set package 'motor_feedback' build argument 'ament_cmake_args' from command line to 'None'
[0.486s] Level 5:colcon.colcon_core.verb:set package 'motor_feedback' build argument 'catkin_cmake_args' from command line to 'None'
[0.486s] Level 5:colcon.colcon_core.verb:set package 'motor_feedback' build argument 'catkin_skip_building_tests' from command line to 'False'
[0.486s] DEBUG:colcon.colcon_core.verb:Building package 'motor_feedback' with the following arguments: {'ament_cmake_args': None, 'build_base': '/home/linaro/ludan_sdk/build/motor_feedback', 'catkin_cmake_args': None, 'catkin_skip_building_tests': False, 'cmake_args': None, 'cmake_clean_cache': True, 'cmake_clean_first': False, 'cmake_force_configure': False, 'cmake_target': None, 'cmake_target_skip_unavailable': False, 'install_base': '/home/linaro/ludan_sdk/install/motor_feedback', 'merge_install': False, 'path': '/home/linaro/controller_ws/src/motor_feedback', 'symlink_install': False, 'test_result_base': None}
[0.486s] INFO:colcon.colcon_core.executor:Executing jobs using 'parallel' executor
[0.487s] DEBUG:colcon.colcon_parallel_executor.executor.parallel:run_until_complete
[0.488s] INFO:colcon.colcon_ros.task.ament_cmake.build:Building ROS package in '/home/linaro/controller_ws/src/motor_feedback' with build type 'ament_cmake'
[0.488s] INFO:colcon.colcon_cmake.task.cmake.build:Building CMake package in '/home/linaro/controller_ws/src/motor_feedback'
[0.491s] INFO:colcon.colcon_core.plugin_system:Skipping extension 'colcon_core.shell.bat': Not used on non-Windows systems
[0.491s] INFO:colcon.colcon_core.shell:Skip shell extension 'powershell' for command environment: Not usable outside of PowerShell
[0.491s] DEBUG:colcon.colcon_core.shell:Skip shell extension 'dsv' for command environment
[0.501s] DEBUG:colcon.colcon_core.event_handler.log_command:Invoking command in '/home/linaro/ludan_sdk/build/motor_feedback': CMAKE_PREFIX_PATH=${CMAKE_PREFIX_PATH}:/opt/ros/humble /usr/bin/cmake /home/linaro/controller_ws/src/motor_feedback -DCMAKE_INSTALL_PREFIX=/home/linaro/ludan_sdk/install/motor_feedback
[3.343s] DEBUG:colcon.colcon_core.event_handler.log_command:Invoked command in '/home/linaro/ludan_sdk/build/motor_feedback' returned '0': CMAKE_PREFIX_PATH=${CMAKE_PREFIX_PATH}:/opt/ros/humble /usr/bin/cmake /home/linaro/controller_ws/src/motor_feedback -DCMAKE_INSTALL_PREFIX=/home/linaro/ludan_sdk/install/motor_feedback
[3.349s] DEBUG:colcon.colcon_core.event_handler.log_command:Invoking command in '/home/linaro/ludan_sdk/build/motor_feedback': CMAKE_PREFIX_PATH=${CMAKE_PREFIX_PATH}:/opt/ros/humble /usr/bin/cmake --build /home/linaro/ludan_sdk/build/motor_feedback -- -j8 -l8
[6.941s] DEBUG:colcon.colcon_core.event_handler.log_command:Invoked command in '/home/linaro/ludan_sdk/build/motor_feedback' returned '0': CMAKE_PREFIX_PATH=${CMAKE_PREFIX_PATH}:/opt/ros/humble /usr/bin/cmake --build /home/linaro/ludan_sdk/build/motor_feedback -- -j8 -l8
[6.956s] DEBUG:colcon.colcon_core.event_handler.log_command:Invoking command in '/home/linaro/ludan_sdk/build/motor_feedback': CMAKE_PREFIX_PATH=${CMAKE_PREFIX_PATH}:/opt/ros/humble /usr/bin/cmake --install /home/linaro/ludan_sdk/build/motor_feedback
[7.058s] Level 1:colcon.colcon_core.environment:create_environment_scripts_only(motor_feedback)
[7.060s] DEBUG:colcon.colcon_core.event_handler.log_command:Invoked command in '/home/linaro/ludan_sdk/build/motor_feedback' returned '0': CMAKE_PREFIX_PATH=${CMAKE_PREFIX_PATH}:/opt/ros/humble /usr/bin/cmake --install /home/linaro/ludan_sdk/build/motor_feedback
[7.063s] Level 1:colcon.colcon_core.environment:checking '/home/linaro/ludan_sdk/install/motor_feedback' for CMake module files
[7.064s] Level 1:colcon.colcon_core.environment:checking '/home/linaro/ludan_sdk/install/motor_feedback' for CMake config files
[7.065s] Level 1:colcon.colcon_core.shell:create_environment_hook('motor_feedback', 'cmake_prefix_path')
[7.065s] INFO:colcon.colcon_core.shell:Creating environment hook '/home/linaro/ludan_sdk/install/motor_feedback/share/motor_feedback/hook/cmake_prefix_path.ps1'
[7.067s] INFO:colcon.colcon_core.shell:Creating environment descriptor '/home/linaro/ludan_sdk/install/motor_feedback/share/motor_feedback/hook/cmake_prefix_path.dsv'
[7.067s] INFO:colcon.colcon_core.shell:Creating environment hook '/home/linaro/ludan_sdk/install/motor_feedback/share/motor_feedback/hook/cmake_prefix_path.sh'
[7.069s] Level 1:colcon.colcon_core.environment:checking '/home/linaro/ludan_sdk/install/motor_feedback/lib'
[7.069s] Level 1:colcon.colcon_core.shell:create_environment_hook('motor_feedback', 'ld_library_path_lib')
[7.070s] INFO:colcon.colcon_core.shell:Creating environment hook '/home/linaro/ludan_sdk/install/motor_feedback/share/motor_feedback/hook/ld_library_path_lib.ps1'
[7.071s] INFO:colcon.colcon_core.shell:Creating environment descriptor '/home/linaro/ludan_sdk/install/motor_feedback/share/motor_feedback/hook/ld_library_path_lib.dsv'
[7.071s] INFO:colcon.colcon_core.shell:Creating environment hook '/home/linaro/ludan_sdk/install/motor_feedback/share/motor_feedback/hook/ld_library_path_lib.sh'
[7.072s] Level 1:colcon.colcon_core.environment:checking '/home/linaro/ludan_sdk/install/motor_feedback/bin'
[7.072s] Level 1:colcon.colcon_core.environment:checking '/home/linaro/ludan_sdk/install/motor_feedback/lib/pkgconfig/motor_feedback.pc'
[7.073s] Level 1:colcon.colcon_core.environment:checking '/home/linaro/ludan_sdk/install/motor_feedback/lib/python3.10/site-packages'
[7.073s] Level 1:colcon.colcon_core.environment:checking '/home/linaro/ludan_sdk/install/motor_feedback/bin'
[7.074s] INFO:colcon.colcon_core.shell:Creating package script '/home/linaro/ludan_sdk/install/motor_feedback/share/motor_feedback/package.ps1'
[7.075s] INFO:colcon.colcon_core.shell:Creating package descriptor '/home/linaro/ludan_sdk/install/motor_feedback/share/motor_feedback/package.dsv'
[7.076s] INFO:colcon.colcon_core.shell:Creating package script '/home/linaro/ludan_sdk/install/motor_feedback/share/motor_feedback/package.sh'
[7.077s] INFO:colcon.colcon_core.shell:Creating package script '/home/linaro/ludan_sdk/install/motor_feedback/share/motor_feedback/package.bash'
[7.078s] INFO:colcon.colcon_core.shell:Creating package script '/home/linaro/ludan_sdk/install/motor_feedback/share/motor_feedback/package.zsh'
[7.079s] Level 1:colcon.colcon_core.environment:create_file_with_runtime_dependencies(/home/linaro/ludan_sdk/install/motor_feedback/share/colcon-core/packages/motor_feedback)
[7.080s] Level 1:colcon.colcon_core.environment:create_environment_scripts_only(motor_feedback)
[7.081s] Level 1:colcon.colcon_core.environment:checking '/home/linaro/ludan_sdk/install/motor_feedback' for CMake module files
[7.081s] Level 1:colcon.colcon_core.environment:checking '/home/linaro/ludan_sdk/install/motor_feedback' for CMake config files
[7.082s] Level 1:colcon.colcon_core.shell:create_environment_hook('motor_feedback', 'cmake_prefix_path')
[7.082s] INFO:colcon.colcon_core.shell:Creating environment hook '/home/linaro/ludan_sdk/install/motor_feedback/share/motor_feedback/hook/cmake_prefix_path.ps1'
[7.083s] INFO:colcon.colcon_core.shell:Creating environment descriptor '/home/linaro/ludan_sdk/install/motor_feedback/share/motor_feedback/hook/cmake_prefix_path.dsv'
[7.084s] INFO:colcon.colcon_core.shell:Creating environment hook '/home/linaro/ludan_sdk/install/motor_feedback/share/motor_feedback/hook/cmake_prefix_path.sh'
[7.084s] Level 1:colcon.colcon_core.environment:checking '/home/linaro/ludan_sdk/install/motor_feedback/lib'
[7.085s] Level 1:colcon.colcon_core.shell:create_environment_hook('motor_feedback', 'ld_library_path_lib')
[7.085s] INFO:colcon.colcon_core.shell:Creating environment hook '/home/linaro/ludan_sdk/install/motor_feedback/share/motor_feedback/hook/ld_library_path_lib.ps1'
[7.086s] INFO:colcon.colcon_core.shell:Creating environment descriptor '/home/linaro/ludan_sdk/install/motor_feedback/share/motor_feedback/hook/ld_library_path_lib.dsv'
[7.086s] INFO:colcon.colcon_core.shell:Creating environment hook '/home/linaro/ludan_sdk/install/motor_feedback/share/motor_feedback/hook/ld_library_path_lib.sh'
[7.086s] Level 1:colcon.colcon_core.environment:checking '/home/linaro/ludan_sdk/install/motor_feedback/bin'
[7.087s] Level 1:colcon.colcon_core.environment:checking '/home/linaro/ludan_sdk/install/motor_feedback/lib/pkgconfig/motor_feedback.pc'
[7.087s] Level 1:colcon.colcon_core.environment:checking '/home/linaro/ludan_sdk/install/motor_feedback/lib/python3.10/site-packages'
[7.087s] Level 1:colcon.colcon_core.environment:checking '/home/linaro/ludan_sdk/install/motor_feedback/bin'
[7.088s] INFO:colcon.colcon_core.shell:Creating package script '/home/linaro/ludan_sdk/install/motor_feedback/share/motor_feedback/package.ps1'
[7.089s] INFO:colcon.colcon_core.shell:Creating package descriptor '/home/linaro/ludan_sdk/install/motor_feedback/share/motor_feedback/package.dsv'
[7.089s] INFO:colcon.colcon_core.shell:Creating package script '/home/linaro/ludan_sdk/install/motor_feedback/share/motor_feedback/package.sh'
[7.090s] INFO:colcon.colcon_core.shell:Creating package script '/home/linaro/ludan_sdk/install/motor_feedback/share/motor_feedback/package.bash'
[7.091s] INFO:colcon.colcon_core.shell:Creating package script '/home/linaro/ludan_sdk/install/motor_feedback/share/motor_feedback/package.zsh'
[7.091s] Level 1:colcon.colcon_core.environment:create_file_with_runtime_dependencies(/home/linaro/ludan_sdk/install/motor_feedback/share/colcon-core/packages/motor_feedback)
[7.092s] DEBUG:colcon.colcon_parallel_executor.executor.parallel:closing loop
[7.092s] DEBUG:colcon.colcon_parallel_executor.executor.parallel:loop closed
[7.092s] DEBUG:colcon.colcon_parallel_executor.executor.parallel:run_until_complete finished with '0'
[7.092s] DEBUG:colcon.colcon_core.event_reactor:joining thread
[7.113s] INFO:colcon.colcon_core.plugin_system:Skipping extension 'colcon_notification.desktop_notification.terminal_notifier': Not used on non-Darwin systems
[7.113s] INFO:colcon.colcon_core.plugin_system:Skipping extension 'colcon_notification.desktop_notification.win32': Not used on non-Windows systems
[7.114s] INFO:colcon.colcon_notification.desktop_notification:Sending desktop notification using 'notify2'
[7.128s] DEBUG:colcon.colcon_core.event_reactor:joined thread
[7.129s] INFO:colcon.colcon_core.shell:Creating prefix script '/home/linaro/ludan_sdk/install/local_setup.ps1'
[7.130s] INFO:colcon.colcon_core.shell:Creating prefix util module '/home/linaro/ludan_sdk/install/_local_setup_util_ps1.py'
[7.132s] INFO:colcon.colcon_core.shell:Creating prefix chain script '/home/linaro/ludan_sdk/install/setup.ps1'
[7.134s] INFO:colcon.colcon_core.shell:Creating prefix script '/home/linaro/ludan_sdk/install/local_setup.sh'
[7.135s] INFO:colcon.colcon_core.shell:Creating prefix util module '/home/linaro/ludan_sdk/install/_local_setup_util_sh.py'
[7.136s] INFO:colcon.colcon_core.shell:Creating prefix chain script '/home/linaro/ludan_sdk/install/setup.sh'
[7.138s] INFO:colcon.colcon_core.shell:Creating prefix script '/home/linaro/ludan_sdk/install/local_setup.bash'
[7.139s] INFO:colcon.colcon_core.shell:Creating prefix chain script '/home/linaro/ludan_sdk/install/setup.bash'
[7.141s] INFO:colcon.colcon_core.shell:Creating prefix script '/home/linaro/ludan_sdk/install/local_setup.zsh'
[7.142s] INFO:colcon.colcon_core.shell:Creating prefix chain script '/home/linaro/ludan_sdk/install/setup.zsh'
